wandb: Currently logged in as: kenevoldsen. Use `wandb login --relogin` to force relogin
wandb: Tracking run with wandb version 0.13.3
wandb: Run data is saved locally in /faststorage/project/NLPPred/github/snip/wandb/run-20220930_181916-118rf9jk
wandb: Run `wandb offline` to turn off syncing.
wandb: Syncing run decent-snow-22
wandb: ⭐️ View project at https://wandb.ai/kenevoldsen/local%20mlp
wandb: 🚀 View run at https://wandb.ai/kenevoldsen/local%20mlp/runs/118rf9jk
/home/kce/miniconda3/envs/snip2/lib/python3.9/site-packages/pytorch_lightning/loggers/wandb.py:352: UserWarning: There is a wandb run already in progress and newly created instances of `WandbLogger` will reuse this run. If this is not desired, call `wandb.finish()` before instantiating `WandbLogger`.
  rank_zero_warn(
Error executing job with overrides: ['training.accelerator=gpu', 'project.wandb_mode=run']
Traceback (most recent call last):
  File "/faststorage/project/NLPPred/github/snip/src/snip/train_slided_autoencoder.py", line 172, in main
    trainer = create_trainer(cfg)
  File "/faststorage/project/NLPPred/github/snip/src/snip/train_slided_autoencoder.py", line 127, in create_trainer
    trainer = Trainer(
  File "/home/kce/miniconda3/envs/snip2/lib/python3.9/site-packages/pytorch_lightning/utilities/argparse.py", line 345, in insert_env_defaults
    return fn(self, **kwargs)
  File "/home/kce/miniconda3/envs/snip2/lib/python3.9/site-packages/pytorch_lightning/trainer/trainer.py", line 433, in __init__
    self._accelerator_connector = AcceleratorConnector(
  File "/home/kce/miniconda3/envs/snip2/lib/python3.9/site-packages/pytorch_lightning/trainer/connectors/accelerator_connector.py", line 227, in __init__
    self.precision_plugin = self._check_and_init_precision()
  File "/home/kce/miniconda3/envs/snip2/lib/python3.9/site-packages/pytorch_lightning/trainer/connectors/accelerator_connector.py", line 746, in _check_and_init_precision
    raise RuntimeError("No precision set")
RuntimeError: No precision set

Set the environment variable HYDRA_FULL_ERROR=1 for a complete stack trace.
wandb: Waiting for W&B process to finish... (failed 1). Press Control-C to abort syncing.
wandb: - 0.001 MB of 0.001 MB uploaded (0.000 MB deduped)wandb: \ 0.001 MB of 0.001 MB uploaded (0.000 MB deduped)wandb: | 0.001 MB of 0.001 MB uploaded (0.000 MB deduped)wandb: / 0.001 MB of 0.001 MB uploaded (0.000 MB deduped)wandb: - 0.001 MB of 0.014 MB uploaded (0.000 MB deduped)wandb: \ 0.001 MB of 0.014 MB uploaded (0.000 MB deduped)wandb: | 0.001 MB of 0.014 MB uploaded (0.000 MB deduped)wandb: / 0.006 MB of 0.014 MB uploaded (0.000 MB deduped)wandb: - 0.011 MB of 0.014 MB uploaded (0.000 MB deduped)wandb: \ 0.014 MB of 0.014 MB uploaded (0.000 MB deduped)wandb: | 0.014 MB of 0.014 MB uploaded (0.000 MB deduped)wandb: / 0.014 MB of 0.014 MB uploaded (0.000 MB deduped)wandb: - 0.014 MB of 0.014 MB uploaded (0.000 MB deduped)wandb: \ 0.014 MB of 0.014 MB uploaded (0.000 MB deduped)wandb: | 0.014 MB of 0.014 MB uploaded (0.000 MB deduped)wandb: / 0.014 MB of 0.014 MB uploaded (0.000 MB deduped)wandb: - 0.014 MB of 0.014 MB uploaded (0.000 MB deduped)wandb: \ 0.014 MB of 0.014 MB uploaded (0.000 MB deduped)wandb: | 0.014 MB of 0.014 MB uploaded (0.000 MB deduped)wandb:                                                                                
wandb: 
wandb: Run history:
wandb: N models ▁
wandb: 
wandb: Run summary:
wandb: N models 3
wandb: 
wandb: Synced decent-snow-22: https://wandb.ai/kenevoldsen/local%20mlp/runs/118rf9jk
wandb: Synced 6 W&B file(s), 0 media file(s), 0 artifact file(s) and 0 other file(s)
wandb: Find logs at: ./wandb/run-20220930_181916-118rf9jk/logs
