INFO:root:Running with overrides: ['data.stride=512', 'data.width=512', 'model.hidden_layer_sizes=[256]', 'project.run_name_prefix=actrelu_strid512_cf2_v2', 'model.activation=relu']
wandb: Tracking run with wandb version 0.13.3
wandb: W&B syncing is set to `offline` in this directory.  
wandb: Run `wandb online` or set WANDB_MODE=online to enable cloud syncing.
[38;5;4mℹ Training 19 models[0m
INFO:root:Done with stride 512, cf 2, act relu
INFO:root:Running with overrides: ['data.stride=512', 'data.width=512', 'model.hidden_layer_sizes=[256]', 'project.run_name_prefix=actidentity_strid512_cf2_v2', 'model.activation=identity']
wandb: Waiting for W&B process to finish... (success).
wandb: - 0.000 MB of 0.000 MB uploaded (0.000 MB deduped)wandb: \ 0.000 MB of 0.000 MB uploaded (0.000 MB deduped)wandb:                                                                                
wandb: 
wandb: Run history:
wandb: N models ▁
wandb: 
wandb: Run summary:
wandb: N models 19
wandb: 
wandb: You can sync this run to the cloud by running:
wandb: wandb sync /faststorage/project/NLPPred/github/snip/wandb/offline-run-20221028_061511-29wuinsj
wandb: Find logs at: ./wandb/offline-run-20221028_061511-29wuinsj/logs
wandb: Tracking run with wandb version 0.13.3
wandb: W&B syncing is set to `offline` in this directory.  
wandb: Run `wandb online` or set WANDB_MODE=online to enable cloud syncing.
[38;5;4mℹ Merging train, consisting of 19 files[0m
[38;5;4mℹ Merging validation, consisting of 19 files[0m
[38;5;4mℹ Merging test, consisting of 19 files[0m
[38;5;4mℹ Training 19 models[0m
INFO:root:Done with stride 512, cf 2, act identity
INFO:root:Running with overrides: ['data.stride=512', 'data.width=512', 'model.hidden_layer_sizes=[256]', 'project.run_name_prefix=actrelu_strid512_cf1.5_v2', 'model.activation=relu']
wandb: Waiting for W&B process to finish... (success).
wandb: - 0.000 MB of 0.000 MB uploaded (0.000 MB deduped)wandb: \ 0.000 MB of 0.000 MB uploaded (0.000 MB deduped)wandb:                                                                                
wandb: 
wandb: Run history:
wandb: N models ▁
wandb: 
wandb: Run summary:
wandb: N models 19
wandb: 
wandb: You can sync this run to the cloud by running:
wandb: wandb sync /faststorage/project/NLPPred/github/snip/wandb/offline-run-20221028_080150-2ff2dija
wandb: Find logs at: ./wandb/offline-run-20221028_080150-2ff2dija/logs
wandb: Tracking run with wandb version 0.13.3
wandb: W&B syncing is set to `offline` in this directory.  
wandb: Run `wandb online` or set WANDB_MODE=online to enable cloud syncing.
[38;5;4mℹ Merging train, consisting of 19 files[0m
[38;5;4mℹ Merging validation, consisting of 19 files[0m
[38;5;4mℹ Merging test, consisting of 19 files[0m
[38;5;4mℹ Training 19 models[0m
slurmstepd: error: *** JOB 8583194 ON s05n06 CANCELLED AT 2022-10-28T10:58:36 ***
