converting c_snps_test to filename /home/kce/NLPPred/github/snip/data/compressed/actidentity_strid256_cf1.25None_2022-10-25/c_snps_test.sped
python: can't open file '/faststorage/project/NLPPred/github/snip/project/006.convert_to_sped.py': [Errno 2] No such file or directory
converting c_snps_train to filename /home/kce/NLPPred/github/snip/data/compressed/actidentity_strid256_cf1.25None_2022-10-25/c_snps_train.sped
python: can't open file '/faststorage/project/NLPPred/github/snip/project/006.convert_to_sped.py': [Errno 2] No such file or directory
converting c_snps_validation to filename /home/kce/NLPPred/github/snip/data/compressed/actidentity_strid256_cf1.25None_2022-10-25/c_snps_validation.sped
python: can't open file '/faststorage/project/NLPPred/github/snip/project/006.convert_to_sped.py': [Errno 2] No such file or directory
converting c_snps_test to filename /home/kce/NLPPred/github/snip/data/compressed/actidentity_strid256_cf1.25_v2None_2022-10-28/c_snps_test.sped
python: can't open file '/faststorage/project/NLPPred/github/snip/project/006.convert_to_sped.py': [Errno 2] No such file or directory
converting c_snps_train to filename /home/kce/NLPPred/github/snip/data/compressed/actidentity_strid256_cf1.25_v2None_2022-10-28/c_snps_train.sped
python: can't open file '/faststorage/project/NLPPred/github/snip/project/006.convert_to_sped.py': [Errno 2] No such file or directory
converting c_snps_validation to filename /home/kce/NLPPred/github/snip/data/compressed/actidentity_strid256_cf1.25_v2None_2022-10-28/c_snps_validation.sped
python: can't open file '/faststorage/project/NLPPred/github/snip/project/006.convert_to_sped.py': [Errno 2] No such file or directory
converting c_snps_test to filename /home/kce/NLPPred/github/snip/data/compressed/actidentity_strid256_cf1.5None_2022-10-25/c_snps_test.sped
python: can't open file '/faststorage/project/NLPPred/github/snip/project/006.convert_to_sped.py': [Errno 2] No such file or directory
converting c_snps_train to filename /home/kce/NLPPred/github/snip/data/compressed/actidentity_strid256_cf1.5None_2022-10-25/c_snps_train.sped
python: can't open file '/faststorage/project/NLPPred/github/snip/project/006.convert_to_sped.py': [Errno 2] No such file or directory
converting c_snps_validation to filename /home/kce/NLPPred/github/snip/data/compressed/actidentity_strid256_cf1.5None_2022-10-25/c_snps_validation.sped
python: can't open file '/faststorage/project/NLPPred/github/snip/project/006.convert_to_sped.py': [Errno 2] No such file or directory
converting c_snps_test to filename /home/kce/NLPPred/github/snip/data/compressed/actidentity_strid256_cf1.5_v2None_2022-10-28/c_snps_test.sped
python: can't open file '/faststorage/project/NLPPred/github/snip/project/006.convert_to_sped.py': [Errno 2] No such file or directory
converting c_snps_train to filename /home/kce/NLPPred/github/snip/data/compressed/actidentity_strid256_cf1.5_v2None_2022-10-28/c_snps_train.sped
python: can't open file '/faststorage/project/NLPPred/github/snip/project/006.convert_to_sped.py': [Errno 2] No such file or directory
converting c_snps_validation to filename /home/kce/NLPPred/github/snip/data/compressed/actidentity_strid256_cf1.5_v2None_2022-10-28/c_snps_validation.sped
python: can't open file '/faststorage/project/NLPPred/github/snip/project/006.convert_to_sped.py': [Errno 2] No such file or directory
converting c_snps_test to filename /home/kce/NLPPred/github/snip/data/compressed/actidentity_strid256_cf2None_2022-10-25/c_snps_test.sped
python: can't open file '/faststorage/project/NLPPred/github/snip/project/006.convert_to_sped.py': [Errno 2] No such file or directory
converting c_snps_train to filename /home/kce/NLPPred/github/snip/data/compressed/actidentity_strid256_cf2None_2022-10-25/c_snps_train.sped
python: can't open file '/faststorage/project/NLPPred/github/snip/project/006.convert_to_sped.py': [Errno 2] No such file or directory
converting c_snps_validation to filename /home/kce/NLPPred/github/snip/data/compressed/actidentity_strid256_cf2None_2022-10-25/c_snps_validation.sped
python: can't open file '/faststorage/project/NLPPred/github/snip/project/006.convert_to_sped.py': [Errno 2] No such file or directory
converting c_snps_test to filename /home/kce/NLPPred/github/snip/data/compressed/actidentity_strid256_cf2_v2None_2022-10-28/c_snps_test.sped
python: can't open file '/faststorage/project/NLPPred/github/snip/project/006.convert_to_sped.py': [Errno 2] No such file or directory
converting c_snps_train to filename /home/kce/NLPPred/github/snip/data/compressed/actidentity_strid256_cf2_v2None_2022-10-28/c_snps_train.sped
python: can't open file '/faststorage/project/NLPPred/github/snip/project/006.convert_to_sped.py': [Errno 2] No such file or directory
converting c_snps_validation to filename /home/kce/NLPPred/github/snip/data/compressed/actidentity_strid256_cf2_v2None_2022-10-28/c_snps_validation.sped
python: can't open file '/faststorage/project/NLPPred/github/snip/project/006.convert_to_sped.py': [Errno 2] No such file or directory
converting c_snps_test to filename /home/kce/NLPPred/github/snip/data/compressed/actidentity_strid512_cf1.0None_2022-10-25/c_snps_test.sped
python: can't open file '/faststorage/project/NLPPred/github/snip/project/006.convert_to_sped.py': [Errno 2] No such file or directory
converting c_snps_train to filename /home/kce/NLPPred/github/snip/data/compressed/actidentity_strid512_cf1.0None_2022-10-25/c_snps_train.sped
python: can't open file '/faststorage/project/NLPPred/github/snip/project/006.convert_to_sped.py': [Errno 2] No such file or directory
converting c_snps_validation to filename /home/kce/NLPPred/github/snip/data/compressed/actidentity_strid512_cf1.0None_2022-10-25/c_snps_validation.sped
python: can't open file '/faststorage/project/NLPPred/github/snip/project/006.convert_to_sped.py': [Errno 2] No such file or directory
converting c_snps_test to filename /home/kce/NLPPred/github/snip/data/compressed/actidentity_strid512_cf1.0_v2None_2022-10-28/c_snps_test.sped
python: can't open file '/faststorage/project/NLPPred/github/snip/project/006.convert_to_sped.py': [Errno 2] No such file or directory
converting c_snps_train to filename /home/kce/NLPPred/github/snip/data/compressed/actidentity_strid512_cf1.0_v2None_2022-10-28/c_snps_train.sped
python: can't open file '/faststorage/project/NLPPred/github/snip/project/006.convert_to_sped.py': [Errno 2] No such file or directory
converting c_snps_validation to filename /home/kce/NLPPred/github/snip/data/compressed/actidentity_strid512_cf1.0_v2None_2022-10-28/c_snps_validation.sped
python: can't open file '/faststorage/project/NLPPred/github/snip/project/006.convert_to_sped.py': [Errno 2] No such file or directory
converting c_snps_test to filename /home/kce/NLPPred/github/snip/data/compressed/actidentity_strid512_cf1.25None_2022-10-25/c_snps_test.sped
python: can't open file '/faststorage/project/NLPPred/github/snip/project/006.convert_to_sped.py': [Errno 2] No such file or directory
converting c_snps_train to filename /home/kce/NLPPred/github/snip/data/compressed/actidentity_strid512_cf1.25None_2022-10-25/c_snps_train.sped
python: can't open file '/faststorage/project/NLPPred/github/snip/project/006.convert_to_sped.py': [Errno 2] No such file or directory
converting c_snps_validation to filename /home/kce/NLPPred/github/snip/data/compressed/actidentity_strid512_cf1.25None_2022-10-25/c_snps_validation.sped
python: can't open file '/faststorage/project/NLPPred/github/snip/project/006.convert_to_sped.py': [Errno 2] No such file or directory
converting c_snps_test to filename /home/kce/NLPPred/github/snip/data/compressed/actidentity_strid512_cf1.25_v2None_2022-10-27/c_snps_test.sped
python: can't open file '/faststorage/project/NLPPred/github/snip/project/006.convert_to_sped.py': [Errno 2] No such file or directory
converting c_snps_train to filename /home/kce/NLPPred/github/snip/data/compressed/actidentity_strid512_cf1.25_v2None_2022-10-27/c_snps_train.sped
python: can't open file '/faststorage/project/NLPPred/github/snip/project/006.convert_to_sped.py': [Errno 2] No such file or directory
converting c_snps_validation to filename /home/kce/NLPPred/github/snip/data/compressed/actidentity_strid512_cf1.25_v2None_2022-10-27/c_snps_validation.sped
python: can't open file '/faststorage/project/NLPPred/github/snip/project/006.convert_to_sped.py': [Errno 2] No such file or directory
converting c_snps_test to filename /home/kce/NLPPred/github/snip/data/compressed/actidentity_strid512_cf1.5None_2022-10-24/c_snps_test.sped
python: can't open file '/faststorage/project/NLPPred/github/snip/project/006.convert_to_sped.py': [Errno 2] No such file or directory
converting c_snps_train to filename /home/kce/NLPPred/github/snip/data/compressed/actidentity_strid512_cf1.5None_2022-10-24/c_snps_train.sped
python: can't open file '/faststorage/project/NLPPred/github/snip/project/006.convert_to_sped.py': [Errno 2] No such file or directory
converting c_snps_validation to filename /home/kce/NLPPred/github/snip/data/compressed/actidentity_strid512_cf1.5None_2022-10-24/c_snps_validation.sped
python: can't open file '/faststorage/project/NLPPred/github/snip/project/006.convert_to_sped.py': [Errno 2] No such file or directory
converting c_snps_test to filename /home/kce/NLPPred/github/snip/data/compressed/actidentity_strid512_cf1.5_v2None_2022-10-27/c_snps_test.sped
python: can't open file '/faststorage/project/NLPPred/github/snip/project/006.convert_to_sped.py': [Errno 2] No such file or directory
converting c_snps_train to filename /home/kce/NLPPred/github/snip/data/compressed/actidentity_strid512_cf1.5_v2None_2022-10-27/c_snps_train.sped
python: can't open file '/faststorage/project/NLPPred/github/snip/project/006.convert_to_sped.py': [Errno 2] No such file or directory
converting c_snps_validation to filename /home/kce/NLPPred/github/snip/data/compressed/actidentity_strid512_cf1.5_v2None_2022-10-27/c_snps_validation.sped
python: can't open file '/faststorage/project/NLPPred/github/snip/project/006.convert_to_sped.py': [Errno 2] No such file or directory
converting c_snps_test to filename /home/kce/NLPPred/github/snip/data/compressed/actidentity_strid512_cf2None_2022-10-24/c_snps_test.sped
python: can't open file '/faststorage/project/NLPPred/github/snip/project/006.convert_to_sped.py': [Errno 2] No such file or directory
converting c_snps_train to filename /home/kce/NLPPred/github/snip/data/compressed/actidentity_strid512_cf2None_2022-10-24/c_snps_train.sped
python: can't open file '/faststorage/project/NLPPred/github/snip/project/006.convert_to_sped.py': [Errno 2] No such file or directory
converting c_snps_validation to filename /home/kce/NLPPred/github/snip/data/compressed/actidentity_strid512_cf2None_2022-10-24/c_snps_validation.sped
python: can't open file '/faststorage/project/NLPPred/github/snip/project/006.convert_to_sped.py': [Errno 2] No such file or directory
converting c_snps_test to filename /home/kce/NLPPred/github/snip/data/compressed/actidentity_strid512_cf2_v2None_2022-10-27/c_snps_test.sped
python: can't open file '/faststorage/project/NLPPred/github/snip/project/006.convert_to_sped.py': [Errno 2] No such file or directory
converting c_snps_train to filename /home/kce/NLPPred/github/snip/data/compressed/actidentity_strid512_cf2_v2None_2022-10-27/c_snps_train.sped
python: can't open file '/faststorage/project/NLPPred/github/snip/project/006.convert_to_sped.py': [Errno 2] No such file or directory
converting c_snps_validation to filename /home/kce/NLPPred/github/snip/data/compressed/actidentity_strid512_cf2_v2None_2022-10-27/c_snps_validation.sped
python: can't open file '/faststorage/project/NLPPred/github/snip/project/006.convert_to_sped.py': [Errno 2] No such file or directory
converting c_snps_test to filename /home/kce/NLPPred/github/snip/data/compressed/actidentity_strid512_cf2_v2None_2022-10-28/c_snps_test.sped
python: can't open file '/faststorage/project/NLPPred/github/snip/project/006.convert_to_sped.py': [Errno 2] No such file or directory
converting c_snps_train to filename /home/kce/NLPPred/github/snip/data/compressed/actidentity_strid512_cf2_v2None_2022-10-28/c_snps_train.sped
python: can't open file '/faststorage/project/NLPPred/github/snip/project/006.convert_to_sped.py': [Errno 2] No such file or directory
converting c_snps_validation to filename /home/kce/NLPPred/github/snip/data/compressed/actidentity_strid512_cf2_v2None_2022-10-28/c_snps_validation.sped
python: can't open file '/faststorage/project/NLPPred/github/snip/project/006.convert_to_sped.py': [Errno 2] No such file or directory
converting c_snps_test to filename /home/kce/NLPPred/github/snip/data/compressed/actrelu_strid256_cf1.0None_2022-10-25/c_snps_test.sped
python: can't open file '/faststorage/project/NLPPred/github/snip/project/006.convert_to_sped.py': [Errno 2] No such file or directory
converting c_snps_train to filename /home/kce/NLPPred/github/snip/data/compressed/actrelu_strid256_cf1.0None_2022-10-25/c_snps_train.sped
python: can't open file '/faststorage/project/NLPPred/github/snip/project/006.convert_to_sped.py': [Errno 2] No such file or directory
converting c_snps_validation to filename /home/kce/NLPPred/github/snip/data/compressed/actrelu_strid256_cf1.0None_2022-10-25/c_snps_validation.sped
python: can't open file '/faststorage/project/NLPPred/github/snip/project/006.convert_to_sped.py': [Errno 2] No such file or directory
converting c_snps_train to filename /home/kce/NLPPred/github/snip/data/compressed/actrelu_strid256_cf1.0_v2None_2022-10-28/c_snps_train.sped
python: can't open file '/faststorage/project/NLPPred/github/snip/project/006.convert_to_sped.py': [Errno 2] No such file or directory
converting c_snps_validation to filename /home/kce/NLPPred/github/snip/data/compressed/actrelu_strid256_cf1.0_v2None_2022-10-28/c_snps_validation.sped
python: can't open file '/faststorage/project/NLPPred/github/snip/project/006.convert_to_sped.py': [Errno 2] No such file or directory
converting c_snps_test to filename /home/kce/NLPPred/github/snip/data/compressed/actrelu_strid256_cf1.25None_2022-10-25/c_snps_test.sped
python: can't open file '/faststorage/project/NLPPred/github/snip/project/006.convert_to_sped.py': [Errno 2] No such file or directory
converting c_snps_train to filename /home/kce/NLPPred/github/snip/data/compressed/actrelu_strid256_cf1.25None_2022-10-25/c_snps_train.sped
python: can't open file '/faststorage/project/NLPPred/github/snip/project/006.convert_to_sped.py': [Errno 2] No such file or directory
converting c_snps_validation to filename /home/kce/NLPPred/github/snip/data/compressed/actrelu_strid256_cf1.25None_2022-10-25/c_snps_validation.sped
python: can't open file '/faststorage/project/NLPPred/github/snip/project/006.convert_to_sped.py': [Errno 2] No such file or directory
converting c_snps_test to filename /home/kce/NLPPred/github/snip/data/compressed/actrelu_strid256_cf1.25_v2None_2022-10-28/c_snps_test.sped
python: can't open file '/faststorage/project/NLPPred/github/snip/project/006.convert_to_sped.py': [Errno 2] No such file or directory
converting c_snps_train to filename /home/kce/NLPPred/github/snip/data/compressed/actrelu_strid256_cf1.25_v2None_2022-10-28/c_snps_train.sped
python: can't open file '/faststorage/project/NLPPred/github/snip/project/006.convert_to_sped.py': [Errno 2] No such file or directory
converting c_snps_validation to filename /home/kce/NLPPred/github/snip/data/compressed/actrelu_strid256_cf1.25_v2None_2022-10-28/c_snps_validation.sped
python: can't open file '/faststorage/project/NLPPred/github/snip/project/006.convert_to_sped.py': [Errno 2] No such file or directory
converting c_snps_test to filename /home/kce/NLPPred/github/snip/data/compressed/actrelu_strid256_cf1.5None_2022-10-25/c_snps_test.sped
python: can't open file '/faststorage/project/NLPPred/github/snip/project/006.convert_to_sped.py': [Errno 2] No such file or directory
converting c_snps_train to filename /home/kce/NLPPred/github/snip/data/compressed/actrelu_strid256_cf1.5None_2022-10-25/c_snps_train.sped
python: can't open file '/faststorage/project/NLPPred/github/snip/project/006.convert_to_sped.py': [Errno 2] No such file or directory
converting c_snps_validation to filename /home/kce/NLPPred/github/snip/data/compressed/actrelu_strid256_cf1.5None_2022-10-25/c_snps_validation.sped
python: can't open file '/faststorage/project/NLPPred/github/snip/project/006.convert_to_sped.py': [Errno 2] No such file or directory
converting c_snps_test to filename /home/kce/NLPPred/github/snip/data/compressed/actrelu_strid256_cf1.5_v2None_2022-10-28/c_snps_test.sped
python: can't open file '/faststorage/project/NLPPred/github/snip/project/006.convert_to_sped.py': [Errno 2] No such file or directory
converting c_snps_train to filename /home/kce/NLPPred/github/snip/data/compressed/actrelu_strid256_cf1.5_v2None_2022-10-28/c_snps_train.sped
python: can't open file '/faststorage/project/NLPPred/github/snip/project/006.convert_to_sped.py': [Errno 2] No such file or directory
converting c_snps_validation to filename /home/kce/NLPPred/github/snip/data/compressed/actrelu_strid256_cf1.5_v2None_2022-10-28/c_snps_validation.sped
python: can't open file '/faststorage/project/NLPPred/github/snip/project/006.convert_to_sped.py': [Errno 2] No such file or directory
converting c_snps_test to filename /home/kce/NLPPred/github/snip/data/compressed/actrelu_strid256_cf2None_2022-10-25/c_snps_test.sped
python: can't open file '/faststorage/project/NLPPred/github/snip/project/006.convert_to_sped.py': [Errno 2] No such file or directory
converting c_snps_train to filename /home/kce/NLPPred/github/snip/data/compressed/actrelu_strid256_cf2None_2022-10-25/c_snps_train.sped
python: can't open file '/faststorage/project/NLPPred/github/snip/project/006.convert_to_sped.py': [Errno 2] No such file or directory
converting c_snps_validation to filename /home/kce/NLPPred/github/snip/data/compressed/actrelu_strid256_cf2None_2022-10-25/c_snps_validation.sped
python: can't open file '/faststorage/project/NLPPred/github/snip/project/006.convert_to_sped.py': [Errno 2] No such file or directory
converting c_snps_test to filename /home/kce/NLPPred/github/snip/data/compressed/actrelu_strid256_cf2_v2None_2022-10-28/c_snps_test.sped
python: can't open file '/faststorage/project/NLPPred/github/snip/project/006.convert_to_sped.py': [Errno 2] No such file or directory
converting c_snps_train to filename /home/kce/NLPPred/github/snip/data/compressed/actrelu_strid256_cf2_v2None_2022-10-28/c_snps_train.sped
python: can't open file '/faststorage/project/NLPPred/github/snip/project/006.convert_to_sped.py': [Errno 2] No such file or directory
converting c_snps_validation to filename /home/kce/NLPPred/github/snip/data/compressed/actrelu_strid256_cf2_v2None_2022-10-28/c_snps_validation.sped
python: can't open file '/faststorage/project/NLPPred/github/snip/project/006.convert_to_sped.py': [Errno 2] No such file or directory
converting c_snps_test to filename /home/kce/NLPPred/github/snip/data/compressed/actrelu_strid512_cf1.0None_2022-10-25/c_snps_test.sped
python: can't open file '/faststorage/project/NLPPred/github/snip/project/006.convert_to_sped.py': [Errno 2] No such file or directory
converting c_snps_train to filename /home/kce/NLPPred/github/snip/data/compressed/actrelu_strid512_cf1.0None_2022-10-25/c_snps_train.sped
python: can't open file '/faststorage/project/NLPPred/github/snip/project/006.convert_to_sped.py': [Errno 2] No such file or directory
converting c_snps_validation to filename /home/kce/NLPPred/github/snip/data/compressed/actrelu_strid512_cf1.0None_2022-10-25/c_snps_validation.sped
python: can't open file '/faststorage/project/NLPPred/github/snip/project/006.convert_to_sped.py': [Errno 2] No such file or directory
converting c_snps_test to filename /home/kce/NLPPred/github/snip/data/compressed/actrelu_strid512_cf1.0_v2None_2022-10-27/c_snps_test.sped
python: can't open file '/faststorage/project/NLPPred/github/snip/project/006.convert_to_sped.py': [Errno 2] No such file or directory
converting c_snps_train to filename /home/kce/NLPPred/github/snip/data/compressed/actrelu_strid512_cf1.0_v2None_2022-10-27/c_snps_train.sped
python: can't open file '/faststorage/project/NLPPred/github/snip/project/006.convert_to_sped.py': [Errno 2] No such file or directory
converting c_snps_validation to filename /home/kce/NLPPred/github/snip/data/compressed/actrelu_strid512_cf1.0_v2None_2022-10-27/c_snps_validation.sped
python: can't open file '/faststorage/project/NLPPred/github/snip/project/006.convert_to_sped.py': [Errno 2] No such file or directory
converting c_snps_test to filename /home/kce/NLPPred/github/snip/data/compressed/actrelu_strid512_cf1.25None_2022-10-24/c_snps_test.sped
python: can't open file '/faststorage/project/NLPPred/github/snip/project/006.convert_to_sped.py': [Errno 2] No such file or directory
converting c_snps_train to filename /home/kce/NLPPred/github/snip/data/compressed/actrelu_strid512_cf1.25None_2022-10-24/c_snps_train.sped
python: can't open file '/faststorage/project/NLPPred/github/snip/project/006.convert_to_sped.py': [Errno 2] No such file or directory
converting c_snps_validation to filename /home/kce/NLPPred/github/snip/data/compressed/actrelu_strid512_cf1.25None_2022-10-24/c_snps_validation.sped
python: can't open file '/faststorage/project/NLPPred/github/snip/project/006.convert_to_sped.py': [Errno 2] No such file or directory
converting c_snps_test to filename /home/kce/NLPPred/github/snip/data/compressed/actrelu_strid512_cf1.25_v2None_2022-10-27/c_snps_test.sped
python: can't open file '/faststorage/project/NLPPred/github/snip/project/006.convert_to_sped.py': [Errno 2] No such file or directory
converting c_snps_train to filename /home/kce/NLPPred/github/snip/data/compressed/actrelu_strid512_cf1.25_v2None_2022-10-27/c_snps_train.sped
python: can't open file '/faststorage/project/NLPPred/github/snip/project/006.convert_to_sped.py': [Errno 2] No such file or directory
converting c_snps_validation to filename /home/kce/NLPPred/github/snip/data/compressed/actrelu_strid512_cf1.25_v2None_2022-10-27/c_snps_validation.sped
python: can't open file '/faststorage/project/NLPPred/github/snip/project/006.convert_to_sped.py': [Errno 2] No such file or directory
converting c_snps_test to filename /home/kce/NLPPred/github/snip/data/compressed/actrelu_strid512_cf1.5None_2022-10-24/c_snps_test.sped
python: can't open file '/faststorage/project/NLPPred/github/snip/project/006.convert_to_sped.py': [Errno 2] No such file or directory
converting c_snps_train to filename /home/kce/NLPPred/github/snip/data/compressed/actrelu_strid512_cf1.5None_2022-10-24/c_snps_train.sped
python: can't open file '/faststorage/project/NLPPred/github/snip/project/006.convert_to_sped.py': [Errno 2] No such file or directory
converting c_snps_validation to filename /home/kce/NLPPred/github/snip/data/compressed/actrelu_strid512_cf1.5None_2022-10-24/c_snps_validation.sped
python: can't open file '/faststorage/project/NLPPred/github/snip/project/006.convert_to_sped.py': [Errno 2] No such file or directory
converting c_snps_test to filename /home/kce/NLPPred/github/snip/data/compressed/actrelu_strid512_cf1.5_v2None_2022-10-27/c_snps_test.sped
python: can't open file '/faststorage/project/NLPPred/github/snip/project/006.convert_to_sped.py': [Errno 2] No such file or directory
converting c_snps_train to filename /home/kce/NLPPred/github/snip/data/compressed/actrelu_strid512_cf1.5_v2None_2022-10-27/c_snps_train.sped
python: can't open file '/faststorage/project/NLPPred/github/snip/project/006.convert_to_sped.py': [Errno 2] No such file or directory
converting c_snps_validation to filename /home/kce/NLPPred/github/snip/data/compressed/actrelu_strid512_cf1.5_v2None_2022-10-27/c_snps_validation.sped
python: can't open file '/faststorage/project/NLPPred/github/snip/project/006.convert_to_sped.py': [Errno 2] No such file or directory
converting c_snps_test to filename /home/kce/NLPPred/github/snip/data/compressed/actrelu_strid512_cf2None_2022-10-24/c_snps_test.sped
python: can't open file '/faststorage/project/NLPPred/github/snip/project/006.convert_to_sped.py': [Errno 2] No such file or directory
converting c_snps_train to filename /home/kce/NLPPred/github/snip/data/compressed/actrelu_strid512_cf2None_2022-10-24/c_snps_train.sped
python: can't open file '/faststorage/project/NLPPred/github/snip/project/006.convert_to_sped.py': [Errno 2] No such file or directory
converting c_snps_validation to filename /home/kce/NLPPred/github/snip/data/compressed/actrelu_strid512_cf2None_2022-10-24/c_snps_validation.sped
python: can't open file '/faststorage/project/NLPPred/github/snip/project/006.convert_to_sped.py': [Errno 2] No such file or directory
converting c_snps_test to filename /home/kce/NLPPred/github/snip/data/compressed/actrelu_strid512_cf2_v2None_2022-10-25/c_snps_test.sped
python: can't open file '/faststorage/project/NLPPred/github/snip/project/006.convert_to_sped.py': [Errno 2] No such file or directory
converting c_snps_train to filename /home/kce/NLPPred/github/snip/data/compressed/actrelu_strid512_cf2_v2None_2022-10-25/c_snps_train.sped
python: can't open file '/faststorage/project/NLPPred/github/snip/project/006.convert_to_sped.py': [Errno 2] No such file or directory
converting c_snps_validation to filename /home/kce/NLPPred/github/snip/data/compressed/actrelu_strid512_cf2_v2None_2022-10-25/c_snps_validation.sped
python: can't open file '/faststorage/project/NLPPred/github/snip/project/006.convert_to_sped.py': [Errno 2] No such file or directory
converting c_snps_test to filename /home/kce/NLPPred/github/snip/data/compressed/actrelu_strid512_cf2_v2None_2022-10-27/c_snps_test.sped
python: can't open file '/faststorage/project/NLPPred/github/snip/project/006.convert_to_sped.py': [Errno 2] No such file or directory
converting c_snps_train to filename /home/kce/NLPPred/github/snip/data/compressed/actrelu_strid512_cf2_v2None_2022-10-27/c_snps_train.sped
python: can't open file '/faststorage/project/NLPPred/github/snip/project/006.convert_to_sped.py': [Errno 2] No such file or directory
converting c_snps_validation to filename /home/kce/NLPPred/github/snip/data/compressed/actrelu_strid512_cf2_v2None_2022-10-27/c_snps_validation.sped
python: can't open file '/faststorage/project/NLPPred/github/snip/project/006.convert_to_sped.py': [Errno 2] No such file or directory
converting c_snps_test to filename /home/kce/NLPPred/github/snip/data/compressed/actrelu_strid512_cf2_v2None_2022-10-28/c_snps_test.sped
python: can't open file '/faststorage/project/NLPPred/github/snip/project/006.convert_to_sped.py': [Errno 2] No such file or directory
converting c_snps_train to filename /home/kce/NLPPred/github/snip/data/compressed/actrelu_strid512_cf2_v2None_2022-10-28/c_snps_train.sped
python: can't open file '/faststorage/project/NLPPred/github/snip/project/006.convert_to_sped.py': [Errno 2] No such file or directory
converting c_snps_validation to filename /home/kce/NLPPred/github/snip/data/compressed/actrelu_strid512_cf2_v2None_2022-10-28/c_snps_validation.sped
python: can't open file '/faststorage/project/NLPPred/github/snip/project/006.convert_to_sped.py': [Errno 2] No such file or directory
