wandb: Tracking run with wandb version 0.13.3
wandb: W&B syncing is set to `offline` in this directory.  
wandb: Run `wandb online` or set WANDB_MODE=online to enable cloud syncing.
[38;5;4mℹ Missing values are not imputed. Imputing missing values.[0m
[38;5;4mℹ Training 1941 models[0m
[38;5;4mℹ Training autoencoder 305[0m
[38;5;4mℹ Training autoencoder 306[0m
[38;5;4mℹ Training autoencoder 307[0m
[38;5;4mℹ Training autoencoder 308[0m
[38;5;4mℹ Training autoencoder 309[0m
[38;5;4mℹ Training autoencoder 310[0m
[38;5;4mℹ Training autoencoder 311[0m
[38;5;4mℹ Training autoencoder 312[0m
[38;5;4mℹ Training autoencoder 313[0m
[38;5;4mℹ Training autoencoder 314[0m
[38;5;4mℹ Training autoencoder 315[0m
[38;5;4mℹ Training autoencoder 316[0m
[38;5;4mℹ Training autoencoder 317[0m
[38;5;4mℹ Training autoencoder 318[0m
[38;5;4mℹ Training autoencoder 319[0m
[38;5;4mℹ Training autoencoder 320[0m
[38;5;4mℹ Training autoencoder 321[0m
[38;5;4mℹ Training autoencoder 322[0m
[38;5;4mℹ Training autoencoder 323[0m
[38;5;4mℹ Training autoencoder 324[0m
[38;5;4mℹ Training autoencoder 325[0m
[38;5;4mℹ Training autoencoder 326[0m
[38;5;4mℹ Training autoencoder 327[0m
[38;5;4mℹ Training autoencoder 328[0m
[38;5;4mℹ Training autoencoder 329[0m
[38;5;4mℹ Training autoencoder 330[0m
[38;5;4mℹ Training autoencoder 331[0m
[38;5;4mℹ Training autoencoder 332[0m
[38;5;4mℹ Training autoencoder 333[0m
[38;5;4mℹ Training autoencoder 334[0m
[38;5;4mℹ Training autoencoder 335[0m
[38;5;4mℹ Training autoencoder 336[0m
[38;5;4mℹ Training autoencoder 337[0m
[38;5;4mℹ Training autoencoder 338[0m
[38;5;4mℹ Training autoencoder 339[0m
[38;5;4mℹ Training autoencoder 340[0m
[38;5;4mℹ Training autoencoder 341[0m
[38;5;4mℹ Training autoencoder 342[0m
[38;5;4mℹ Training autoencoder 343[0m
[38;5;4mℹ Training autoencoder 344[0m
[38;5;4mℹ Training autoencoder 345[0m
[38;5;4mℹ Training autoencoder 346[0m
[38;5;4mℹ Training autoencoder 347[0m
[38;5;4mℹ Training autoencoder 348[0m
[38;5;4mℹ Training autoencoder 349[0m
[38;5;4mℹ Training autoencoder 350[0m
[38;5;4mℹ Training autoencoder 351[0m
[38;5;4mℹ Training autoencoder 352[0m
[38;5;4mℹ Training autoencoder 353[0m
[38;5;4mℹ Training autoencoder 354[0m
[38;5;4mℹ Training autoencoder 355[0m
[38;5;4mℹ Training autoencoder 356[0m
[38;5;4mℹ Training autoencoder 357[0m
[38;5;4mℹ Training autoencoder 358[0m
[38;5;4mℹ Training autoencoder 359[0m
[38;5;4mℹ Training autoencoder 360[0m
[38;5;4mℹ Training autoencoder 361[0m
[38;5;4mℹ Training autoencoder 362[0m
[38;5;4mℹ Training autoencoder 363[0m
[38;5;4mℹ Training autoencoder 364[0m
[38;5;4mℹ Training autoencoder 365[0m
[38;5;4mℹ Training autoencoder 732[0m
[38;5;4mℹ Training autoencoder 733[0m
[38;5;4mℹ Training autoencoder 734[0m
[38;5;4mℹ Training autoencoder 735[0m
[38;5;4mℹ Training autoencoder 736[0m
[38;5;4mℹ Training autoencoder 737[0m
[38;5;4mℹ Training autoencoder 738[0m
[38;5;4mℹ Training autoencoder 739[0m
[38;5;4mℹ Training autoencoder 740[0m
[38;5;4mℹ Training autoencoder 741[0m
[38;5;4mℹ Training autoencoder 742[0m
[38;5;4mℹ Training autoencoder 743[0m
[38;5;4mℹ Training autoencoder 744[0m
[38;5;4mℹ Training autoencoder 745[0m
[38;5;4mℹ Training autoencoder 746[0m
[38;5;4mℹ Training autoencoder 747[0m
[38;5;4mℹ Training autoencoder 748[0m
[38;5;4mℹ Training autoencoder 749[0m
[38;5;4mℹ Training autoencoder 750[0m
[38;5;4mℹ Training autoencoder 751[0m
[38;5;4mℹ Training autoencoder 752[0m
[38;5;4mℹ Training autoencoder 753[0m
[38;5;4mℹ Training autoencoder 754[0m
[38;5;4mℹ Training autoencoder 755[0m
[38;5;4mℹ Training autoencoder 756[0m
[38;5;4mℹ Training autoencoder 757[0m
[38;5;4mℹ Training autoencoder 758[0m
[38;5;4mℹ Training autoencoder 759[0m
[38;5;4mℹ Training autoencoder 760[0m
[38;5;4mℹ Training autoencoder 761[0m
[38;5;4mℹ Training autoencoder 762[0m
[38;5;4mℹ Training autoencoder 763[0m
[38;5;4mℹ Training autoencoder 764[0m
[38;5;4mℹ Training autoencoder 765[0m
[38;5;4mℹ Training autoencoder 766[0m
[38;5;4mℹ Training autoencoder 767[0m
[38;5;4mℹ Training autoencoder 768[0m
[38;5;4mℹ Training autoencoder 769[0m
[38;5;4mℹ Training autoencoder 770[0m
[38;5;4mℹ Training autoencoder 771[0m
[38;5;4mℹ Training autoencoder 772[0m
[38;5;4mℹ Training autoencoder 773[0m
[38;5;4mℹ Training autoencoder 774[0m
[38;5;4mℹ Training autoencoder 775[0m
[38;5;4mℹ Training autoencoder 776[0m
[38;5;4mℹ Training autoencoder 777[0m
[38;5;4mℹ Training autoencoder 778[0m
[38;5;4mℹ Training autoencoder 779[0m
[38;5;4mℹ Training autoencoder 780[0m
[38;5;4mℹ Training autoencoder 781[0m
[38;5;4mℹ Training autoencoder 782[0m
[38;5;4mℹ Training autoencoder 783[0m
[38;5;4mℹ Training autoencoder 784[0m
[38;5;4mℹ Training autoencoder 785[0m
[38;5;4mℹ Training autoencoder 786[0m
[38;5;4mℹ Training autoencoder 787[0m
[38;5;4mℹ Training autoencoder 788[0m
[38;5;4mℹ Training autoencoder 789[0m
[38;5;4mℹ Training autoencoder 790[0m
[38;5;4mℹ Training autoencoder 791[0m
[38;5;4mℹ Training autoencoder 792[0m
[38;5;4mℹ Training autoencoder 1098[0m
[38;5;4mℹ Training autoencoder 1099[0m
[38;5;4mℹ Training autoencoder 1100[0m
[38;5;4mℹ Training autoencoder 1101[0m
[38;5;4mℹ Training autoencoder 1102[0m
[38;5;4mℹ Training autoencoder 1103[0m
[38;5;4mℹ Training autoencoder 1104[0m
[38;5;4mℹ Training autoencoder 1105[0m
[38;5;4mℹ Training autoencoder 1106[0m
[38;5;4mℹ Training autoencoder 1107[0m
[38;5;4mℹ Training autoencoder 1108[0m
[38;5;4mℹ Training autoencoder 1109[0m
[38;5;4mℹ Training autoencoder 1110[0m
[38;5;4mℹ Training autoencoder 1111[0m
[38;5;4mℹ Training autoencoder 1112[0m
[38;5;4mℹ Training autoencoder 1113[0m
[38;5;4mℹ Training autoencoder 1114[0m
[38;5;4mℹ Training autoencoder 1115[0m
[38;5;4mℹ Training autoencoder 1116[0m
[38;5;4mℹ Training autoencoder 1117[0m
[38;5;4mℹ Training autoencoder 1118[0m
[38;5;4mℹ Training autoencoder 1119[0m
[38;5;4mℹ Training autoencoder 1120[0m
[38;5;4mℹ Training autoencoder 1121[0m
[38;5;4mℹ Training autoencoder 1122[0m
[38;5;4mℹ Training autoencoder 1123[0m
[38;5;4mℹ Training autoencoder 1124[0m
[38;5;4mℹ Training autoencoder 1125[0m
[38;5;4mℹ Training autoencoder 1126[0m
[38;5;4mℹ Training autoencoder 1127[0m
[38;5;4mℹ Training autoencoder 1128[0m
[38;5;4mℹ Training autoencoder 1129[0m
[38;5;4mℹ Training autoencoder 1130[0m
[38;5;4mℹ Training autoencoder 1131[0m
[38;5;4mℹ Training autoencoder 1132[0m
[38;5;4mℹ Training autoencoder 1133[0m
[38;5;4mℹ Training autoencoder 1134[0m
[38;5;4mℹ Training autoencoder 1135[0m
[38;5;4mℹ Training autoencoder 1136[0m
[38;5;4mℹ Training autoencoder 1137[0m
[38;5;4mℹ Training autoencoder 1138[0m
[38;5;4mℹ Training autoencoder 1139[0m
[38;5;4mℹ Training autoencoder 1140[0m
[38;5;4mℹ Training autoencoder 1141[0m
[38;5;4mℹ Training autoencoder 1142[0m
[38;5;4mℹ Training autoencoder 1143[0m
[38;5;4mℹ Training autoencoder 1144[0m
[38;5;4mℹ Training autoencoder 1145[0m
[38;5;4mℹ Training autoencoder 1146[0m
[38;5;4mℹ Training autoencoder 1147[0m
[38;5;4mℹ Training autoencoder 1148[0m
[38;5;4mℹ Training autoencoder 1149[0m
[38;5;4mℹ Training autoencoder 1150[0m
[38;5;4mℹ Training autoencoder 1151[0m
[38;5;4mℹ Training autoencoder 1152[0m
[38;5;4mℹ Training autoencoder 1153[0m
[38;5;4mℹ Training autoencoder 1154[0m
[38;5;4mℹ Training autoencoder 1155[0m
[38;5;4mℹ Training autoencoder 1156[0m
[38;5;4mℹ Training autoencoder 1157[0m
[38;5;4mℹ Training autoencoder 1158[0m
[38;5;4mℹ Training autoencoder 1891[0m
[38;5;4mℹ Training autoencoder 1892[0m
[38;5;4mℹ Training autoencoder 1893[0m
[38;5;4mℹ Training autoencoder 1894[0m
[38;5;4mℹ Training autoencoder 1895[0m
[38;5;4mℹ Training autoencoder 1896[0m
[38;5;4mℹ Training autoencoder 1897[0m
[38;5;4mℹ Training autoencoder 1898[0m
[38;5;4mℹ Training autoencoder 1899[0m
[38;5;4mℹ Training autoencoder 1900[0m
[38;5;4mℹ Training autoencoder 1901[0m
[38;5;4mℹ Training autoencoder 1902[0m
[38;5;4mℹ Training autoencoder 1903[0m
[38;5;4mℹ Training autoencoder 1904[0m
[38;5;4mℹ Training autoencoder 1905[0m
[38;5;4mℹ Training autoencoder 1906[0m
[38;5;4mℹ Training autoencoder 1907[0m
[38;5;4mℹ Training autoencoder 1908[0m
[38;5;4mℹ Training autoencoder 1909[0m
[38;5;4mℹ Training autoencoder 1910[0m
[38;5;4mℹ Training autoencoder 1911[0m
[38;5;4mℹ Training autoencoder 1912[0m
[38;5;4mℹ Training autoencoder 1913[0m
[38;5;4mℹ Training autoencoder 1914[0m
[38;5;4mℹ Training autoencoder 1915[0m
[38;5;4mℹ Training autoencoder 1916[0m
[38;5;4mℹ Training autoencoder 1917[0m
[38;5;4mℹ Training autoencoder 1918[0m
[38;5;4mℹ Training autoencoder 1919[0m
[38;5;4mℹ Training autoencoder 1920[0m
[38;5;4mℹ Training autoencoder 1921[0m
[38;5;4mℹ Training autoencoder 1922[0m
[38;5;4mℹ Training autoencoder 1923[0m
[38;5;4mℹ Training autoencoder 1924[0m
[38;5;4mℹ Training autoencoder 1925[0m
[38;5;4mℹ Training autoencoder 1926[0m
[38;5;4mℹ Training autoencoder 1927[0m
[38;5;4mℹ Training autoencoder 1928[0m
[38;5;4mℹ Training autoencoder 1929[0m
[38;5;4mℹ Training autoencoder 1930[0m
[38;5;4mℹ Training autoencoder 1931[0m
[38;5;4mℹ Training autoencoder 1932[0m
[38;5;4mℹ Training autoencoder 1933[0m
[38;5;4mℹ Training autoencoder 1934[0m
[38;5;4mℹ Training autoencoder 1935[0m
[38;5;4mℹ Training autoencoder 1936[0m
[38;5;4mℹ Training autoencoder 1937[0m
[38;5;4mℹ Training autoencoder 1938[0m
[38;5;4mℹ Training autoencoder 1939[0m
[38;5;4mℹ Training autoencoder 1940[0m
/home/kce/miniconda3/envs/snip2/lib/python3.9/site-packages/xarray/conventions.py:205: SerializationWarning: variable None has data in the form of a dask array with dtype=object, which means it is being loaded into memory to determine a data type that can be safely stored on disk. To avoid this, coerce this variable to a fixed-size dtype with astype() before saving it.
  warnings.warn(
/home/kce/miniconda3/envs/snip2/lib/python3.9/site-packages/xarray/conventions.py:205: SerializationWarning: variable None has data in the form of a dask array with dtype=object, which means it is being loaded into memory to determine a data type that can be safely stored on disk. To avoid this, coerce this variable to a fixed-size dtype with astype() before saving it.
  warnings.warn(
/home/kce/miniconda3/envs/snip2/lib/python3.9/site-packages/xarray/conventions.py:205: SerializationWarning: variable None has data in the form of a dask array with dtype=object, which means it is being loaded into memory to determine a data type that can be safely stored on disk. To avoid this, coerce this variable to a fixed-size dtype with astype() before saving it.
  warnings.warn(
[38;5;4mℹ Merging train, consisting of 1941 files[0m
[38;5;4mℹ Merging validation, consisting of 1941 files[0m
[38;5;4mℹ Merging test, consisting of 1941 files[0m
wandb: Waiting for W&B process to finish... (success).
wandb: - 0.000 MB of 0.000 MB uploaded (0.000 MB deduped)wandb: \ 0.000 MB of 0.000 MB uploaded (0.000 MB deduped)wandb: | 0.000 MB of 0.000 MB uploaded (0.000 MB deduped)wandb: / 0.000 MB of 0.000 MB uploaded (0.000 MB deduped)wandb:                                                                                
wandb: 
wandb: Run history:
wandb:      Max(training reconstruction error) ▁
wandb:    Max(validation reconstruction error) ▁
wandb:     Mean(training reconstruction error) ▁
wandb: Mean(valilidation reconstruction error) ▁
wandb:      Min(training reconstruction error) ▁
wandb:    Min(validation reconstruction error) ▁
wandb:                                N models ▁
wandb: 
wandb: Run summary:
wandb:      Max(training reconstruction error) 0.17486
wandb:    Max(validation reconstruction error) 0.17488
wandb:     Mean(training reconstruction error) 0.03711
wandb: Mean(valilidation reconstruction error) 0.03714
wandb:      Min(training reconstruction error) 0.00124
wandb:    Min(validation reconstruction error) 0.00119
wandb:                                N models 1941
wandb: 
wandb: You can sync this run to the cloud by running:
wandb: wandb sync /faststorage/project/NLPPred/github/snip/wandb/offline-run-20221114_155300-qi4moplt
wandb: Find logs at: ./wandb/offline-run-20221114_155300-qi4moplt/logs
