wandb: Tracking run with wandb version 0.13.3
wandb: W&B syncing is set to `offline` in this directory.  
wandb: Run `wandb online` or set WANDB_MODE=online to enable cloud syncing.
[38;5;4mℹ Missing values are not imputed. Imputing missing values.[0m
[38;5;4mℹ Training 2789 models[0m
[38;5;4mℹ Training autoencoder 0[0m
[38;5;4mℹ Training autoencoder 1[0m
[38;5;4mℹ Training autoencoder 2[0m
[38;5;4mℹ Training autoencoder 3[0m
[38;5;4mℹ Training autoencoder 4[0m
[38;5;4mℹ Training autoencoder 5[0m
[38;5;4mℹ Training autoencoder 6[0m
[38;5;4mℹ Training autoencoder 7[0m
[38;5;4mℹ Training autoencoder 8[0m
[38;5;4mℹ Training autoencoder 9[0m
[38;5;4mℹ Training autoencoder 10[0m
[38;5;4mℹ Training autoencoder 11[0m
[38;5;4mℹ Training autoencoder 12[0m
[38;5;4mℹ Training autoencoder 13[0m
[38;5;4mℹ Training autoencoder 14[0m
[38;5;4mℹ Training autoencoder 15[0m
[38;5;4mℹ Training autoencoder 16[0m
[38;5;4mℹ Training autoencoder 17[0m
[38;5;4mℹ Training autoencoder 18[0m
[38;5;4mℹ Training autoencoder 19[0m
[38;5;4mℹ Training autoencoder 20[0m
[38;5;4mℹ Training autoencoder 21[0m
[38;5;4mℹ Training autoencoder 22[0m
[38;5;4mℹ Training autoencoder 23[0m
[38;5;4mℹ Training autoencoder 24[0m
[38;5;4mℹ Training autoencoder 25[0m
[38;5;4mℹ Training autoencoder 26[0m
[38;5;4mℹ Training autoencoder 27[0m
[38;5;4mℹ Training autoencoder 28[0m
[38;5;4mℹ Training autoencoder 29[0m
[38;5;4mℹ Training autoencoder 30[0m
[38;5;4mℹ Training autoencoder 31[0m
[38;5;4mℹ Training autoencoder 32[0m
[38;5;4mℹ Training autoencoder 33[0m
[38;5;4mℹ Training autoencoder 34[0m
[38;5;4mℹ Training autoencoder 35[0m
[38;5;4mℹ Training autoencoder 36[0m
[38;5;4mℹ Training autoencoder 37[0m
[38;5;4mℹ Training autoencoder 38[0m
[38;5;4mℹ Training autoencoder 39[0m
[38;5;4mℹ Training autoencoder 40[0m
[38;5;4mℹ Training autoencoder 41[0m
[38;5;4mℹ Training autoencoder 42[0m
[38;5;4mℹ Training autoencoder 43[0m
[38;5;4mℹ Training autoencoder 44[0m
[38;5;4mℹ Training autoencoder 45[0m
[38;5;4mℹ Training autoencoder 46[0m
[38;5;4mℹ Training autoencoder 47[0m
[38;5;4mℹ Training autoencoder 48[0m
[38;5;4mℹ Training autoencoder 49[0m
[38;5;4mℹ Training autoencoder 50[0m
[38;5;4mℹ Training autoencoder 51[0m
[38;5;4mℹ Training autoencoder 52[0m
[38;5;4mℹ Training autoencoder 53[0m
[38;5;4mℹ Training autoencoder 54[0m
[38;5;4mℹ Training autoencoder 55[0m
[38;5;4mℹ Training autoencoder 56[0m
[38;5;4mℹ Training autoencoder 57[0m
[38;5;4mℹ Training autoencoder 58[0m
[38;5;4mℹ Training autoencoder 59[0m
[38;5;4mℹ Training autoencoder 60[0m
[38;5;4mℹ Training autoencoder 61[0m
[38;5;4mℹ Training autoencoder 62[0m
[38;5;4mℹ Training autoencoder 63[0m
[38;5;4mℹ Training autoencoder 64[0m
[38;5;4mℹ Training autoencoder 65[0m
[38;5;4mℹ Training autoencoder 66[0m
[38;5;4mℹ Training autoencoder 67[0m
[38;5;4mℹ Training autoencoder 68[0m
[38;5;4mℹ Training autoencoder 69[0m
[38;5;4mℹ Training autoencoder 70[0m
[38;5;4mℹ Training autoencoder 71[0m
[38;5;4mℹ Training autoencoder 72[0m
[38;5;4mℹ Training autoencoder 73[0m
[38;5;4mℹ Training autoencoder 74[0m
[38;5;4mℹ Training autoencoder 75[0m
[38;5;4mℹ Training autoencoder 76[0m
[38;5;4mℹ Training autoencoder 77[0m
[38;5;4mℹ Training autoencoder 78[0m
[38;5;4mℹ Training autoencoder 79[0m
[38;5;4mℹ Training autoencoder 80[0m
[38;5;4mℹ Training autoencoder 81[0m
[38;5;4mℹ Training autoencoder 82[0m
[38;5;4mℹ Training autoencoder 83[0m
[38;5;4mℹ Training autoencoder 84[0m
[38;5;4mℹ Training autoencoder 85[0m
[38;5;4mℹ Training autoencoder 86[0m
[38;5;4mℹ Training autoencoder 87[0m
[38;5;4mℹ Training autoencoder 704[0m
[38;5;4mℹ Training autoencoder 705[0m
[38;5;4mℹ Training autoencoder 706[0m
[38;5;4mℹ Training autoencoder 707[0m
[38;5;4mℹ Training autoencoder 708[0m
[38;5;4mℹ Training autoencoder 709[0m
[38;5;4mℹ Training autoencoder 710[0m
[38;5;4mℹ Training autoencoder 711[0m
[38;5;4mℹ Training autoencoder 712[0m
[38;5;4mℹ Training autoencoder 713[0m
[38;5;4mℹ Training autoencoder 714[0m
[38;5;4mℹ Training autoencoder 715[0m
[38;5;4mℹ Training autoencoder 716[0m
[38;5;4mℹ Training autoencoder 717[0m
[38;5;4mℹ Training autoencoder 718[0m
[38;5;4mℹ Training autoencoder 719[0m
[38;5;4mℹ Training autoencoder 720[0m
[38;5;4mℹ Training autoencoder 721[0m
[38;5;4mℹ Training autoencoder 722[0m
[38;5;4mℹ Training autoencoder 723[0m
[38;5;4mℹ Training autoencoder 724[0m
[38;5;4mℹ Training autoencoder 725[0m
[38;5;4mℹ Training autoencoder 726[0m
[38;5;4mℹ Training autoencoder 727[0m
[38;5;4mℹ Training autoencoder 728[0m
[38;5;4mℹ Training autoencoder 729[0m
[38;5;4mℹ Training autoencoder 730[0m
[38;5;4mℹ Training autoencoder 731[0m
[38;5;4mℹ Training autoencoder 732[0m
[38;5;4mℹ Training autoencoder 733[0m
[38;5;4mℹ Training autoencoder 734[0m
[38;5;4mℹ Training autoencoder 735[0m
[38;5;4mℹ Training autoencoder 736[0m
[38;5;4mℹ Training autoencoder 737[0m
[38;5;4mℹ Training autoencoder 738[0m
[38;5;4mℹ Training autoencoder 739[0m
[38;5;4mℹ Training autoencoder 740[0m
[38;5;4mℹ Training autoencoder 741[0m
[38;5;4mℹ Training autoencoder 742[0m
[38;5;4mℹ Training autoencoder 743[0m
[38;5;4mℹ Training autoencoder 744[0m
[38;5;4mℹ Training autoencoder 745[0m
[38;5;4mℹ Training autoencoder 746[0m
[38;5;4mℹ Training autoencoder 747[0m
[38;5;4mℹ Training autoencoder 748[0m
[38;5;4mℹ Training autoencoder 749[0m
[38;5;4mℹ Training autoencoder 750[0m
[38;5;4mℹ Training autoencoder 751[0m
[38;5;4mℹ Training autoencoder 752[0m
[38;5;4mℹ Training autoencoder 753[0m
[38;5;4mℹ Training autoencoder 754[0m
[38;5;4mℹ Training autoencoder 755[0m
[38;5;4mℹ Training autoencoder 756[0m
[38;5;4mℹ Training autoencoder 757[0m
[38;5;4mℹ Training autoencoder 758[0m
[38;5;4mℹ Training autoencoder 759[0m
[38;5;4mℹ Training autoencoder 760[0m
[38;5;4mℹ Training autoencoder 761[0m
[38;5;4mℹ Training autoencoder 762[0m
[38;5;4mℹ Training autoencoder 763[0m
[38;5;4mℹ Training autoencoder 764[0m
[38;5;4mℹ Training autoencoder 765[0m
[38;5;4mℹ Training autoencoder 766[0m
[38;5;4mℹ Training autoencoder 767[0m
[38;5;4mℹ Training autoencoder 768[0m
[38;5;4mℹ Training autoencoder 769[0m
[38;5;4mℹ Training autoencoder 770[0m
[38;5;4mℹ Training autoencoder 771[0m
[38;5;4mℹ Training autoencoder 772[0m
[38;5;4mℹ Training autoencoder 773[0m
[38;5;4mℹ Training autoencoder 774[0m
[38;5;4mℹ Training autoencoder 775[0m
[38;5;4mℹ Training autoencoder 776[0m
[38;5;4mℹ Training autoencoder 777[0m
[38;5;4mℹ Training autoencoder 778[0m
[38;5;4mℹ Training autoencoder 779[0m
[38;5;4mℹ Training autoencoder 780[0m
[38;5;4mℹ Training autoencoder 781[0m
[38;5;4mℹ Training autoencoder 782[0m
[38;5;4mℹ Training autoencoder 783[0m
[38;5;4mℹ Training autoencoder 784[0m
[38;5;4mℹ Training autoencoder 785[0m
[38;5;4mℹ Training autoencoder 786[0m
[38;5;4mℹ Training autoencoder 787[0m
[38;5;4mℹ Training autoencoder 788[0m
[38;5;4mℹ Training autoencoder 789[0m
[38;5;4mℹ Training autoencoder 790[0m
[38;5;4mℹ Training autoencoder 791[0m
[38;5;4mℹ Training autoencoder 1408[0m
[38;5;4mℹ Training autoencoder 1409[0m
[38;5;4mℹ Training autoencoder 1410[0m
[38;5;4mℹ Training autoencoder 1411[0m
[38;5;4mℹ Training autoencoder 1412[0m
[38;5;4mℹ Training autoencoder 1413[0m
[38;5;4mℹ Training autoencoder 1414[0m
[38;5;4mℹ Training autoencoder 1415[0m
[38;5;4mℹ Training autoencoder 1416[0m
[38;5;4mℹ Training autoencoder 1417[0m
[38;5;4mℹ Training autoencoder 1418[0m
[38;5;4mℹ Training autoencoder 1419[0m
[38;5;4mℹ Training autoencoder 1420[0m
[38;5;4mℹ Training autoencoder 1421[0m
[38;5;4mℹ Training autoencoder 1422[0m
[38;5;4mℹ Training autoencoder 1423[0m
[38;5;4mℹ Training autoencoder 1424[0m
[38;5;4mℹ Training autoencoder 1425[0m
[38;5;4mℹ Training autoencoder 1426[0m
[38;5;4mℹ Training autoencoder 1427[0m
[38;5;4mℹ Training autoencoder 1428[0m
[38;5;4mℹ Training autoencoder 1429[0m
[38;5;4mℹ Training autoencoder 1430[0m
[38;5;4mℹ Training autoencoder 1431[0m
[38;5;4mℹ Training autoencoder 1432[0m
[38;5;4mℹ Training autoencoder 1433[0m
[38;5;4mℹ Training autoencoder 1434[0m
[38;5;4mℹ Training autoencoder 1435[0m
[38;5;4mℹ Training autoencoder 1436[0m
[38;5;4mℹ Training autoencoder 1437[0m
[38;5;4mℹ Training autoencoder 1438[0m
[38;5;4mℹ Training autoencoder 1439[0m
[38;5;4mℹ Training autoencoder 1440[0m
[38;5;4mℹ Training autoencoder 1441[0m
[38;5;4mℹ Training autoencoder 1442[0m
[38;5;4mℹ Training autoencoder 1443[0m
[38;5;4mℹ Training autoencoder 1444[0m
[38;5;4mℹ Training autoencoder 1445[0m
[38;5;4mℹ Training autoencoder 1446[0m
[38;5;4mℹ Training autoencoder 1447[0m
[38;5;4mℹ Training autoencoder 1448[0m
[38;5;4mℹ Training autoencoder 1449[0m
[38;5;4mℹ Training autoencoder 1450[0m
[38;5;4mℹ Training autoencoder 1451[0m
[38;5;4mℹ Training autoencoder 1452[0m
[38;5;4mℹ Training autoencoder 1453[0m
[38;5;4mℹ Training autoencoder 1454[0m
[38;5;4mℹ Training autoencoder 1455[0m
[38;5;4mℹ Training autoencoder 1456[0m
[38;5;4mℹ Training autoencoder 1457[0m
[38;5;4mℹ Training autoencoder 1458[0m
[38;5;4mℹ Training autoencoder 1459[0m
[38;5;4mℹ Training autoencoder 1460[0m
[38;5;4mℹ Training autoencoder 1461[0m
[38;5;4mℹ Training autoencoder 1462[0m
[38;5;4mℹ Training autoencoder 1463[0m
[38;5;4mℹ Training autoencoder 1464[0m
[38;5;4mℹ Training autoencoder 1465[0m
[38;5;4mℹ Training autoencoder 1466[0m
[38;5;4mℹ Training autoencoder 1467[0m
[38;5;4mℹ Training autoencoder 1468[0m
[38;5;4mℹ Training autoencoder 1469[0m
[38;5;4mℹ Training autoencoder 1470[0m
[38;5;4mℹ Training autoencoder 1471[0m
[38;5;4mℹ Training autoencoder 1472[0m
[38;5;4mℹ Training autoencoder 1473[0m
[38;5;4mℹ Training autoencoder 1474[0m
[38;5;4mℹ Training autoencoder 1475[0m
[38;5;4mℹ Training autoencoder 1476[0m
[38;5;4mℹ Training autoencoder 1477[0m
[38;5;4mℹ Training autoencoder 1478[0m
[38;5;4mℹ Training autoencoder 1479[0m
[38;5;4mℹ Training autoencoder 1480[0m
[38;5;4mℹ Training autoencoder 1481[0m
[38;5;4mℹ Training autoencoder 1482[0m
[38;5;4mℹ Training autoencoder 1483[0m
[38;5;4mℹ Training autoencoder 1484[0m
[38;5;4mℹ Training autoencoder 1485[0m
[38;5;4mℹ Training autoencoder 1486[0m
[38;5;4mℹ Training autoencoder 1487[0m
[38;5;4mℹ Training autoencoder 1488[0m
[38;5;4mℹ Training autoencoder 1489[0m
[38;5;4mℹ Training autoencoder 1490[0m
[38;5;4mℹ Training autoencoder 1491[0m
[38;5;4mℹ Training autoencoder 1492[0m
[38;5;4mℹ Training autoencoder 1493[0m
[38;5;4mℹ Training autoencoder 1494[0m
[38;5;4mℹ Training autoencoder 1495[0m
[38;5;4mℹ Training autoencoder 2112[0m
[38;5;4mℹ Training autoencoder 2113[0m
[38;5;4mℹ Training autoencoder 2114[0m
[38;5;4mℹ Training autoencoder 2115[0m
[38;5;4mℹ Training autoencoder 2116[0m
[38;5;4mℹ Training autoencoder 2117[0m
[38;5;4mℹ Training autoencoder 2118[0m
[38;5;4mℹ Training autoencoder 2119[0m
[38;5;4mℹ Training autoencoder 2120[0m
[38;5;4mℹ Training autoencoder 2121[0m
[38;5;4mℹ Training autoencoder 2122[0m
[38;5;4mℹ Training autoencoder 2123[0m
[38;5;4mℹ Training autoencoder 2124[0m
[38;5;4mℹ Training autoencoder 2125[0m
[38;5;4mℹ Training autoencoder 2126[0m
[38;5;4mℹ Training autoencoder 2127[0m
[38;5;4mℹ Training autoencoder 2128[0m
[38;5;4mℹ Training autoencoder 2129[0m
[38;5;4mℹ Training autoencoder 2130[0m
[38;5;4mℹ Training autoencoder 2131[0m
[38;5;4mℹ Training autoencoder 2132[0m
[38;5;4mℹ Training autoencoder 2133[0m
[38;5;4mℹ Training autoencoder 2134[0m
[38;5;4mℹ Training autoencoder 2135[0m
[38;5;4mℹ Training autoencoder 2136[0m
[38;5;4mℹ Training autoencoder 2137[0m
[38;5;4mℹ Training autoencoder 2138[0m
[38;5;4mℹ Training autoencoder 2139[0m
[38;5;4mℹ Training autoencoder 2140[0m
[38;5;4mℹ Training autoencoder 2141[0m
[38;5;4mℹ Training autoencoder 2142[0m
[38;5;4mℹ Training autoencoder 2143[0m
[38;5;4mℹ Training autoencoder 2144[0m
[38;5;4mℹ Training autoencoder 2145[0m
[38;5;4mℹ Training autoencoder 2146[0m
[38;5;4mℹ Training autoencoder 2147[0m
[38;5;4mℹ Training autoencoder 2148[0m
[38;5;4mℹ Training autoencoder 2149[0m
[38;5;4mℹ Training autoencoder 2150[0m
[38;5;4mℹ Training autoencoder 2151[0m
[38;5;4mℹ Training autoencoder 2152[0m
[38;5;4mℹ Training autoencoder 2153[0m
[38;5;4mℹ Training autoencoder 2154[0m
[38;5;4mℹ Training autoencoder 2155[0m
[38;5;4mℹ Training autoencoder 2156[0m
[38;5;4mℹ Training autoencoder 2157[0m
[38;5;4mℹ Training autoencoder 2158[0m
[38;5;4mℹ Training autoencoder 2159[0m
[38;5;4mℹ Training autoencoder 2160[0m
[38;5;4mℹ Training autoencoder 2161[0m
[38;5;4mℹ Training autoencoder 2162[0m
[38;5;4mℹ Training autoencoder 2163[0m
[38;5;4mℹ Training autoencoder 2164[0m
[38;5;4mℹ Training autoencoder 2165[0m
[38;5;4mℹ Training autoencoder 2166[0m
[38;5;4mℹ Training autoencoder 2167[0m
[38;5;4mℹ Training autoencoder 2168[0m
[38;5;4mℹ Training autoencoder 2169[0m
[38;5;4mℹ Training autoencoder 2170[0m
[38;5;4mℹ Training autoencoder 2171[0m
[38;5;4mℹ Training autoencoder 2172[0m
[38;5;4mℹ Training autoencoder 2173[0m
[38;5;4mℹ Training autoencoder 2174[0m
[38;5;4mℹ Training autoencoder 2175[0m
[38;5;4mℹ Training autoencoder 2176[0m
[38;5;4mℹ Training autoencoder 2177[0m
[38;5;4mℹ Training autoencoder 2178[0m
[38;5;4mℹ Training autoencoder 2179[0m
[38;5;4mℹ Training autoencoder 2180[0m
[38;5;4mℹ Training autoencoder 2181[0m
[38;5;4mℹ Training autoencoder 2182[0m
[38;5;4mℹ Training autoencoder 2183[0m
[38;5;4mℹ Training autoencoder 2184[0m
[38;5;4mℹ Training autoencoder 2185[0m
[38;5;4mℹ Training autoencoder 2186[0m
[38;5;4mℹ Training autoencoder 2187[0m
[38;5;4mℹ Training autoencoder 2188[0m
[38;5;4mℹ Training autoencoder 2189[0m
[38;5;4mℹ Training autoencoder 2190[0m
[38;5;4mℹ Training autoencoder 2191[0m
[38;5;4mℹ Training autoencoder 2192[0m
[38;5;4mℹ Training autoencoder 2193[0m
[38;5;4mℹ Training autoencoder 2194[0m
[38;5;4mℹ Training autoencoder 2195[0m
[38;5;4mℹ Training autoencoder 2196[0m
[38;5;4mℹ Training autoencoder 2197[0m
[38;5;4mℹ Training autoencoder 2198[0m
[38;5;4mℹ Training autoencoder 2199[0m
/home/kce/miniconda3/envs/snip2/lib/python3.9/site-packages/xarray/conventions.py:205: SerializationWarning: variable None has data in the form of a dask array with dtype=object, which means it is being loaded into memory to determine a data type that can be safely stored on disk. To avoid this, coerce this variable to a fixed-size dtype with astype() before saving it.
  warnings.warn(
/home/kce/miniconda3/envs/snip2/lib/python3.9/site-packages/xarray/conventions.py:205: SerializationWarning: variable None has data in the form of a dask array with dtype=object, which means it is being loaded into memory to determine a data type that can be safely stored on disk. To avoid this, coerce this variable to a fixed-size dtype with astype() before saving it.
  warnings.warn(
/home/kce/miniconda3/envs/snip2/lib/python3.9/site-packages/xarray/conventions.py:205: SerializationWarning: variable None has data in the form of a dask array with dtype=object, which means it is being loaded into memory to determine a data type that can be safely stored on disk. To avoid this, coerce this variable to a fixed-size dtype with astype() before saving it.
  warnings.warn(
[38;5;4mℹ Merging train, consisting of 2789 files[0m
[38;5;4mℹ Merging validation, consisting of 2789 files[0m
[38;5;4mℹ Merging test, consisting of 2789 files[0m
wandb: Waiting for W&B process to finish... (success).
wandb: - 0.000 MB of 0.000 MB uploaded (0.000 MB deduped)wandb: \ 0.000 MB of 0.000 MB uploaded (0.000 MB deduped)wandb:                                                                                
wandb: 
wandb: Run history:
wandb:      Max(training reconstruction error) ▁
wandb:    Max(validation reconstruction error) ▁
wandb:     Mean(training reconstruction error) ▁
wandb: Mean(valilidation reconstruction error) ▁
wandb:      Min(training reconstruction error) ▁
wandb:    Min(validation reconstruction error) ▁
wandb:                                N models ▁
wandb: 
wandb: Run summary:
wandb:      Max(training reconstruction error) 0.19856
wandb:    Max(validation reconstruction error) 0.19645
wandb:     Mean(training reconstruction error) 0.03355
wandb: Mean(valilidation reconstruction error) 0.03359
wandb:      Min(training reconstruction error) 0.00028
wandb:    Min(validation reconstruction error) 0.00026
wandb:                                N models 2789
wandb: 
wandb: You can sync this run to the cloud by running:
wandb: wandb sync /faststorage/project/NLPPred/github/snip/wandb/offline-run-20221114_155304-1pqw5w0r
wandb: Find logs at: ./wandb/offline-run-20221114_155304-1pqw5w0r/logs
