wandb: Tracking run with wandb version 0.13.3
wandb: W&B syncing is set to `offline` in this directory.  
wandb: Run `wandb online` or set WANDB_MODE=online to enable cloud syncing.
[38;5;4mℹ Missing values are not imputed. Imputing missing values.[0m
[38;5;4mℹ Training 2511 models[0m
[38;5;4mℹ Training autoencoder 553[0m
[38;5;4mℹ Training autoencoder 554[0m
[38;5;4mℹ Training autoencoder 555[0m
[38;5;4mℹ Training autoencoder 556[0m
[38;5;4mℹ Training autoencoder 557[0m
[38;5;4mℹ Training autoencoder 558[0m
[38;5;4mℹ Training autoencoder 559[0m
[38;5;4mℹ Training autoencoder 560[0m
[38;5;4mℹ Training autoencoder 561[0m
[38;5;4mℹ Training autoencoder 562[0m
[38;5;4mℹ Training autoencoder 563[0m
[38;5;4mℹ Training autoencoder 564[0m
[38;5;4mℹ Training autoencoder 565[0m
[38;5;4mℹ Training autoencoder 566[0m
[38;5;4mℹ Training autoencoder 567[0m
[38;5;4mℹ Training autoencoder 568[0m
[38;5;4mℹ Training autoencoder 569[0m
[38;5;4mℹ Training autoencoder 570[0m
[38;5;4mℹ Training autoencoder 571[0m
[38;5;4mℹ Training autoencoder 572[0m
[38;5;4mℹ Training autoencoder 573[0m
[38;5;4mℹ Training autoencoder 574[0m
[38;5;4mℹ Training autoencoder 575[0m
[38;5;4mℹ Training autoencoder 576[0m
[38;5;4mℹ Training autoencoder 577[0m
[38;5;4mℹ Training autoencoder 578[0m
[38;5;4mℹ Training autoencoder 579[0m
[38;5;4mℹ Training autoencoder 580[0m
[38;5;4mℹ Training autoencoder 581[0m
[38;5;4mℹ Training autoencoder 582[0m
[38;5;4mℹ Training autoencoder 583[0m
[38;5;4mℹ Training autoencoder 584[0m
[38;5;4mℹ Training autoencoder 585[0m
[38;5;4mℹ Training autoencoder 586[0m
[38;5;4mℹ Training autoencoder 587[0m
[38;5;4mℹ Training autoencoder 588[0m
[38;5;4mℹ Training autoencoder 589[0m
[38;5;4mℹ Training autoencoder 590[0m
[38;5;4mℹ Training autoencoder 591[0m
[38;5;4mℹ Training autoencoder 592[0m
[38;5;4mℹ Training autoencoder 593[0m
[38;5;4mℹ Training autoencoder 594[0m
[38;5;4mℹ Training autoencoder 595[0m
[38;5;4mℹ Training autoencoder 596[0m
[38;5;4mℹ Training autoencoder 597[0m
[38;5;4mℹ Training autoencoder 598[0m
[38;5;4mℹ Training autoencoder 599[0m
[38;5;4mℹ Training autoencoder 600[0m
[38;5;4mℹ Training autoencoder 601[0m
[38;5;4mℹ Training autoencoder 602[0m
[38;5;4mℹ Training autoencoder 603[0m
[38;5;4mℹ Training autoencoder 604[0m
[38;5;4mℹ Training autoencoder 605[0m
[38;5;4mℹ Training autoencoder 606[0m
[38;5;4mℹ Training autoencoder 607[0m
[38;5;4mℹ Training autoencoder 608[0m
[38;5;4mℹ Training autoencoder 609[0m
[38;5;4mℹ Training autoencoder 610[0m
[38;5;4mℹ Training autoencoder 611[0m
[38;5;4mℹ Training autoencoder 612[0m
[38;5;4mℹ Training autoencoder 613[0m
[38;5;4mℹ Training autoencoder 614[0m
[38;5;4mℹ Training autoencoder 615[0m
[38;5;4mℹ Training autoencoder 616[0m
[38;5;4mℹ Training autoencoder 617[0m
[38;5;4mℹ Training autoencoder 618[0m
[38;5;4mℹ Training autoencoder 619[0m
[38;5;4mℹ Training autoencoder 620[0m
[38;5;4mℹ Training autoencoder 621[0m
[38;5;4mℹ Training autoencoder 622[0m
[38;5;4mℹ Training autoencoder 623[0m
[38;5;4mℹ Training autoencoder 624[0m
[38;5;4mℹ Training autoencoder 625[0m
[38;5;4mℹ Training autoencoder 626[0m
[38;5;4mℹ Training autoencoder 627[0m
[38;5;4mℹ Training autoencoder 628[0m
[38;5;4mℹ Training autoencoder 629[0m
[38;5;4mℹ Training autoencoder 630[0m
[38;5;4mℹ Training autoencoder 631[0m
[38;5;4mℹ Training autoencoder 1106[0m
[38;5;4mℹ Training autoencoder 1107[0m
[38;5;4mℹ Training autoencoder 1108[0m
[38;5;4mℹ Training autoencoder 1109[0m
[38;5;4mℹ Training autoencoder 1110[0m
[38;5;4mℹ Training autoencoder 1111[0m
[38;5;4mℹ Training autoencoder 1112[0m
[38;5;4mℹ Training autoencoder 1113[0m
[38;5;4mℹ Training autoencoder 1114[0m
[38;5;4mℹ Training autoencoder 1115[0m
[38;5;4mℹ Training autoencoder 1116[0m
[38;5;4mℹ Training autoencoder 1117[0m
[38;5;4mℹ Training autoencoder 1118[0m
[38;5;4mℹ Training autoencoder 1119[0m
[38;5;4mℹ Training autoencoder 1120[0m
[38;5;4mℹ Training autoencoder 1121[0m
[38;5;4mℹ Training autoencoder 1122[0m
[38;5;4mℹ Training autoencoder 1123[0m
[38;5;4mℹ Training autoencoder 1124[0m
[38;5;4mℹ Training autoencoder 1125[0m
[38;5;4mℹ Training autoencoder 1126[0m
[38;5;4mℹ Training autoencoder 1127[0m
[38;5;4mℹ Training autoencoder 1128[0m
[38;5;4mℹ Training autoencoder 1129[0m
[38;5;4mℹ Training autoencoder 1130[0m
[38;5;4mℹ Training autoencoder 1131[0m
[38;5;4mℹ Training autoencoder 1132[0m
[38;5;4mℹ Training autoencoder 1133[0m
[38;5;4mℹ Training autoencoder 1134[0m
[38;5;4mℹ Training autoencoder 1135[0m
[38;5;4mℹ Training autoencoder 1136[0m
[38;5;4mℹ Training autoencoder 1137[0m
[38;5;4mℹ Training autoencoder 1138[0m
[38;5;4mℹ Training autoencoder 1139[0m
[38;5;4mℹ Training autoencoder 1140[0m
[38;5;4mℹ Training autoencoder 1141[0m
[38;5;4mℹ Training autoencoder 1142[0m
[38;5;4mℹ Training autoencoder 1143[0m
[38;5;4mℹ Training autoencoder 1144[0m
[38;5;4mℹ Training autoencoder 1145[0m
[38;5;4mℹ Training autoencoder 1146[0m
[38;5;4mℹ Training autoencoder 1147[0m
[38;5;4mℹ Training autoencoder 1148[0m
[38;5;4mℹ Training autoencoder 1149[0m
[38;5;4mℹ Training autoencoder 1150[0m
[38;5;4mℹ Training autoencoder 1151[0m
[38;5;4mℹ Training autoencoder 1152[0m
[38;5;4mℹ Training autoencoder 1153[0m
[38;5;4mℹ Training autoencoder 1154[0m
[38;5;4mℹ Training autoencoder 1155[0m
[38;5;4mℹ Training autoencoder 1156[0m
[38;5;4mℹ Training autoencoder 1157[0m
[38;5;4mℹ Training autoencoder 1158[0m
[38;5;4mℹ Training autoencoder 1159[0m
[38;5;4mℹ Training autoencoder 1160[0m
[38;5;4mℹ Training autoencoder 1161[0m
[38;5;4mℹ Training autoencoder 1162[0m
[38;5;4mℹ Training autoencoder 1163[0m
[38;5;4mℹ Training autoencoder 1164[0m
[38;5;4mℹ Training autoencoder 1165[0m
[38;5;4mℹ Training autoencoder 1166[0m
[38;5;4mℹ Training autoencoder 1167[0m
[38;5;4mℹ Training autoencoder 1168[0m
[38;5;4mℹ Training autoencoder 1169[0m
[38;5;4mℹ Training autoencoder 1170[0m
[38;5;4mℹ Training autoencoder 1171[0m
[38;5;4mℹ Training autoencoder 1172[0m
[38;5;4mℹ Training autoencoder 1173[0m
[38;5;4mℹ Training autoencoder 1174[0m
[38;5;4mℹ Training autoencoder 1175[0m
[38;5;4mℹ Training autoencoder 1176[0m
[38;5;4mℹ Training autoencoder 1177[0m
[38;5;4mℹ Training autoencoder 1178[0m
[38;5;4mℹ Training autoencoder 1179[0m
[38;5;4mℹ Training autoencoder 1180[0m
[38;5;4mℹ Training autoencoder 1181[0m
[38;5;4mℹ Training autoencoder 1182[0m
[38;5;4mℹ Training autoencoder 1183[0m
[38;5;4mℹ Training autoencoder 1184[0m
[38;5;4mℹ Training autoencoder 1738[0m
[38;5;4mℹ Training autoencoder 1739[0m
[38;5;4mℹ Training autoencoder 1740[0m
[38;5;4mℹ Training autoencoder 1741[0m
[38;5;4mℹ Training autoencoder 1742[0m
[38;5;4mℹ Training autoencoder 1743[0m
[38;5;4mℹ Training autoencoder 1744[0m
[38;5;4mℹ Training autoencoder 1745[0m
[38;5;4mℹ Training autoencoder 1746[0m
[38;5;4mℹ Training autoencoder 1747[0m
[38;5;4mℹ Training autoencoder 1748[0m
[38;5;4mℹ Training autoencoder 1749[0m
[38;5;4mℹ Training autoencoder 1750[0m
[38;5;4mℹ Training autoencoder 1751[0m
[38;5;4mℹ Training autoencoder 1752[0m
[38;5;4mℹ Training autoencoder 1753[0m
[38;5;4mℹ Training autoencoder 1754[0m
[38;5;4mℹ Training autoencoder 1755[0m
[38;5;4mℹ Training autoencoder 1756[0m
[38;5;4mℹ Training autoencoder 1757[0m
[38;5;4mℹ Training autoencoder 1758[0m
[38;5;4mℹ Training autoencoder 1759[0m
[38;5;4mℹ Training autoencoder 1760[0m
[38;5;4mℹ Training autoencoder 1761[0m
[38;5;4mℹ Training autoencoder 1762[0m
[38;5;4mℹ Training autoencoder 1763[0m
[38;5;4mℹ Training autoencoder 1764[0m
[38;5;4mℹ Training autoencoder 1765[0m
[38;5;4mℹ Training autoencoder 1766[0m
[38;5;4mℹ Training autoencoder 1767[0m
[38;5;4mℹ Training autoencoder 1768[0m
[38;5;4mℹ Training autoencoder 1769[0m
[38;5;4mℹ Training autoencoder 1770[0m
[38;5;4mℹ Training autoencoder 1771[0m
[38;5;4mℹ Training autoencoder 1772[0m
[38;5;4mℹ Training autoencoder 1773[0m
[38;5;4mℹ Training autoencoder 1774[0m
[38;5;4mℹ Training autoencoder 1775[0m
[38;5;4mℹ Training autoencoder 1776[0m
[38;5;4mℹ Training autoencoder 1777[0m
[38;5;4mℹ Training autoencoder 1778[0m
[38;5;4mℹ Training autoencoder 1779[0m
[38;5;4mℹ Training autoencoder 1780[0m
[38;5;4mℹ Training autoencoder 1781[0m
[38;5;4mℹ Training autoencoder 1782[0m
[38;5;4mℹ Training autoencoder 1783[0m
[38;5;4mℹ Training autoencoder 1784[0m
[38;5;4mℹ Training autoencoder 1785[0m
[38;5;4mℹ Training autoencoder 1786[0m
[38;5;4mℹ Training autoencoder 1787[0m
[38;5;4mℹ Training autoencoder 1788[0m
[38;5;4mℹ Training autoencoder 1789[0m
[38;5;4mℹ Training autoencoder 1790[0m
[38;5;4mℹ Training autoencoder 1791[0m
[38;5;4mℹ Training autoencoder 1792[0m
[38;5;4mℹ Training autoencoder 1793[0m
[38;5;4mℹ Training autoencoder 1794[0m
[38;5;4mℹ Training autoencoder 1795[0m
[38;5;4mℹ Training autoencoder 1796[0m
[38;5;4mℹ Training autoencoder 1797[0m
[38;5;4mℹ Training autoencoder 1798[0m
[38;5;4mℹ Training autoencoder 1799[0m
[38;5;4mℹ Training autoencoder 1800[0m
[38;5;4mℹ Training autoencoder 1801[0m
[38;5;4mℹ Training autoencoder 1802[0m
[38;5;4mℹ Training autoencoder 1803[0m
[38;5;4mℹ Training autoencoder 1804[0m
[38;5;4mℹ Training autoencoder 1805[0m
[38;5;4mℹ Training autoencoder 1806[0m
[38;5;4mℹ Training autoencoder 1807[0m
[38;5;4mℹ Training autoencoder 1808[0m
[38;5;4mℹ Training autoencoder 1809[0m
[38;5;4mℹ Training autoencoder 1810[0m
[38;5;4mℹ Training autoencoder 1811[0m
[38;5;4mℹ Training autoencoder 1812[0m
[38;5;4mℹ Training autoencoder 1813[0m
[38;5;4mℹ Training autoencoder 1814[0m
[38;5;4mℹ Training autoencoder 1815[0m
[38;5;4mℹ Training autoencoder 1816[0m
[38;5;4mℹ Training autoencoder 2370[0m
[38;5;4mℹ Training autoencoder 2371[0m
[38;5;4mℹ Training autoencoder 2372[0m
[38;5;4mℹ Training autoencoder 2373[0m
[38;5;4mℹ Training autoencoder 2374[0m
[38;5;4mℹ Training autoencoder 2375[0m
[38;5;4mℹ Training autoencoder 2376[0m
[38;5;4mℹ Training autoencoder 2377[0m
[38;5;4mℹ Training autoencoder 2378[0m
[38;5;4mℹ Training autoencoder 2379[0m
[38;5;4mℹ Training autoencoder 2380[0m
[38;5;4mℹ Training autoencoder 2381[0m
[38;5;4mℹ Training autoencoder 2382[0m
[38;5;4mℹ Training autoencoder 2383[0m
[38;5;4mℹ Training autoencoder 2384[0m
[38;5;4mℹ Training autoencoder 2385[0m
[38;5;4mℹ Training autoencoder 2386[0m
[38;5;4mℹ Training autoencoder 2387[0m
[38;5;4mℹ Training autoencoder 2388[0m
[38;5;4mℹ Training autoencoder 2389[0m
[38;5;4mℹ Training autoencoder 2390[0m
[38;5;4mℹ Training autoencoder 2391[0m
[38;5;4mℹ Training autoencoder 2392[0m
[38;5;4mℹ Training autoencoder 2393[0m
[38;5;4mℹ Training autoencoder 2394[0m
[38;5;4mℹ Training autoencoder 2395[0m
[38;5;4mℹ Training autoencoder 2396[0m
[38;5;4mℹ Training autoencoder 2397[0m
[38;5;4mℹ Training autoencoder 2398[0m
[38;5;4mℹ Training autoencoder 2399[0m
[38;5;4mℹ Training autoencoder 2400[0m
[38;5;4mℹ Training autoencoder 2401[0m
[38;5;4mℹ Training autoencoder 2402[0m
[38;5;4mℹ Training autoencoder 2403[0m
[38;5;4mℹ Training autoencoder 2404[0m
[38;5;4mℹ Training autoencoder 2405[0m
[38;5;4mℹ Training autoencoder 2406[0m
[38;5;4mℹ Training autoencoder 2407[0m
[38;5;4mℹ Training autoencoder 2408[0m
[38;5;4mℹ Training autoencoder 2409[0m
[38;5;4mℹ Training autoencoder 2410[0m
[38;5;4mℹ Training autoencoder 2411[0m
[38;5;4mℹ Training autoencoder 2412[0m
[38;5;4mℹ Training autoencoder 2413[0m
[38;5;4mℹ Training autoencoder 2414[0m
[38;5;4mℹ Training autoencoder 2415[0m
[38;5;4mℹ Training autoencoder 2416[0m
[38;5;4mℹ Training autoencoder 2417[0m
[38;5;4mℹ Training autoencoder 2418[0m
[38;5;4mℹ Training autoencoder 2419[0m
[38;5;4mℹ Training autoencoder 2420[0m
[38;5;4mℹ Training autoencoder 2421[0m
[38;5;4mℹ Training autoencoder 2422[0m
[38;5;4mℹ Training autoencoder 2423[0m
[38;5;4mℹ Training autoencoder 2424[0m
[38;5;4mℹ Training autoencoder 2425[0m
[38;5;4mℹ Training autoencoder 2426[0m
[38;5;4mℹ Training autoencoder 2427[0m
[38;5;4mℹ Training autoencoder 2428[0m
[38;5;4mℹ Training autoencoder 2429[0m
[38;5;4mℹ Training autoencoder 2430[0m
[38;5;4mℹ Training autoencoder 2431[0m
[38;5;4mℹ Training autoencoder 2432[0m
[38;5;4mℹ Training autoencoder 2433[0m
[38;5;4mℹ Training autoencoder 2434[0m
[38;5;4mℹ Training autoencoder 2435[0m
[38;5;4mℹ Training autoencoder 2436[0m
[38;5;4mℹ Training autoencoder 2437[0m
[38;5;4mℹ Training autoencoder 2438[0m
[38;5;4mℹ Training autoencoder 2439[0m
[38;5;4mℹ Training autoencoder 2440[0m
[38;5;4mℹ Training autoencoder 2441[0m
[38;5;4mℹ Training autoencoder 2442[0m
[38;5;4mℹ Training autoencoder 2443[0m
[38;5;4mℹ Training autoencoder 2444[0m
[38;5;4mℹ Training autoencoder 2445[0m
[38;5;4mℹ Training autoencoder 2446[0m
[38;5;4mℹ Training autoencoder 2447[0m
[38;5;4mℹ Training autoencoder 2448[0m
/home/kce/miniconda3/envs/snip2/lib/python3.9/site-packages/xarray/conventions.py:205: SerializationWarning: variable None has data in the form of a dask array with dtype=object, which means it is being loaded into memory to determine a data type that can be safely stored on disk. To avoid this, coerce this variable to a fixed-size dtype with astype() before saving it.
  warnings.warn(
/home/kce/miniconda3/envs/snip2/lib/python3.9/site-packages/xarray/conventions.py:205: SerializationWarning: variable None has data in the form of a dask array with dtype=object, which means it is being loaded into memory to determine a data type that can be safely stored on disk. To avoid this, coerce this variable to a fixed-size dtype with astype() before saving it.
  warnings.warn(
/home/kce/miniconda3/envs/snip2/lib/python3.9/site-packages/xarray/conventions.py:205: SerializationWarning: variable None has data in the form of a dask array with dtype=object, which means it is being loaded into memory to determine a data type that can be safely stored on disk. To avoid this, coerce this variable to a fixed-size dtype with astype() before saving it.
  warnings.warn(
[38;5;4mℹ Merging train, consisting of 2511 files[0m
[38;5;4mℹ Merging validation, consisting of 2511 files[0m
[38;5;4mℹ Merging test, consisting of 2511 files[0m
wandb: Waiting for W&B process to finish... (success).
wandb: - 0.000 MB of 0.000 MB uploaded (0.000 MB deduped)wandb: \ 0.000 MB of 0.000 MB uploaded (0.000 MB deduped)wandb: | 0.000 MB of 0.000 MB uploaded (0.000 MB deduped)wandb:                                                                                
wandb: 
wandb: Run history:
wandb:      Max(training reconstruction error) ▁
wandb:    Max(validation reconstruction error) ▁
wandb:     Mean(training reconstruction error) ▁
wandb: Mean(valilidation reconstruction error) ▁
wandb:      Min(training reconstruction error) ▁
wandb:    Min(validation reconstruction error) ▁
wandb:                                N models ▁
wandb: 
wandb: Run summary:
wandb:      Max(training reconstruction error) 0.17086
wandb:    Max(validation reconstruction error) 0.16949
wandb:     Mean(training reconstruction error) 0.03775
wandb: Mean(valilidation reconstruction error) 0.03776
wandb:      Min(training reconstruction error) 0.0012
wandb:    Min(validation reconstruction error) 0.00118
wandb:                                N models 2511
wandb: 
wandb: You can sync this run to the cloud by running:
wandb: wandb sync /faststorage/project/NLPPred/github/snip/wandb/offline-run-20221114_155259-li7ouxk5
wandb: Find logs at: ./wandb/offline-run-20221114_155259-li7ouxk5/logs
