wandb: Tracking run with wandb version 0.13.3
wandb: W&B syncing is set to `offline` in this directory.  
wandb: Run `wandb online` or set WANDB_MODE=online to enable cloud syncing.
[38;5;4mℹ Missing values are not imputed. Imputing missing values.[0m
[38;5;4mℹ Training 3156 models[0m
[38;5;4mℹ Training autoencoder 495[0m
[38;5;4mℹ Training autoencoder 496[0m
[38;5;4mℹ Training autoencoder 497[0m
[38;5;4mℹ Training autoencoder 498[0m
[38;5;4mℹ Training autoencoder 499[0m
[38;5;4mℹ Training autoencoder 500[0m
[38;5;4mℹ Training autoencoder 501[0m
[38;5;4mℹ Training autoencoder 502[0m
[38;5;4mℹ Training autoencoder 503[0m
[38;5;4mℹ Training autoencoder 504[0m
[38;5;4mℹ Training autoencoder 505[0m
[38;5;4mℹ Training autoencoder 506[0m
[38;5;4mℹ Training autoencoder 507[0m
[38;5;4mℹ Training autoencoder 508[0m
[38;5;4mℹ Training autoencoder 509[0m
[38;5;4mℹ Training autoencoder 510[0m
[38;5;4mℹ Training autoencoder 511[0m
[38;5;4mℹ Training autoencoder 512[0m
[38;5;4mℹ Training autoencoder 513[0m
[38;5;4mℹ Training autoencoder 514[0m
[38;5;4mℹ Training autoencoder 515[0m
[38;5;4mℹ Training autoencoder 516[0m
[38;5;4mℹ Training autoencoder 517[0m
[38;5;4mℹ Training autoencoder 518[0m
[38;5;4mℹ Training autoencoder 519[0m
[38;5;4mℹ Training autoencoder 520[0m
[38;5;4mℹ Training autoencoder 521[0m
[38;5;4mℹ Training autoencoder 522[0m
[38;5;4mℹ Training autoencoder 523[0m
[38;5;4mℹ Training autoencoder 524[0m
[38;5;4mℹ Training autoencoder 525[0m
[38;5;4mℹ Training autoencoder 526[0m
[38;5;4mℹ Training autoencoder 527[0m
[38;5;4mℹ Training autoencoder 528[0m
[38;5;4mℹ Training autoencoder 529[0m
[38;5;4mℹ Training autoencoder 530[0m
[38;5;4mℹ Training autoencoder 531[0m
[38;5;4mℹ Training autoencoder 532[0m
[38;5;4mℹ Training autoencoder 533[0m
[38;5;4mℹ Training autoencoder 534[0m
[38;5;4mℹ Training autoencoder 535[0m
[38;5;4mℹ Training autoencoder 536[0m
[38;5;4mℹ Training autoencoder 537[0m
[38;5;4mℹ Training autoencoder 538[0m
[38;5;4mℹ Training autoencoder 539[0m
[38;5;4mℹ Training autoencoder 540[0m
[38;5;4mℹ Training autoencoder 541[0m
[38;5;4mℹ Training autoencoder 542[0m
[38;5;4mℹ Training autoencoder 543[0m
[38;5;4mℹ Training autoencoder 544[0m
[38;5;4mℹ Training autoencoder 545[0m
[38;5;4mℹ Training autoencoder 546[0m
[38;5;4mℹ Training autoencoder 547[0m
[38;5;4mℹ Training autoencoder 548[0m
[38;5;4mℹ Training autoencoder 549[0m
[38;5;4mℹ Training autoencoder 550[0m
[38;5;4mℹ Training autoencoder 551[0m
[38;5;4mℹ Training autoencoder 552[0m
[38;5;4mℹ Training autoencoder 553[0m
[38;5;4mℹ Training autoencoder 554[0m
[38;5;4mℹ Training autoencoder 555[0m
[38;5;4mℹ Training autoencoder 556[0m
[38;5;4mℹ Training autoencoder 557[0m
[38;5;4mℹ Training autoencoder 558[0m
[38;5;4mℹ Training autoencoder 559[0m
[38;5;4mℹ Training autoencoder 560[0m
[38;5;4mℹ Training autoencoder 561[0m
[38;5;4mℹ Training autoencoder 562[0m
[38;5;4mℹ Training autoencoder 563[0m
[38;5;4mℹ Training autoencoder 564[0m
[38;5;4mℹ Training autoencoder 565[0m
[38;5;4mℹ Training autoencoder 566[0m
[38;5;4mℹ Training autoencoder 567[0m
[38;5;4mℹ Training autoencoder 568[0m
[38;5;4mℹ Training autoencoder 569[0m
[38;5;4mℹ Training autoencoder 570[0m
[38;5;4mℹ Training autoencoder 571[0m
[38;5;4mℹ Training autoencoder 572[0m
[38;5;4mℹ Training autoencoder 573[0m
[38;5;4mℹ Training autoencoder 574[0m
[38;5;4mℹ Training autoencoder 575[0m
[38;5;4mℹ Training autoencoder 576[0m
[38;5;4mℹ Training autoencoder 577[0m
[38;5;4mℹ Training autoencoder 578[0m
[38;5;4mℹ Training autoencoder 579[0m
[38;5;4mℹ Training autoencoder 580[0m
[38;5;4mℹ Training autoencoder 581[0m
[38;5;4mℹ Training autoencoder 582[0m
[38;5;4mℹ Training autoencoder 583[0m
[38;5;4mℹ Training autoencoder 584[0m
[38;5;4mℹ Training autoencoder 585[0m
[38;5;4mℹ Training autoencoder 586[0m
[38;5;4mℹ Training autoencoder 587[0m
[38;5;4mℹ Training autoencoder 588[0m
[38;5;4mℹ Training autoencoder 589[0m
[38;5;4mℹ Training autoencoder 590[0m
[38;5;4mℹ Training autoencoder 591[0m
[38;5;4mℹ Training autoencoder 592[0m
[38;5;4mℹ Training autoencoder 593[0m
[38;5;4mℹ Training autoencoder 1485[0m
[38;5;4mℹ Training autoencoder 1486[0m
[38;5;4mℹ Training autoencoder 1487[0m
[38;5;4mℹ Training autoencoder 1488[0m
[38;5;4mℹ Training autoencoder 1489[0m
[38;5;4mℹ Training autoencoder 1490[0m
[38;5;4mℹ Training autoencoder 1491[0m
[38;5;4mℹ Training autoencoder 1492[0m
[38;5;4mℹ Training autoencoder 1493[0m
[38;5;4mℹ Training autoencoder 1494[0m
[38;5;4mℹ Training autoencoder 1495[0m
[38;5;4mℹ Training autoencoder 1496[0m
[38;5;4mℹ Training autoencoder 1497[0m
[38;5;4mℹ Training autoencoder 1498[0m
[38;5;4mℹ Training autoencoder 1499[0m
[38;5;4mℹ Training autoencoder 1500[0m
[38;5;4mℹ Training autoencoder 1501[0m
[38;5;4mℹ Training autoencoder 1502[0m
[38;5;4mℹ Training autoencoder 1503[0m
[38;5;4mℹ Training autoencoder 1504[0m
[38;5;4mℹ Training autoencoder 1505[0m
[38;5;4mℹ Training autoencoder 1506[0m
[38;5;4mℹ Training autoencoder 1507[0m
[38;5;4mℹ Training autoencoder 1508[0m
[38;5;4mℹ Training autoencoder 1509[0m
[38;5;4mℹ Training autoencoder 1510[0m
[38;5;4mℹ Training autoencoder 1511[0m
[38;5;4mℹ Training autoencoder 1512[0m
[38;5;4mℹ Training autoencoder 1513[0m
[38;5;4mℹ Training autoencoder 1514[0m
[38;5;4mℹ Training autoencoder 1515[0m
[38;5;4mℹ Training autoencoder 1516[0m
[38;5;4mℹ Training autoencoder 1517[0m
[38;5;4mℹ Training autoencoder 1518[0m
[38;5;4mℹ Training autoencoder 1519[0m
[38;5;4mℹ Training autoencoder 1520[0m
[38;5;4mℹ Training autoencoder 1521[0m
[38;5;4mℹ Training autoencoder 1522[0m
[38;5;4mℹ Training autoencoder 1523[0m
[38;5;4mℹ Training autoencoder 1524[0m
[38;5;4mℹ Training autoencoder 1525[0m
[38;5;4mℹ Training autoencoder 1526[0m
[38;5;4mℹ Training autoencoder 1527[0m
[38;5;4mℹ Training autoencoder 1528[0m
[38;5;4mℹ Training autoencoder 1529[0m
[38;5;4mℹ Training autoencoder 1530[0m
[38;5;4mℹ Training autoencoder 1531[0m
[38;5;4mℹ Training autoencoder 1532[0m
[38;5;4mℹ Training autoencoder 1533[0m
[38;5;4mℹ Training autoencoder 1534[0m
[38;5;4mℹ Training autoencoder 1535[0m
[38;5;4mℹ Training autoencoder 1536[0m
[38;5;4mℹ Training autoencoder 1537[0m
[38;5;4mℹ Training autoencoder 1538[0m
[38;5;4mℹ Training autoencoder 1539[0m
[38;5;4mℹ Training autoencoder 1540[0m
[38;5;4mℹ Training autoencoder 1541[0m
[38;5;4mℹ Training autoencoder 1542[0m
[38;5;4mℹ Training autoencoder 1543[0m
[38;5;4mℹ Training autoencoder 1544[0m
[38;5;4mℹ Training autoencoder 1545[0m
[38;5;4mℹ Training autoencoder 1546[0m
[38;5;4mℹ Training autoencoder 1547[0m
[38;5;4mℹ Training autoencoder 1548[0m
[38;5;4mℹ Training autoencoder 1549[0m
[38;5;4mℹ Training autoencoder 1550[0m
[38;5;4mℹ Training autoencoder 1551[0m
[38;5;4mℹ Training autoencoder 1552[0m
[38;5;4mℹ Training autoencoder 1553[0m
[38;5;4mℹ Training autoencoder 1554[0m
[38;5;4mℹ Training autoencoder 1555[0m
[38;5;4mℹ Training autoencoder 1556[0m
[38;5;4mℹ Training autoencoder 1557[0m
[38;5;4mℹ Training autoencoder 1558[0m
[38;5;4mℹ Training autoencoder 1559[0m
[38;5;4mℹ Training autoencoder 1560[0m
[38;5;4mℹ Training autoencoder 1561[0m
[38;5;4mℹ Training autoencoder 1562[0m
[38;5;4mℹ Training autoencoder 1563[0m
[38;5;4mℹ Training autoencoder 1564[0m
[38;5;4mℹ Training autoencoder 1565[0m
[38;5;4mℹ Training autoencoder 1566[0m
[38;5;4mℹ Training autoencoder 1567[0m
[38;5;4mℹ Training autoencoder 1568[0m
[38;5;4mℹ Training autoencoder 1569[0m
[38;5;4mℹ Training autoencoder 1570[0m
[38;5;4mℹ Training autoencoder 1571[0m
[38;5;4mℹ Training autoencoder 1572[0m
[38;5;4mℹ Training autoencoder 1573[0m
[38;5;4mℹ Training autoencoder 1574[0m
[38;5;4mℹ Training autoencoder 1575[0m
[38;5;4mℹ Training autoencoder 1576[0m
[38;5;4mℹ Training autoencoder 1577[0m
[38;5;4mℹ Training autoencoder 1578[0m
[38;5;4mℹ Training autoencoder 1579[0m
[38;5;4mℹ Training autoencoder 1580[0m
[38;5;4mℹ Training autoencoder 1581[0m
[38;5;4mℹ Training autoencoder 1582[0m
[38;5;4mℹ Training autoencoder 1583[0m
[38;5;4mℹ Training autoencoder 2277[0m
[38;5;4mℹ Training autoencoder 2278[0m
[38;5;4mℹ Training autoencoder 2279[0m
[38;5;4mℹ Training autoencoder 2280[0m
[38;5;4mℹ Training autoencoder 2281[0m
[38;5;4mℹ Training autoencoder 2282[0m
[38;5;4mℹ Training autoencoder 2283[0m
[38;5;4mℹ Training autoencoder 2284[0m
[38;5;4mℹ Training autoencoder 2285[0m
[38;5;4mℹ Training autoencoder 2286[0m
[38;5;4mℹ Training autoencoder 2287[0m
[38;5;4mℹ Training autoencoder 2288[0m
[38;5;4mℹ Training autoencoder 2289[0m
[38;5;4mℹ Training autoencoder 2290[0m
[38;5;4mℹ Training autoencoder 2291[0m
[38;5;4mℹ Training autoencoder 2292[0m
[38;5;4mℹ Training autoencoder 2293[0m
[38;5;4mℹ Training autoencoder 2294[0m
[38;5;4mℹ Training autoencoder 2295[0m
[38;5;4mℹ Training autoencoder 2296[0m
[38;5;4mℹ Training autoencoder 2297[0m
[38;5;4mℹ Training autoencoder 2298[0m
[38;5;4mℹ Training autoencoder 2299[0m
[38;5;4mℹ Training autoencoder 2300[0m
[38;5;4mℹ Training autoencoder 2301[0m
[38;5;4mℹ Training autoencoder 2302[0m
[38;5;4mℹ Training autoencoder 2303[0m
[38;5;4mℹ Training autoencoder 2304[0m
[38;5;4mℹ Training autoencoder 2305[0m
[38;5;4mℹ Training autoencoder 2306[0m
[38;5;4mℹ Training autoencoder 2307[0m
[38;5;4mℹ Training autoencoder 2308[0m
[38;5;4mℹ Training autoencoder 2309[0m
[38;5;4mℹ Training autoencoder 2310[0m
[38;5;4mℹ Training autoencoder 2311[0m
[38;5;4mℹ Training autoencoder 2312[0m
[38;5;4mℹ Training autoencoder 2313[0m
[38;5;4mℹ Training autoencoder 2314[0m
[38;5;4mℹ Training autoencoder 2315[0m
[38;5;4mℹ Training autoencoder 2316[0m
[38;5;4mℹ Training autoencoder 2317[0m
[38;5;4mℹ Training autoencoder 2318[0m
[38;5;4mℹ Training autoencoder 2319[0m
[38;5;4mℹ Training autoencoder 2320[0m
[38;5;4mℹ Training autoencoder 2321[0m
[38;5;4mℹ Training autoencoder 2322[0m
[38;5;4mℹ Training autoencoder 2323[0m
[38;5;4mℹ Training autoencoder 2324[0m
[38;5;4mℹ Training autoencoder 2325[0m
[38;5;4mℹ Training autoencoder 2326[0m
[38;5;4mℹ Training autoencoder 2327[0m
[38;5;4mℹ Training autoencoder 2328[0m
[38;5;4mℹ Training autoencoder 2329[0m
[38;5;4mℹ Training autoencoder 2330[0m
[38;5;4mℹ Training autoencoder 2331[0m
[38;5;4mℹ Training autoencoder 2332[0m
[38;5;4mℹ Training autoencoder 2333[0m
[38;5;4mℹ Training autoencoder 2334[0m
[38;5;4mℹ Training autoencoder 2335[0m
[38;5;4mℹ Training autoencoder 2336[0m
[38;5;4mℹ Training autoencoder 2337[0m
[38;5;4mℹ Training autoencoder 2338[0m
[38;5;4mℹ Training autoencoder 2339[0m
[38;5;4mℹ Training autoencoder 2340[0m
[38;5;4mℹ Training autoencoder 2341[0m
[38;5;4mℹ Training autoencoder 2342[0m
[38;5;4mℹ Training autoencoder 2343[0m
[38;5;4mℹ Training autoencoder 2344[0m
[38;5;4mℹ Training autoencoder 2345[0m
[38;5;4mℹ Training autoencoder 2346[0m
[38;5;4mℹ Training autoencoder 2347[0m
[38;5;4mℹ Training autoencoder 2348[0m
[38;5;4mℹ Training autoencoder 2349[0m
[38;5;4mℹ Training autoencoder 2350[0m
[38;5;4mℹ Training autoencoder 2351[0m
[38;5;4mℹ Training autoencoder 2352[0m
[38;5;4mℹ Training autoencoder 2353[0m
[38;5;4mℹ Training autoencoder 2354[0m
[38;5;4mℹ Training autoencoder 2355[0m
[38;5;4mℹ Training autoencoder 2356[0m
[38;5;4mℹ Training autoencoder 2357[0m
[38;5;4mℹ Training autoencoder 2358[0m
[38;5;4mℹ Training autoencoder 2359[0m
[38;5;4mℹ Training autoencoder 2360[0m
[38;5;4mℹ Training autoencoder 2361[0m
[38;5;4mℹ Training autoencoder 2362[0m
[38;5;4mℹ Training autoencoder 2363[0m
[38;5;4mℹ Training autoencoder 2364[0m
[38;5;4mℹ Training autoencoder 2365[0m
[38;5;4mℹ Training autoencoder 2366[0m
[38;5;4mℹ Training autoencoder 2367[0m
[38;5;4mℹ Training autoencoder 2368[0m
[38;5;4mℹ Training autoencoder 2369[0m
[38;5;4mℹ Training autoencoder 2370[0m
[38;5;4mℹ Training autoencoder 2371[0m
[38;5;4mℹ Training autoencoder 2372[0m
[38;5;4mℹ Training autoencoder 2373[0m
[38;5;4mℹ Training autoencoder 2374[0m
[38;5;4mℹ Training autoencoder 2375[0m
[38;5;4mℹ Training autoencoder 3069[0m
[38;5;4mℹ Training autoencoder 3070[0m
[38;5;4mℹ Training autoencoder 3071[0m
[38;5;4mℹ Training autoencoder 3072[0m
[38;5;4mℹ Training autoencoder 3073[0m
[38;5;4mℹ Training autoencoder 3074[0m
[38;5;4mℹ Training autoencoder 3075[0m
[38;5;4mℹ Training autoencoder 3076[0m
[38;5;4mℹ Training autoencoder 3077[0m
[38;5;4mℹ Training autoencoder 3078[0m
[38;5;4mℹ Training autoencoder 3079[0m
[38;5;4mℹ Training autoencoder 3080[0m
[38;5;4mℹ Training autoencoder 3081[0m
[38;5;4mℹ Training autoencoder 3082[0m
[38;5;4mℹ Training autoencoder 3083[0m
[38;5;4mℹ Training autoencoder 3084[0m
[38;5;4mℹ Training autoencoder 3085[0m
[38;5;4mℹ Training autoencoder 3086[0m
[38;5;4mℹ Training autoencoder 3087[0m
[38;5;4mℹ Training autoencoder 3088[0m
[38;5;4mℹ Training autoencoder 3089[0m
[38;5;4mℹ Training autoencoder 3090[0m
[38;5;4mℹ Training autoencoder 3091[0m
[38;5;4mℹ Training autoencoder 3092[0m
[38;5;4mℹ Training autoencoder 3093[0m
[38;5;4mℹ Training autoencoder 3094[0m
[38;5;4mℹ Training autoencoder 3095[0m
[38;5;4mℹ Training autoencoder 3096[0m
[38;5;4mℹ Training autoencoder 3097[0m
[38;5;4mℹ Training autoencoder 3098[0m
[38;5;4mℹ Training autoencoder 3099[0m
[38;5;4mℹ Training autoencoder 3100[0m
[38;5;4mℹ Training autoencoder 3101[0m
[38;5;4mℹ Training autoencoder 3102[0m
[38;5;4mℹ Training autoencoder 3103[0m
[38;5;4mℹ Training autoencoder 3104[0m
[38;5;4mℹ Training autoencoder 3105[0m
[38;5;4mℹ Training autoencoder 3106[0m
[38;5;4mℹ Training autoencoder 3107[0m
[38;5;4mℹ Training autoencoder 3108[0m
[38;5;4mℹ Training autoencoder 3109[0m
[38;5;4mℹ Training autoencoder 3110[0m
[38;5;4mℹ Training autoencoder 3111[0m
[38;5;4mℹ Training autoencoder 3112[0m
[38;5;4mℹ Training autoencoder 3113[0m
[38;5;4mℹ Training autoencoder 3114[0m
[38;5;4mℹ Training autoencoder 3115[0m
[38;5;4mℹ Training autoencoder 3116[0m
[38;5;4mℹ Training autoencoder 3117[0m
[38;5;4mℹ Training autoencoder 3118[0m
[38;5;4mℹ Training autoencoder 3119[0m
[38;5;4mℹ Training autoencoder 3120[0m
[38;5;4mℹ Training autoencoder 3121[0m
[38;5;4mℹ Training autoencoder 3122[0m
[38;5;4mℹ Training autoencoder 3123[0m
[38;5;4mℹ Training autoencoder 3124[0m
[38;5;4mℹ Training autoencoder 3125[0m
[38;5;4mℹ Training autoencoder 3126[0m
[38;5;4mℹ Training autoencoder 3127[0m
[38;5;4mℹ Training autoencoder 3128[0m
[38;5;4mℹ Training autoencoder 3129[0m
[38;5;4mℹ Training autoencoder 3130[0m
[38;5;4mℹ Training autoencoder 3131[0m
[38;5;4mℹ Training autoencoder 3132[0m
[38;5;4mℹ Training autoencoder 3133[0m
[38;5;4mℹ Training autoencoder 3134[0m
[38;5;4mℹ Training autoencoder 3135[0m
[38;5;4mℹ Training autoencoder 3136[0m
[38;5;4mℹ Training autoencoder 3137[0m
[38;5;4mℹ Training autoencoder 3138[0m
[38;5;4mℹ Training autoencoder 3139[0m
[38;5;4mℹ Training autoencoder 3140[0m
[38;5;4mℹ Training autoencoder 3141[0m
[38;5;4mℹ Training autoencoder 3142[0m
[38;5;4mℹ Training autoencoder 3143[0m
[38;5;4mℹ Training autoencoder 3144[0m
[38;5;4mℹ Training autoencoder 3145[0m
[38;5;4mℹ Training autoencoder 3146[0m
[38;5;4mℹ Training autoencoder 3147[0m
[38;5;4mℹ Training autoencoder 3148[0m
[38;5;4mℹ Training autoencoder 3149[0m
[38;5;4mℹ Training autoencoder 3150[0m
[38;5;4mℹ Training autoencoder 3151[0m
[38;5;4mℹ Training autoencoder 3152[0m
[38;5;4mℹ Training autoencoder 3153[0m
[38;5;4mℹ Training autoencoder 3154[0m
[38;5;4mℹ Training autoencoder 3155[0m
/home/kce/miniconda3/envs/snip2/lib/python3.9/site-packages/xarray/conventions.py:205: SerializationWarning: variable None has data in the form of a dask array with dtype=object, which means it is being loaded into memory to determine a data type that can be safely stored on disk. To avoid this, coerce this variable to a fixed-size dtype with astype() before saving it.
  warnings.warn(
/home/kce/miniconda3/envs/snip2/lib/python3.9/site-packages/xarray/conventions.py:205: SerializationWarning: variable None has data in the form of a dask array with dtype=object, which means it is being loaded into memory to determine a data type that can be safely stored on disk. To avoid this, coerce this variable to a fixed-size dtype with astype() before saving it.
  warnings.warn(
/home/kce/miniconda3/envs/snip2/lib/python3.9/site-packages/xarray/conventions.py:205: SerializationWarning: variable None has data in the form of a dask array with dtype=object, which means it is being loaded into memory to determine a data type that can be safely stored on disk. To avoid this, coerce this variable to a fixed-size dtype with astype() before saving it.
  warnings.warn(
[38;5;4mℹ Merging train, consisting of 3156 files[0m
[38;5;4mℹ Merging validation, consisting of 3156 files[0m
[38;5;4mℹ Merging test, consisting of 3156 files[0m
wandb: Waiting for W&B process to finish... (success).
wandb: - 0.000 MB of 0.000 MB uploaded (0.000 MB deduped)wandb: \ 0.000 MB of 0.000 MB uploaded (0.000 MB deduped)wandb: | 0.000 MB of 0.000 MB uploaded (0.000 MB deduped)wandb:                                                                                
wandb: 
wandb: Run history:
wandb:      Max(training reconstruction error) ▁
wandb:    Max(validation reconstruction error) ▁
wandb:     Mean(training reconstruction error) ▁
wandb: Mean(valilidation reconstruction error) ▁
wandb:      Min(training reconstruction error) ▁
wandb:    Min(validation reconstruction error) ▁
wandb:                                N models ▁
wandb: 
wandb: Run summary:
wandb:      Max(training reconstruction error) 0.0486
wandb:    Max(validation reconstruction error) 0.04898
wandb:     Mean(training reconstruction error) 0.01785
wandb: Mean(valilidation reconstruction error) 0.01788
wandb:      Min(training reconstruction error) 0.00088
wandb:    Min(validation reconstruction error) 0.00083
wandb:                                N models 3156
wandb: 
wandb: You can sync this run to the cloud by running:
wandb: wandb sync /faststorage/project/NLPPred/github/snip/wandb/offline-run-20221114_155300-vk5roghk
wandb: Find logs at: ./wandb/offline-run-20221114_155300-vk5roghk/logs
