wandb: Tracking run with wandb version 0.13.3
wandb: W&B syncing is set to `offline` in this directory.  
wandb: Run `wandb online` or set WANDB_MODE=online to enable cloud syncing.
[38;5;4mℹ Missing values are not imputed. Imputing missing values.[0m
[38;5;4mℹ Training 2646 models[0m
[38;5;4mℹ Training autoencoder 83[0m
[38;5;4mℹ Training autoencoder 84[0m
[38;5;4mℹ Training autoencoder 85[0m
[38;5;4mℹ Training autoencoder 86[0m
[38;5;4mℹ Training autoencoder 87[0m
[38;5;4mℹ Training autoencoder 88[0m
[38;5;4mℹ Training autoencoder 89[0m
[38;5;4mℹ Training autoencoder 90[0m
[38;5;4mℹ Training autoencoder 91[0m
[38;5;4mℹ Training autoencoder 92[0m
[38;5;4mℹ Training autoencoder 93[0m
[38;5;4mℹ Training autoencoder 94[0m
[38;5;4mℹ Training autoencoder 95[0m
[38;5;4mℹ Training autoencoder 96[0m
[38;5;4mℹ Training autoencoder 97[0m
[38;5;4mℹ Training autoencoder 98[0m
[38;5;4mℹ Training autoencoder 99[0m
[38;5;4mℹ Training autoencoder 100[0m
[38;5;4mℹ Training autoencoder 101[0m
[38;5;4mℹ Training autoencoder 102[0m
[38;5;4mℹ Training autoencoder 103[0m
[38;5;4mℹ Training autoencoder 104[0m
[38;5;4mℹ Training autoencoder 105[0m
[38;5;4mℹ Training autoencoder 106[0m
[38;5;4mℹ Training autoencoder 107[0m
[38;5;4mℹ Training autoencoder 108[0m
[38;5;4mℹ Training autoencoder 109[0m
[38;5;4mℹ Training autoencoder 110[0m
[38;5;4mℹ Training autoencoder 111[0m
[38;5;4mℹ Training autoencoder 112[0m
[38;5;4mℹ Training autoencoder 113[0m
[38;5;4mℹ Training autoencoder 114[0m
[38;5;4mℹ Training autoencoder 115[0m
[38;5;4mℹ Training autoencoder 116[0m
[38;5;4mℹ Training autoencoder 117[0m
[38;5;4mℹ Training autoencoder 118[0m
[38;5;4mℹ Training autoencoder 119[0m
[38;5;4mℹ Training autoencoder 120[0m
[38;5;4mℹ Training autoencoder 121[0m
[38;5;4mℹ Training autoencoder 122[0m
[38;5;4mℹ Training autoencoder 123[0m
[38;5;4mℹ Training autoencoder 124[0m
[38;5;4mℹ Training autoencoder 125[0m
[38;5;4mℹ Training autoencoder 126[0m
[38;5;4mℹ Training autoencoder 127[0m
[38;5;4mℹ Training autoencoder 128[0m
[38;5;4mℹ Training autoencoder 129[0m
[38;5;4mℹ Training autoencoder 130[0m
[38;5;4mℹ Training autoencoder 131[0m
[38;5;4mℹ Training autoencoder 132[0m
[38;5;4mℹ Training autoencoder 133[0m
[38;5;4mℹ Training autoencoder 134[0m
[38;5;4mℹ Training autoencoder 135[0m
[38;5;4mℹ Training autoencoder 136[0m
[38;5;4mℹ Training autoencoder 137[0m
[38;5;4mℹ Training autoencoder 138[0m
[38;5;4mℹ Training autoencoder 139[0m
[38;5;4mℹ Training autoencoder 140[0m
[38;5;4mℹ Training autoencoder 141[0m
[38;5;4mℹ Training autoencoder 142[0m
[38;5;4mℹ Training autoencoder 143[0m
[38;5;4mℹ Training autoencoder 144[0m
[38;5;4mℹ Training autoencoder 145[0m
[38;5;4mℹ Training autoencoder 146[0m
[38;5;4mℹ Training autoencoder 147[0m
[38;5;4mℹ Training autoencoder 148[0m
[38;5;4mℹ Training autoencoder 149[0m
[38;5;4mℹ Training autoencoder 150[0m
[38;5;4mℹ Training autoencoder 151[0m
[38;5;4mℹ Training autoencoder 152[0m
[38;5;4mℹ Training autoencoder 153[0m
[38;5;4mℹ Training autoencoder 154[0m
[38;5;4mℹ Training autoencoder 155[0m
[38;5;4mℹ Training autoencoder 156[0m
[38;5;4mℹ Training autoencoder 157[0m
[38;5;4mℹ Training autoencoder 158[0m
[38;5;4mℹ Training autoencoder 159[0m
[38;5;4mℹ Training autoencoder 160[0m
[38;5;4mℹ Training autoencoder 161[0m
[38;5;4mℹ Training autoencoder 162[0m
[38;5;4mℹ Training autoencoder 163[0m
[38;5;4mℹ Training autoencoder 164[0m
[38;5;4mℹ Training autoencoder 165[0m
[38;5;4mℹ Training autoencoder 747[0m
[38;5;4mℹ Training autoencoder 748[0m
[38;5;4mℹ Training autoencoder 749[0m
[38;5;4mℹ Training autoencoder 750[0m
[38;5;4mℹ Training autoencoder 751[0m
[38;5;4mℹ Training autoencoder 752[0m
[38;5;4mℹ Training autoencoder 753[0m
[38;5;4mℹ Training autoencoder 754[0m
[38;5;4mℹ Training autoencoder 755[0m
[38;5;4mℹ Training autoencoder 756[0m
[38;5;4mℹ Training autoencoder 757[0m
[38;5;4mℹ Training autoencoder 758[0m
[38;5;4mℹ Training autoencoder 759[0m
[38;5;4mℹ Training autoencoder 760[0m
[38;5;4mℹ Training autoencoder 761[0m
[38;5;4mℹ Training autoencoder 762[0m
[38;5;4mℹ Training autoencoder 763[0m
[38;5;4mℹ Training autoencoder 764[0m
[38;5;4mℹ Training autoencoder 765[0m
[38;5;4mℹ Training autoencoder 766[0m
[38;5;4mℹ Training autoencoder 767[0m
[38;5;4mℹ Training autoencoder 768[0m
[38;5;4mℹ Training autoencoder 769[0m
[38;5;4mℹ Training autoencoder 770[0m
[38;5;4mℹ Training autoencoder 771[0m
[38;5;4mℹ Training autoencoder 772[0m
[38;5;4mℹ Training autoencoder 773[0m
[38;5;4mℹ Training autoencoder 774[0m
[38;5;4mℹ Training autoencoder 775[0m
[38;5;4mℹ Training autoencoder 776[0m
[38;5;4mℹ Training autoencoder 777[0m
[38;5;4mℹ Training autoencoder 778[0m
[38;5;4mℹ Training autoencoder 779[0m
[38;5;4mℹ Training autoencoder 780[0m
[38;5;4mℹ Training autoencoder 781[0m
[38;5;4mℹ Training autoencoder 782[0m
[38;5;4mℹ Training autoencoder 783[0m
[38;5;4mℹ Training autoencoder 784[0m
[38;5;4mℹ Training autoencoder 785[0m
[38;5;4mℹ Training autoencoder 786[0m
[38;5;4mℹ Training autoencoder 787[0m
[38;5;4mℹ Training autoencoder 788[0m
[38;5;4mℹ Training autoencoder 789[0m
[38;5;4mℹ Training autoencoder 790[0m
[38;5;4mℹ Training autoencoder 791[0m
[38;5;4mℹ Training autoencoder 792[0m
[38;5;4mℹ Training autoencoder 793[0m
[38;5;4mℹ Training autoencoder 794[0m
[38;5;4mℹ Training autoencoder 795[0m
[38;5;4mℹ Training autoencoder 796[0m
[38;5;4mℹ Training autoencoder 797[0m
[38;5;4mℹ Training autoencoder 798[0m
[38;5;4mℹ Training autoencoder 799[0m
[38;5;4mℹ Training autoencoder 800[0m
[38;5;4mℹ Training autoencoder 801[0m
[38;5;4mℹ Training autoencoder 802[0m
[38;5;4mℹ Training autoencoder 803[0m
[38;5;4mℹ Training autoencoder 804[0m
[38;5;4mℹ Training autoencoder 805[0m
[38;5;4mℹ Training autoencoder 806[0m
[38;5;4mℹ Training autoencoder 807[0m
[38;5;4mℹ Training autoencoder 808[0m
[38;5;4mℹ Training autoencoder 809[0m
[38;5;4mℹ Training autoencoder 810[0m
[38;5;4mℹ Training autoencoder 811[0m
[38;5;4mℹ Training autoencoder 812[0m
[38;5;4mℹ Training autoencoder 813[0m
[38;5;4mℹ Training autoencoder 814[0m
[38;5;4mℹ Training autoencoder 815[0m
[38;5;4mℹ Training autoencoder 816[0m
[38;5;4mℹ Training autoencoder 817[0m
[38;5;4mℹ Training autoencoder 818[0m
[38;5;4mℹ Training autoencoder 819[0m
[38;5;4mℹ Training autoencoder 820[0m
[38;5;4mℹ Training autoencoder 821[0m
[38;5;4mℹ Training autoencoder 822[0m
[38;5;4mℹ Training autoencoder 823[0m
[38;5;4mℹ Training autoencoder 824[0m
[38;5;4mℹ Training autoencoder 825[0m
[38;5;4mℹ Training autoencoder 826[0m
[38;5;4mℹ Training autoencoder 827[0m
[38;5;4mℹ Training autoencoder 828[0m
[38;5;4mℹ Training autoencoder 829[0m
[38;5;4mℹ Training autoencoder 1411[0m
[38;5;4mℹ Training autoencoder 1412[0m
[38;5;4mℹ Training autoencoder 1413[0m
[38;5;4mℹ Training autoencoder 1414[0m
[38;5;4mℹ Training autoencoder 1415[0m
[38;5;4mℹ Training autoencoder 1416[0m
[38;5;4mℹ Training autoencoder 1417[0m
[38;5;4mℹ Training autoencoder 1418[0m
[38;5;4mℹ Training autoencoder 1419[0m
[38;5;4mℹ Training autoencoder 1420[0m
[38;5;4mℹ Training autoencoder 1421[0m
[38;5;4mℹ Training autoencoder 1422[0m
[38;5;4mℹ Training autoencoder 1423[0m
[38;5;4mℹ Training autoencoder 1424[0m
[38;5;4mℹ Training autoencoder 1425[0m
[38;5;4mℹ Training autoencoder 1426[0m
[38;5;4mℹ Training autoencoder 1427[0m
[38;5;4mℹ Training autoencoder 1428[0m
[38;5;4mℹ Training autoencoder 1429[0m
[38;5;4mℹ Training autoencoder 1430[0m
[38;5;4mℹ Training autoencoder 1431[0m
[38;5;4mℹ Training autoencoder 1432[0m
[38;5;4mℹ Training autoencoder 1433[0m
[38;5;4mℹ Training autoencoder 1434[0m
[38;5;4mℹ Training autoencoder 1435[0m
[38;5;4mℹ Training autoencoder 1436[0m
[38;5;4mℹ Training autoencoder 1437[0m
[38;5;4mℹ Training autoencoder 1438[0m
[38;5;4mℹ Training autoencoder 1439[0m
[38;5;4mℹ Training autoencoder 1440[0m
[38;5;4mℹ Training autoencoder 1441[0m
[38;5;4mℹ Training autoencoder 1442[0m
[38;5;4mℹ Training autoencoder 1443[0m
[38;5;4mℹ Training autoencoder 1444[0m
[38;5;4mℹ Training autoencoder 1445[0m
[38;5;4mℹ Training autoencoder 1446[0m
[38;5;4mℹ Training autoencoder 1447[0m
[38;5;4mℹ Training autoencoder 1448[0m
[38;5;4mℹ Training autoencoder 1449[0m
[38;5;4mℹ Training autoencoder 1450[0m
[38;5;4mℹ Training autoencoder 1451[0m
[38;5;4mℹ Training autoencoder 1452[0m
[38;5;4mℹ Training autoencoder 1453[0m
[38;5;4mℹ Training autoencoder 1454[0m
[38;5;4mℹ Training autoencoder 1455[0m
[38;5;4mℹ Training autoencoder 1456[0m
[38;5;4mℹ Training autoencoder 1457[0m
[38;5;4mℹ Training autoencoder 1458[0m
[38;5;4mℹ Training autoencoder 1459[0m
[38;5;4mℹ Training autoencoder 1460[0m
[38;5;4mℹ Training autoencoder 1461[0m
[38;5;4mℹ Training autoencoder 1462[0m
[38;5;4mℹ Training autoencoder 1463[0m
[38;5;4mℹ Training autoencoder 1464[0m
[38;5;4mℹ Training autoencoder 1465[0m
[38;5;4mℹ Training autoencoder 1466[0m
[38;5;4mℹ Training autoencoder 1467[0m
[38;5;4mℹ Training autoencoder 1468[0m
[38;5;4mℹ Training autoencoder 1469[0m
[38;5;4mℹ Training autoencoder 1470[0m
[38;5;4mℹ Training autoencoder 1471[0m
[38;5;4mℹ Training autoencoder 1472[0m
[38;5;4mℹ Training autoencoder 1473[0m
[38;5;4mℹ Training autoencoder 1474[0m
[38;5;4mℹ Training autoencoder 1475[0m
[38;5;4mℹ Training autoencoder 1476[0m
[38;5;4mℹ Training autoencoder 1477[0m
[38;5;4mℹ Training autoencoder 1478[0m
[38;5;4mℹ Training autoencoder 1479[0m
[38;5;4mℹ Training autoencoder 1480[0m
[38;5;4mℹ Training autoencoder 1481[0m
[38;5;4mℹ Training autoencoder 1482[0m
[38;5;4mℹ Training autoencoder 1483[0m
[38;5;4mℹ Training autoencoder 1484[0m
[38;5;4mℹ Training autoencoder 1485[0m
[38;5;4mℹ Training autoencoder 1486[0m
[38;5;4mℹ Training autoencoder 1487[0m
[38;5;4mℹ Training autoencoder 1488[0m
[38;5;4mℹ Training autoencoder 1489[0m
[38;5;4mℹ Training autoencoder 1490[0m
[38;5;4mℹ Training autoencoder 1491[0m
[38;5;4mℹ Training autoencoder 1492[0m
[38;5;4mℹ Training autoencoder 1493[0m
[38;5;4mℹ Training autoencoder 1992[0m
[38;5;4mℹ Training autoencoder 1993[0m
[38;5;4mℹ Training autoencoder 1994[0m
[38;5;4mℹ Training autoencoder 1995[0m
[38;5;4mℹ Training autoencoder 1996[0m
[38;5;4mℹ Training autoencoder 1997[0m
[38;5;4mℹ Training autoencoder 1998[0m
[38;5;4mℹ Training autoencoder 1999[0m
[38;5;4mℹ Training autoencoder 2000[0m
[38;5;4mℹ Training autoencoder 2001[0m
[38;5;4mℹ Training autoencoder 2002[0m
[38;5;4mℹ Training autoencoder 2003[0m
[38;5;4mℹ Training autoencoder 2004[0m
[38;5;4mℹ Training autoencoder 2005[0m
[38;5;4mℹ Training autoencoder 2006[0m
[38;5;4mℹ Training autoencoder 2007[0m
[38;5;4mℹ Training autoencoder 2008[0m
[38;5;4mℹ Training autoencoder 2009[0m
[38;5;4mℹ Training autoencoder 2010[0m
[38;5;4mℹ Training autoencoder 2011[0m
[38;5;4mℹ Training autoencoder 2012[0m
[38;5;4mℹ Training autoencoder 2013[0m
[38;5;4mℹ Training autoencoder 2014[0m
[38;5;4mℹ Training autoencoder 2015[0m
[38;5;4mℹ Training autoencoder 2016[0m
[38;5;4mℹ Training autoencoder 2017[0m
[38;5;4mℹ Training autoencoder 2018[0m
[38;5;4mℹ Training autoencoder 2019[0m
[38;5;4mℹ Training autoencoder 2020[0m
[38;5;4mℹ Training autoencoder 2021[0m
[38;5;4mℹ Training autoencoder 2022[0m
[38;5;4mℹ Training autoencoder 2023[0m
[38;5;4mℹ Training autoencoder 2024[0m
[38;5;4mℹ Training autoencoder 2025[0m
[38;5;4mℹ Training autoencoder 2026[0m
[38;5;4mℹ Training autoencoder 2027[0m
[38;5;4mℹ Training autoencoder 2028[0m
[38;5;4mℹ Training autoencoder 2029[0m
[38;5;4mℹ Training autoencoder 2030[0m
[38;5;4mℹ Training autoencoder 2031[0m
[38;5;4mℹ Training autoencoder 2032[0m
[38;5;4mℹ Training autoencoder 2033[0m
[38;5;4mℹ Training autoencoder 2034[0m
[38;5;4mℹ Training autoencoder 2035[0m
[38;5;4mℹ Training autoencoder 2036[0m
[38;5;4mℹ Training autoencoder 2037[0m
[38;5;4mℹ Training autoencoder 2038[0m
[38;5;4mℹ Training autoencoder 2039[0m
[38;5;4mℹ Training autoencoder 2040[0m
[38;5;4mℹ Training autoencoder 2041[0m
[38;5;4mℹ Training autoencoder 2042[0m
[38;5;4mℹ Training autoencoder 2043[0m
[38;5;4mℹ Training autoencoder 2044[0m
[38;5;4mℹ Training autoencoder 2045[0m
[38;5;4mℹ Training autoencoder 2046[0m
[38;5;4mℹ Training autoencoder 2047[0m
[38;5;4mℹ Training autoencoder 2048[0m
[38;5;4mℹ Training autoencoder 2049[0m
[38;5;4mℹ Training autoencoder 2050[0m
[38;5;4mℹ Training autoencoder 2051[0m
[38;5;4mℹ Training autoencoder 2052[0m
[38;5;4mℹ Training autoencoder 2053[0m
[38;5;4mℹ Training autoencoder 2054[0m
[38;5;4mℹ Training autoencoder 2055[0m
[38;5;4mℹ Training autoencoder 2056[0m
[38;5;4mℹ Training autoencoder 2057[0m
[38;5;4mℹ Training autoencoder 2058[0m
[38;5;4mℹ Training autoencoder 2059[0m
[38;5;4mℹ Training autoencoder 2060[0m
[38;5;4mℹ Training autoencoder 2061[0m
[38;5;4mℹ Training autoencoder 2062[0m
[38;5;4mℹ Training autoencoder 2063[0m
[38;5;4mℹ Training autoencoder 2064[0m
[38;5;4mℹ Training autoencoder 2065[0m
[38;5;4mℹ Training autoencoder 2066[0m
[38;5;4mℹ Training autoencoder 2067[0m
[38;5;4mℹ Training autoencoder 2068[0m
[38;5;4mℹ Training autoencoder 2069[0m
[38;5;4mℹ Training autoencoder 2070[0m
[38;5;4mℹ Training autoencoder 2071[0m
[38;5;4mℹ Training autoencoder 2072[0m
[38;5;4mℹ Training autoencoder 2073[0m
[38;5;4mℹ Training autoencoder 2074[0m
[38;5;4mℹ Training autoencoder 415[0m
[38;5;4mℹ Training autoencoder 416[0m
[38;5;4mℹ Training autoencoder 417[0m
[38;5;4mℹ Training autoencoder 418[0m
[38;5;4mℹ Training autoencoder 419[0m
[38;5;4mℹ Training autoencoder 420[0m
[38;5;4mℹ Training autoencoder 421[0m
[38;5;4mℹ Training autoencoder 422[0m
[38;5;4mℹ Training autoencoder 423[0m
[38;5;4mℹ Training autoencoder 424[0m
[38;5;4mℹ Training autoencoder 425[0m
[38;5;4mℹ Training autoencoder 426[0m
[38;5;4mℹ Training autoencoder 427[0m
[38;5;4mℹ Training autoencoder 428[0m
[38;5;4mℹ Training autoencoder 429[0m
[38;5;4mℹ Training autoencoder 430[0m
[38;5;4mℹ Training autoencoder 431[0m
[38;5;4mℹ Training autoencoder 432[0m
[38;5;4mℹ Training autoencoder 433[0m
[38;5;4mℹ Training autoencoder 434[0m
[38;5;4mℹ Training autoencoder 435[0m
[38;5;4mℹ Training autoencoder 436[0m
[38;5;4mℹ Training autoencoder 437[0m
[38;5;4mℹ Training autoencoder 438[0m
[38;5;4mℹ Training autoencoder 439[0m
[38;5;4mℹ Training autoencoder 440[0m
[38;5;4mℹ Training autoencoder 441[0m
[38;5;4mℹ Training autoencoder 442[0m
[38;5;4mℹ Training autoencoder 443[0m
[38;5;4mℹ Training autoencoder 444[0m
[38;5;4mℹ Training autoencoder 445[0m
[38;5;4mℹ Training autoencoder 446[0m
[38;5;4mℹ Training autoencoder 447[0m
[38;5;4mℹ Training autoencoder 448[0m
[38;5;4mℹ Training autoencoder 449[0m
[38;5;4mℹ Training autoencoder 450[0m
[38;5;4mℹ Training autoencoder 451[0m
[38;5;4mℹ Training autoencoder 452[0m
[38;5;4mℹ Training autoencoder 453[0m
[38;5;4mℹ Training autoencoder 454[0m
[38;5;4mℹ Training autoencoder 455[0m
[38;5;4mℹ Training autoencoder 456[0m
[38;5;4mℹ Training autoencoder 457[0m
[38;5;4mℹ Training autoencoder 458[0m
[38;5;4mℹ Training autoencoder 459[0m
[38;5;4mℹ Training autoencoder 460[0m
[38;5;4mℹ Training autoencoder 461[0m
[38;5;4mℹ Training autoencoder 462[0m
[38;5;4mℹ Training autoencoder 463[0m
[38;5;4mℹ Training autoencoder 464[0m
[38;5;4mℹ Training autoencoder 465[0m
[38;5;4mℹ Training autoencoder 466[0m
[38;5;4mℹ Training autoencoder 467[0m
[38;5;4mℹ Training autoencoder 468[0m
[38;5;4mℹ Training autoencoder 469[0m
[38;5;4mℹ Training autoencoder 470[0m
[38;5;4mℹ Training autoencoder 471[0m
[38;5;4mℹ Training autoencoder 472[0m
[38;5;4mℹ Training autoencoder 473[0m
[38;5;4mℹ Training autoencoder 474[0m
[38;5;4mℹ Training autoencoder 475[0m
[38;5;4mℹ Training autoencoder 476[0m
[38;5;4mℹ Training autoencoder 477[0m
[38;5;4mℹ Training autoencoder 478[0m
[38;5;4mℹ Training autoencoder 479[0m
[38;5;4mℹ Training autoencoder 480[0m
[38;5;4mℹ Training autoencoder 481[0m
[38;5;4mℹ Training autoencoder 482[0m
[38;5;4mℹ Training autoencoder 483[0m
[38;5;4mℹ Training autoencoder 484[0m
[38;5;4mℹ Training autoencoder 485[0m
[38;5;4mℹ Training autoencoder 486[0m
[38;5;4mℹ Training autoencoder 487[0m
[38;5;4mℹ Training autoencoder 488[0m
[38;5;4mℹ Training autoencoder 489[0m
[38;5;4mℹ Training autoencoder 490[0m
[38;5;4mℹ Training autoencoder 491[0m
[38;5;4mℹ Training autoencoder 492[0m
[38;5;4mℹ Training autoencoder 493[0m
[38;5;4mℹ Training autoencoder 494[0m
[38;5;4mℹ Training autoencoder 495[0m
[38;5;4mℹ Training autoencoder 496[0m
[38;5;4mℹ Training autoencoder 497[0m
[38;5;4mℹ Training autoencoder 1245[0m
[38;5;4mℹ Training autoencoder 1246[0m
[38;5;4mℹ Training autoencoder 1247[0m
[38;5;4mℹ Training autoencoder 1248[0m
[38;5;4mℹ Training autoencoder 1249[0m
[38;5;4mℹ Training autoencoder 1250[0m
[38;5;4mℹ Training autoencoder 1251[0m
[38;5;4mℹ Training autoencoder 1252[0m
[38;5;4mℹ Training autoencoder 1253[0m
[38;5;4mℹ Training autoencoder 1254[0m
[38;5;4mℹ Training autoencoder 1255[0m
[38;5;4mℹ Training autoencoder 1256[0m
[38;5;4mℹ Training autoencoder 1257[0m
[38;5;4mℹ Training autoencoder 1258[0m
[38;5;4mℹ Training autoencoder 1259[0m
[38;5;4mℹ Training autoencoder 1260[0m
[38;5;4mℹ Training autoencoder 1261[0m
[38;5;4mℹ Training autoencoder 1262[0m
[38;5;4mℹ Training autoencoder 1263[0m
[38;5;4mℹ Training autoencoder 1264[0m
[38;5;4mℹ Training autoencoder 1265[0m
[38;5;4mℹ Training autoencoder 1266[0m
[38;5;4mℹ Training autoencoder 1267[0m
[38;5;4mℹ Training autoencoder 1268[0m
[38;5;4mℹ Training autoencoder 1269[0m
[38;5;4mℹ Training autoencoder 1270[0m
[38;5;4mℹ Training autoencoder 1271[0m
[38;5;4mℹ Training autoencoder 1272[0m
[38;5;4mℹ Training autoencoder 1273[0m
[38;5;4mℹ Training autoencoder 1274[0m
[38;5;4mℹ Training autoencoder 1275[0m
[38;5;4mℹ Training autoencoder 1276[0m
[38;5;4mℹ Training autoencoder 1277[0m
[38;5;4mℹ Training autoencoder 1278[0m
[38;5;4mℹ Training autoencoder 1279[0m
[38;5;4mℹ Training autoencoder 1280[0m
[38;5;4mℹ Training autoencoder 1281[0m
[38;5;4mℹ Training autoencoder 1282[0m
[38;5;4mℹ Training autoencoder 1283[0m
[38;5;4mℹ Training autoencoder 1284[0m
[38;5;4mℹ Training autoencoder 1285[0m
[38;5;4mℹ Training autoencoder 1286[0m
[38;5;4mℹ Training autoencoder 1287[0m
[38;5;4mℹ Training autoencoder 1288[0m
[38;5;4mℹ Training autoencoder 1289[0m
[38;5;4mℹ Training autoencoder 1290[0m
[38;5;4mℹ Training autoencoder 1291[0m
[38;5;4mℹ Training autoencoder 1292[0m
[38;5;4mℹ Training autoencoder 1293[0m
[38;5;4mℹ Training autoencoder 1294[0m
[38;5;4mℹ Training autoencoder 1295[0m
[38;5;4mℹ Training autoencoder 1296[0m
[38;5;4mℹ Training autoencoder 1297[0m
[38;5;4mℹ Training autoencoder 1298[0m
[38;5;4mℹ Training autoencoder 1299[0m
[38;5;4mℹ Training autoencoder 1300[0m
[38;5;4mℹ Training autoencoder 1301[0m
[38;5;4mℹ Training autoencoder 1302[0m
[38;5;4mℹ Training autoencoder 1303[0m
[38;5;4mℹ Training autoencoder 1304[0m
[38;5;4mℹ Training autoencoder 1305[0m
[38;5;4mℹ Training autoencoder 1306[0m
[38;5;4mℹ Training autoencoder 1307[0m
[38;5;4mℹ Training autoencoder 1308[0m
[38;5;4mℹ Training autoencoder 1309[0m
[38;5;4mℹ Training autoencoder 1310[0m
[38;5;4mℹ Training autoencoder 1311[0m
[38;5;4mℹ Training autoencoder 1312[0m
[38;5;4mℹ Training autoencoder 1313[0m
[38;5;4mℹ Training autoencoder 1314[0m
[38;5;4mℹ Training autoencoder 1315[0m
[38;5;4mℹ Training autoencoder 1316[0m
[38;5;4mℹ Training autoencoder 1317[0m
[38;5;4mℹ Training autoencoder 1318[0m
[38;5;4mℹ Training autoencoder 1319[0m
[38;5;4mℹ Training autoencoder 1320[0m
[38;5;4mℹ Training autoencoder 1321[0m
[38;5;4mℹ Training autoencoder 1322[0m
[38;5;4mℹ Training autoencoder 1323[0m
[38;5;4mℹ Training autoencoder 1324[0m
[38;5;4mℹ Training autoencoder 1325[0m
[38;5;4mℹ Training autoencoder 1326[0m
[38;5;4mℹ Training autoencoder 1327[0m
[38;5;4mℹ Training autoencoder 1909[0m
[38;5;4mℹ Training autoencoder 1910[0m
[38;5;4mℹ Training autoencoder 1911[0m
[38;5;4mℹ Training autoencoder 1912[0m
[38;5;4mℹ Training autoencoder 1913[0m
[38;5;4mℹ Training autoencoder 1914[0m
[38;5;4mℹ Training autoencoder 1915[0m
[38;5;4mℹ Training autoencoder 1916[0m
[38;5;4mℹ Training autoencoder 1917[0m
[38;5;4mℹ Training autoencoder 1918[0m
[38;5;4mℹ Training autoencoder 1919[0m
[38;5;4mℹ Training autoencoder 1920[0m
[38;5;4mℹ Training autoencoder 1921[0m
[38;5;4mℹ Training autoencoder 1922[0m
[38;5;4mℹ Training autoencoder 1923[0m
[38;5;4mℹ Training autoencoder 1924[0m
[38;5;4mℹ Training autoencoder 1925[0m
[38;5;4mℹ Training autoencoder 1926[0m
[38;5;4mℹ Training autoencoder 1927[0m
[38;5;4mℹ Training autoencoder 1928[0m
[38;5;4mℹ Training autoencoder 1929[0m
[38;5;4mℹ Training autoencoder 1930[0m
[38;5;4mℹ Training autoencoder 1931[0m
[38;5;4mℹ Training autoencoder 1932[0m
[38;5;4mℹ Training autoencoder 1933[0m
[38;5;4mℹ Training autoencoder 1934[0m
[38;5;4mℹ Training autoencoder 1935[0m
[38;5;4mℹ Training autoencoder 1936[0m
[38;5;4mℹ Training autoencoder 1937[0m
[38;5;4mℹ Training autoencoder 1938[0m
[38;5;4mℹ Training autoencoder 1939[0m
[38;5;4mℹ Training autoencoder 1940[0m
[38;5;4mℹ Training autoencoder 1941[0m
[38;5;4mℹ Training autoencoder 1942[0m
[38;5;4mℹ Training autoencoder 1943[0m
[38;5;4mℹ Training autoencoder 1944[0m
[38;5;4mℹ Training autoencoder 1945[0m
[38;5;4mℹ Training autoencoder 1946[0m
[38;5;4mℹ Training autoencoder 1947[0m
[38;5;4mℹ Training autoencoder 1948[0m
[38;5;4mℹ Training autoencoder 1949[0m
[38;5;4mℹ Training autoencoder 1950[0m
[38;5;4mℹ Training autoencoder 1951[0m
[38;5;4mℹ Training autoencoder 1952[0m
[38;5;4mℹ Training autoencoder 1953[0m
[38;5;4mℹ Training autoencoder 1954[0m
[38;5;4mℹ Training autoencoder 1955[0m
[38;5;4mℹ Training autoencoder 1956[0m
[38;5;4mℹ Training autoencoder 1957[0m
[38;5;4mℹ Training autoencoder 1958[0m
[38;5;4mℹ Training autoencoder 1959[0m
[38;5;4mℹ Training autoencoder 1960[0m
[38;5;4mℹ Training autoencoder 1961[0m
[38;5;4mℹ Training autoencoder 1962[0m
[38;5;4mℹ Training autoencoder 1963[0m
[38;5;4mℹ Training autoencoder 1964[0m
[38;5;4mℹ Training autoencoder 1965[0m
[38;5;4mℹ Training autoencoder 1966[0m
[38;5;4mℹ Training autoencoder 1967[0m
[38;5;4mℹ Training autoencoder 1968[0m
[38;5;4mℹ Training autoencoder 1969[0m
[38;5;4mℹ Training autoencoder 1970[0m
[38;5;4mℹ Training autoencoder 1971[0m
[38;5;4mℹ Training autoencoder 1972[0m
[38;5;4mℹ Training autoencoder 1973[0m
[38;5;4mℹ Training autoencoder 1974[0m
[38;5;4mℹ Training autoencoder 1975[0m
[38;5;4mℹ Training autoencoder 1976[0m
[38;5;4mℹ Training autoencoder 1977[0m
[38;5;4mℹ Training autoencoder 1978[0m
[38;5;4mℹ Training autoencoder 1979[0m
[38;5;4mℹ Training autoencoder 1980[0m
[38;5;4mℹ Training autoencoder 1981[0m
[38;5;4mℹ Training autoencoder 1982[0m
[38;5;4mℹ Training autoencoder 1983[0m
[38;5;4mℹ Training autoencoder 1984[0m
[38;5;4mℹ Training autoencoder 1985[0m
[38;5;4mℹ Training autoencoder 1986[0m
[38;5;4mℹ Training autoencoder 1987[0m
[38;5;4mℹ Training autoencoder 1988[0m
[38;5;4mℹ Training autoencoder 1989[0m
[38;5;4mℹ Training autoencoder 1990[0m
[38;5;4mℹ Training autoencoder 1991[0m
[38;5;4mℹ Training autoencoder 2573[0m
[38;5;4mℹ Training autoencoder 2574[0m
[38;5;4mℹ Training autoencoder 2575[0m
[38;5;4mℹ Training autoencoder 2576[0m
[38;5;4mℹ Training autoencoder 2577[0m
[38;5;4mℹ Training autoencoder 2578[0m
[38;5;4mℹ Training autoencoder 2579[0m
[38;5;4mℹ Training autoencoder 2580[0m
[38;5;4mℹ Training autoencoder 2581[0m
[38;5;4mℹ Training autoencoder 2582[0m
[38;5;4mℹ Training autoencoder 2583[0m
[38;5;4mℹ Training autoencoder 2584[0m
[38;5;4mℹ Training autoencoder 2585[0m
[38;5;4mℹ Training autoencoder 2586[0m
[38;5;4mℹ Training autoencoder 2587[0m
[38;5;4mℹ Training autoencoder 2588[0m
[38;5;4mℹ Training autoencoder 2589[0m
[38;5;4mℹ Training autoencoder 2590[0m
[38;5;4mℹ Training autoencoder 2591[0m
[38;5;4mℹ Training autoencoder 2592[0m
[38;5;4mℹ Training autoencoder 2593[0m
[38;5;4mℹ Training autoencoder 2594[0m
[38;5;4mℹ Training autoencoder 2595[0m
[38;5;4mℹ Training autoencoder 2596[0m
[38;5;4mℹ Training autoencoder 2597[0m
[38;5;4mℹ Training autoencoder 2598[0m
[38;5;4mℹ Training autoencoder 2599[0m
[38;5;4mℹ Training autoencoder 2600[0m
[38;5;4mℹ Training autoencoder 2601[0m
[38;5;4mℹ Training autoencoder 2602[0m
[38;5;4mℹ Training autoencoder 2603[0m
[38;5;4mℹ Training autoencoder 2604[0m
[38;5;4mℹ Training autoencoder 2605[0m
[38;5;4mℹ Training autoencoder 2606[0m
[38;5;4mℹ Training autoencoder 2607[0m
[38;5;4mℹ Training autoencoder 2608[0m
[38;5;4mℹ Training autoencoder 2609[0m
[38;5;4mℹ Training autoencoder 2610[0m
[38;5;4mℹ Training autoencoder 2611[0m
[38;5;4mℹ Training autoencoder 2612[0m
[38;5;4mℹ Training autoencoder 2613[0m
[38;5;4mℹ Training autoencoder 2614[0m
[38;5;4mℹ Training autoencoder 2615[0m
[38;5;4mℹ Training autoencoder 2616[0m
[38;5;4mℹ Training autoencoder 2617[0m
[38;5;4mℹ Training autoencoder 2618[0m
[38;5;4mℹ Training autoencoder 2619[0m
[38;5;4mℹ Training autoencoder 2620[0m
[38;5;4mℹ Training autoencoder 2621[0m
[38;5;4mℹ Training autoencoder 2622[0m
[38;5;4mℹ Training autoencoder 2623[0m
[38;5;4mℹ Training autoencoder 2624[0m
[38;5;4mℹ Training autoencoder 2625[0m
[38;5;4mℹ Training autoencoder 2626[0m
[38;5;4mℹ Training autoencoder 2627[0m
[38;5;4mℹ Training autoencoder 2628[0m
[38;5;4mℹ Training autoencoder 2629[0m
[38;5;4mℹ Training autoencoder 2630[0m
[38;5;4mℹ Training autoencoder 2631[0m
[38;5;4mℹ Training autoencoder 2632[0m
[38;5;4mℹ Training autoencoder 2633[0m
[38;5;4mℹ Training autoencoder 2634[0m
[38;5;4mℹ Training autoencoder 2635[0m
[38;5;4mℹ Training autoencoder 2636[0m
[38;5;4mℹ Training autoencoder 2637[0m
[38;5;4mℹ Training autoencoder 2638[0m
[38;5;4mℹ Training autoencoder 2639[0m
[38;5;4mℹ Training autoencoder 2640[0m
[38;5;4mℹ Training autoencoder 2641[0m
[38;5;4mℹ Training autoencoder 2642[0m
[38;5;4mℹ Training autoencoder 2643[0m
[38;5;4mℹ Training autoencoder 2644[0m
[38;5;4mℹ Training autoencoder 2645[0m
/home/kce/miniconda3/envs/snip2/lib/python3.9/site-packages/xarray/conventions.py:205: SerializationWarning: variable None has data in the form of a dask array with dtype=object, which means it is being loaded into memory to determine a data type that can be safely stored on disk. To avoid this, coerce this variable to a fixed-size dtype with astype() before saving it.
  warnings.warn(
/home/kce/miniconda3/envs/snip2/lib/python3.9/site-packages/xarray/conventions.py:205: SerializationWarning: variable None has data in the form of a dask array with dtype=object, which means it is being loaded into memory to determine a data type that can be safely stored on disk. To avoid this, coerce this variable to a fixed-size dtype with astype() before saving it.
  warnings.warn(
/home/kce/miniconda3/envs/snip2/lib/python3.9/site-packages/xarray/conventions.py:205: SerializationWarning: variable None has data in the form of a dask array with dtype=object, which means it is being loaded into memory to determine a data type that can be safely stored on disk. To avoid this, coerce this variable to a fixed-size dtype with astype() before saving it.
  warnings.warn(
[38;5;4mℹ Merging train, consisting of 2646 files[0m
[38;5;4mℹ Merging validation, consisting of 2646 files[0m
[38;5;4mℹ Merging test, consisting of 2646 files[0m
wandb: Waiting for W&B process to finish... (success).
wandb: - 0.000 MB of 0.000 MB uploaded (0.000 MB deduped)wandb: \ 0.000 MB of 0.000 MB uploaded (0.000 MB deduped)wandb:                                                                                
wandb: 
wandb: Run history:
wandb:      Max(training reconstruction error) ▁
wandb:    Max(validation reconstruction error) ▁
wandb:     Mean(training reconstruction error) ▁
wandb: Mean(valilidation reconstruction error) ▁
wandb:      Min(training reconstruction error) ▁
wandb:    Min(validation reconstruction error) ▁
wandb:                                N models ▁
wandb: 
wandb: Run summary:
wandb:      Max(training reconstruction error) 0.20604
wandb:    Max(validation reconstruction error) 0.20515
wandb:     Mean(training reconstruction error) 0.03766
wandb: Mean(valilidation reconstruction error) 0.03768
wandb:      Min(training reconstruction error) 0.00098
wandb:    Min(validation reconstruction error) 0.00095
wandb:                                N models 2646
wandb: 
wandb: You can sync this run to the cloud by running:
wandb: wandb sync /faststorage/project/NLPPred/github/snip/wandb/offline-run-20221114_155259-vcilqcsz
wandb: Find logs at: ./wandb/offline-run-20221114_155259-vcilqcsz/logs
