wandb: Tracking run with wandb version 0.13.3
wandb: W&B syncing is set to `offline` in this directory.  
wandb: Run `wandb online` or set WANDB_MODE=online to enable cloud syncing.
[38;5;4mℹ Missing values are not imputed. Imputing missing values.[0m
[38;5;4mℹ Training 1971 models[0m
[38;5;4mℹ Training autoencoder 62[0m
[38;5;4mℹ Training autoencoder 63[0m
[38;5;4mℹ Training autoencoder 64[0m
[38;5;4mℹ Training autoencoder 65[0m
[38;5;4mℹ Training autoencoder 66[0m
[38;5;4mℹ Training autoencoder 67[0m
[38;5;4mℹ Training autoencoder 68[0m
[38;5;4mℹ Training autoencoder 69[0m
[38;5;4mℹ Training autoencoder 70[0m
[38;5;4mℹ Training autoencoder 71[0m
[38;5;4mℹ Training autoencoder 72[0m
[38;5;4mℹ Training autoencoder 73[0m
[38;5;4mℹ Training autoencoder 74[0m
[38;5;4mℹ Training autoencoder 75[0m
[38;5;4mℹ Training autoencoder 76[0m
[38;5;4mℹ Training autoencoder 77[0m
[38;5;4mℹ Training autoencoder 78[0m
[38;5;4mℹ Training autoencoder 79[0m
[38;5;4mℹ Training autoencoder 80[0m
[38;5;4mℹ Training autoencoder 81[0m
[38;5;4mℹ Training autoencoder 82[0m
[38;5;4mℹ Training autoencoder 83[0m
[38;5;4mℹ Training autoencoder 84[0m
[38;5;4mℹ Training autoencoder 85[0m
[38;5;4mℹ Training autoencoder 86[0m
[38;5;4mℹ Training autoencoder 87[0m
[38;5;4mℹ Training autoencoder 88[0m
[38;5;4mℹ Training autoencoder 89[0m
[38;5;4mℹ Training autoencoder 90[0m
[38;5;4mℹ Training autoencoder 91[0m
[38;5;4mℹ Training autoencoder 92[0m
[38;5;4mℹ Training autoencoder 93[0m
[38;5;4mℹ Training autoencoder 94[0m
[38;5;4mℹ Training autoencoder 95[0m
[38;5;4mℹ Training autoencoder 96[0m
[38;5;4mℹ Training autoencoder 97[0m
[38;5;4mℹ Training autoencoder 98[0m
[38;5;4mℹ Training autoencoder 99[0m
[38;5;4mℹ Training autoencoder 100[0m
[38;5;4mℹ Training autoencoder 101[0m
[38;5;4mℹ Training autoencoder 102[0m
[38;5;4mℹ Training autoencoder 103[0m
[38;5;4mℹ Training autoencoder 104[0m
[38;5;4mℹ Training autoencoder 105[0m
[38;5;4mℹ Training autoencoder 106[0m
[38;5;4mℹ Training autoencoder 107[0m
[38;5;4mℹ Training autoencoder 108[0m
[38;5;4mℹ Training autoencoder 109[0m
[38;5;4mℹ Training autoencoder 110[0m
[38;5;4mℹ Training autoencoder 111[0m
[38;5;4mℹ Training autoencoder 112[0m
[38;5;4mℹ Training autoencoder 113[0m
[38;5;4mℹ Training autoencoder 114[0m
[38;5;4mℹ Training autoencoder 115[0m
[38;5;4mℹ Training autoencoder 116[0m
[38;5;4mℹ Training autoencoder 117[0m
[38;5;4mℹ Training autoencoder 118[0m
[38;5;4mℹ Training autoencoder 119[0m
[38;5;4mℹ Training autoencoder 120[0m
[38;5;4mℹ Training autoencoder 121[0m
[38;5;4mℹ Training autoencoder 122[0m
[38;5;4mℹ Training autoencoder 123[0m
[38;5;4mℹ Training autoencoder 930[0m
[38;5;4mℹ Training autoencoder 931[0m
[38;5;4mℹ Training autoencoder 932[0m
[38;5;4mℹ Training autoencoder 933[0m
[38;5;4mℹ Training autoencoder 934[0m
[38;5;4mℹ Training autoencoder 935[0m
[38;5;4mℹ Training autoencoder 936[0m
[38;5;4mℹ Training autoencoder 937[0m
[38;5;4mℹ Training autoencoder 938[0m
[38;5;4mℹ Training autoencoder 939[0m
[38;5;4mℹ Training autoencoder 940[0m
[38;5;4mℹ Training autoencoder 941[0m
[38;5;4mℹ Training autoencoder 942[0m
[38;5;4mℹ Training autoencoder 943[0m
[38;5;4mℹ Training autoencoder 944[0m
[38;5;4mℹ Training autoencoder 945[0m
[38;5;4mℹ Training autoencoder 946[0m
[38;5;4mℹ Training autoencoder 947[0m
[38;5;4mℹ Training autoencoder 948[0m
[38;5;4mℹ Training autoencoder 949[0m
[38;5;4mℹ Training autoencoder 950[0m
[38;5;4mℹ Training autoencoder 951[0m
[38;5;4mℹ Training autoencoder 952[0m
[38;5;4mℹ Training autoencoder 953[0m
[38;5;4mℹ Training autoencoder 954[0m
[38;5;4mℹ Training autoencoder 955[0m
[38;5;4mℹ Training autoencoder 956[0m
[38;5;4mℹ Training autoencoder 957[0m
[38;5;4mℹ Training autoencoder 958[0m
[38;5;4mℹ Training autoencoder 959[0m
[38;5;4mℹ Training autoencoder 960[0m
[38;5;4mℹ Training autoencoder 961[0m
[38;5;4mℹ Training autoencoder 962[0m
[38;5;4mℹ Training autoencoder 963[0m
[38;5;4mℹ Training autoencoder 964[0m
[38;5;4mℹ Training autoencoder 965[0m
[38;5;4mℹ Training autoencoder 966[0m
[38;5;4mℹ Training autoencoder 967[0m
[38;5;4mℹ Training autoencoder 968[0m
[38;5;4mℹ Training autoencoder 969[0m
[38;5;4mℹ Training autoencoder 970[0m
[38;5;4mℹ Training autoencoder 971[0m
[38;5;4mℹ Training autoencoder 972[0m
[38;5;4mℹ Training autoencoder 973[0m
[38;5;4mℹ Training autoencoder 974[0m
[38;5;4mℹ Training autoencoder 975[0m
[38;5;4mℹ Training autoencoder 976[0m
[38;5;4mℹ Training autoencoder 977[0m
[38;5;4mℹ Training autoencoder 978[0m
[38;5;4mℹ Training autoencoder 979[0m
[38;5;4mℹ Training autoencoder 980[0m
[38;5;4mℹ Training autoencoder 981[0m
[38;5;4mℹ Training autoencoder 982[0m
[38;5;4mℹ Training autoencoder 983[0m
[38;5;4mℹ Training autoencoder 984[0m
[38;5;4mℹ Training autoencoder 985[0m
[38;5;4mℹ Training autoencoder 986[0m
[38;5;4mℹ Training autoencoder 987[0m
[38;5;4mℹ Training autoencoder 988[0m
[38;5;4mℹ Training autoencoder 989[0m
[38;5;4mℹ Training autoencoder 990[0m
[38;5;4mℹ Training autoencoder 991[0m
[38;5;4mℹ Training autoencoder 1426[0m
[38;5;4mℹ Training autoencoder 1427[0m
[38;5;4mℹ Training autoencoder 1428[0m
[38;5;4mℹ Training autoencoder 1429[0m
[38;5;4mℹ Training autoencoder 1430[0m
[38;5;4mℹ Training autoencoder 1431[0m
[38;5;4mℹ Training autoencoder 1432[0m
[38;5;4mℹ Training autoencoder 1433[0m
[38;5;4mℹ Training autoencoder 1434[0m
[38;5;4mℹ Training autoencoder 1435[0m
[38;5;4mℹ Training autoencoder 1436[0m
[38;5;4mℹ Training autoencoder 1437[0m
[38;5;4mℹ Training autoencoder 1438[0m
[38;5;4mℹ Training autoencoder 1439[0m
[38;5;4mℹ Training autoencoder 1440[0m
[38;5;4mℹ Training autoencoder 1441[0m
[38;5;4mℹ Training autoencoder 1442[0m
[38;5;4mℹ Training autoencoder 1443[0m
[38;5;4mℹ Training autoencoder 1444[0m
[38;5;4mℹ Training autoencoder 1445[0m
[38;5;4mℹ Training autoencoder 1446[0m
[38;5;4mℹ Training autoencoder 1447[0m
[38;5;4mℹ Training autoencoder 1448[0m
[38;5;4mℹ Training autoencoder 1449[0m
[38;5;4mℹ Training autoencoder 1450[0m
[38;5;4mℹ Training autoencoder 1451[0m
[38;5;4mℹ Training autoencoder 1452[0m
[38;5;4mℹ Training autoencoder 1453[0m
[38;5;4mℹ Training autoencoder 1454[0m
[38;5;4mℹ Training autoencoder 1455[0m
[38;5;4mℹ Training autoencoder 1456[0m
[38;5;4mℹ Training autoencoder 1457[0m
[38;5;4mℹ Training autoencoder 1458[0m
[38;5;4mℹ Training autoencoder 1459[0m
[38;5;4mℹ Training autoencoder 1460[0m
[38;5;4mℹ Training autoencoder 1461[0m
[38;5;4mℹ Training autoencoder 1462[0m
[38;5;4mℹ Training autoencoder 1463[0m
[38;5;4mℹ Training autoencoder 1464[0m
[38;5;4mℹ Training autoencoder 1465[0m
[38;5;4mℹ Training autoencoder 1466[0m
[38;5;4mℹ Training autoencoder 1467[0m
[38;5;4mℹ Training autoencoder 1468[0m
[38;5;4mℹ Training autoencoder 1469[0m
[38;5;4mℹ Training autoencoder 1470[0m
[38;5;4mℹ Training autoencoder 1471[0m
[38;5;4mℹ Training autoencoder 1472[0m
[38;5;4mℹ Training autoencoder 1473[0m
[38;5;4mℹ Training autoencoder 1474[0m
[38;5;4mℹ Training autoencoder 1475[0m
[38;5;4mℹ Training autoencoder 1476[0m
[38;5;4mℹ Training autoencoder 1477[0m
[38;5;4mℹ Training autoencoder 1478[0m
[38;5;4mℹ Training autoencoder 1479[0m
[38;5;4mℹ Training autoencoder 1480[0m
[38;5;4mℹ Training autoencoder 1481[0m
[38;5;4mℹ Training autoencoder 1482[0m
[38;5;4mℹ Training autoencoder 1483[0m
[38;5;4mℹ Training autoencoder 1484[0m
[38;5;4mℹ Training autoencoder 1485[0m
[38;5;4mℹ Training autoencoder 1486[0m
[38;5;4mℹ Training autoencoder 1487[0m
[38;5;4mℹ Training autoencoder 1922[0m
[38;5;4mℹ Training autoencoder 1923[0m
[38;5;4mℹ Training autoencoder 1924[0m
[38;5;4mℹ Training autoencoder 1925[0m
[38;5;4mℹ Training autoencoder 1926[0m
[38;5;4mℹ Training autoencoder 1927[0m
[38;5;4mℹ Training autoencoder 1928[0m
[38;5;4mℹ Training autoencoder 1929[0m
[38;5;4mℹ Training autoencoder 1930[0m
[38;5;4mℹ Training autoencoder 1931[0m
[38;5;4mℹ Training autoencoder 1932[0m
[38;5;4mℹ Training autoencoder 1933[0m
[38;5;4mℹ Training autoencoder 1934[0m
[38;5;4mℹ Training autoencoder 1935[0m
[38;5;4mℹ Training autoencoder 1936[0m
[38;5;4mℹ Training autoencoder 1937[0m
[38;5;4mℹ Training autoencoder 1938[0m
[38;5;4mℹ Training autoencoder 1939[0m
[38;5;4mℹ Training autoencoder 1940[0m
[38;5;4mℹ Training autoencoder 1941[0m
[38;5;4mℹ Training autoencoder 1942[0m
[38;5;4mℹ Training autoencoder 1943[0m
[38;5;4mℹ Training autoencoder 1944[0m
[38;5;4mℹ Training autoencoder 1945[0m
[38;5;4mℹ Training autoencoder 1946[0m
[38;5;4mℹ Training autoencoder 1947[0m
[38;5;4mℹ Training autoencoder 1948[0m
[38;5;4mℹ Training autoencoder 1949[0m
[38;5;4mℹ Training autoencoder 1950[0m
[38;5;4mℹ Training autoencoder 1951[0m
[38;5;4mℹ Training autoencoder 1952[0m
[38;5;4mℹ Training autoencoder 1953[0m
[38;5;4mℹ Training autoencoder 1954[0m
[38;5;4mℹ Training autoencoder 1955[0m
[38;5;4mℹ Training autoencoder 1956[0m
[38;5;4mℹ Training autoencoder 1957[0m
[38;5;4mℹ Training autoencoder 1958[0m
[38;5;4mℹ Training autoencoder 1959[0m
[38;5;4mℹ Training autoencoder 1960[0m
[38;5;4mℹ Training autoencoder 1961[0m
[38;5;4mℹ Training autoencoder 1962[0m
[38;5;4mℹ Training autoencoder 1963[0m
[38;5;4mℹ Training autoencoder 1964[0m
[38;5;4mℹ Training autoencoder 1965[0m
[38;5;4mℹ Training autoencoder 1966[0m
[38;5;4mℹ Training autoencoder 1967[0m
[38;5;4mℹ Training autoencoder 1968[0m
[38;5;4mℹ Training autoencoder 1969[0m
[38;5;4mℹ Training autoencoder 1970[0m
/home/kce/miniconda3/envs/snip2/lib/python3.9/site-packages/xarray/conventions.py:205: SerializationWarning: variable None has data in the form of a dask array with dtype=object, which means it is being loaded into memory to determine a data type that can be safely stored on disk. To avoid this, coerce this variable to a fixed-size dtype with astype() before saving it.
  warnings.warn(
/home/kce/miniconda3/envs/snip2/lib/python3.9/site-packages/xarray/conventions.py:205: SerializationWarning: variable None has data in the form of a dask array with dtype=object, which means it is being loaded into memory to determine a data type that can be safely stored on disk. To avoid this, coerce this variable to a fixed-size dtype with astype() before saving it.
  warnings.warn(
/home/kce/miniconda3/envs/snip2/lib/python3.9/site-packages/xarray/conventions.py:205: SerializationWarning: variable None has data in the form of a dask array with dtype=object, which means it is being loaded into memory to determine a data type that can be safely stored on disk. To avoid this, coerce this variable to a fixed-size dtype with astype() before saving it.
  warnings.warn(
[38;5;4mℹ Merging train, consisting of 1971 files[0m
[38;5;4mℹ Merging validation, consisting of 1971 files[0m
[38;5;4mℹ Merging test, consisting of 1971 files[0m
wandb: Waiting for W&B process to finish... (success).
wandb: - 0.000 MB of 0.000 MB uploaded (0.000 MB deduped)wandb: \ 0.000 MB of 0.000 MB uploaded (0.000 MB deduped)wandb: | 0.000 MB of 0.000 MB uploaded (0.000 MB deduped)wandb:                                                                                
wandb: 
wandb: Run history:
wandb:      Max(training reconstruction error) ▁
wandb:    Max(validation reconstruction error) ▁
wandb:     Mean(training reconstruction error) ▁
wandb: Mean(valilidation reconstruction error) ▁
wandb:      Min(training reconstruction error) ▁
wandb:    Min(validation reconstruction error) ▁
wandb:                                N models ▁
wandb: 
wandb: Run summary:
wandb:      Max(training reconstruction error) 0.24562
wandb:    Max(validation reconstruction error) 0.24639
wandb:     Mean(training reconstruction error) 0.03837
wandb: Mean(valilidation reconstruction error) 0.03841
wandb:      Min(training reconstruction error) 0.00043
wandb:    Min(validation reconstruction error) 0.00058
wandb:                                N models 1971
wandb: 
wandb: You can sync this run to the cloud by running:
wandb: wandb sync /faststorage/project/NLPPred/github/snip/wandb/offline-run-20221114_155300-1ta62tdw
wandb: Find logs at: ./wandb/offline-run-20221114_155300-1ta62tdw/logs
