Processing: /home/kce/NLPPred/github/snip/data/compressed/whole_geno/combined_sped/chr1-22_20k_relu_512_c_snps_train.sped
output path: /home/kce/NLPPred/github/snip/data/ldak_results/chr1-22_20k_relu_512_c_snps_train.quant
Output path exists, skipping...
Processing: /home/kce/NLPPred/github/snip/data/compressed/whole_geno/combined_sped/chr1-22_20k_relu_16_c_snps_train.sped
output path: /home/kce/NLPPred/github/snip/data/ldak_results/chr1-22_20k_relu_16_c_snps_train.quant
Output path exists, skipping...
Processing: /home/kce/NLPPred/github/snip/data/compressed/whole_geno/combined_sped/chr1-22_20k_identity_512_c_snps_train.sped
output path: /home/kce/NLPPred/github/snip/data/ldak_results/chr1-22_20k_identity_512_c_snps_train.quant
Output path exists, skipping...
Processing: /home/kce/NLPPred/github/snip/data/compressed/whole_geno/combined_sped/chr1-22_20k_identity_16_c_snps_train.sped
output path: /home/kce/NLPPred/github/snip/data/ldak_results/chr1-22_20k_identity_16_c_snps_train.quant
Output path exists, skipping...
Processing: /home/kce/NLPPred/github/snip/data/compressed/whole_geno/combined_sped/chr1-22_20k_relu_512_c_snps_train.sped
Output path: /home/kce/NLPPred/github/snip/data/ldak_results/chr1-22_20k_relu_512_c_snps_train.reml1
-- -- -- -- -- -- -- -- -- -- -- -- -- -- -- -- -- -- -- -- -- -- -- -- -- -- -- -- --
LDAK - Software for obtaining Linkage Disequilibrium Adjusted Kinships and Loads More
Version 5.2 - Help pages at http://www.ldak.org
-- -- -- -- -- -- -- -- -- -- -- -- -- -- -- -- -- -- -- -- -- -- -- -- -- -- -- -- --

There are 5 pairs of arguments:
--reml /home/kce/NLPPred/github/snip/data/ldak_results/chr1-22_20k_relu_512_c_snps_train.reml1
--sped /home/kce/NLPPred/github/snip/data/compressed/whole_geno/combined_sped/chr1-22_20k_relu_512_c_snps_train
--pheno /home/kce/dsmwpred/data/ukbb/height.train
--SNP-data NO
--max-threads 8

Warning, genetic data files are provided but will not be used

-- -- -- -- -- -- -- -- -- -- -- -- -- -- -- -- -- -- -- -- -- -- -- -- -- -- -- -- --

Performing generalized REML (although no kinship matrices or regions provided!)

Consider using "--covar" to provide covariates

Consider using "--top-preds" to include (strongly-associated) predictors; these will be treated as fixed effects, except that the variance they explain will count towards total heritability

If you would like to perform a permutation analysis, add "--permute YES"

-- -- -- -- -- -- -- -- -- -- -- -- -- -- -- -- -- -- -- -- -- -- -- -- -- -- -- -- --

Reading IDs for 200000 samples from /home/kce/dsmwpred/data/ukbb/height.train
Checking responses for 200000 samples from /home/kce/dsmwpred/data/ukbb/height.train

Reading responses for 200000 samples from /home/kce/dsmwpred/data/ukbb/height.train

Iter	Her_All	Likelihood	Difference	Target	Num_Constrained
Start	0.0000	-283718.56	n/a		0.001000	0

Main results saved in /home/kce/NLPPred/github/snip/data/ldak_results/chr1-22_20k_relu_512_c_snps_train.reml1.reml

-- -- -- -- -- -- -- -- -- -- -- -- -- -- -- -- -- -- --
Mission completed. All your basepair are belong to us :)
-- -- -- -- -- -- -- -- -- -- -- -- -- -- -- -- -- -- --
Processing: /home/kce/NLPPred/github/snip/data/compressed/whole_geno/combined_sped/chr1-22_20k_relu_16_c_snps_train.sped
Output path: /home/kce/NLPPred/github/snip/data/ldak_results/chr1-22_20k_relu_16_c_snps_train.reml1
-- -- -- -- -- -- -- -- -- -- -- -- -- -- -- -- -- -- -- -- -- -- -- -- -- -- -- -- --
LDAK - Software for obtaining Linkage Disequilibrium Adjusted Kinships and Loads More
Version 5.2 - Help pages at http://www.ldak.org
-- -- -- -- -- -- -- -- -- -- -- -- -- -- -- -- -- -- -- -- -- -- -- -- -- -- -- -- --

There are 5 pairs of arguments:
--reml /home/kce/NLPPred/github/snip/data/ldak_results/chr1-22_20k_relu_16_c_snps_train.reml1
--sped /home/kce/NLPPred/github/snip/data/compressed/whole_geno/combined_sped/chr1-22_20k_relu_16_c_snps_train
--pheno /home/kce/dsmwpred/data/ukbb/height.train
--SNP-data NO
--max-threads 8

Warning, genetic data files are provided but will not be used

-- -- -- -- -- -- -- -- -- -- -- -- -- -- -- -- -- -- -- -- -- -- -- -- -- -- -- -- --

Performing generalized REML (although no kinship matrices or regions provided!)

Consider using "--covar" to provide covariates

Consider using "--top-preds" to include (strongly-associated) predictors; these will be treated as fixed effects, except that the variance they explain will count towards total heritability

If you would like to perform a permutation analysis, add "--permute YES"

-- -- -- -- -- -- -- -- -- -- -- -- -- -- -- -- -- -- -- -- -- -- -- -- -- -- -- -- --

Reading IDs for 200000 samples from /home/kce/dsmwpred/data/ukbb/height.train
Checking responses for 200000 samples from /home/kce/dsmwpred/data/ukbb/height.train

Reading responses for 200000 samples from /home/kce/dsmwpred/data/ukbb/height.train

Iter	Her_All	Likelihood	Difference	Target	Num_Constrained
Start	0.0000	-283718.56	n/a		0.001000	0

Main results saved in /home/kce/NLPPred/github/snip/data/ldak_results/chr1-22_20k_relu_16_c_snps_train.reml1.reml

-- -- -- -- -- -- -- -- -- -- -- -- -- -- -- -- -- -- --
Mission completed. All your basepair are belong to us :)
-- -- -- -- -- -- -- -- -- -- -- -- -- -- -- -- -- -- --
Processing: /home/kce/NLPPred/github/snip/data/compressed/whole_geno/combined_sped/chr1-22_20k_identity_512_c_snps_train.sped
Output path: /home/kce/NLPPred/github/snip/data/ldak_results/chr1-22_20k_identity_512_c_snps_train.reml1
-- -- -- -- -- -- -- -- -- -- -- -- -- -- -- -- -- -- -- -- -- -- -- -- -- -- -- -- --
LDAK - Software for obtaining Linkage Disequilibrium Adjusted Kinships and Loads More
Version 5.2 - Help pages at http://www.ldak.org
-- -- -- -- -- -- -- -- -- -- -- -- -- -- -- -- -- -- -- -- -- -- -- -- -- -- -- -- --

There are 5 pairs of arguments:
--reml /home/kce/NLPPred/github/snip/data/ldak_results/chr1-22_20k_identity_512_c_snps_train.reml1
--sped /home/kce/NLPPred/github/snip/data/compressed/whole_geno/combined_sped/chr1-22_20k_identity_512_c_snps_train
--pheno /home/kce/dsmwpred/data/ukbb/height.train
--SNP-data NO
--max-threads 8

Warning, genetic data files are provided but will not be used

-- -- -- -- -- -- -- -- -- -- -- -- -- -- -- -- -- -- -- -- -- -- -- -- -- -- -- -- --

Performing generalized REML (although no kinship matrices or regions provided!)

Consider using "--covar" to provide covariates

Consider using "--top-preds" to include (strongly-associated) predictors; these will be treated as fixed effects, except that the variance they explain will count towards total heritability

If you would like to perform a permutation analysis, add "--permute YES"

-- -- -- -- -- -- -- -- -- -- -- -- -- -- -- -- -- -- -- -- -- -- -- -- -- -- -- -- --

Reading IDs for 200000 samples from /home/kce/dsmwpred/data/ukbb/height.train
Checking responses for 200000 samples from /home/kce/dsmwpred/data/ukbb/height.train

Reading responses for 200000 samples from /home/kce/dsmwpred/data/ukbb/height.train

Iter	Her_All	Likelihood	Difference	Target	Num_Constrained
Start	0.0000	-283718.56	n/a		0.001000	0

Main results saved in /home/kce/NLPPred/github/snip/data/ldak_results/chr1-22_20k_identity_512_c_snps_train.reml1.reml

-- -- -- -- -- -- -- -- -- -- -- -- -- -- -- -- -- -- --
Mission completed. All your basepair are belong to us :)
-- -- -- -- -- -- -- -- -- -- -- -- -- -- -- -- -- -- --
Processing: /home/kce/NLPPred/github/snip/data/compressed/whole_geno/combined_sped/chr1-22_20k_identity_16_c_snps_train.sped
Output path: /home/kce/NLPPred/github/snip/data/ldak_results/chr1-22_20k_identity_16_c_snps_train.reml1
-- -- -- -- -- -- -- -- -- -- -- -- -- -- -- -- -- -- -- -- -- -- -- -- -- -- -- -- --
LDAK - Software for obtaining Linkage Disequilibrium Adjusted Kinships and Loads More
Version 5.2 - Help pages at http://www.ldak.org
-- -- -- -- -- -- -- -- -- -- -- -- -- -- -- -- -- -- -- -- -- -- -- -- -- -- -- -- --

There are 5 pairs of arguments:
--reml /home/kce/NLPPred/github/snip/data/ldak_results/chr1-22_20k_identity_16_c_snps_train.reml1
--sped /home/kce/NLPPred/github/snip/data/compressed/whole_geno/combined_sped/chr1-22_20k_identity_16_c_snps_train
--pheno /home/kce/dsmwpred/data/ukbb/height.train
--SNP-data NO
--max-threads 8

Warning, genetic data files are provided but will not be used

-- -- -- -- -- -- -- -- -- -- -- -- -- -- -- -- -- -- -- -- -- -- -- -- -- -- -- -- --

Performing generalized REML (although no kinship matrices or regions provided!)

Consider using "--covar" to provide covariates

Consider using "--top-preds" to include (strongly-associated) predictors; these will be treated as fixed effects, except that the variance they explain will count towards total heritability

If you would like to perform a permutation analysis, add "--permute YES"

-- -- -- -- -- -- -- -- -- -- -- -- -- -- -- -- -- -- -- -- -- -- -- -- -- -- -- -- --

Reading IDs for 200000 samples from /home/kce/dsmwpred/data/ukbb/height.train
Checking responses for 200000 samples from /home/kce/dsmwpred/data/ukbb/height.train

Reading responses for 200000 samples from /home/kce/dsmwpred/data/ukbb/height.train

Iter	Her_All	Likelihood	Difference	Target	Num_Constrained
Start	0.0000	-283718.56	n/a		0.001000	0

Main results saved in /home/kce/NLPPred/github/snip/data/ldak_results/chr1-22_20k_identity_16_c_snps_train.reml1.reml

-- -- -- -- -- -- -- -- -- -- -- -- -- -- -- -- -- -- --
Mission completed. All your basepair are belong to us :)
-- -- -- -- -- -- -- -- -- -- -- -- -- -- -- -- -- -- --
