Processing: /home/kce/NLPPred/github/snip/data/compressed/whole_geno/combined_sped/chr1-22_20k_relu_512_c_snps_train.sped
Output path: /home/kce/NLPPred/github/snip/data/ldak_results/chr1-22_20k_relu_512_c_snps_train/alkaline.pheno.reml1
-- -- -- -- -- -- -- -- -- -- -- -- -- -- -- -- -- -- -- -- -- -- -- -- -- -- -- -- --
LDAK - Software for obtaining Linkage Disequilibrium Adjusted Kinships and Loads More
Version 5.2 - Help pages at http://www.ldak.org
-- -- -- -- -- -- -- -- -- -- -- -- -- -- -- -- -- -- -- -- -- -- -- -- -- -- -- -- --

There are 6 pairs of arguments:
--reml /home/kce/NLPPred/github/snip/data/ldak_results/chr1-22_20k_relu_512_c_snps_train/alkaline.pheno.reml1
--sped /home/kce/NLPPred/github/snip/data/compressed/whole_geno/combined_sped/chr1-22_20k_relu_512_c_snps_train
--pheno /home/kce/NLPPred/phenos/alkaline.pheno
--SNP-data NO
--grm /home/kce/NLPPred/github/snip/data/ldak_results/chr1-22_20k_relu_512_c_snps_train/alkaline.pheno.GCTA
--max-threads 4

Warning, genetic data files are provided but will not be used

-- -- -- -- -- -- -- -- -- -- -- -- -- -- -- -- -- -- -- -- -- -- -- -- -- -- -- -- --

Performing generalized REML with 1 kinship matrix and 0 regions

Variance components can be negative (to prevent this, use "--constrain YES")

Consider using "--covar" to provide covariates

Consider using "--top-preds" to include (strongly-associated) predictors; these will be treated as fixed effects, except that the variance they explain will count towards total heritability

If you would like to perform a permutation analysis, add "--permute YES"

-- -- -- -- -- -- -- -- -- -- -- -- -- -- -- -- -- -- -- -- -- -- -- -- -- -- -- -- --

Reading IDs for 20000 samples from /home/kce/NLPPred/github/snip/data/ldak_results/chr1-22_20k_relu_512_c_snps_train/alkaline.pheno.GCTA.grm.id
Checking responses for 379514 samples from /home/kce/NLPPred/phenos/alkaline.pheno
Due to missing phenotypic values, the number of samples is reduced from 20000 to 19059

Reading responses for 379514 samples from /home/kce/NLPPred/phenos/alkaline.pheno

Reading trace of kinship matrix with stem /home/kce/NLPPred/github/snip/data/ldak_results/chr1-22_20k_relu_512_c_snps_train/alkaline.pheno.GCTA
Warning, to store kinships will require approximately 2.7 Gb

Reading kinship matrix with stem /home/kce/NLPPred/github/snip/data/ldak_results/chr1-22_20k_relu_512_c_snps_train/alkaline.pheno.GCTA

Performing an eigen-decomposition; this can take a while
If preferred, you can perform the analysis in two steps; first replace the main argument with "--decompose" (this will save the eigen-decomposition) then restart adding "--eigen"

Iter	Her_K1	Her_All	Likelihood	Difference	Target	Num_Constrained
Start	0.5000	0.5000	-89482.10	n/a		0.001000	0
1	0.4028	0.4028	-89422.06	60.044621	0.001000	0
2	0.3024	0.3024	-89390.77	31.283908	0.001000	0
3	0.2534	0.2534	-89386.64	4.136926	0.001000	0
4	0.2533	0.2533	-89386.63	0.003473	0.001000	0
5	0.2533	0.2533	-89386.63	0.000000	0.001000	0

Main results saved in /home/kce/NLPPred/github/snip/data/ldak_results/chr1-22_20k_relu_512_c_snps_train/alkaline.pheno.reml1.reml

-- -- -- -- -- -- -- -- -- -- -- -- -- -- -- -- -- -- --
Mission completed. All your basepair are belong to us :)
-- -- -- -- -- -- -- -- -- -- -- -- -- -- -- -- -- -- --
Processing: /home/kce/NLPPred/github/snip/data/compressed/whole_geno/combined_sped/chr1-22_20k_relu_512_c_snps_train.sped
Output path: /home/kce/NLPPred/github/snip/data/ldak_results/chr1-22_20k_relu_512_c_snps_train/bilirubin.pheno.reml1
-- -- -- -- -- -- -- -- -- -- -- -- -- -- -- -- -- -- -- -- -- -- -- -- -- -- -- -- --
LDAK - Software for obtaining Linkage Disequilibrium Adjusted Kinships and Loads More
Version 5.2 - Help pages at http://www.ldak.org
-- -- -- -- -- -- -- -- -- -- -- -- -- -- -- -- -- -- -- -- -- -- -- -- -- -- -- -- --

There are 6 pairs of arguments:
--reml /home/kce/NLPPred/github/snip/data/ldak_results/chr1-22_20k_relu_512_c_snps_train/bilirubin.pheno.reml1
--sped /home/kce/NLPPred/github/snip/data/compressed/whole_geno/combined_sped/chr1-22_20k_relu_512_c_snps_train
--pheno /home/kce/NLPPred/phenos/bilirubin.pheno
--SNP-data NO
--grm /home/kce/NLPPred/github/snip/data/ldak_results/chr1-22_20k_relu_512_c_snps_train/bilirubin.pheno.GCTA
--max-threads 4

Warning, genetic data files are provided but will not be used

-- -- -- -- -- -- -- -- -- -- -- -- -- -- -- -- -- -- -- -- -- -- -- -- -- -- -- -- --

Performing generalized REML with 1 kinship matrix and 0 regions

Variance components can be negative (to prevent this, use "--constrain YES")

Consider using "--covar" to provide covariates

Consider using "--top-preds" to include (strongly-associated) predictors; these will be treated as fixed effects, except that the variance they explain will count towards total heritability

If you would like to perform a permutation analysis, add "--permute YES"

-- -- -- -- -- -- -- -- -- -- -- -- -- -- -- -- -- -- -- -- -- -- -- -- -- -- -- -- --

Reading IDs for 20000 samples from /home/kce/NLPPred/github/snip/data/ldak_results/chr1-22_20k_relu_512_c_snps_train/bilirubin.pheno.GCTA.grm.id
Checking responses for 377893 samples from /home/kce/NLPPred/phenos/bilirubin.pheno
Due to missing phenotypic values, the number of samples is reduced from 20000 to 18979

Reading responses for 377893 samples from /home/kce/NLPPred/phenos/bilirubin.pheno

Reading trace of kinship matrix with stem /home/kce/NLPPred/github/snip/data/ldak_results/chr1-22_20k_relu_512_c_snps_train/bilirubin.pheno.GCTA
Warning, to store kinships will require approximately 2.7 Gb

Reading kinship matrix with stem /home/kce/NLPPred/github/snip/data/ldak_results/chr1-22_20k_relu_512_c_snps_train/bilirubin.pheno.GCTA

Performing an eigen-decomposition; this can take a while
If preferred, you can perform the analysis in two steps; first replace the main argument with "--decompose" (this will save the eigen-decomposition) then restart adding "--eigen"

Iter	Her_K1	Her_All	Likelihood	Difference	Target	Num_Constrained
Start	0.5000	0.5000	-53926.09	n/a		0.001000	0
1	0.4832	0.4832	-53925.67	0.417829	0.001000	0
2	0.4842	0.4842	-53925.67	0.001709	0.001000	0
3	0.4842	0.4842	-53925.67	0.000006	0.001000	0

Main results saved in /home/kce/NLPPred/github/snip/data/ldak_results/chr1-22_20k_relu_512_c_snps_train/bilirubin.pheno.reml1.reml

-- -- -- -- -- -- -- -- -- -- -- -- -- -- -- -- -- -- --
Mission completed. All your basepair are belong to us :)
-- -- -- -- -- -- -- -- -- -- -- -- -- -- -- -- -- -- --
Processing: /home/kce/NLPPred/github/snip/data/compressed/whole_geno/combined_sped/chr1-22_20k_relu_512_c_snps_train.sped
Output path: /home/kce/NLPPred/github/snip/data/ldak_results/chr1-22_20k_relu_512_c_snps_train/cholesterol.pheno.reml1
-- -- -- -- -- -- -- -- -- -- -- -- -- -- -- -- -- -- -- -- -- -- -- -- -- -- -- -- --
LDAK - Software for obtaining Linkage Disequilibrium Adjusted Kinships and Loads More
Version 5.2 - Help pages at http://www.ldak.org
-- -- -- -- -- -- -- -- -- -- -- -- -- -- -- -- -- -- -- -- -- -- -- -- -- -- -- -- --

There are 6 pairs of arguments:
--reml /home/kce/NLPPred/github/snip/data/ldak_results/chr1-22_20k_relu_512_c_snps_train/cholesterol.pheno.reml1
--sped /home/kce/NLPPred/github/snip/data/compressed/whole_geno/combined_sped/chr1-22_20k_relu_512_c_snps_train
--pheno /home/kce/NLPPred/phenos/cholesterol.pheno
--SNP-data NO
--grm /home/kce/NLPPred/github/snip/data/ldak_results/chr1-22_20k_relu_512_c_snps_train/cholesterol.pheno.GCTA
--max-threads 4

Warning, genetic data files are provided but will not be used

-- -- -- -- -- -- -- -- -- -- -- -- -- -- -- -- -- -- -- -- -- -- -- -- -- -- -- -- --

Performing generalized REML with 1 kinship matrix and 0 regions

Variance components can be negative (to prevent this, use "--constrain YES")

Consider using "--covar" to provide covariates

Consider using "--top-preds" to include (strongly-associated) predictors; these will be treated as fixed effects, except that the variance they explain will count towards total heritability

If you would like to perform a permutation analysis, add "--permute YES"

-- -- -- -- -- -- -- -- -- -- -- -- -- -- -- -- -- -- -- -- -- -- -- -- -- -- -- -- --

Reading IDs for 20000 samples from /home/kce/NLPPred/github/snip/data/ldak_results/chr1-22_20k_relu_512_c_snps_train/cholesterol.pheno.GCTA.grm.id
Checking responses for 379494 samples from /home/kce/NLPPred/phenos/cholesterol.pheno
Due to missing phenotypic values, the number of samples is reduced from 20000 to 19058

Reading responses for 379494 samples from /home/kce/NLPPred/phenos/cholesterol.pheno

Reading trace of kinship matrix with stem /home/kce/NLPPred/github/snip/data/ldak_results/chr1-22_20k_relu_512_c_snps_train/cholesterol.pheno.GCTA
Warning, to store kinships will require approximately 2.7 Gb

Reading kinship matrix with stem /home/kce/NLPPred/github/snip/data/ldak_results/chr1-22_20k_relu_512_c_snps_train/cholesterol.pheno.GCTA

Performing an eigen-decomposition; this can take a while
If preferred, you can perform the analysis in two steps; first replace the main argument with "--decompose" (this will save the eigen-decomposition) then restart adding "--eigen"

Iter	Her_K1	Her_All	Likelihood	Difference	Target	Num_Constrained
Start	0.5000	0.5000	-29318.65	n/a		0.001000	0
1	0.4040	0.4040	-29234.95	83.702234	0.001000	0
2	0.3040	0.3040	-29178.33	56.613215	0.001000	0
3	0.2065	0.2065	-29152.20	26.129016	0.001000	0
4	0.1735	0.1735	-29150.13	2.073119	0.001000	0
5	0.1743	0.1743	-29150.13	0.002019	0.001000	0
6	0.1743	0.1743	-29150.13	0.000001	0.001000	0

Main results saved in /home/kce/NLPPred/github/snip/data/ldak_results/chr1-22_20k_relu_512_c_snps_train/cholesterol.pheno.reml1.reml

-- -- -- -- -- -- -- -- -- -- -- -- -- -- -- -- -- -- --
Mission completed. All your basepair are belong to us :)
-- -- -- -- -- -- -- -- -- -- -- -- -- -- -- -- -- -- --
Processing: /home/kce/NLPPred/github/snip/data/compressed/whole_geno/combined_sped/chr1-22_20k_relu_512_c_snps_train.sped
Output path: /home/kce/NLPPred/github/snip/data/ldak_results/chr1-22_20k_relu_512_c_snps_train/hba1c.pheno.reml1
-- -- -- -- -- -- -- -- -- -- -- -- -- -- -- -- -- -- -- -- -- -- -- -- -- -- -- -- --
LDAK - Software for obtaining Linkage Disequilibrium Adjusted Kinships and Loads More
Version 5.2 - Help pages at http://www.ldak.org
-- -- -- -- -- -- -- -- -- -- -- -- -- -- -- -- -- -- -- -- -- -- -- -- -- -- -- -- --

There are 6 pairs of arguments:
--reml /home/kce/NLPPred/github/snip/data/ldak_results/chr1-22_20k_relu_512_c_snps_train/hba1c.pheno.reml1
--sped /home/kce/NLPPred/github/snip/data/compressed/whole_geno/combined_sped/chr1-22_20k_relu_512_c_snps_train
--pheno /home/kce/NLPPred/phenos/hba1c.pheno
--SNP-data NO
--grm /home/kce/NLPPred/github/snip/data/ldak_results/chr1-22_20k_relu_512_c_snps_train/hba1c.pheno.GCTA
--max-threads 4

Warning, genetic data files are provided but will not be used

-- -- -- -- -- -- -- -- -- -- -- -- -- -- -- -- -- -- -- -- -- -- -- -- -- -- -- -- --

Performing generalized REML with 1 kinship matrix and 0 regions

Variance components can be negative (to prevent this, use "--constrain YES")

Consider using "--covar" to provide covariates

Consider using "--top-preds" to include (strongly-associated) predictors; these will be treated as fixed effects, except that the variance they explain will count towards total heritability

If you would like to perform a permutation analysis, add "--permute YES"

-- -- -- -- -- -- -- -- -- -- -- -- -- -- -- -- -- -- -- -- -- -- -- -- -- -- -- -- --

Reading IDs for 20000 samples from /home/kce/NLPPred/github/snip/data/ldak_results/chr1-22_20k_relu_512_c_snps_train/hba1c.pheno.GCTA.grm.id
Checking responses for 379336 samples from /home/kce/NLPPred/phenos/hba1c.pheno
Due to missing phenotypic values, the number of samples is reduced from 20000 to 19052

Reading responses for 379336 samples from /home/kce/NLPPred/phenos/hba1c.pheno

Reading trace of kinship matrix with stem /home/kce/NLPPred/github/snip/data/ldak_results/chr1-22_20k_relu_512_c_snps_train/hba1c.pheno.GCTA
Warning, to store kinships will require approximately 2.7 Gb

Reading kinship matrix with stem /home/kce/NLPPred/github/snip/data/ldak_results/chr1-22_20k_relu_512_c_snps_train/hba1c.pheno.GCTA

Performing an eigen-decomposition; this can take a while
If preferred, you can perform the analysis in two steps; first replace the main argument with "--decompose" (this will save the eigen-decomposition) then restart adding "--eigen"

Iter	Her_K1	Her_All	Likelihood	Difference	Target	Num_Constrained
Start	0.5000	0.5000	-62322.85	n/a		0.001000	0
1	0.4040	0.4040	-62231.96	90.890282	0.001000	0
2	0.3043	0.3043	-62166.89	65.065799	0.001000	0
3	0.2055	0.2055	-62130.64	36.252342	0.001000	0
4	0.1363	0.1363	-62122.42	8.215992	0.001000	0
5	0.1354	0.1354	-62122.41	0.014386	0.001000	0
6	0.1354	0.1354	-62122.41	0.000000	0.001000	0

Main results saved in /home/kce/NLPPred/github/snip/data/ldak_results/chr1-22_20k_relu_512_c_snps_train/hba1c.pheno.reml1.reml

-- -- -- -- -- -- -- -- -- -- -- -- -- -- -- -- -- -- --
Mission completed. All your basepair are belong to us :)
-- -- -- -- -- -- -- -- -- -- -- -- -- -- -- -- -- -- --
Processing: /home/kce/NLPPred/github/snip/data/compressed/whole_geno/combined_sped/chr1-22_20k_relu_512_c_snps_train.sped
Output path: /home/kce/NLPPred/github/snip/data/ldak_results/chr1-22_20k_relu_512_c_snps_train/height.pheno.reml1
-- -- -- -- -- -- -- -- -- -- -- -- -- -- -- -- -- -- -- -- -- -- -- -- -- -- -- -- --
LDAK - Software for obtaining Linkage Disequilibrium Adjusted Kinships and Loads More
Version 5.2 - Help pages at http://www.ldak.org
-- -- -- -- -- -- -- -- -- -- -- -- -- -- -- -- -- -- -- -- -- -- -- -- -- -- -- -- --

There are 6 pairs of arguments:
--reml /home/kce/NLPPred/github/snip/data/ldak_results/chr1-22_20k_relu_512_c_snps_train/height.pheno.reml1
--sped /home/kce/NLPPred/github/snip/data/compressed/whole_geno/combined_sped/chr1-22_20k_relu_512_c_snps_train
--pheno /home/kce/NLPPred/phenos/height.pheno
--SNP-data NO
--grm /home/kce/NLPPred/github/snip/data/ldak_results/chr1-22_20k_relu_512_c_snps_train/height.pheno.GCTA
--max-threads 4

Warning, genetic data files are provided but will not be used

-- -- -- -- -- -- -- -- -- -- -- -- -- -- -- -- -- -- -- -- -- -- -- -- -- -- -- -- --

Performing generalized REML with 1 kinship matrix and 0 regions

Variance components can be negative (to prevent this, use "--constrain YES")

Consider using "--covar" to provide covariates

Consider using "--top-preds" to include (strongly-associated) predictors; these will be treated as fixed effects, except that the variance they explain will count towards total heritability

If you would like to perform a permutation analysis, add "--permute YES"

-- -- -- -- -- -- -- -- -- -- -- -- -- -- -- -- -- -- -- -- -- -- -- -- -- -- -- -- --

Reading IDs for 20000 samples from /home/kce/NLPPred/github/snip/data/ldak_results/chr1-22_20k_relu_512_c_snps_train/height.pheno.GCTA.grm.id
Checking responses for 397165 samples from /home/kce/NLPPred/phenos/height.pheno
Due to missing phenotypic values, the number of samples is reduced from 20000 to 19961

Reading responses for 397165 samples from /home/kce/NLPPred/phenos/height.pheno

Reading trace of kinship matrix with stem /home/kce/NLPPred/github/snip/data/ldak_results/chr1-22_20k_relu_512_c_snps_train/height.pheno.GCTA
Warning, to store kinships will require approximately 3.0 Gb

Reading kinship matrix with stem /home/kce/NLPPred/github/snip/data/ldak_results/chr1-22_20k_relu_512_c_snps_train/height.pheno.GCTA

Performing an eigen-decomposition; this can take a while
If preferred, you can perform the analysis in two steps; first replace the main argument with "--decompose" (this will save the eigen-decomposition) then restart adding "--eigen"

Iter	Her_K1	Her_All	Likelihood	Difference	Target	Num_Constrained
Start	0.5000	0.5000	-64628.34	n/a		0.001000	0
1	0.5140	0.5140	-64627.95	0.387476	0.001000	0
2	0.5136	0.5136	-64627.95	0.000406	0.001000	0

Main results saved in /home/kce/NLPPred/github/snip/data/ldak_results/chr1-22_20k_relu_512_c_snps_train/height.pheno.reml1.reml

-- -- -- -- -- -- -- -- -- -- -- -- -- -- -- -- -- -- --
Mission completed. All your basepair are belong to us :)
-- -- -- -- -- -- -- -- -- -- -- -- -- -- -- -- -- -- --
Processing: /home/kce/NLPPred/github/snip/data/compressed/whole_geno/combined_sped/chr1-22_20k_relu_512_c_snps_train.sped
Output path: /home/kce/NLPPred/github/snip/data/ldak_results/chr1-22_20k_relu_512_c_snps_train/urate.pheno.reml1
-- -- -- -- -- -- -- -- -- -- -- -- -- -- -- -- -- -- -- -- -- -- -- -- -- -- -- -- --
LDAK - Software for obtaining Linkage Disequilibrium Adjusted Kinships and Loads More
Version 5.2 - Help pages at http://www.ldak.org
-- -- -- -- -- -- -- -- -- -- -- -- -- -- -- -- -- -- -- -- -- -- -- -- -- -- -- -- --

There are 6 pairs of arguments:
--reml /home/kce/NLPPred/github/snip/data/ldak_results/chr1-22_20k_relu_512_c_snps_train/urate.pheno.reml1
--sped /home/kce/NLPPred/github/snip/data/compressed/whole_geno/combined_sped/chr1-22_20k_relu_512_c_snps_train
--pheno /home/kce/NLPPred/phenos/urate.pheno
--SNP-data NO
--grm /home/kce/NLPPred/github/snip/data/ldak_results/chr1-22_20k_relu_512_c_snps_train/urate.pheno.GCTA
--max-threads 4

Warning, genetic data files are provided but will not be used

-- -- -- -- -- -- -- -- -- -- -- -- -- -- -- -- -- -- -- -- -- -- -- -- -- -- -- -- --

Performing generalized REML with 1 kinship matrix and 0 regions

Variance components can be negative (to prevent this, use "--constrain YES")

Consider using "--covar" to provide covariates

Consider using "--top-preds" to include (strongly-associated) predictors; these will be treated as fixed effects, except that the variance they explain will count towards total heritability

If you would like to perform a permutation analysis, add "--permute YES"

-- -- -- -- -- -- -- -- -- -- -- -- -- -- -- -- -- -- -- -- -- -- -- -- -- -- -- -- --

Reading IDs for 20000 samples from /home/kce/NLPPred/github/snip/data/ldak_results/chr1-22_20k_relu_512_c_snps_train/urate.pheno.GCTA.grm.id
Checking responses for 379045 samples from /home/kce/NLPPred/phenos/urate.pheno
Due to missing phenotypic values, the number of samples is reduced from 20000 to 19033

Reading responses for 379045 samples from /home/kce/NLPPred/phenos/urate.pheno

Reading trace of kinship matrix with stem /home/kce/NLPPred/github/snip/data/ldak_results/chr1-22_20k_relu_512_c_snps_train/urate.pheno.GCTA
Warning, to store kinships will require approximately 2.7 Gb

Reading kinship matrix with stem /home/kce/NLPPred/github/snip/data/ldak_results/chr1-22_20k_relu_512_c_snps_train/urate.pheno.GCTA

Performing an eigen-decomposition; this can take a while
If preferred, you can perform the analysis in two steps; first replace the main argument with "--decompose" (this will save the eigen-decomposition) then restart adding "--eigen"

Iter	Her_K1	Her_All	Likelihood	Difference	Target	Num_Constrained
Start	0.5000	0.5000	-107526.40	n/a		0.001000	0
1	0.4032	0.4032	-107466.87	59.531619	0.001000	0
2	0.3025	0.3025	-107437.40	29.465704	0.001000	0
3	0.2642	0.2642	-107434.75	2.654700	0.001000	0
4	0.2655	0.2655	-107434.75	0.003934	0.001000	0
5	0.2655	0.2655	-107434.75	0.000005	0.001000	0

Main results saved in /home/kce/NLPPred/github/snip/data/ldak_results/chr1-22_20k_relu_512_c_snps_train/urate.pheno.reml1.reml

-- -- -- -- -- -- -- -- -- -- -- -- -- -- -- -- -- -- --
Mission completed. All your basepair are belong to us :)
-- -- -- -- -- -- -- -- -- -- -- -- -- -- -- -- -- -- --
Processing: /home/kce/NLPPred/github/snip/data/compressed/whole_geno/combined_sped/chr1-22_20k_relu_16_c_snps_train.sped
Output path: /home/kce/NLPPred/github/snip/data/ldak_results/chr1-22_20k_relu_16_c_snps_train/alkaline.pheno.reml1
-- -- -- -- -- -- -- -- -- -- -- -- -- -- -- -- -- -- -- -- -- -- -- -- -- -- -- -- --
LDAK - Software for obtaining Linkage Disequilibrium Adjusted Kinships and Loads More
Version 5.2 - Help pages at http://www.ldak.org
-- -- -- -- -- -- -- -- -- -- -- -- -- -- -- -- -- -- -- -- -- -- -- -- -- -- -- -- --

There are 6 pairs of arguments:
--reml /home/kce/NLPPred/github/snip/data/ldak_results/chr1-22_20k_relu_16_c_snps_train/alkaline.pheno.reml1
--sped /home/kce/NLPPred/github/snip/data/compressed/whole_geno/combined_sped/chr1-22_20k_relu_16_c_snps_train
--pheno /home/kce/NLPPred/phenos/alkaline.pheno
--SNP-data NO
--grm /home/kce/NLPPred/github/snip/data/ldak_results/chr1-22_20k_relu_16_c_snps_train/alkaline.pheno.GCTA
--max-threads 4

Warning, genetic data files are provided but will not be used

-- -- -- -- -- -- -- -- -- -- -- -- -- -- -- -- -- -- -- -- -- -- -- -- -- -- -- -- --

Performing generalized REML with 1 kinship matrix and 0 regions

Variance components can be negative (to prevent this, use "--constrain YES")

Consider using "--covar" to provide covariates

Consider using "--top-preds" to include (strongly-associated) predictors; these will be treated as fixed effects, except that the variance they explain will count towards total heritability

If you would like to perform a permutation analysis, add "--permute YES"

-- -- -- -- -- -- -- -- -- -- -- -- -- -- -- -- -- -- -- -- -- -- -- -- -- -- -- -- --

Reading IDs for 20000 samples from /home/kce/NLPPred/github/snip/data/ldak_results/chr1-22_20k_relu_16_c_snps_train/alkaline.pheno.GCTA.grm.id
Checking responses for 379514 samples from /home/kce/NLPPred/phenos/alkaline.pheno
Due to missing phenotypic values, the number of samples is reduced from 20000 to 19059

Reading responses for 379514 samples from /home/kce/NLPPred/phenos/alkaline.pheno

Reading trace of kinship matrix with stem /home/kce/NLPPred/github/snip/data/ldak_results/chr1-22_20k_relu_16_c_snps_train/alkaline.pheno.GCTA
Warning, to store kinships will require approximately 2.7 Gb

Reading kinship matrix with stem /home/kce/NLPPred/github/snip/data/ldak_results/chr1-22_20k_relu_16_c_snps_train/alkaline.pheno.GCTA

Performing an eigen-decomposition; this can take a while
If preferred, you can perform the analysis in two steps; first replace the main argument with "--decompose" (this will save the eigen-decomposition) then restart adding "--eigen"

Iter	Her_K1	Her_All	Likelihood	Difference	Target	Num_Constrained
Start	0.5000	0.5000	-89527.45	n/a		0.001000	0
1	0.4032	0.4032	-89464.00	63.456355	0.001000	0
2	0.3028	0.3028	-89425.47	38.526706	0.001000	0
3	0.2165	0.2165	-89414.59	10.882247	0.001000	0
4	0.2185	0.2185	-89414.56	0.029865	0.001000	0
5	0.2185	0.2185	-89414.56	0.000003	0.001000	0

Main results saved in /home/kce/NLPPred/github/snip/data/ldak_results/chr1-22_20k_relu_16_c_snps_train/alkaline.pheno.reml1.reml

-- -- -- -- -- -- -- -- -- -- -- -- -- -- -- -- -- -- --
Mission completed. All your basepair are belong to us :)
-- -- -- -- -- -- -- -- -- -- -- -- -- -- -- -- -- -- --
Processing: /home/kce/NLPPred/github/snip/data/compressed/whole_geno/combined_sped/chr1-22_20k_relu_16_c_snps_train.sped
Output path: /home/kce/NLPPred/github/snip/data/ldak_results/chr1-22_20k_relu_16_c_snps_train/bilirubin.pheno.reml1
-- -- -- -- -- -- -- -- -- -- -- -- -- -- -- -- -- -- -- -- -- -- -- -- -- -- -- -- --
LDAK - Software for obtaining Linkage Disequilibrium Adjusted Kinships and Loads More
Version 5.2 - Help pages at http://www.ldak.org
-- -- -- -- -- -- -- -- -- -- -- -- -- -- -- -- -- -- -- -- -- -- -- -- -- -- -- -- --

There are 6 pairs of arguments:
--reml /home/kce/NLPPred/github/snip/data/ldak_results/chr1-22_20k_relu_16_c_snps_train/bilirubin.pheno.reml1
--sped /home/kce/NLPPred/github/snip/data/compressed/whole_geno/combined_sped/chr1-22_20k_relu_16_c_snps_train
--pheno /home/kce/NLPPred/phenos/bilirubin.pheno
--SNP-data NO
--grm /home/kce/NLPPred/github/snip/data/ldak_results/chr1-22_20k_relu_16_c_snps_train/bilirubin.pheno.GCTA
--max-threads 4

Warning, genetic data files are provided but will not be used

-- -- -- -- -- -- -- -- -- -- -- -- -- -- -- -- -- -- -- -- -- -- -- -- -- -- -- -- --

Performing generalized REML with 1 kinship matrix and 0 regions

Variance components can be negative (to prevent this, use "--constrain YES")

Consider using "--covar" to provide covariates

Consider using "--top-preds" to include (strongly-associated) predictors; these will be treated as fixed effects, except that the variance they explain will count towards total heritability

If you would like to perform a permutation analysis, add "--permute YES"

-- -- -- -- -- -- -- -- -- -- -- -- -- -- -- -- -- -- -- -- -- -- -- -- -- -- -- -- --

Reading IDs for 20000 samples from /home/kce/NLPPred/github/snip/data/ldak_results/chr1-22_20k_relu_16_c_snps_train/bilirubin.pheno.GCTA.grm.id
Checking responses for 377893 samples from /home/kce/NLPPred/phenos/bilirubin.pheno
Due to missing phenotypic values, the number of samples is reduced from 20000 to 18979

Reading responses for 377893 samples from /home/kce/NLPPred/phenos/bilirubin.pheno

Reading trace of kinship matrix with stem /home/kce/NLPPred/github/snip/data/ldak_results/chr1-22_20k_relu_16_c_snps_train/bilirubin.pheno.GCTA
Warning, to store kinships will require approximately 2.7 Gb

Reading kinship matrix with stem /home/kce/NLPPred/github/snip/data/ldak_results/chr1-22_20k_relu_16_c_snps_train/bilirubin.pheno.GCTA

Performing an eigen-decomposition; this can take a while
If preferred, you can perform the analysis in two steps; first replace the main argument with "--decompose" (this will save the eigen-decomposition) then restart adding "--eigen"

Iter	Her_K1	Her_All	Likelihood	Difference	Target	Num_Constrained
Start	0.5000	0.5000	-53839.37	n/a		0.001000	0
1	0.5493	0.5493	-53835.43	3.941123	0.001000	0
2	0.5435	0.5435	-53835.38	0.048214	0.001000	0
3	0.5441	0.5441	-53835.38	0.000352	0.001000	0

Main results saved in /home/kce/NLPPred/github/snip/data/ldak_results/chr1-22_20k_relu_16_c_snps_train/bilirubin.pheno.reml1.reml

-- -- -- -- -- -- -- -- -- -- -- -- -- -- -- -- -- -- --
Mission completed. All your basepair are belong to us :)
-- -- -- -- -- -- -- -- -- -- -- -- -- -- -- -- -- -- --
Processing: /home/kce/NLPPred/github/snip/data/compressed/whole_geno/combined_sped/chr1-22_20k_relu_16_c_snps_train.sped
Output path: /home/kce/NLPPred/github/snip/data/ldak_results/chr1-22_20k_relu_16_c_snps_train/cholesterol.pheno.reml1
-- -- -- -- -- -- -- -- -- -- -- -- -- -- -- -- -- -- -- -- -- -- -- -- -- -- -- -- --
LDAK - Software for obtaining Linkage Disequilibrium Adjusted Kinships and Loads More
Version 5.2 - Help pages at http://www.ldak.org
-- -- -- -- -- -- -- -- -- -- -- -- -- -- -- -- -- -- -- -- -- -- -- -- -- -- -- -- --

There are 6 pairs of arguments:
--reml /home/kce/NLPPred/github/snip/data/ldak_results/chr1-22_20k_relu_16_c_snps_train/cholesterol.pheno.reml1
--sped /home/kce/NLPPred/github/snip/data/compressed/whole_geno/combined_sped/chr1-22_20k_relu_16_c_snps_train
--pheno /home/kce/NLPPred/phenos/cholesterol.pheno
--SNP-data NO
--grm /home/kce/NLPPred/github/snip/data/ldak_results/chr1-22_20k_relu_16_c_snps_train/cholesterol.pheno.GCTA
--max-threads 4

Warning, genetic data files are provided but will not be used

-- -- -- -- -- -- -- -- -- -- -- -- -- -- -- -- -- -- -- -- -- -- -- -- -- -- -- -- --

Performing generalized REML with 1 kinship matrix and 0 regions

Variance components can be negative (to prevent this, use "--constrain YES")

Consider using "--covar" to provide covariates

Consider using "--top-preds" to include (strongly-associated) predictors; these will be treated as fixed effects, except that the variance they explain will count towards total heritability

If you would like to perform a permutation analysis, add "--permute YES"

-- -- -- -- -- -- -- -- -- -- -- -- -- -- -- -- -- -- -- -- -- -- -- -- -- -- -- -- --

Reading IDs for 20000 samples from /home/kce/NLPPred/github/snip/data/ldak_results/chr1-22_20k_relu_16_c_snps_train/cholesterol.pheno.GCTA.grm.id
Checking responses for 379494 samples from /home/kce/NLPPred/phenos/cholesterol.pheno
Due to missing phenotypic values, the number of samples is reduced from 20000 to 19058

Reading responses for 379494 samples from /home/kce/NLPPred/phenos/cholesterol.pheno

Reading trace of kinship matrix with stem /home/kce/NLPPred/github/snip/data/ldak_results/chr1-22_20k_relu_16_c_snps_train/cholesterol.pheno.GCTA
Warning, to store kinships will require approximately 2.7 Gb

Reading kinship matrix with stem /home/kce/NLPPred/github/snip/data/ldak_results/chr1-22_20k_relu_16_c_snps_train/cholesterol.pheno.GCTA

Performing an eigen-decomposition; this can take a while
If preferred, you can perform the analysis in two steps; first replace the main argument with "--decompose" (this will save the eigen-decomposition) then restart adding "--eigen"

Iter	Her_K1	Her_All	Likelihood	Difference	Target	Num_Constrained
Start	0.5000	0.5000	-29301.19	n/a		0.001000	0
1	0.4037	0.4037	-29226.92	74.270509	0.001000	0
2	0.3037	0.3037	-29176.61	50.307629	0.001000	0
3	0.2061	0.2061	-29153.71	22.896892	0.001000	0
4	0.1765	0.1765	-29152.19	1.526656	0.001000	0
5	0.1777	0.1777	-29152.18	0.002478	0.001000	0
6	0.1777	0.1777	-29152.18	0.000004	0.001000	0

Main results saved in /home/kce/NLPPred/github/snip/data/ldak_results/chr1-22_20k_relu_16_c_snps_train/cholesterol.pheno.reml1.reml

-- -- -- -- -- -- -- -- -- -- -- -- -- -- -- -- -- -- --
Mission completed. All your basepair are belong to us :)
-- -- -- -- -- -- -- -- -- -- -- -- -- -- -- -- -- -- --
Processing: /home/kce/NLPPred/github/snip/data/compressed/whole_geno/combined_sped/chr1-22_20k_relu_16_c_snps_train.sped
Output path: /home/kce/NLPPred/github/snip/data/ldak_results/chr1-22_20k_relu_16_c_snps_train/hba1c.pheno.reml1
-- -- -- -- -- -- -- -- -- -- -- -- -- -- -- -- -- -- -- -- -- -- -- -- -- -- -- -- --
LDAK - Software for obtaining Linkage Disequilibrium Adjusted Kinships and Loads More
Version 5.2 - Help pages at http://www.ldak.org
-- -- -- -- -- -- -- -- -- -- -- -- -- -- -- -- -- -- -- -- -- -- -- -- -- -- -- -- --

There are 6 pairs of arguments:
--reml /home/kce/NLPPred/github/snip/data/ldak_results/chr1-22_20k_relu_16_c_snps_train/hba1c.pheno.reml1
--sped /home/kce/NLPPred/github/snip/data/compressed/whole_geno/combined_sped/chr1-22_20k_relu_16_c_snps_train
--pheno /home/kce/NLPPred/phenos/hba1c.pheno
--SNP-data NO
--grm /home/kce/NLPPred/github/snip/data/ldak_results/chr1-22_20k_relu_16_c_snps_train/hba1c.pheno.GCTA
--max-threads 4

Warning, genetic data files are provided but will not be used

-- -- -- -- -- -- -- -- -- -- -- -- -- -- -- -- -- -- -- -- -- -- -- -- -- -- -- -- --

Performing generalized REML with 1 kinship matrix and 0 regions

Variance components can be negative (to prevent this, use "--constrain YES")

Consider using "--covar" to provide covariates

Consider using "--top-preds" to include (strongly-associated) predictors; these will be treated as fixed effects, except that the variance they explain will count towards total heritability

If you would like to perform a permutation analysis, add "--permute YES"

-- -- -- -- -- -- -- -- -- -- -- -- -- -- -- -- -- -- -- -- -- -- -- -- -- -- -- -- --

Reading IDs for 20000 samples from /home/kce/NLPPred/github/snip/data/ldak_results/chr1-22_20k_relu_16_c_snps_train/hba1c.pheno.GCTA.grm.id
Checking responses for 379336 samples from /home/kce/NLPPred/phenos/hba1c.pheno
Due to missing phenotypic values, the number of samples is reduced from 20000 to 19052

Reading responses for 379336 samples from /home/kce/NLPPred/phenos/hba1c.pheno

Reading trace of kinship matrix with stem /home/kce/NLPPred/github/snip/data/ldak_results/chr1-22_20k_relu_16_c_snps_train/hba1c.pheno.GCTA
Warning, to store kinships will require approximately 2.7 Gb

Reading kinship matrix with stem /home/kce/NLPPred/github/snip/data/ldak_results/chr1-22_20k_relu_16_c_snps_train/hba1c.pheno.GCTA

Performing an eigen-decomposition; this can take a while
If preferred, you can perform the analysis in two steps; first replace the main argument with "--decompose" (this will save the eigen-decomposition) then restart adding "--eigen"

Iter	Her_K1	Her_All	Likelihood	Difference	Target	Num_Constrained
Start	0.5000	0.5000	-62282.78	n/a		0.001000	0
1	0.4035	0.4035	-62206.53	76.246518	0.001000	0
2	0.3036	0.3036	-62152.96	53.576452	0.001000	0
3	0.2052	0.2052	-62124.77	28.190058	0.001000	0
4	0.1500	0.1500	-62120.06	4.708434	0.001000	0
5	0.1491	0.1491	-62120.05	0.005431	0.001000	0
6	0.1491	0.1491	-62120.05	0.000000	0.001000	0

Main results saved in /home/kce/NLPPred/github/snip/data/ldak_results/chr1-22_20k_relu_16_c_snps_train/hba1c.pheno.reml1.reml

-- -- -- -- -- -- -- -- -- -- -- -- -- -- -- -- -- -- --
Mission completed. All your basepair are belong to us :)
-- -- -- -- -- -- -- -- -- -- -- -- -- -- -- -- -- -- --
Processing: /home/kce/NLPPred/github/snip/data/compressed/whole_geno/combined_sped/chr1-22_20k_relu_16_c_snps_train.sped
Output path: /home/kce/NLPPred/github/snip/data/ldak_results/chr1-22_20k_relu_16_c_snps_train/height.pheno.reml1
-- -- -- -- -- -- -- -- -- -- -- -- -- -- -- -- -- -- -- -- -- -- -- -- -- -- -- -- --
LDAK - Software for obtaining Linkage Disequilibrium Adjusted Kinships and Loads More
Version 5.2 - Help pages at http://www.ldak.org
-- -- -- -- -- -- -- -- -- -- -- -- -- -- -- -- -- -- -- -- -- -- -- -- -- -- -- -- --

There are 6 pairs of arguments:
--reml /home/kce/NLPPred/github/snip/data/ldak_results/chr1-22_20k_relu_16_c_snps_train/height.pheno.reml1
--sped /home/kce/NLPPred/github/snip/data/compressed/whole_geno/combined_sped/chr1-22_20k_relu_16_c_snps_train
--pheno /home/kce/NLPPred/phenos/height.pheno
--SNP-data NO
--grm /home/kce/NLPPred/github/snip/data/ldak_results/chr1-22_20k_relu_16_c_snps_train/height.pheno.GCTA
--max-threads 4

Warning, genetic data files are provided but will not be used

-- -- -- -- -- -- -- -- -- -- -- -- -- -- -- -- -- -- -- -- -- -- -- -- -- -- -- -- --

Performing generalized REML with 1 kinship matrix and 0 regions

Variance components can be negative (to prevent this, use "--constrain YES")

Consider using "--covar" to provide covariates

Consider using "--top-preds" to include (strongly-associated) predictors; these will be treated as fixed effects, except that the variance they explain will count towards total heritability

If you would like to perform a permutation analysis, add "--permute YES"

-- -- -- -- -- -- -- -- -- -- -- -- -- -- -- -- -- -- -- -- -- -- -- -- -- -- -- -- --

Reading IDs for 20000 samples from /home/kce/NLPPred/github/snip/data/ldak_results/chr1-22_20k_relu_16_c_snps_train/height.pheno.GCTA.grm.id
Checking responses for 397165 samples from /home/kce/NLPPred/phenos/height.pheno
Due to missing phenotypic values, the number of samples is reduced from 20000 to 19961

Reading responses for 397165 samples from /home/kce/NLPPred/phenos/height.pheno

Reading trace of kinship matrix with stem /home/kce/NLPPred/github/snip/data/ldak_results/chr1-22_20k_relu_16_c_snps_train/height.pheno.GCTA
Warning, to store kinships will require approximately 3.0 Gb

Reading kinship matrix with stem /home/kce/NLPPred/github/snip/data/ldak_results/chr1-22_20k_relu_16_c_snps_train/height.pheno.GCTA

Performing an eigen-decomposition; this can take a while
If preferred, you can perform the analysis in two steps; first replace the main argument with "--decompose" (this will save the eigen-decomposition) then restart adding "--eigen"

Iter	Her_K1	Her_All	Likelihood	Difference	Target	Num_Constrained
Start	0.5000	0.5000	-64652.28	n/a		0.001000	0
1	0.5263	0.5263	-64651.15	1.129915	0.001000	0
2	0.5253	0.5253	-64651.15	0.001780	0.001000	0
3	0.5253	0.5253	-64651.15	0.000001	0.001000	0

Main results saved in /home/kce/NLPPred/github/snip/data/ldak_results/chr1-22_20k_relu_16_c_snps_train/height.pheno.reml1.reml

-- -- -- -- -- -- -- -- -- -- -- -- -- -- -- -- -- -- --
Mission completed. All your basepair are belong to us :)
-- -- -- -- -- -- -- -- -- -- -- -- -- -- -- -- -- -- --
Processing: /home/kce/NLPPred/github/snip/data/compressed/whole_geno/combined_sped/chr1-22_20k_relu_16_c_snps_train.sped
Output path: /home/kce/NLPPred/github/snip/data/ldak_results/chr1-22_20k_relu_16_c_snps_train/urate.pheno.reml1
-- -- -- -- -- -- -- -- -- -- -- -- -- -- -- -- -- -- -- -- -- -- -- -- -- -- -- -- --
LDAK - Software for obtaining Linkage Disequilibrium Adjusted Kinships and Loads More
Version 5.2 - Help pages at http://www.ldak.org
-- -- -- -- -- -- -- -- -- -- -- -- -- -- -- -- -- -- -- -- -- -- -- -- -- -- -- -- --

There are 6 pairs of arguments:
--reml /home/kce/NLPPred/github/snip/data/ldak_results/chr1-22_20k_relu_16_c_snps_train/urate.pheno.reml1
--sped /home/kce/NLPPred/github/snip/data/compressed/whole_geno/combined_sped/chr1-22_20k_relu_16_c_snps_train
--pheno /home/kce/NLPPred/phenos/urate.pheno
--SNP-data NO
--grm /home/kce/NLPPred/github/snip/data/ldak_results/chr1-22_20k_relu_16_c_snps_train/urate.pheno.GCTA
--max-threads 4

Warning, genetic data files are provided but will not be used

-- -- -- -- -- -- -- -- -- -- -- -- -- -- -- -- -- -- -- -- -- -- -- -- -- -- -- -- --

Performing generalized REML with 1 kinship matrix and 0 regions

Variance components can be negative (to prevent this, use "--constrain YES")

Consider using "--covar" to provide covariates

Consider using "--top-preds" to include (strongly-associated) predictors; these will be treated as fixed effects, except that the variance they explain will count towards total heritability

If you would like to perform a permutation analysis, add "--permute YES"

-- -- -- -- -- -- -- -- -- -- -- -- -- -- -- -- -- -- -- -- -- -- -- -- -- -- -- -- --

Reading IDs for 20000 samples from /home/kce/NLPPred/github/snip/data/ldak_results/chr1-22_20k_relu_16_c_snps_train/urate.pheno.GCTA.grm.id
Checking responses for 379045 samples from /home/kce/NLPPred/phenos/urate.pheno
Due to missing phenotypic values, the number of samples is reduced from 20000 to 19033

Reading responses for 379045 samples from /home/kce/NLPPred/phenos/urate.pheno

Reading trace of kinship matrix with stem /home/kce/NLPPred/github/snip/data/ldak_results/chr1-22_20k_relu_16_c_snps_train/urate.pheno.GCTA
Warning, to store kinships will require approximately 2.7 Gb

Reading kinship matrix with stem /home/kce/NLPPred/github/snip/data/ldak_results/chr1-22_20k_relu_16_c_snps_train/urate.pheno.GCTA

Performing an eigen-decomposition; this can take a while
If preferred, you can perform the analysis in two steps; first replace the main argument with "--decompose" (this will save the eigen-decomposition) then restart adding "--eigen"

Iter	Her_K1	Her_All	Likelihood	Difference	Target	Num_Constrained
Start	0.5000	0.5000	-107518.52	n/a		0.001000	0
1	0.4027	0.4027	-107468.61	49.909843	0.001000	0
2	0.3024	0.3024	-107444.77	23.835050	0.001000	0
3	0.2701	0.2701	-107443.08	1.686680	0.001000	0
4	0.2709	0.2709	-107443.08	0.001552	0.001000	0
5	0.2709	0.2709	-107443.08	0.000001	0.001000	0

Main results saved in /home/kce/NLPPred/github/snip/data/ldak_results/chr1-22_20k_relu_16_c_snps_train/urate.pheno.reml1.reml

-- -- -- -- -- -- -- -- -- -- -- -- -- -- -- -- -- -- --
Mission completed. All your basepair are belong to us :)
-- -- -- -- -- -- -- -- -- -- -- -- -- -- -- -- -- -- --
Processing: /home/kce/NLPPred/github/snip/data/compressed/whole_geno/combined_sped/chr1-22_20k_identity_512_c_snps_train.sped
Output path: /home/kce/NLPPred/github/snip/data/ldak_results/chr1-22_20k_identity_512_c_snps_train/alkaline.pheno.reml1
-- -- -- -- -- -- -- -- -- -- -- -- -- -- -- -- -- -- -- -- -- -- -- -- -- -- -- -- --
LDAK - Software for obtaining Linkage Disequilibrium Adjusted Kinships and Loads More
Version 5.2 - Help pages at http://www.ldak.org
-- -- -- -- -- -- -- -- -- -- -- -- -- -- -- -- -- -- -- -- -- -- -- -- -- -- -- -- --

There are 6 pairs of arguments:
--reml /home/kce/NLPPred/github/snip/data/ldak_results/chr1-22_20k_identity_512_c_snps_train/alkaline.pheno.reml1
--sped /home/kce/NLPPred/github/snip/data/compressed/whole_geno/combined_sped/chr1-22_20k_identity_512_c_snps_train
--pheno /home/kce/NLPPred/phenos/alkaline.pheno
--SNP-data NO
--grm /home/kce/NLPPred/github/snip/data/ldak_results/chr1-22_20k_identity_512_c_snps_train/alkaline.pheno.GCTA
--max-threads 4

Warning, genetic data files are provided but will not be used

-- -- -- -- -- -- -- -- -- -- -- -- -- -- -- -- -- -- -- -- -- -- -- -- -- -- -- -- --

Performing generalized REML with 1 kinship matrix and 0 regions

Variance components can be negative (to prevent this, use "--constrain YES")

Consider using "--covar" to provide covariates

Consider using "--top-preds" to include (strongly-associated) predictors; these will be treated as fixed effects, except that the variance they explain will count towards total heritability

If you would like to perform a permutation analysis, add "--permute YES"

-- -- -- -- -- -- -- -- -- -- -- -- -- -- -- -- -- -- -- -- -- -- -- -- -- -- -- -- --

Reading IDs for 20000 samples from /home/kce/NLPPred/github/snip/data/ldak_results/chr1-22_20k_identity_512_c_snps_train/alkaline.pheno.GCTA.grm.id
Checking responses for 379514 samples from /home/kce/NLPPred/phenos/alkaline.pheno
Due to missing phenotypic values, the number of samples is reduced from 20000 to 19059

Reading responses for 379514 samples from /home/kce/NLPPred/phenos/alkaline.pheno

Reading trace of kinship matrix with stem /home/kce/NLPPred/github/snip/data/ldak_results/chr1-22_20k_identity_512_c_snps_train/alkaline.pheno.GCTA
Warning, to store kinships will require approximately 2.7 Gb

Reading kinship matrix with stem /home/kce/NLPPred/github/snip/data/ldak_results/chr1-22_20k_identity_512_c_snps_train/alkaline.pheno.GCTA

Performing an eigen-decomposition; this can take a while
If preferred, you can perform the analysis in two steps; first replace the main argument with "--decompose" (this will save the eigen-decomposition) then restart adding "--eigen"

Iter	Her_K1	Her_All	Likelihood	Difference	Target	Num_Constrained
Start	0.5000	0.5000	-89510.89	n/a		0.001000	0
1	0.4032	0.4032	-89444.19	66.700558	0.001000	0
2	0.3027	0.3027	-89405.28	38.909992	0.001000	0
3	0.2312	0.2312	-89396.54	8.740066	0.001000	0
4	0.2316	0.2316	-89396.52	0.015717	0.001000	0
5	0.2316	0.2316	-89396.52	0.000000	0.001000	0

Main results saved in /home/kce/NLPPred/github/snip/data/ldak_results/chr1-22_20k_identity_512_c_snps_train/alkaline.pheno.reml1.reml

-- -- -- -- -- -- -- -- -- -- -- -- -- -- -- -- -- -- --
Mission completed. All your basepair are belong to us :)
-- -- -- -- -- -- -- -- -- -- -- -- -- -- -- -- -- -- --
Processing: /home/kce/NLPPred/github/snip/data/compressed/whole_geno/combined_sped/chr1-22_20k_identity_512_c_snps_train.sped
Output path: /home/kce/NLPPred/github/snip/data/ldak_results/chr1-22_20k_identity_512_c_snps_train/bilirubin.pheno.reml1
-- -- -- -- -- -- -- -- -- -- -- -- -- -- -- -- -- -- -- -- -- -- -- -- -- -- -- -- --
LDAK - Software for obtaining Linkage Disequilibrium Adjusted Kinships and Loads More
Version 5.2 - Help pages at http://www.ldak.org
-- -- -- -- -- -- -- -- -- -- -- -- -- -- -- -- -- -- -- -- -- -- -- -- -- -- -- -- --

There are 6 pairs of arguments:
--reml /home/kce/NLPPred/github/snip/data/ldak_results/chr1-22_20k_identity_512_c_snps_train/bilirubin.pheno.reml1
--sped /home/kce/NLPPred/github/snip/data/compressed/whole_geno/combined_sped/chr1-22_20k_identity_512_c_snps_train
--pheno /home/kce/NLPPred/phenos/bilirubin.pheno
--SNP-data NO
--grm /home/kce/NLPPred/github/snip/data/ldak_results/chr1-22_20k_identity_512_c_snps_train/bilirubin.pheno.GCTA
--max-threads 4

Warning, genetic data files are provided but will not be used

-- -- -- -- -- -- -- -- -- -- -- -- -- -- -- -- -- -- -- -- -- -- -- -- -- -- -- -- --

Performing generalized REML with 1 kinship matrix and 0 regions

Variance components can be negative (to prevent this, use "--constrain YES")

Consider using "--covar" to provide covariates

Consider using "--top-preds" to include (strongly-associated) predictors; these will be treated as fixed effects, except that the variance they explain will count towards total heritability

If you would like to perform a permutation analysis, add "--permute YES"

-- -- -- -- -- -- -- -- -- -- -- -- -- -- -- -- -- -- -- -- -- -- -- -- -- -- -- -- --

Reading IDs for 20000 samples from /home/kce/NLPPred/github/snip/data/ldak_results/chr1-22_20k_identity_512_c_snps_train/bilirubin.pheno.GCTA.grm.id
Checking responses for 377893 samples from /home/kce/NLPPred/phenos/bilirubin.pheno
Due to missing phenotypic values, the number of samples is reduced from 20000 to 18979

Reading responses for 377893 samples from /home/kce/NLPPred/phenos/bilirubin.pheno

Reading trace of kinship matrix with stem /home/kce/NLPPred/github/snip/data/ldak_results/chr1-22_20k_identity_512_c_snps_train/bilirubin.pheno.GCTA
Warning, to store kinships will require approximately 2.7 Gb

Reading kinship matrix with stem /home/kce/NLPPred/github/snip/data/ldak_results/chr1-22_20k_identity_512_c_snps_train/bilirubin.pheno.GCTA

Performing an eigen-decomposition; this can take a while
If preferred, you can perform the analysis in two steps; first replace the main argument with "--decompose" (this will save the eigen-decomposition) then restart adding "--eigen"

Iter	Her_K1	Her_All	Likelihood	Difference	Target	Num_Constrained
Start	0.5000	0.5000	-53754.56	n/a		0.001000	0
1	0.5513	0.5513	-53749.45	5.117050	0.001000	0
2	0.5448	0.5448	-53749.38	0.072039	0.001000	0
3	0.5454	0.5454	-53749.37	0.000576	0.001000	0

Main results saved in /home/kce/NLPPred/github/snip/data/ldak_results/chr1-22_20k_identity_512_c_snps_train/bilirubin.pheno.reml1.reml

-- -- -- -- -- -- -- -- -- -- -- -- -- -- -- -- -- -- --
Mission completed. All your basepair are belong to us :)
-- -- -- -- -- -- -- -- -- -- -- -- -- -- -- -- -- -- --
Processing: /home/kce/NLPPred/github/snip/data/compressed/whole_geno/combined_sped/chr1-22_20k_identity_512_c_snps_train.sped
Output path: /home/kce/NLPPred/github/snip/data/ldak_results/chr1-22_20k_identity_512_c_snps_train/cholesterol.pheno.reml1
-- -- -- -- -- -- -- -- -- -- -- -- -- -- -- -- -- -- -- -- -- -- -- -- -- -- -- -- --
LDAK - Software for obtaining Linkage Disequilibrium Adjusted Kinships and Loads More
Version 5.2 - Help pages at http://www.ldak.org
-- -- -- -- -- -- -- -- -- -- -- -- -- -- -- -- -- -- -- -- -- -- -- -- -- -- -- -- --

There are 6 pairs of arguments:
--reml /home/kce/NLPPred/github/snip/data/ldak_results/chr1-22_20k_identity_512_c_snps_train/cholesterol.pheno.reml1
--sped /home/kce/NLPPred/github/snip/data/compressed/whole_geno/combined_sped/chr1-22_20k_identity_512_c_snps_train
--pheno /home/kce/NLPPred/phenos/cholesterol.pheno
--SNP-data NO
--grm /home/kce/NLPPred/github/snip/data/ldak_results/chr1-22_20k_identity_512_c_snps_train/cholesterol.pheno.GCTA
--max-threads 4

Warning, genetic data files are provided but will not be used

-- -- -- -- -- -- -- -- -- -- -- -- -- -- -- -- -- -- -- -- -- -- -- -- -- -- -- -- --

Performing generalized REML with 1 kinship matrix and 0 regions

Variance components can be negative (to prevent this, use "--constrain YES")

Consider using "--covar" to provide covariates

Consider using "--top-preds" to include (strongly-associated) predictors; these will be treated as fixed effects, except that the variance they explain will count towards total heritability

If you would like to perform a permutation analysis, add "--permute YES"

-- -- -- -- -- -- -- -- -- -- -- -- -- -- -- -- -- -- -- -- -- -- -- -- -- -- -- -- --

Reading IDs for 20000 samples from /home/kce/NLPPred/github/snip/data/ldak_results/chr1-22_20k_identity_512_c_snps_train/cholesterol.pheno.GCTA.grm.id
Checking responses for 379494 samples from /home/kce/NLPPred/phenos/cholesterol.pheno
Due to missing phenotypic values, the number of samples is reduced from 20000 to 19058

Reading responses for 379494 samples from /home/kce/NLPPred/phenos/cholesterol.pheno

Reading trace of kinship matrix with stem /home/kce/NLPPred/github/snip/data/ldak_results/chr1-22_20k_identity_512_c_snps_train/cholesterol.pheno.GCTA
Warning, to store kinships will require approximately 2.7 Gb

Reading kinship matrix with stem /home/kce/NLPPred/github/snip/data/ldak_results/chr1-22_20k_identity_512_c_snps_train/cholesterol.pheno.GCTA

Performing an eigen-decomposition; this can take a while
If preferred, you can perform the analysis in two steps; first replace the main argument with "--decompose" (this will save the eigen-decomposition) then restart adding "--eigen"

Iter	Her_K1	Her_All	Likelihood	Difference	Target	Num_Constrained
Start	0.5000	0.5000	-29301.89	n/a		0.001000	0
1	0.4040	0.4040	-29220.87	81.013381	0.001000	0
2	0.3039	0.3039	-29166.47	54.406310	0.001000	0
3	0.2071	0.2071	-29142.91	23.558537	0.001000	0
4	0.1841	0.1841	-29141.77	1.140911	0.001000	0
5	0.1847	0.1847	-29141.77	0.000811	0.001000	0

Main results saved in /home/kce/NLPPred/github/snip/data/ldak_results/chr1-22_20k_identity_512_c_snps_train/cholesterol.pheno.reml1.reml

-- -- -- -- -- -- -- -- -- -- -- -- -- -- -- -- -- -- --
Mission completed. All your basepair are belong to us :)
-- -- -- -- -- -- -- -- -- -- -- -- -- -- -- -- -- -- --
Processing: /home/kce/NLPPred/github/snip/data/compressed/whole_geno/combined_sped/chr1-22_20k_identity_512_c_snps_train.sped
Output path: /home/kce/NLPPred/github/snip/data/ldak_results/chr1-22_20k_identity_512_c_snps_train/hba1c.pheno.reml1
-- -- -- -- -- -- -- -- -- -- -- -- -- -- -- -- -- -- -- -- -- -- -- -- -- -- -- -- --
LDAK - Software for obtaining Linkage Disequilibrium Adjusted Kinships and Loads More
Version 5.2 - Help pages at http://www.ldak.org
-- -- -- -- -- -- -- -- -- -- -- -- -- -- -- -- -- -- -- -- -- -- -- -- -- -- -- -- --

There are 6 pairs of arguments:
--reml /home/kce/NLPPred/github/snip/data/ldak_results/chr1-22_20k_identity_512_c_snps_train/hba1c.pheno.reml1
--sped /home/kce/NLPPred/github/snip/data/compressed/whole_geno/combined_sped/chr1-22_20k_identity_512_c_snps_train
--pheno /home/kce/NLPPred/phenos/hba1c.pheno
--SNP-data NO
--grm /home/kce/NLPPred/github/snip/data/ldak_results/chr1-22_20k_identity_512_c_snps_train/hba1c.pheno.GCTA
--max-threads 4

Warning, genetic data files are provided but will not be used

-- -- -- -- -- -- -- -- -- -- -- -- -- -- -- -- -- -- -- -- -- -- -- -- -- -- -- -- --

Performing generalized REML with 1 kinship matrix and 0 regions

Variance components can be negative (to prevent this, use "--constrain YES")

Consider using "--covar" to provide covariates

Consider using "--top-preds" to include (strongly-associated) predictors; these will be treated as fixed effects, except that the variance they explain will count towards total heritability

If you would like to perform a permutation analysis, add "--permute YES"

-- -- -- -- -- -- -- -- -- -- -- -- -- -- -- -- -- -- -- -- -- -- -- -- -- -- -- -- --

Reading IDs for 20000 samples from /home/kce/NLPPred/github/snip/data/ldak_results/chr1-22_20k_identity_512_c_snps_train/hba1c.pheno.GCTA.grm.id
Checking responses for 379336 samples from /home/kce/NLPPred/phenos/hba1c.pheno
Due to missing phenotypic values, the number of samples is reduced from 20000 to 19052

Reading responses for 379336 samples from /home/kce/NLPPred/phenos/hba1c.pheno

Reading trace of kinship matrix with stem /home/kce/NLPPred/github/snip/data/ldak_results/chr1-22_20k_identity_512_c_snps_train/hba1c.pheno.GCTA
Warning, to store kinships will require approximately 2.7 Gb

Reading kinship matrix with stem /home/kce/NLPPred/github/snip/data/ldak_results/chr1-22_20k_identity_512_c_snps_train/hba1c.pheno.GCTA

Performing an eigen-decomposition; this can take a while
If preferred, you can perform the analysis in two steps; first replace the main argument with "--decompose" (this will save the eigen-decomposition) then restart adding "--eigen"

Iter	Her_K1	Her_All	Likelihood	Difference	Target	Num_Constrained
Start	0.5000	0.5000	-62320.68	n/a		0.001000	0
1	0.4041	0.4041	-62230.90	89.781782	0.001000	0
2	0.3044	0.3044	-62165.68	65.222872	0.001000	0
3	0.2055	0.2055	-62128.81	36.870419	0.001000	0
4	0.1369	0.1369	-62120.45	8.354568	0.001000	0
5	0.1363	0.1363	-62120.44	0.014355	0.001000	0
6	0.1363	0.1363	-62120.44	0.000000	0.001000	0

Main results saved in /home/kce/NLPPred/github/snip/data/ldak_results/chr1-22_20k_identity_512_c_snps_train/hba1c.pheno.reml1.reml

-- -- -- -- -- -- -- -- -- -- -- -- -- -- -- -- -- -- --
Mission completed. All your basepair are belong to us :)
-- -- -- -- -- -- -- -- -- -- -- -- -- -- -- -- -- -- --
Processing: /home/kce/NLPPred/github/snip/data/compressed/whole_geno/combined_sped/chr1-22_20k_identity_512_c_snps_train.sped
Output path: /home/kce/NLPPred/github/snip/data/ldak_results/chr1-22_20k_identity_512_c_snps_train/height.pheno.reml1
-- -- -- -- -- -- -- -- -- -- -- -- -- -- -- -- -- -- -- -- -- -- -- -- -- -- -- -- --
LDAK - Software for obtaining Linkage Disequilibrium Adjusted Kinships and Loads More
Version 5.2 - Help pages at http://www.ldak.org
-- -- -- -- -- -- -- -- -- -- -- -- -- -- -- -- -- -- -- -- -- -- -- -- -- -- -- -- --

There are 6 pairs of arguments:
--reml /home/kce/NLPPred/github/snip/data/ldak_results/chr1-22_20k_identity_512_c_snps_train/height.pheno.reml1
--sped /home/kce/NLPPred/github/snip/data/compressed/whole_geno/combined_sped/chr1-22_20k_identity_512_c_snps_train
--pheno /home/kce/NLPPred/phenos/height.pheno
--SNP-data NO
--grm /home/kce/NLPPred/github/snip/data/ldak_results/chr1-22_20k_identity_512_c_snps_train/height.pheno.GCTA
--max-threads 4

Warning, genetic data files are provided but will not be used

-- -- -- -- -- -- -- -- -- -- -- -- -- -- -- -- -- -- -- -- -- -- -- -- -- -- -- -- --

Performing generalized REML with 1 kinship matrix and 0 regions

Variance components can be negative (to prevent this, use "--constrain YES")

Consider using "--covar" to provide covariates

Consider using "--top-preds" to include (strongly-associated) predictors; these will be treated as fixed effects, except that the variance they explain will count towards total heritability

If you would like to perform a permutation analysis, add "--permute YES"

-- -- -- -- -- -- -- -- -- -- -- -- -- -- -- -- -- -- -- -- -- -- -- -- -- -- -- -- --

Reading IDs for 20000 samples from /home/kce/NLPPred/github/snip/data/ldak_results/chr1-22_20k_identity_512_c_snps_train/height.pheno.GCTA.grm.id
Checking responses for 397165 samples from /home/kce/NLPPred/phenos/height.pheno
Due to missing phenotypic values, the number of samples is reduced from 20000 to 19961

Reading responses for 397165 samples from /home/kce/NLPPred/phenos/height.pheno

Reading trace of kinship matrix with stem /home/kce/NLPPred/github/snip/data/ldak_results/chr1-22_20k_identity_512_c_snps_train/height.pheno.GCTA
Warning, to store kinships will require approximately 3.0 Gb

Reading kinship matrix with stem /home/kce/NLPPred/github/snip/data/ldak_results/chr1-22_20k_identity_512_c_snps_train/height.pheno.GCTA

Performing an eigen-decomposition; this can take a while
If preferred, you can perform the analysis in two steps; first replace the main argument with "--decompose" (this will save the eigen-decomposition) then restart adding "--eigen"

Iter	Her_K1	Her_All	Likelihood	Difference	Target	Num_Constrained
Start	0.5000	0.5000	-64609.69	n/a		0.001000	0
1	0.5151	0.5151	-64609.24	0.454146	0.001000	0
2	0.5147	0.5147	-64609.24	0.000346	0.001000	0

Main results saved in /home/kce/NLPPred/github/snip/data/ldak_results/chr1-22_20k_identity_512_c_snps_train/height.pheno.reml1.reml

-- -- -- -- -- -- -- -- -- -- -- -- -- -- -- -- -- -- --
Mission completed. All your basepair are belong to us :)
-- -- -- -- -- -- -- -- -- -- -- -- -- -- -- -- -- -- --
Processing: /home/kce/NLPPred/github/snip/data/compressed/whole_geno/combined_sped/chr1-22_20k_identity_512_c_snps_train.sped
Output path: /home/kce/NLPPred/github/snip/data/ldak_results/chr1-22_20k_identity_512_c_snps_train/urate.pheno.reml1
-- -- -- -- -- -- -- -- -- -- -- -- -- -- -- -- -- -- -- -- -- -- -- -- -- -- -- -- --
LDAK - Software for obtaining Linkage Disequilibrium Adjusted Kinships and Loads More
Version 5.2 - Help pages at http://www.ldak.org
-- -- -- -- -- -- -- -- -- -- -- -- -- -- -- -- -- -- -- -- -- -- -- -- -- -- -- -- --

There are 6 pairs of arguments:
--reml /home/kce/NLPPred/github/snip/data/ldak_results/chr1-22_20k_identity_512_c_snps_train/urate.pheno.reml1
--sped /home/kce/NLPPred/github/snip/data/compressed/whole_geno/combined_sped/chr1-22_20k_identity_512_c_snps_train
--pheno /home/kce/NLPPred/phenos/urate.pheno
--SNP-data NO
--grm /home/kce/NLPPred/github/snip/data/ldak_results/chr1-22_20k_identity_512_c_snps_train/urate.pheno.GCTA
--max-threads 4

Warning, genetic data files are provided but will not be used

-- -- -- -- -- -- -- -- -- -- -- -- -- -- -- -- -- -- -- -- -- -- -- -- -- -- -- -- --

Performing generalized REML with 1 kinship matrix and 0 regions

Variance components can be negative (to prevent this, use "--constrain YES")

Consider using "--covar" to provide covariates

Consider using "--top-preds" to include (strongly-associated) predictors; these will be treated as fixed effects, except that the variance they explain will count towards total heritability

If you would like to perform a permutation analysis, add "--permute YES"

-- -- -- -- -- -- -- -- -- -- -- -- -- -- -- -- -- -- -- -- -- -- -- -- -- -- -- -- --

Reading IDs for 20000 samples from /home/kce/NLPPred/github/snip/data/ldak_results/chr1-22_20k_identity_512_c_snps_train/urate.pheno.GCTA.grm.id
Checking responses for 379045 samples from /home/kce/NLPPred/phenos/urate.pheno
Due to missing phenotypic values, the number of samples is reduced from 20000 to 19033

Reading responses for 379045 samples from /home/kce/NLPPred/phenos/urate.pheno

Reading trace of kinship matrix with stem /home/kce/NLPPred/github/snip/data/ldak_results/chr1-22_20k_identity_512_c_snps_train/urate.pheno.GCTA
Warning, to store kinships will require approximately 2.7 Gb

Reading kinship matrix with stem /home/kce/NLPPred/github/snip/data/ldak_results/chr1-22_20k_identity_512_c_snps_train/urate.pheno.GCTA

Performing an eigen-decomposition; this can take a while
If preferred, you can perform the analysis in two steps; first replace the main argument with "--decompose" (this will save the eigen-decomposition) then restart adding "--eigen"

Iter	Her_K1	Her_All	Likelihood	Difference	Target	Num_Constrained
Start	0.5000	0.5000	-107503.03	n/a		0.001000	0
1	0.4033	0.4033	-107446.10	56.933278	0.001000	0
2	0.3027	0.3027	-107418.98	27.122517	0.001000	0
3	0.2732	0.2732	-107417.27	1.705842	0.001000	0
4	0.2744	0.2744	-107417.27	0.002725	0.001000	0
5	0.2743	0.2743	-107417.27	0.000005	0.001000	0

Main results saved in /home/kce/NLPPred/github/snip/data/ldak_results/chr1-22_20k_identity_512_c_snps_train/urate.pheno.reml1.reml

-- -- -- -- -- -- -- -- -- -- -- -- -- -- -- -- -- -- --
Mission completed. All your basepair are belong to us :)
-- -- -- -- -- -- -- -- -- -- -- -- -- -- -- -- -- -- --
Processing: /home/kce/NLPPred/github/snip/data/compressed/whole_geno/combined_sped/chr1-22_20k_identity_16_c_snps_train.sped
Output path: /home/kce/NLPPred/github/snip/data/ldak_results/chr1-22_20k_identity_16_c_snps_train/alkaline.pheno.reml1
-- -- -- -- -- -- -- -- -- -- -- -- -- -- -- -- -- -- -- -- -- -- -- -- -- -- -- -- --
LDAK - Software for obtaining Linkage Disequilibrium Adjusted Kinships and Loads More
Version 5.2 - Help pages at http://www.ldak.org
-- -- -- -- -- -- -- -- -- -- -- -- -- -- -- -- -- -- -- -- -- -- -- -- -- -- -- -- --

There are 6 pairs of arguments:
--reml /home/kce/NLPPred/github/snip/data/ldak_results/chr1-22_20k_identity_16_c_snps_train/alkaline.pheno.reml1
--sped /home/kce/NLPPred/github/snip/data/compressed/whole_geno/combined_sped/chr1-22_20k_identity_16_c_snps_train
--pheno /home/kce/NLPPred/phenos/alkaline.pheno
--SNP-data NO
--grm /home/kce/NLPPred/github/snip/data/ldak_results/chr1-22_20k_identity_16_c_snps_train/alkaline.pheno.GCTA
--max-threads 4

Warning, genetic data files are provided but will not be used

-- -- -- -- -- -- -- -- -- -- -- -- -- -- -- -- -- -- -- -- -- -- -- -- -- -- -- -- --

Performing generalized REML with 1 kinship matrix and 0 regions

Variance components can be negative (to prevent this, use "--constrain YES")

Consider using "--covar" to provide covariates

Consider using "--top-preds" to include (strongly-associated) predictors; these will be treated as fixed effects, except that the variance they explain will count towards total heritability

If you would like to perform a permutation analysis, add "--permute YES"

-- -- -- -- -- -- -- -- -- -- -- -- -- -- -- -- -- -- -- -- -- -- -- -- -- -- -- -- --

Reading IDs for 20000 samples from /home/kce/NLPPred/github/snip/data/ldak_results/chr1-22_20k_identity_16_c_snps_train/alkaline.pheno.GCTA.grm.id
Checking responses for 379514 samples from /home/kce/NLPPred/phenos/alkaline.pheno
Due to missing phenotypic values, the number of samples is reduced from 20000 to 19059

Reading responses for 379514 samples from /home/kce/NLPPred/phenos/alkaline.pheno

Reading trace of kinship matrix with stem /home/kce/NLPPred/github/snip/data/ldak_results/chr1-22_20k_identity_16_c_snps_train/alkaline.pheno.GCTA
Warning, to store kinships will require approximately 2.7 Gb

Reading kinship matrix with stem /home/kce/NLPPred/github/snip/data/ldak_results/chr1-22_20k_identity_16_c_snps_train/alkaline.pheno.GCTA

Performing an eigen-decomposition; this can take a while
If preferred, you can perform the analysis in two steps; first replace the main argument with "--decompose" (this will save the eigen-decomposition) then restart adding "--eigen"

Iter	Her_K1	Her_All	Likelihood	Difference	Target	Num_Constrained
Start	0.5000	0.5000	-89525.83	n/a		0.001000	0
1	0.4029	0.4029	-89465.41	60.420120	0.001000	0
2	0.3026	0.3026	-89428.59	36.815148	0.001000	0
3	0.2165	0.2165	-89418.04	10.552730	0.001000	0
4	0.2173	0.2173	-89418.02	0.023638	0.001000	0
5	0.2173	0.2173	-89418.02	0.000000	0.001000	0

Main results saved in /home/kce/NLPPred/github/snip/data/ldak_results/chr1-22_20k_identity_16_c_snps_train/alkaline.pheno.reml1.reml

-- -- -- -- -- -- -- -- -- -- -- -- -- -- -- -- -- -- --
Mission completed. All your basepair are belong to us :)
-- -- -- -- -- -- -- -- -- -- -- -- -- -- -- -- -- -- --
Processing: /home/kce/NLPPred/github/snip/data/compressed/whole_geno/combined_sped/chr1-22_20k_identity_16_c_snps_train.sped
Output path: /home/kce/NLPPred/github/snip/data/ldak_results/chr1-22_20k_identity_16_c_snps_train/bilirubin.pheno.reml1
-- -- -- -- -- -- -- -- -- -- -- -- -- -- -- -- -- -- -- -- -- -- -- -- -- -- -- -- --
LDAK - Software for obtaining Linkage Disequilibrium Adjusted Kinships and Loads More
Version 5.2 - Help pages at http://www.ldak.org
-- -- -- -- -- -- -- -- -- -- -- -- -- -- -- -- -- -- -- -- -- -- -- -- -- -- -- -- --

There are 6 pairs of arguments:
--reml /home/kce/NLPPred/github/snip/data/ldak_results/chr1-22_20k_identity_16_c_snps_train/bilirubin.pheno.reml1
--sped /home/kce/NLPPred/github/snip/data/compressed/whole_geno/combined_sped/chr1-22_20k_identity_16_c_snps_train
--pheno /home/kce/NLPPred/phenos/bilirubin.pheno
--SNP-data NO
--grm /home/kce/NLPPred/github/snip/data/ldak_results/chr1-22_20k_identity_16_c_snps_train/bilirubin.pheno.GCTA
--max-threads 4

Warning, genetic data files are provided but will not be used

-- -- -- -- -- -- -- -- -- -- -- -- -- -- -- -- -- -- -- -- -- -- -- -- -- -- -- -- --

Performing generalized REML with 1 kinship matrix and 0 regions

Variance components can be negative (to prevent this, use "--constrain YES")

Consider using "--covar" to provide covariates

Consider using "--top-preds" to include (strongly-associated) predictors; these will be treated as fixed effects, except that the variance they explain will count towards total heritability

If you would like to perform a permutation analysis, add "--permute YES"

-- -- -- -- -- -- -- -- -- -- -- -- -- -- -- -- -- -- -- -- -- -- -- -- -- -- -- -- --

Reading IDs for 20000 samples from /home/kce/NLPPred/github/snip/data/ldak_results/chr1-22_20k_identity_16_c_snps_train/bilirubin.pheno.GCTA.grm.id
Checking responses for 377893 samples from /home/kce/NLPPred/phenos/bilirubin.pheno
Due to missing phenotypic values, the number of samples is reduced from 20000 to 18979

Reading responses for 377893 samples from /home/kce/NLPPred/phenos/bilirubin.pheno

Reading trace of kinship matrix with stem /home/kce/NLPPred/github/snip/data/ldak_results/chr1-22_20k_identity_16_c_snps_train/bilirubin.pheno.GCTA
Warning, to store kinships will require approximately 2.7 Gb

Reading kinship matrix with stem /home/kce/NLPPred/github/snip/data/ldak_results/chr1-22_20k_identity_16_c_snps_train/bilirubin.pheno.GCTA

Performing an eigen-decomposition; this can take a while
If preferred, you can perform the analysis in two steps; first replace the main argument with "--decompose" (this will save the eigen-decomposition) then restart adding "--eigen"

Iter	Her_K1	Her_All	Likelihood	Difference	Target	Num_Constrained
Start	0.5000	0.5000	-53767.77	n/a		0.001000	0
1	0.5891	0.5891	-53756.16	11.607847	0.001000	0
2	0.5761	0.5761	-53755.89	0.267428	0.001000	0
3	0.5774	0.5774	-53755.89	0.002369	0.001000	0
4	0.5772	0.5772	-53755.89	0.000027	0.001000	0

Main results saved in /home/kce/NLPPred/github/snip/data/ldak_results/chr1-22_20k_identity_16_c_snps_train/bilirubin.pheno.reml1.reml

-- -- -- -- -- -- -- -- -- -- -- -- -- -- -- -- -- -- --
Mission completed. All your basepair are belong to us :)
-- -- -- -- -- -- -- -- -- -- -- -- -- -- -- -- -- -- --
Processing: /home/kce/NLPPred/github/snip/data/compressed/whole_geno/combined_sped/chr1-22_20k_identity_16_c_snps_train.sped
Output path: /home/kce/NLPPred/github/snip/data/ldak_results/chr1-22_20k_identity_16_c_snps_train/cholesterol.pheno.reml1
-- -- -- -- -- -- -- -- -- -- -- -- -- -- -- -- -- -- -- -- -- -- -- -- -- -- -- -- --
LDAK - Software for obtaining Linkage Disequilibrium Adjusted Kinships and Loads More
Version 5.2 - Help pages at http://www.ldak.org
-- -- -- -- -- -- -- -- -- -- -- -- -- -- -- -- -- -- -- -- -- -- -- -- -- -- -- -- --

There are 6 pairs of arguments:
--reml /home/kce/NLPPred/github/snip/data/ldak_results/chr1-22_20k_identity_16_c_snps_train/cholesterol.pheno.reml1
--sped /home/kce/NLPPred/github/snip/data/compressed/whole_geno/combined_sped/chr1-22_20k_identity_16_c_snps_train
--pheno /home/kce/NLPPred/phenos/cholesterol.pheno
--SNP-data NO
--grm /home/kce/NLPPred/github/snip/data/ldak_results/chr1-22_20k_identity_16_c_snps_train/cholesterol.pheno.GCTA
--max-threads 4

Warning, genetic data files are provided but will not be used

-- -- -- -- -- -- -- -- -- -- -- -- -- -- -- -- -- -- -- -- -- -- -- -- -- -- -- -- --

Performing generalized REML with 1 kinship matrix and 0 regions

Variance components can be negative (to prevent this, use "--constrain YES")

Consider using "--covar" to provide covariates

Consider using "--top-preds" to include (strongly-associated) predictors; these will be treated as fixed effects, except that the variance they explain will count towards total heritability

If you would like to perform a permutation analysis, add "--permute YES"

-- -- -- -- -- -- -- -- -- -- -- -- -- -- -- -- -- -- -- -- -- -- -- -- -- -- -- -- --

Reading IDs for 20000 samples from /home/kce/NLPPred/github/snip/data/ldak_results/chr1-22_20k_identity_16_c_snps_train/cholesterol.pheno.GCTA.grm.id
Checking responses for 379494 samples from /home/kce/NLPPred/phenos/cholesterol.pheno
Due to missing phenotypic values, the number of samples is reduced from 20000 to 19058

Reading responses for 379494 samples from /home/kce/NLPPred/phenos/cholesterol.pheno

Reading trace of kinship matrix with stem /home/kce/NLPPred/github/snip/data/ldak_results/chr1-22_20k_identity_16_c_snps_train/cholesterol.pheno.GCTA
Warning, to store kinships will require approximately 2.7 Gb

Reading kinship matrix with stem /home/kce/NLPPred/github/snip/data/ldak_results/chr1-22_20k_identity_16_c_snps_train/cholesterol.pheno.GCTA

Performing an eigen-decomposition; this can take a while
If preferred, you can perform the analysis in two steps; first replace the main argument with "--decompose" (this will save the eigen-decomposition) then restart adding "--eigen"

Iter	Her_K1	Her_All	Likelihood	Difference	Target	Num_Constrained
Start	0.5000	0.5000	-29268.48	n/a		0.001000	0
1	0.4034	0.4034	-29201.76	66.719076	0.001000	0
2	0.3032	0.3032	-29158.58	43.183215	0.001000	0
3	0.2066	0.2066	-29142.16	16.420511	0.001000	0
4	0.1973	0.1973	-29141.93	0.231974	0.001000	0
5	0.1976	0.1976	-29141.93	0.000111	0.001000	0

Main results saved in /home/kce/NLPPred/github/snip/data/ldak_results/chr1-22_20k_identity_16_c_snps_train/cholesterol.pheno.reml1.reml

-- -- -- -- -- -- -- -- -- -- -- -- -- -- -- -- -- -- --
Mission completed. All your basepair are belong to us :)
-- -- -- -- -- -- -- -- -- -- -- -- -- -- -- -- -- -- --
Processing: /home/kce/NLPPred/github/snip/data/compressed/whole_geno/combined_sped/chr1-22_20k_identity_16_c_snps_train.sped
Output path: /home/kce/NLPPred/github/snip/data/ldak_results/chr1-22_20k_identity_16_c_snps_train/hba1c.pheno.reml1
-- -- -- -- -- -- -- -- -- -- -- -- -- -- -- -- -- -- -- -- -- -- -- -- -- -- -- -- --
LDAK - Software for obtaining Linkage Disequilibrium Adjusted Kinships and Loads More
Version 5.2 - Help pages at http://www.ldak.org
-- -- -- -- -- -- -- -- -- -- -- -- -- -- -- -- -- -- -- -- -- -- -- -- -- -- -- -- --

There are 6 pairs of arguments:
--reml /home/kce/NLPPred/github/snip/data/ldak_results/chr1-22_20k_identity_16_c_snps_train/hba1c.pheno.reml1
--sped /home/kce/NLPPred/github/snip/data/compressed/whole_geno/combined_sped/chr1-22_20k_identity_16_c_snps_train
--pheno /home/kce/NLPPred/phenos/hba1c.pheno
--SNP-data NO
--grm /home/kce/NLPPred/github/snip/data/ldak_results/chr1-22_20k_identity_16_c_snps_train/hba1c.pheno.GCTA
--max-threads 4

Warning, genetic data files are provided but will not be used

-- -- -- -- -- -- -- -- -- -- -- -- -- -- -- -- -- -- -- -- -- -- -- -- -- -- -- -- --

Performing generalized REML with 1 kinship matrix and 0 regions

Variance components can be negative (to prevent this, use "--constrain YES")

Consider using "--covar" to provide covariates

Consider using "--top-preds" to include (strongly-associated) predictors; these will be treated as fixed effects, except that the variance they explain will count towards total heritability

If you would like to perform a permutation analysis, add "--permute YES"

-- -- -- -- -- -- -- -- -- -- -- -- -- -- -- -- -- -- -- -- -- -- -- -- -- -- -- -- --

Reading IDs for 20000 samples from /home/kce/NLPPred/github/snip/data/ldak_results/chr1-22_20k_identity_16_c_snps_train/hba1c.pheno.GCTA.grm.id
Checking responses for 379336 samples from /home/kce/NLPPred/phenos/hba1c.pheno
Due to missing phenotypic values, the number of samples is reduced from 20000 to 19052

Reading responses for 379336 samples from /home/kce/NLPPred/phenos/hba1c.pheno

Reading trace of kinship matrix with stem /home/kce/NLPPred/github/snip/data/ldak_results/chr1-22_20k_identity_16_c_snps_train/hba1c.pheno.GCTA
Warning, to store kinships will require approximately 2.7 Gb

Reading kinship matrix with stem /home/kce/NLPPred/github/snip/data/ldak_results/chr1-22_20k_identity_16_c_snps_train/hba1c.pheno.GCTA

Performing an eigen-decomposition; this can take a while
If preferred, you can perform the analysis in two steps; first replace the main argument with "--decompose" (this will save the eigen-decomposition) then restart adding "--eigen"

Iter	Her_K1	Her_All	Likelihood	Difference	Target	Num_Constrained
Start	0.5000	0.5000	-62263.66	n/a		0.001000	0
1	0.4033	0.4033	-62192.30	71.359512	0.001000	0
2	0.3033	0.3033	-62143.07	49.225872	0.001000	0
3	0.2054	0.2054	-62118.68	24.394864	0.001000	0
4	0.1616	0.1616	-62115.73	2.949466	0.001000	0
5	0.1608	0.1608	-62115.73	0.002725	0.001000	0
6	0.1608	0.1608	-62115.73	0.000000	0.001000	0

Main results saved in /home/kce/NLPPred/github/snip/data/ldak_results/chr1-22_20k_identity_16_c_snps_train/hba1c.pheno.reml1.reml

-- -- -- -- -- -- -- -- -- -- -- -- -- -- -- -- -- -- --
Mission completed. All your basepair are belong to us :)
-- -- -- -- -- -- -- -- -- -- -- -- -- -- -- -- -- -- --
Processing: /home/kce/NLPPred/github/snip/data/compressed/whole_geno/combined_sped/chr1-22_20k_identity_16_c_snps_train.sped
Output path: /home/kce/NLPPred/github/snip/data/ldak_results/chr1-22_20k_identity_16_c_snps_train/height.pheno.reml1
-- -- -- -- -- -- -- -- -- -- -- -- -- -- -- -- -- -- -- -- -- -- -- -- -- -- -- -- --
LDAK - Software for obtaining Linkage Disequilibrium Adjusted Kinships and Loads More
Version 5.2 - Help pages at http://www.ldak.org
-- -- -- -- -- -- -- -- -- -- -- -- -- -- -- -- -- -- -- -- -- -- -- -- -- -- -- -- --

There are 6 pairs of arguments:
--reml /home/kce/NLPPred/github/snip/data/ldak_results/chr1-22_20k_identity_16_c_snps_train/height.pheno.reml1
--sped /home/kce/NLPPred/github/snip/data/compressed/whole_geno/combined_sped/chr1-22_20k_identity_16_c_snps_train
--pheno /home/kce/NLPPred/phenos/height.pheno
--SNP-data NO
--grm /home/kce/NLPPred/github/snip/data/ldak_results/chr1-22_20k_identity_16_c_snps_train/height.pheno.GCTA
--max-threads 4

Warning, genetic data files are provided but will not be used

-- -- -- -- -- -- -- -- -- -- -- -- -- -- -- -- -- -- -- -- -- -- -- -- -- -- -- -- --

Performing generalized REML with 1 kinship matrix and 0 regions

Variance components can be negative (to prevent this, use "--constrain YES")

Consider using "--covar" to provide covariates

Consider using "--top-preds" to include (strongly-associated) predictors; these will be treated as fixed effects, except that the variance they explain will count towards total heritability

If you would like to perform a permutation analysis, add "--permute YES"

-- -- -- -- -- -- -- -- -- -- -- -- -- -- -- -- -- -- -- -- -- -- -- -- -- -- -- -- --

Reading IDs for 20000 samples from /home/kce/NLPPred/github/snip/data/ldak_results/chr1-22_20k_identity_16_c_snps_train/height.pheno.GCTA.grm.id
Checking responses for 397165 samples from /home/kce/NLPPred/phenos/height.pheno
Due to missing phenotypic values, the number of samples is reduced from 20000 to 19961

Reading responses for 397165 samples from /home/kce/NLPPred/phenos/height.pheno

Reading trace of kinship matrix with stem /home/kce/NLPPred/github/snip/data/ldak_results/chr1-22_20k_identity_16_c_snps_train/height.pheno.GCTA
Warning, to store kinships will require approximately 3.0 Gb

Reading kinship matrix with stem /home/kce/NLPPred/github/snip/data/ldak_results/chr1-22_20k_identity_16_c_snps_train/height.pheno.GCTA

Performing an eigen-decomposition; this can take a while
If preferred, you can perform the analysis in two steps; first replace the main argument with "--decompose" (this will save the eigen-decomposition) then restart adding "--eigen"

Iter	Her_K1	Her_All	Likelihood	Difference	Target	Num_Constrained
Start	0.5000	0.5000	-64600.37	n/a		0.001000	0
1	0.5705	0.5705	-64593.02	7.358636	0.001000	0
2	0.5675	0.5675	-64592.99	0.025166	0.001000	0
3	0.5676	0.5676	-64592.99	0.000005	0.001000	0

Main results saved in /home/kce/NLPPred/github/snip/data/ldak_results/chr1-22_20k_identity_16_c_snps_train/height.pheno.reml1.reml

-- -- -- -- -- -- -- -- -- -- -- -- -- -- -- -- -- -- --
Mission completed. All your basepair are belong to us :)
-- -- -- -- -- -- -- -- -- -- -- -- -- -- -- -- -- -- --
Processing: /home/kce/NLPPred/github/snip/data/compressed/whole_geno/combined_sped/chr1-22_20k_identity_16_c_snps_train.sped
Output path: /home/kce/NLPPred/github/snip/data/ldak_results/chr1-22_20k_identity_16_c_snps_train/urate.pheno.reml1
-- -- -- -- -- -- -- -- -- -- -- -- -- -- -- -- -- -- -- -- -- -- -- -- -- -- -- -- --
LDAK - Software for obtaining Linkage Disequilibrium Adjusted Kinships and Loads More
Version 5.2 - Help pages at http://www.ldak.org
-- -- -- -- -- -- -- -- -- -- -- -- -- -- -- -- -- -- -- -- -- -- -- -- -- -- -- -- --

There are 6 pairs of arguments:
--reml /home/kce/NLPPred/github/snip/data/ldak_results/chr1-22_20k_identity_16_c_snps_train/urate.pheno.reml1
--sped /home/kce/NLPPred/github/snip/data/compressed/whole_geno/combined_sped/chr1-22_20k_identity_16_c_snps_train
--pheno /home/kce/NLPPred/phenos/urate.pheno
--SNP-data NO
--grm /home/kce/NLPPred/github/snip/data/ldak_results/chr1-22_20k_identity_16_c_snps_train/urate.pheno.GCTA
--max-threads 4

Warning, genetic data files are provided but will not be used

-- -- -- -- -- -- -- -- -- -- -- -- -- -- -- -- -- -- -- -- -- -- -- -- -- -- -- -- --

Performing generalized REML with 1 kinship matrix and 0 regions

Variance components can be negative (to prevent this, use "--constrain YES")

Consider using "--covar" to provide covariates

Consider using "--top-preds" to include (strongly-associated) predictors; these will be treated as fixed effects, except that the variance they explain will count towards total heritability

If you would like to perform a permutation analysis, add "--permute YES"

-- -- -- -- -- -- -- -- -- -- -- -- -- -- -- -- -- -- -- -- -- -- -- -- -- -- -- -- --

Reading IDs for 20000 samples from /home/kce/NLPPred/github/snip/data/ldak_results/chr1-22_20k_identity_16_c_snps_train/urate.pheno.GCTA.grm.id
Checking responses for 379045 samples from /home/kce/NLPPred/phenos/urate.pheno
Due to missing phenotypic values, the number of samples is reduced from 20000 to 19033

Reading responses for 379045 samples from /home/kce/NLPPred/phenos/urate.pheno

Reading trace of kinship matrix with stem /home/kce/NLPPred/github/snip/data/ldak_results/chr1-22_20k_identity_16_c_snps_train/urate.pheno.GCTA
Warning, to store kinships will require approximately 2.7 Gb

Reading kinship matrix with stem /home/kce/NLPPred/github/snip/data/ldak_results/chr1-22_20k_identity_16_c_snps_train/urate.pheno.GCTA

Performing an eigen-decomposition; this can take a while
If preferred, you can perform the analysis in two steps; first replace the main argument with "--decompose" (this will save the eigen-decomposition) then restart adding "--eigen"

Iter	Her_K1	Her_All	Likelihood	Difference	Target	Num_Constrained
Start	0.5000	0.5000	-107469.23	n/a		0.001000	0
1	0.4025	0.4025	-107428.24	40.991397	0.001000	0
2	0.3032	0.3032	-107413.63	14.613987	0.001000	0
3	0.3030	0.3030	-107413.57	0.058762	0.001000	0
4	0.3030	0.3030	-107413.57	0.000001	0.001000	0

Main results saved in /home/kce/NLPPred/github/snip/data/ldak_results/chr1-22_20k_identity_16_c_snps_train/urate.pheno.reml1.reml

-- -- -- -- -- -- -- -- -- -- -- -- -- -- -- -- -- -- --
Mission completed. All your basepair are belong to us :)
-- -- -- -- -- -- -- -- -- -- -- -- -- -- -- -- -- -- --
