Processing: /home/kce/NLPPred/github/snip/data/compressed/whole_geno/combined_sped/chr1-22_20k_relu_512_c_snps_train.sped
output path: /home/kce/NLPPred/github/snip/data/ldak_results/chr1-22_20k_relu_512_c_snps_train.quant
Output path exists, skipping...
Processing: /home/kce/NLPPred/github/snip/data/compressed/whole_geno/combined_sped/chr1-22_20k_relu_16_c_snps_train.sped
output path: /home/kce/NLPPred/github/snip/data/ldak_results/chr1-22_20k_relu_16_c_snps_train.quant
Output path exists, skipping...
Processing: /home/kce/NLPPred/github/snip/data/compressed/whole_geno/combined_sped/chr1-22_20k_identity_512_c_snps_train.sped
output path: /home/kce/NLPPred/github/snip/data/ldak_results/chr1-22_20k_identity_512_c_snps_train.quant
Output path exists, skipping...
Processing: /home/kce/NLPPred/github/snip/data/compressed/whole_geno/combined_sped/chr1-22_20k_identity_16_c_snps_train.sped
output path: /home/kce/NLPPred/github/snip/data/ldak_results/chr1-22_20k_identity_16_c_snps_train.quant
Output path exists, skipping...
Processing: /home/kce/NLPPred/github/snip/data/compressed/whole_geno/combined_sped/chr1-22_20k_relu_512_c_snps_train.sped
Output path: /home/kce/NLPPred/github/snip/data/ldak_results/chr1-22_20k_relu_512_c_snps_train.GCTA
-- -- -- -- -- -- -- -- -- -- -- -- -- -- -- -- -- -- -- -- -- -- -- -- -- -- -- -- --
LDAK - Software for obtaining Linkage Disequilibrium Adjusted Kinships and Loads More
Version 5.2 - Help pages at http://www.ldak.org
-- -- -- -- -- -- -- -- -- -- -- -- -- -- -- -- -- -- -- -- -- -- -- -- -- -- -- -- --

There are 6 pairs of arguments:
--calc-kins-direct /home/kce/NLPPred/github/snip/data/ldak_results/chr1-22_20k_relu_512_c_snps_train.GCTA
--sped /home/kce/NLPPred/github/snip/data/compressed/whole_geno/combined_sped/chr1-22_20k_relu_512_c_snps_train
--ignore-weights YES
--power -1
--SNP-data NO
--max-threads 4

-- -- -- -- -- -- -- -- -- -- -- -- -- -- -- -- -- -- -- -- -- -- -- -- -- -- -- -- --

Calculating kinships directly

Predictors will be centred then scaled by V^(-1.0000/2) (option "--power"), where V is the observed variance of the predictor; to instead scale based on expected variance use "--hwe-stand YES"

Add "--kinship-gz YES" and/or "--kinship-raw YES" to save gzipped and/or text versions of the kinship matrix

If memory is an issue, add "--single YES" (then calculations will performed using single precistion)

-- -- -- -- -- -- -- -- -- -- -- -- -- -- -- -- -- -- -- -- -- -- -- -- -- -- -- -- --

Reading IDs for 20000 samples from /home/kce/NLPPred/github/snip/data/compressed/whole_geno/combined_sped/chr1-22_20k_relu_512_c_snps_train.fam

Reading details for 311296 predictors from /home/kce/NLPPred/github/snip/data/compressed/whole_geno/combined_sped/chr1-22_20k_relu_512_c_snps_train.bim
Warning, Predictor c01_0 has a non-positive basepair (0) and will be ignored
Warning, Predictor c01_256 has a non-positive basepair (0) and will be ignored
Warning, Predictor c01_512 has a non-positive basepair (0) and will be ignored
Warning, Predictor c01_768 has a non-positive basepair (0) and will be ignored
Warning, Predictor c01_1024 has a non-positive basepair (0) and will be ignored
In total 1216 predictors have non-positive basepairs

Data contain 20000 samples and 311296 predictors; will be using 20000 and 310080

Warning, to perform the analysis will require approximately 3.0 Gb

Calculating kinships for Chunk 1 of 63
Warning, Predictor c01_1255 is trivial (takes at most one non-missing value) and will be ignored
Warning, Predictor c01_2511 is trivial (takes at most one non-missing value) and will be ignored
Warning, Predictor c01_1256 is trivial (takes at most one non-missing value) and will be ignored
Warning, Predictor c01_2513 is trivial (takes at most one non-missing value) and will be ignored
Warning, Predictor c01_2 is trivial (takes at most one non-missing value) and will be ignored
In total, 3295 predictors are trivial

Calculating kinships for Chunk 2 of 63
Warning, Predictor c01_5020 is trivial (takes at most one non-missing value) and will be ignored
Warning, Predictor c01_6277 is trivial (takes at most one non-missing value) and will be ignored
Warning, Predictor c01_5021 is trivial (takes at most one non-missing value) and will be ignored
Warning, Predictor c01_6278 is trivial (takes at most one non-missing value) and will be ignored
Warning, Predictor c01_5025 is trivial (takes at most one non-missing value) and will be ignored
In total, 3329 predictors are trivial

Calculating kinships for Chunk 3 of 63
Warning, Predictor c01_11295 is trivial (takes at most one non-missing value) and will be ignored
Warning, Predictor c01_13804 is trivial (takes at most one non-missing value) and will be ignored
Warning, Predictor c01_11296 is trivial (takes at most one non-missing value) and will be ignored
Warning, Predictor c01_13806 is trivial (takes at most one non-missing value) and will be ignored
Warning, Predictor c01_11297 is trivial (takes at most one non-missing value) and will be ignored
In total, 3312 predictors are trivial

Calculating kinships for Chunk 4 of 63
Warning, Predictor c01_17569 is trivial (takes at most one non-missing value) and will be ignored
Warning, Predictor c01_15059 is trivial (takes at most one non-missing value) and will be ignored
Warning, Predictor c01_17570 is trivial (takes at most one non-missing value) and will be ignored
Warning, Predictor c01_15062 is trivial (takes at most one non-missing value) and will be ignored
Warning, Predictor c01_18825 is trivial (takes at most one non-missing value) and will be ignored
In total, 3360 predictors are trivial

Calculating kinships for Chunk 5 of 63
Warning, Predictor c01_22589 is trivial (takes at most one non-missing value) and will be ignored
Warning, Predictor c01_21334 is trivial (takes at most one non-missing value) and will be ignored
Warning, Predictor c01_20080 is trivial (takes at most one non-missing value) and will be ignored
Warning, Predictor c01_21335 is trivial (takes at most one non-missing value) and will be ignored
Warning, Predictor c01_22591 is trivial (takes at most one non-missing value) and will be ignored
In total, 3425 predictors are trivial

Calculating kinships for Chunk 6 of 63
Warning, Predictor c02_1777 is trivial (takes at most one non-missing value) and will be ignored
Warning, Predictor c02_4288 is trivial (takes at most one non-missing value) and will be ignored
Warning, Predictor c02_524 is trivial (takes at most one non-missing value) and will be ignored
Warning, Predictor c02_1778 is trivial (takes at most one non-missing value) and will be ignored
Warning, Predictor c02_4290 is trivial (takes at most one non-missing value) and will be ignored
In total, 3324 predictors are trivial

Calculating kinships for Chunk 7 of 63
Warning, Predictor c02_9307 is trivial (takes at most one non-missing value) and will be ignored
Warning, Predictor c02_8053 is trivial (takes at most one non-missing value) and will be ignored
Warning, Predictor c02_9309 is trivial (takes at most one non-missing value) and will be ignored
Warning, Predictor c02_8055 is trivial (takes at most one non-missing value) and will be ignored
Warning, Predictor c02_9310 is trivial (takes at most one non-missing value) and will be ignored
In total, 3463 predictors are trivial

Calculating kinships for Chunk 8 of 63
Warning, Predictor c02_14326 is trivial (takes at most one non-missing value) and will be ignored
Warning, Predictor c02_11820 is trivial (takes at most one non-missing value) and will be ignored
Warning, Predictor c02_13074 is trivial (takes at most one non-missing value) and will be ignored
Warning, Predictor c02_14327 is trivial (takes at most one non-missing value) and will be ignored
Warning, Predictor c02_11822 is trivial (takes at most one non-missing value) and will be ignored
In total, 3405 predictors are trivial

Calculating kinships for Chunk 9 of 63
Warning, Predictor c02_19346 is trivial (takes at most one non-missing value) and will be ignored
Warning, Predictor c02_16837 is trivial (takes at most one non-missing value) and will be ignored
Warning, Predictor c02_15583 is trivial (takes at most one non-missing value) and will be ignored
Warning, Predictor c02_16838 is trivial (takes at most one non-missing value) and will be ignored
Warning, Predictor c02_15585 is trivial (takes at most one non-missing value) and will be ignored
In total, 3425 predictors are trivial

Calculating kinships for Chunk 10 of 63
Warning, Predictor c02_24366 is trivial (takes at most one non-missing value) and will be ignored
Warning, Predictor c02_21856 is trivial (takes at most one non-missing value) and will be ignored
Warning, Predictor c02_23111 is trivial (takes at most one non-missing value) and will be ignored
Warning, Predictor c02_21857 is trivial (takes at most one non-missing value) and will be ignored
Warning, Predictor c02_23112 is trivial (takes at most one non-missing value) and will be ignored
In total, 3412 predictors are trivial

Calculating kinships for Chunk 11 of 63
Warning, Predictor c03_3042 is trivial (takes at most one non-missing value) and will be ignored
Warning, Predictor c03_1787 is trivial (takes at most one non-missing value) and will be ignored
Warning, Predictor c03_4301 is trivial (takes at most one non-missing value) and will be ignored
Warning, Predictor c03_3043 is trivial (takes at most one non-missing value) and will be ignored
Warning, Predictor c03_1788 is trivial (takes at most one non-missing value) and will be ignored
In total, 3429 predictors are trivial

Calculating kinships for Chunk 12 of 63
Warning, Predictor c03_6807 is trivial (takes at most one non-missing value) and will be ignored
Warning, Predictor c03_5552 is trivial (takes at most one non-missing value) and will be ignored
Warning, Predictor c03_9319 is trivial (takes at most one non-missing value) and will be ignored
Warning, Predictor c03_8062 is trivial (takes at most one non-missing value) and will be ignored
Warning, Predictor c03_5555 is trivial (takes at most one non-missing value) and will be ignored
In total, 3349 predictors are trivial

Calculating kinships for Chunk 13 of 63
Warning, Predictor c03_13082 is trivial (takes at most one non-missing value) and will be ignored
Warning, Predictor c03_14337 is trivial (takes at most one non-missing value) and will be ignored
Warning, Predictor c03_10572 is trivial (takes at most one non-missing value) and will be ignored
Warning, Predictor c03_14338 is trivial (takes at most one non-missing value) and will be ignored
Warning, Predictor c03_13083 is trivial (takes at most one non-missing value) and will be ignored
In total, 3419 predictors are trivial

Calculating kinships for Chunk 14 of 63
Warning, Predictor c03_16846 is trivial (takes at most one non-missing value) and will be ignored
Warning, Predictor c03_19356 is trivial (takes at most one non-missing value) and will be ignored
Warning, Predictor c03_16848 is trivial (takes at most one non-missing value) and will be ignored
Warning, Predictor c03_18101 is trivial (takes at most one non-missing value) and will be ignored
Warning, Predictor c03_16849 is trivial (takes at most one non-missing value) and will be ignored
In total, 3344 predictors are trivial

Calculating kinships for Chunk 15 of 63
Warning, Predictor c04_874 is trivial (takes at most one non-missing value) and will be ignored
Warning, Predictor c04_3384 is trivial (takes at most one non-missing value) and will be ignored
Warning, Predictor c03_20616 is trivial (takes at most one non-missing value) and will be ignored
Warning, Predictor c04_3385 is trivial (takes at most one non-missing value) and will be ignored
Warning, Predictor c03_20618 is trivial (takes at most one non-missing value) and will be ignored
In total, 3396 predictors are trivial

Calculating kinships for Chunk 16 of 63
Warning, Predictor c04_7148 is trivial (takes at most one non-missing value) and will be ignored
Warning, Predictor c04_4640 is trivial (takes at most one non-missing value) and will be ignored
Warning, Predictor c04_8403 is trivial (takes at most one non-missing value) and will be ignored
Warning, Predictor c04_4641 is trivial (takes at most one non-missing value) and will be ignored
Warning, Predictor c04_8404 is trivial (takes at most one non-missing value) and will be ignored
In total, 3411 predictors are trivial

Calculating kinships for Chunk 17 of 63
Warning, Predictor c04_10913 is trivial (takes at most one non-missing value) and will be ignored
Warning, Predictor c04_13423 is trivial (takes at most one non-missing value) and will be ignored
Warning, Predictor c04_9658 is trivial (takes at most one non-missing value) and will be ignored
Warning, Predictor c04_13424 is trivial (takes at most one non-missing value) and will be ignored
Warning, Predictor c04_10915 is trivial (takes at most one non-missing value) and will be ignored
In total, 3363 predictors are trivial

Calculating kinships for Chunk 18 of 63
Warning, Predictor c04_15933 is trivial (takes at most one non-missing value) and will be ignored
Warning, Predictor c04_18444 is trivial (takes at most one non-missing value) and will be ignored
Warning, Predictor c04_17189 is trivial (takes at most one non-missing value) and will be ignored
Warning, Predictor c04_15937 is trivial (takes at most one non-missing value) and will be ignored
Warning, Predictor c04_18448 is trivial (takes at most one non-missing value) and will be ignored
In total, 3419 predictors are trivial

Calculating kinships for Chunk 19 of 63
Warning, Predictor c05_2239 is trivial (takes at most one non-missing value) and will be ignored
Warning, Predictor c05_3494 is trivial (takes at most one non-missing value) and will be ignored
Warning, Predictor c05_985 is trivial (takes at most one non-missing value) and will be ignored
Warning, Predictor c05_2243 is trivial (takes at most one non-missing value) and will be ignored
Warning, Predictor c05_986 is trivial (takes at most one non-missing value) and will be ignored
In total, 3377 predictors are trivial

Calculating kinships for Chunk 20 of 63
Warning, Predictor c05_6004 is trivial (takes at most one non-missing value) and will be ignored
Warning, Predictor c05_7261 is trivial (takes at most one non-missing value) and will be ignored
Warning, Predictor c05_6006 is trivial (takes at most one non-missing value) and will be ignored
Warning, Predictor c05_8514 is trivial (takes at most one non-missing value) and will be ignored
Warning, Predictor c05_6008 is trivial (takes at most one non-missing value) and will be ignored
In total, 3316 predictors are trivial

Calculating kinships for Chunk 21 of 63
Warning, Predictor c05_12278 is trivial (takes at most one non-missing value) and will be ignored
Warning, Predictor c05_11024 is trivial (takes at most one non-missing value) and will be ignored
Warning, Predictor c05_13533 is trivial (takes at most one non-missing value) and will be ignored
Warning, Predictor c05_11027 is trivial (takes at most one non-missing value) and will be ignored
Warning, Predictor c05_13534 is trivial (takes at most one non-missing value) and will be ignored
In total, 3320 predictors are trivial

Calculating kinships for Chunk 22 of 63
Warning, Predictor c05_17298 is trivial (takes at most one non-missing value) and will be ignored
Warning, Predictor c05_18553 is trivial (takes at most one non-missing value) and will be ignored
Warning, Predictor c05_17301 is trivial (takes at most one non-missing value) and will be ignored
Warning, Predictor c05_18554 is trivial (takes at most one non-missing value) and will be ignored
Warning, Predictor c05_17303 is trivial (takes at most one non-missing value) and will be ignored
In total, 3415 predictors are trivial

Calculating kinships for Chunk 23 of 63
Warning, Predictor c06_864 is trivial (takes at most one non-missing value) and will be ignored
Warning, Predictor c06_4630 is trivial (takes at most one non-missing value) and will be ignored
Warning, Predictor c06_3374 is trivial (takes at most one non-missing value) and will be ignored
Warning, Predictor c06_4633 is trivial (takes at most one non-missing value) and will be ignored
Warning, Predictor c06_3377 is trivial (takes at most one non-missing value) and will be ignored
In total, 3243 predictors are trivial

Calculating kinships for Chunk 24 of 63
Warning, Predictor c06_8393 is trivial (takes at most one non-missing value) and will be ignored
Warning, Predictor c06_9650 is trivial (takes at most one non-missing value) and will be ignored
Warning, Predictor c06_8395 is trivial (takes at most one non-missing value) and will be ignored
Warning, Predictor c06_9653 is trivial (takes at most one non-missing value) and will be ignored
Warning, Predictor c06_8397 is trivial (takes at most one non-missing value) and will be ignored
In total, 3089 predictors are trivial

Calculating kinships for Chunk 25 of 63
Warning, Predictor c06_14668 is trivial (takes at most one non-missing value) and will be ignored
Warning, Predictor c06_12159 is trivial (takes at most one non-missing value) and will be ignored
Warning, Predictor c06_14669 is trivial (takes at most one non-missing value) and will be ignored
Warning, Predictor c06_12160 is trivial (takes at most one non-missing value) and will be ignored
Warning, Predictor c06_14670 is trivial (takes at most one non-missing value) and will be ignored
In total, 3351 predictors are trivial

Calculating kinships for Chunk 26 of 63
Warning, Predictor c06_17178 is trivial (takes at most one non-missing value) and will be ignored
Warning, Predictor c06_19687 is trivial (takes at most one non-missing value) and will be ignored
Warning, Predictor c06_15924 is trivial (takes at most one non-missing value) and will be ignored
Warning, Predictor c06_19689 is trivial (takes at most one non-missing value) and will be ignored
Warning, Predictor c06_15926 is trivial (takes at most one non-missing value) and will be ignored
In total, 3389 predictors are trivial

Calculating kinships for Chunk 27 of 63
Warning, Predictor c06_20942 is trivial (takes at most one non-missing value) and will be ignored
Warning, Predictor c07_2435 is trivial (takes at most one non-missing value) and will be ignored
Warning, Predictor c06_20943 is trivial (takes at most one non-missing value) and will be ignored
Warning, Predictor c06_22199 is trivial (takes at most one non-missing value) and will be ignored
Warning, Predictor c06_20944 is trivial (takes at most one non-missing value) and will be ignored
In total, 3400 predictors are trivial

Calculating kinships for Chunk 28 of 63
Warning, Predictor c07_3690 is trivial (takes at most one non-missing value) and will be ignored
Warning, Predictor c07_4945 is trivial (takes at most one non-missing value) and will be ignored
Warning, Predictor c07_7457 is trivial (takes at most one non-missing value) and will be ignored
Warning, Predictor c07_4947 is trivial (takes at most one non-missing value) and will be ignored
Warning, Predictor c07_7458 is trivial (takes at most one non-missing value) and will be ignored
In total, 3324 predictors are trivial

Calculating kinships for Chunk 29 of 63
Warning, Predictor c07_11219 is trivial (takes at most one non-missing value) and will be ignored
Warning, Predictor c07_9965 is trivial (takes at most one non-missing value) and will be ignored
Warning, Predictor c07_11220 is trivial (takes at most one non-missing value) and will be ignored
Warning, Predictor c07_9966 is trivial (takes at most one non-missing value) and will be ignored
Warning, Predictor c07_11223 is trivial (takes at most one non-missing value) and will be ignored
In total, 3352 predictors are trivial

Calculating kinships for Chunk 30 of 63
Warning, Predictor c07_16239 is trivial (takes at most one non-missing value) and will be ignored
Warning, Predictor c08_342 is trivial (takes at most one non-missing value) and will be ignored
Warning, Predictor c07_16240 is trivial (takes at most one non-missing value) and will be ignored
Warning, Predictor c08_343 is trivial (takes at most one non-missing value) and will be ignored
Warning, Predictor c07_16241 is trivial (takes at most one non-missing value) and will be ignored
In total, 3391 predictors are trivial

Calculating kinships for Chunk 31 of 63
Warning, Predictor c08_4107 is trivial (takes at most one non-missing value) and will be ignored
Warning, Predictor c08_1597 is trivial (takes at most one non-missing value) and will be ignored
Warning, Predictor c08_4108 is trivial (takes at most one non-missing value) and will be ignored
Warning, Predictor c08_5361 is trivial (takes at most one non-missing value) and will be ignored
Warning, Predictor c08_4110 is trivial (takes at most one non-missing value) and will be ignored
In total, 3334 predictors are trivial

Calculating kinships for Chunk 32 of 63
Warning, Predictor c08_7871 is trivial (takes at most one non-missing value) and will be ignored
Warning, Predictor c08_10381 is trivial (takes at most one non-missing value) and will be ignored
Warning, Predictor c08_9127 is trivial (takes at most one non-missing value) and will be ignored
Warning, Predictor c08_10383 is trivial (takes at most one non-missing value) and will be ignored
Warning, Predictor c08_9129 is trivial (takes at most one non-missing value) and will be ignored
In total, 3327 predictors are trivial

Calculating kinships for Chunk 33 of 63
Warning, Predictor c08_11636 is trivial (takes at most one non-missing value) and will be ignored
Warning, Predictor c08_12893 is trivial (takes at most one non-missing value) and will be ignored
Warning, Predictor c08_15402 is trivial (takes at most one non-missing value) and will be ignored
Warning, Predictor c08_11637 is trivial (takes at most one non-missing value) and will be ignored
Warning, Predictor c08_12894 is trivial (takes at most one non-missing value) and will be ignored
In total, 3382 predictors are trivial

Calculating kinships for Chunk 34 of 63
Warning, Predictor c09_4292 is trivial (takes at most one non-missing value) and will be ignored
Warning, Predictor c09_1783 is trivial (takes at most one non-missing value) and will be ignored
Warning, Predictor c09_4293 is trivial (takes at most one non-missing value) and will be ignored
Warning, Predictor c09_1785 is trivial (takes at most one non-missing value) and will be ignored
Warning, Predictor c09_4294 is trivial (takes at most one non-missing value) and will be ignored
In total, 3346 predictors are trivial

Calculating kinships for Chunk 35 of 63
Warning, Predictor c09_6802 is trivial (takes at most one non-missing value) and will be ignored
Warning, Predictor c09_9312 is trivial (takes at most one non-missing value) and will be ignored
Warning, Predictor c09_6803 is trivial (takes at most one non-missing value) and will be ignored
Warning, Predictor c09_9314 is trivial (takes at most one non-missing value) and will be ignored
Warning, Predictor c09_6804 is trivial (takes at most one non-missing value) and will be ignored
In total, 3421 predictors are trivial

Calculating kinships for Chunk 36 of 63
Warning, Predictor c09_11822 is trivial (takes at most one non-missing value) and will be ignored
Warning, Predictor c10_507 is trivial (takes at most one non-missing value) and will be ignored
Warning, Predictor c09_11823 is trivial (takes at most one non-missing value) and will be ignored
Warning, Predictor c10_509 is trivial (takes at most one non-missing value) and will be ignored
Warning, Predictor c09_11825 is trivial (takes at most one non-missing value) and will be ignored
In total, 3420 predictors are trivial

Calculating kinships for Chunk 37 of 63
Warning, Predictor c10_4272 is trivial (takes at most one non-missing value) and will be ignored
Warning, Predictor c10_5528 is trivial (takes at most one non-missing value) and will be ignored
Warning, Predictor c10_1762 is trivial (takes at most one non-missing value) and will be ignored
Warning, Predictor c10_3017 is trivial (takes at most one non-missing value) and will be ignored
Warning, Predictor c10_1763 is trivial (takes at most one non-missing value) and will be ignored
In total, 3381 predictors are trivial

Calculating kinships for Chunk 38 of 63
Warning, Predictor c10_6782 is trivial (takes at most one non-missing value) and will be ignored
Warning, Predictor c10_8039 is trivial (takes at most one non-missing value) and will be ignored
Warning, Predictor c10_6783 is trivial (takes at most one non-missing value) and will be ignored
Warning, Predictor c10_10549 is trivial (takes at most one non-missing value) and will be ignored
Warning, Predictor c10_8043 is trivial (takes at most one non-missing value) and will be ignored
In total, 3352 predictors are trivial

Calculating kinships for Chunk 39 of 63
Warning, Predictor c10_11802 is trivial (takes at most one non-missing value) and will be ignored
Warning, Predictor c10_14311 is trivial (takes at most one non-missing value) and will be ignored
Warning, Predictor c10_15569 is trivial (takes at most one non-missing value) and will be ignored
Warning, Predictor c10_14312 is trivial (takes at most one non-missing value) and will be ignored
Warning, Predictor c10_15570 is trivial (takes at most one non-missing value) and will be ignored
In total, 3385 predictors are trivial

Calculating kinships for Chunk 40 of 63
Warning, Predictor c11_2460 is trivial (takes at most one non-missing value) and will be ignored
Warning, Predictor c11_3715 is trivial (takes at most one non-missing value) and will be ignored
Warning, Predictor c11_2461 is trivial (takes at most one non-missing value) and will be ignored
Warning, Predictor c11_3716 is trivial (takes at most one non-missing value) and will be ignored
Warning, Predictor c11_2462 is trivial (takes at most one non-missing value) and will be ignored
In total, 3389 predictors are trivial

Calculating kinships for Chunk 41 of 63
Warning, Predictor c11_7480 is trivial (takes at most one non-missing value) and will be ignored
Warning, Predictor c11_6225 is trivial (takes at most one non-missing value) and will be ignored
Warning, Predictor c11_7481 is trivial (takes at most one non-missing value) and will be ignored
Warning, Predictor c11_9991 is trivial (takes at most one non-missing value) and will be ignored
Warning, Predictor c11_7482 is trivial (takes at most one non-missing value) and will be ignored
In total, 3307 predictors are trivial

Calculating kinships for Chunk 42 of 63
Warning, Predictor c11_15009 is trivial (takes at most one non-missing value) and will be ignored
Warning, Predictor c11_12501 is trivial (takes at most one non-missing value) and will be ignored
Warning, Predictor c11_13756 is trivial (takes at most one non-missing value) and will be ignored
Warning, Predictor c11_12503 is trivial (takes at most one non-missing value) and will be ignored
Warning, Predictor c11_13758 is trivial (takes at most one non-missing value) and will be ignored
In total, 3442 predictors are trivial

Calculating kinships for Chunk 43 of 63
Warning, Predictor c12_3414 is trivial (takes at most one non-missing value) and will be ignored
Warning, Predictor c12_2159 is trivial (takes at most one non-missing value) and will be ignored
Warning, Predictor c12_3415 is trivial (takes at most one non-missing value) and will be ignored
Warning, Predictor c12_4670 is trivial (takes at most one non-missing value) and will be ignored
Warning, Predictor c12_3416 is trivial (takes at most one non-missing value) and will be ignored
In total, 3403 predictors are trivial

Calculating kinships for Chunk 44 of 63
Warning, Predictor c12_9688 is trivial (takes at most one non-missing value) and will be ignored
Warning, Predictor c12_7182 is trivial (takes at most one non-missing value) and will be ignored
Warning, Predictor c12_8434 is trivial (takes at most one non-missing value) and will be ignored
Warning, Predictor c12_7183 is trivial (takes at most one non-missing value) and will be ignored
Warning, Predictor c12_8435 is trivial (takes at most one non-missing value) and will be ignored
In total, 3424 predictors are trivial

Calculating kinships for Chunk 45 of 63
Warning, Predictor c12_13453 is trivial (takes at most one non-missing value) and will be ignored
Warning, Predictor c12_12198 is trivial (takes at most one non-missing value) and will be ignored
Warning, Predictor c12_14710 is trivial (takes at most one non-missing value) and will be ignored
Warning, Predictor c12_10944 is trivial (takes at most one non-missing value) and will be ignored
Warning, Predictor c12_14711 is trivial (takes at most one non-missing value) and will be ignored
In total, 3361 predictors are trivial

Calculating kinships for Chunk 46 of 63
Warning, Predictor c13_3625 is trivial (takes at most one non-missing value) and will be ignored
Warning, Predictor c13_2371 is trivial (takes at most one non-missing value) and will be ignored
Warning, Predictor c13_3626 is trivial (takes at most one non-missing value) and will be ignored
Warning, Predictor c13_2373 is trivial (takes at most one non-missing value) and will be ignored
Warning, Predictor c13_3628 is trivial (takes at most one non-missing value) and will be ignored
In total, 3376 predictors are trivial

Calculating kinships for Chunk 47 of 63
Warning, Predictor c13_8644 is trivial (takes at most one non-missing value) and will be ignored
Warning, Predictor c13_9899 is trivial (takes at most one non-missing value) and will be ignored
Warning, Predictor c13_7391 is trivial (takes at most one non-missing value) and will be ignored
Warning, Predictor c13_8645 is trivial (takes at most one non-missing value) and will be ignored
Warning, Predictor c13_7392 is trivial (takes at most one non-missing value) and will be ignored
In total, 3444 predictors are trivial

Calculating kinships for Chunk 48 of 63
Warning, Predictor c14_4167 is trivial (takes at most one non-missing value) and will be ignored
Warning, Predictor c14_404 is trivial (takes at most one non-missing value) and will be ignored
Warning, Predictor c14_4168 is trivial (takes at most one non-missing value) and will be ignored
Warning, Predictor c14_1657 is trivial (takes at most one non-missing value) and will be ignored
Warning, Predictor c14_406 is trivial (takes at most one non-missing value) and will be ignored
In total, 3450 predictors are trivial

Calculating kinships for Chunk 49 of 63
Warning, Predictor c14_9186 is trivial (takes at most one non-missing value) and will be ignored
Warning, Predictor c14_6680 is trivial (takes at most one non-missing value) and will be ignored
Warning, Predictor c14_9187 is trivial (takes at most one non-missing value) and will be ignored
Warning, Predictor c14_6682 is trivial (takes at most one non-missing value) and will be ignored
Warning, Predictor c14_9188 is trivial (takes at most one non-missing value) and will be ignored
In total, 3305 predictors are trivial

Calculating kinships for Chunk 50 of 63
Warning, Predictor c15_2967 is trivial (takes at most one non-missing value) and will be ignored
Warning, Predictor c15_1712 is trivial (takes at most one non-missing value) and will be ignored
Warning, Predictor c15_4222 is trivial (takes at most one non-missing value) and will be ignored
Warning, Predictor c15_1714 is trivial (takes at most one non-missing value) and will be ignored
Warning, Predictor c15_4223 is trivial (takes at most one non-missing value) and will be ignored
In total, 3346 predictors are trivial

Calculating kinships for Chunk 51 of 63
Warning, Predictor c15_6732 is trivial (takes at most one non-missing value) and will be ignored
Warning, Predictor c15_5479 is trivial (takes at most one non-missing value) and will be ignored
Warning, Predictor c15_6733 is trivial (takes at most one non-missing value) and will be ignored
Warning, Predictor c15_9242 is trivial (takes at most one non-missing value) and will be ignored
Warning, Predictor c15_6734 is trivial (takes at most one non-missing value) and will be ignored
In total, 3386 predictors are trivial

Calculating kinships for Chunk 52 of 63
Warning, Predictor c16_3278 is trivial (takes at most one non-missing value) and will be ignored
Warning, Predictor c16_4533 is trivial (takes at most one non-missing value) and will be ignored
Warning, Predictor c16_3281 is trivial (takes at most one non-missing value) and will be ignored
Warning, Predictor c16_770 is trivial (takes at most one non-missing value) and will be ignored
Warning, Predictor c16_4534 is trivial (takes at most one non-missing value) and will be ignored
In total, 3330 predictors are trivial

Calculating kinships for Chunk 53 of 63
Warning, Predictor c16_8298 is trivial (takes at most one non-missing value) and will be ignored
Warning, Predictor c16_7043 is trivial (takes at most one non-missing value) and will be ignored
Warning, Predictor c16_8299 is trivial (takes at most one non-missing value) and will be ignored
Warning, Predictor c16_9553 is trivial (takes at most one non-missing value) and will be ignored
Warning, Predictor c16_8302 is trivial (takes at most one non-missing value) and will be ignored
In total, 3413 predictors are trivial

Calculating kinships for Chunk 54 of 63
Warning, Predictor c17_2310 is trivial (takes at most one non-missing value) and will be ignored
Warning, Predictor c16_10808 is trivial (takes at most one non-missing value) and will be ignored
Warning, Predictor c17_3564 is trivial (takes at most one non-missing value) and will be ignored
Warning, Predictor c17_2312 is trivial (takes at most one non-missing value) and will be ignored
Warning, Predictor c16_10809 is trivial (takes at most one non-missing value) and will be ignored
In total, 3375 predictors are trivial

Calculating kinships for Chunk 55 of 63
Warning, Predictor c17_7329 is trivial (takes at most one non-missing value) and will be ignored
Warning, Predictor c17_6075 is trivial (takes at most one non-missing value) and will be ignored
Warning, Predictor c17_4819 is trivial (takes at most one non-missing value) and will be ignored
Warning, Predictor c17_6079 is trivial (takes at most one non-missing value) and will be ignored
Warning, Predictor c17_7333 is trivial (takes at most one non-missing value) and will be ignored
In total, 3402 predictors are trivial

Calculating kinships for Chunk 56 of 63
Warning, Predictor c18_2365 is trivial (takes at most one non-missing value) and will be ignored
Warning, Predictor c17_9839 is trivial (takes at most one non-missing value) and will be ignored
Warning, Predictor c18_2367 is trivial (takes at most one non-missing value) and will be ignored
Warning, Predictor c18_1110 is trivial (takes at most one non-missing value) and will be ignored
Warning, Predictor c18_2368 is trivial (takes at most one non-missing value) and will be ignored
In total, 3434 predictors are trivial

Calculating kinships for Chunk 57 of 63
Warning, Predictor c18_8639 is trivial (takes at most one non-missing value) and will be ignored
Warning, Predictor c18_7386 is trivial (takes at most one non-missing value) and will be ignored
Warning, Predictor c18_8641 is trivial (takes at most one non-missing value) and will be ignored
Warning, Predictor c18_6131 is trivial (takes at most one non-missing value) and will be ignored
Warning, Predictor c18_7387 is trivial (takes at most one non-missing value) and will be ignored
In total, 3430 predictors are trivial

Calculating kinships for Chunk 58 of 63
Warning, Predictor c19_1933 is trivial (takes at most one non-missing value) and will be ignored
Warning, Predictor c19_679 is trivial (takes at most one non-missing value) and will be ignored
Warning, Predictor c19_3188 is trivial (takes at most one non-missing value) and will be ignored
Warning, Predictor c19_4443 is trivial (takes at most one non-missing value) and will be ignored
Warning, Predictor c19_1934 is trivial (takes at most one non-missing value) and will be ignored
In total, 3359 predictors are trivial

Calculating kinships for Chunk 59 of 63
Warning, Predictor c19_8208 is trivial (takes at most one non-missing value) and will be ignored
Warning, Predictor c19_5699 is trivial (takes at most one non-missing value) and will be ignored
Warning, Predictor c19_8209 is trivial (takes at most one non-missing value) and will be ignored
Warning, Predictor c19_5701 is trivial (takes at most one non-missing value) and will be ignored
Warning, Predictor c19_8210 is trivial (takes at most one non-missing value) and will be ignored
In total, 3342 predictors are trivial

Calculating kinships for Chunk 60 of 63
Warning, Predictor c20_4779 is trivial (takes at most one non-missing value) and will be ignored
Warning, Predictor c20_2270 is trivial (takes at most one non-missing value) and will be ignored
Warning, Predictor c20_4780 is trivial (takes at most one non-missing value) and will be ignored
Warning, Predictor c20_2271 is trivial (takes at most one non-missing value) and will be ignored
Warning, Predictor c20_4781 is trivial (takes at most one non-missing value) and will be ignored
In total, 3404 predictors are trivial

Calculating kinships for Chunk 61 of 63
Warning, Predictor c21_608 is trivial (takes at most one non-missing value) and will be ignored
Warning, Predictor c21_1863 is trivial (takes at most one non-missing value) and will be ignored
Warning, Predictor c21_609 is trivial (takes at most one non-missing value) and will be ignored
Warning, Predictor c21_1864 is trivial (takes at most one non-missing value) and will be ignored
Warning, Predictor c21_610 is trivial (takes at most one non-missing value) and will be ignored
In total, 3360 predictors are trivial

Calculating kinships for Chunk 62 of 63
Warning, Predictor c22_2274 is trivial (takes at most one non-missing value) and will be ignored
Warning, Predictor c22_1019 is trivial (takes at most one non-missing value) and will be ignored
Warning, Predictor c22_2275 is trivial (takes at most one non-missing value) and will be ignored
Warning, Predictor c22_1021 is trivial (takes at most one non-missing value) and will be ignored
Warning, Predictor c22_2276 is trivial (takes at most one non-missing value) and will be ignored
In total, 3386 predictors are trivial

Calculating kinships for Chunk 63 of 63
Warning, Predictor c22_4784 is trivial (takes at most one non-missing value) and will be ignored
Warning, Predictor c22_4805 is trivial (takes at most one non-missing value) and will be ignored
Warning, Predictor c22_4785 is trivial (takes at most one non-missing value) and will be ignored
Warning, Predictor c22_4825 is trivial (takes at most one non-missing value) and will be ignored
Warning, Predictor c22_4786 is trivial (takes at most one non-missing value) and will be ignored
In total, 55 predictors are trivial


Kinship matrix saved in files with prefix /home/kce/NLPPred/github/snip/data/ldak_results/chr1-22_20k_relu_512_c_snps_train.GCTA

-- -- -- -- -- -- -- -- -- -- -- -- -- -- -- -- -- -- --
Mission completed. All your basepair are belong to us :)
-- -- -- -- -- -- -- -- -- -- -- -- -- -- -- -- -- -- --
Processing: /home/kce/NLPPred/github/snip/data/compressed/whole_geno/combined_sped/chr1-22_20k_relu_16_c_snps_train.sped
Output path: /home/kce/NLPPred/github/snip/data/ldak_results/chr1-22_20k_relu_16_c_snps_train.GCTA
-- -- -- -- -- -- -- -- -- -- -- -- -- -- -- -- -- -- -- -- -- -- -- -- -- -- -- -- --
LDAK - Software for obtaining Linkage Disequilibrium Adjusted Kinships and Loads More
Version 5.2 - Help pages at http://www.ldak.org
-- -- -- -- -- -- -- -- -- -- -- -- -- -- -- -- -- -- -- -- -- -- -- -- -- -- -- -- --

There are 6 pairs of arguments:
--calc-kins-direct /home/kce/NLPPred/github/snip/data/ldak_results/chr1-22_20k_relu_16_c_snps_train.GCTA
--sped /home/kce/NLPPred/github/snip/data/compressed/whole_geno/combined_sped/chr1-22_20k_relu_16_c_snps_train
--ignore-weights YES
--power -1
--SNP-data NO
--max-threads 4

-- -- -- -- -- -- -- -- -- -- -- -- -- -- -- -- -- -- -- -- -- -- -- -- -- -- -- -- --

Calculating kinships directly

Predictors will be centred then scaled by V^(-1.0000/2) (option "--power"), where V is the observed variance of the predictor; to instead scale based on expected variance use "--hwe-stand YES"

Add "--kinship-gz YES" and/or "--kinship-raw YES" to save gzipped and/or text versions of the kinship matrix

If memory is an issue, add "--single YES" (then calculations will performed using single precistion)

-- -- -- -- -- -- -- -- -- -- -- -- -- -- -- -- -- -- -- -- -- -- -- -- -- -- -- -- --

Reading IDs for 20000 samples from /home/kce/NLPPred/github/snip/data/compressed/whole_geno/combined_sped/chr1-22_20k_relu_16_c_snps_train.fam

Reading details for 314256 predictors from /home/kce/NLPPred/github/snip/data/compressed/whole_geno/combined_sped/chr1-22_20k_relu_16_c_snps_train.bim
Warning, Predictor c01_0 has a non-positive basepair (0) and will be ignored
Warning, Predictor c01_8 has a non-positive basepair (0) and will be ignored
Warning, Predictor c01_16 has a non-positive basepair (0) and will be ignored
Warning, Predictor c01_24 has a non-positive basepair (0) and will be ignored
Warning, Predictor c01_32 has a non-positive basepair (0) and will be ignored
In total 39282 predictors have non-positive basepairs

Data contain 20000 samples and 314256 predictors; will be using 20000 and 274974

Warning, to perform the analysis will require approximately 3.0 Gb

Calculating kinships for Chunk 1 of 55
Warning, Predictor c01_2859 is trivial (takes at most one non-missing value) and will be ignored
Warning, Predictor c01_1430 is trivial (takes at most one non-missing value) and will be ignored
Warning, Predictor c01_2862 is trivial (takes at most one non-missing value) and will be ignored
Warning, Predictor c01_4294 is trivial (takes at most one non-missing value) and will be ignored
Warning, Predictor c01_2865 is trivial (takes at most one non-missing value) and will be ignored
In total, 1516 predictors are trivial

Calculating kinships for Chunk 2 of 55
Warning, Predictor c01_7143 is trivial (takes at most one non-missing value) and will be ignored
Warning, Predictor c01_5718 is trivial (takes at most one non-missing value) and will be ignored
Warning, Predictor c01_8575 is trivial (takes at most one non-missing value) and will be ignored
Warning, Predictor c01_7145 is trivial (takes at most one non-missing value) and will be ignored
Warning, Predictor c01_5721 is trivial (takes at most one non-missing value) and will be ignored
In total, 1641 predictors are trivial

Calculating kinships for Chunk 3 of 55
Warning, Predictor c01_15716 is trivial (takes at most one non-missing value) and will be ignored
Warning, Predictor c01_14289 is trivial (takes at most one non-missing value) and will be ignored
Warning, Predictor c01_15717 is trivial (takes at most one non-missing value) and will be ignored
Warning, Predictor c01_14290 is trivial (takes at most one non-missing value) and will be ignored
Warning, Predictor c01_15718 is trivial (takes at most one non-missing value) and will be ignored
In total, 1645 predictors are trivial

Calculating kinships for Chunk 4 of 55
Warning, Predictor c01_21429 is trivial (takes at most one non-missing value) and will be ignored
Warning, Predictor c01_18574 is trivial (takes at most one non-missing value) and will be ignored
Warning, Predictor c01_17143 is trivial (takes at most one non-missing value) and will be ignored
Warning, Predictor c01_18575 is trivial (takes at most one non-missing value) and will be ignored
Warning, Predictor c01_17145 is trivial (takes at most one non-missing value) and will be ignored
In total, 1590 predictors are trivial

Calculating kinships for Chunk 5 of 55
Warning, Predictor c02_2471 is trivial (takes at most one non-missing value) and will be ignored
Warning, Predictor c01_22860 is trivial (takes at most one non-missing value) and will be ignored
Warning, Predictor c01_24286 is trivial (takes at most one non-missing value) and will be ignored
Warning, Predictor c02_2474 is trivial (takes at most one non-missing value) and will be ignored
Warning, Predictor c01_22862 is trivial (takes at most one non-missing value) and will be ignored
In total, 1565 predictors are trivial

Calculating kinships for Chunk 6 of 55
Warning, Predictor c02_5330 is trivial (takes at most one non-missing value) and will be ignored
Warning, Predictor c02_6762 is trivial (takes at most one non-missing value) and will be ignored
Warning, Predictor c02_5332 is trivial (takes at most one non-missing value) and will be ignored
Warning, Predictor c02_3905 is trivial (takes at most one non-missing value) and will be ignored
Warning, Predictor c02_6767 is trivial (takes at most one non-missing value) and will be ignored
In total, 1559 predictors are trivial

Calculating kinships for Chunk 7 of 55
Warning, Predictor c02_13900 is trivial (takes at most one non-missing value) and will be ignored
Warning, Predictor c02_11045 is trivial (takes at most one non-missing value) and will be ignored
Warning, Predictor c02_13902 is trivial (takes at most one non-missing value) and will be ignored
Warning, Predictor c02_11047 is trivial (takes at most one non-missing value) and will be ignored
Warning, Predictor c02_13903 is trivial (takes at most one non-missing value) and will be ignored
In total, 1628 predictors are trivial

Calculating kinships for Chunk 8 of 55
Warning, Predictor c02_15329 is trivial (takes at most one non-missing value) and will be ignored
Warning, Predictor c02_19617 is trivial (takes at most one non-missing value) and will be ignored
Warning, Predictor c02_18188 is trivial (takes at most one non-missing value) and will be ignored
Warning, Predictor c02_19620 is trivial (takes at most one non-missing value) and will be ignored
Warning, Predictor c02_18189 is trivial (takes at most one non-missing value) and will be ignored
In total, 1619 predictors are trivial

Calculating kinships for Chunk 9 of 55
Warning, Predictor c02_22471 is trivial (takes at most one non-missing value) and will be ignored
Warning, Predictor c02_21045 is trivial (takes at most one non-missing value) and will be ignored
Warning, Predictor c02_22478 is trivial (takes at most one non-missing value) and will be ignored
Warning, Predictor c03_82 is trivial (takes at most one non-missing value) and will be ignored
Warning, Predictor c02_22486 is trivial (takes at most one non-missing value) and will be ignored
In total, 1542 predictors are trivial

Calculating kinships for Chunk 10 of 55
Warning, Predictor c03_4371 is trivial (takes at most one non-missing value) and will be ignored
Warning, Predictor c03_5801 is trivial (takes at most one non-missing value) and will be ignored
Warning, Predictor c03_2945 is trivial (takes at most one non-missing value) and will be ignored
Warning, Predictor c03_4375 is trivial (takes at most one non-missing value) and will be ignored
Warning, Predictor c03_5803 is trivial (takes at most one non-missing value) and will be ignored
In total, 1512 predictors are trivial

Calculating kinships for Chunk 11 of 55
Warning, Predictor c03_8653 is trivial (takes at most one non-missing value) and will be ignored
Warning, Predictor c03_7225 is trivial (takes at most one non-missing value) and will be ignored
Warning, Predictor c03_8655 is trivial (takes at most one non-missing value) and will be ignored
Warning, Predictor c03_7230 is trivial (takes at most one non-missing value) and will be ignored
Warning, Predictor c03_10082 is trivial (takes at most one non-missing value) and will be ignored
In total, 1552 predictors are trivial

Calculating kinships for Chunk 12 of 55
Warning, Predictor c03_17223 is trivial (takes at most one non-missing value) and will be ignored
Warning, Predictor c03_12939 is trivial (takes at most one non-missing value) and will be ignored
Warning, Predictor c03_15801 is trivial (takes at most one non-missing value) and will be ignored
Warning, Predictor c03_12942 is trivial (takes at most one non-missing value) and will be ignored
Warning, Predictor c03_15803 is trivial (takes at most one non-missing value) and will be ignored
In total, 1581 predictors are trivial

Calculating kinships for Chunk 13 of 55
Warning, Predictor c03_20081 is trivial (takes at most one non-missing value) and will be ignored
Warning, Predictor c04_341 is trivial (takes at most one non-missing value) and will be ignored
Warning, Predictor c03_18653 is trivial (takes at most one non-missing value) and will be ignored
Warning, Predictor c04_343 is trivial (takes at most one non-missing value) and will be ignored
Warning, Predictor c03_18654 is trivial (takes at most one non-missing value) and will be ignored
In total, 1526 predictors are trivial

Calculating kinships for Chunk 14 of 55
Warning, Predictor c04_4627 is trivial (takes at most one non-missing value) and will be ignored
Warning, Predictor c04_6058 is trivial (takes at most one non-missing value) and will be ignored
Warning, Predictor c04_3210 is trivial (takes at most one non-missing value) and will be ignored
Warning, Predictor c04_6060 is trivial (takes at most one non-missing value) and will be ignored
Warning, Predictor c04_3211 is trivial (takes at most one non-missing value) and will be ignored
In total, 1551 predictors are trivial

Calculating kinships for Chunk 15 of 55
Warning, Predictor c04_13198 is trivial (takes at most one non-missing value) and will be ignored
Warning, Predictor c04_10342 is trivial (takes at most one non-missing value) and will be ignored
Warning, Predictor c04_11772 is trivial (takes at most one non-missing value) and will be ignored
Warning, Predictor c04_8913 is trivial (takes at most one non-missing value) and will be ignored
Warning, Predictor c04_11774 is trivial (takes at most one non-missing value) and will be ignored
In total, 1556 predictors are trivial

Calculating kinships for Chunk 16 of 55
Warning, Predictor c04_14627 is trivial (takes at most one non-missing value) and will be ignored
Warning, Predictor c04_17484 is trivial (takes at most one non-missing value) and will be ignored
Warning, Predictor c04_14631 is trivial (takes at most one non-missing value) and will be ignored
Warning, Predictor c04_16061 is trivial (takes at most one non-missing value) and will be ignored
Warning, Predictor c04_14635 is trivial (takes at most one non-missing value) and will be ignored
In total, 1567 predictors are trivial

Calculating kinships for Chunk 17 of 55
Warning, Predictor c05_1683 is trivial (takes at most one non-missing value) and will be ignored
Warning, Predictor c05_4542 is trivial (takes at most one non-missing value) and will be ignored
Warning, Predictor c05_261 is trivial (takes at most one non-missing value) and will be ignored
Warning, Predictor c05_1685 is trivial (takes at most one non-missing value) and will be ignored
Warning, Predictor c05_4545 is trivial (takes at most one non-missing value) and will be ignored
In total, 1553 predictors are trivial

Calculating kinships for Chunk 18 of 55
Warning, Predictor c05_8825 is trivial (takes at most one non-missing value) and will be ignored
Warning, Predictor c05_7397 is trivial (takes at most one non-missing value) and will be ignored
Warning, Predictor c05_8827 is trivial (takes at most one non-missing value) and will be ignored
Warning, Predictor c05_5979 is trivial (takes at most one non-missing value) and will be ignored
Warning, Predictor c05_7401 is trivial (takes at most one non-missing value) and will be ignored
In total, 1575 predictors are trivial

Calculating kinships for Chunk 19 of 55
Warning, Predictor c05_13110 is trivial (takes at most one non-missing value) and will be ignored
Warning, Predictor c05_11683 is trivial (takes at most one non-missing value) and will be ignored
Warning, Predictor c05_13111 is trivial (takes at most one non-missing value) and will be ignored
Warning, Predictor c05_14540 is trivial (takes at most one non-missing value) and will be ignored
Warning, Predictor c05_15978 is trivial (takes at most one non-missing value) and will be ignored
In total, 1577 predictors are trivial

Calculating kinships for Chunk 20 of 55
Warning, Predictor c06_2682 is trivial (takes at most one non-missing value) and will be ignored
Warning, Predictor c06_1253 is trivial (takes at most one non-missing value) and will be ignored
Warning, Predictor c05_17396 is trivial (takes at most one non-missing value) and will be ignored
Warning, Predictor c06_2683 is trivial (takes at most one non-missing value) and will be ignored
Warning, Predictor c05_17397 is trivial (takes at most one non-missing value) and will be ignored
In total, 1557 predictors are trivial

Calculating kinships for Chunk 21 of 55
Warning, Predictor c06_8396 is trivial (takes at most one non-missing value) and will be ignored
Warning, Predictor c06_5545 is trivial (takes at most one non-missing value) and will be ignored
Warning, Predictor c06_6969 is trivial (takes at most one non-missing value) and will be ignored
Warning, Predictor c06_5549 is trivial (takes at most one non-missing value) and will be ignored
Warning, Predictor c06_6972 is trivial (takes at most one non-missing value) and will be ignored
In total, 1559 predictors are trivial

Calculating kinships for Chunk 22 of 55
Warning, Predictor c06_12682 is trivial (takes at most one non-missing value) and will be ignored
Warning, Predictor c06_9826 is trivial (takes at most one non-missing value) and will be ignored
Warning, Predictor c06_11255 is trivial (takes at most one non-missing value) and will be ignored
Warning, Predictor c06_9830 is trivial (takes at most one non-missing value) and will be ignored
Warning, Predictor c06_11259 is trivial (takes at most one non-missing value) and will be ignored
In total, 1603 predictors are trivial

Calculating kinships for Chunk 23 of 55
Warning, Predictor c06_19825 is trivial (takes at most one non-missing value) and will be ignored
Warning, Predictor c06_16971 is trivial (takes at most one non-missing value) and will be ignored
Warning, Predictor c06_18401 is trivial (takes at most one non-missing value) and will be ignored
Warning, Predictor c06_15541 is trivial (takes at most one non-missing value) and will be ignored
Warning, Predictor c06_16974 is trivial (takes at most one non-missing value) and will be ignored
In total, 1607 predictors are trivial

Calculating kinships for Chunk 24 of 55
Warning, Predictor c07_370 is trivial (takes at most one non-missing value) and will be ignored
Warning, Predictor c07_1798 is trivial (takes at most one non-missing value) and will be ignored
Warning, Predictor c06_21255 is trivial (takes at most one non-missing value) and will be ignored
Warning, Predictor c07_371 is trivial (takes at most one non-missing value) and will be ignored
Warning, Predictor c06_21257 is trivial (takes at most one non-missing value) and will be ignored
In total, 1562 predictors are trivial

Calculating kinships for Chunk 25 of 55
Warning, Predictor c07_7515 is trivial (takes at most one non-missing value) and will be ignored
Warning, Predictor c07_6092 is trivial (takes at most one non-missing value) and will be ignored
Warning, Predictor c07_7517 is trivial (takes at most one non-missing value) and will be ignored
Warning, Predictor c07_4665 is trivial (takes at most one non-missing value) and will be ignored
Warning, Predictor c07_7519 is trivial (takes at most one non-missing value) and will be ignored
In total, 1540 predictors are trivial

Calculating kinships for Chunk 26 of 55
Warning, Predictor c07_11799 is trivial (takes at most one non-missing value) and will be ignored
Warning, Predictor c07_14660 is trivial (takes at most one non-missing value) and will be ignored
Warning, Predictor c07_11802 is trivial (takes at most one non-missing value) and will be ignored
Warning, Predictor c07_14662 is trivial (takes at most one non-missing value) and will be ignored
Warning, Predictor c07_10375 is trivial (takes at most one non-missing value) and will be ignored
In total, 1596 predictors are trivial

Calculating kinships for Chunk 27 of 55
Warning, Predictor c08_178 is trivial (takes at most one non-missing value) and will be ignored
Warning, Predictor c07_16085 is trivial (takes at most one non-missing value) and will be ignored
Warning, Predictor c08_179 is trivial (takes at most one non-missing value) and will be ignored
Warning, Predictor c08_1613 is trivial (takes at most one non-missing value) and will be ignored
Warning, Predictor c08_181 is trivial (takes at most one non-missing value) and will be ignored
In total, 1547 predictors are trivial

Calculating kinships for Chunk 28 of 55
Warning, Predictor c08_5891 is trivial (takes at most one non-missing value) and will be ignored
Warning, Predictor c08_7323 is trivial (takes at most one non-missing value) and will be ignored
Warning, Predictor c08_8749 is trivial (takes at most one non-missing value) and will be ignored
Warning, Predictor c08_7327 is trivial (takes at most one non-missing value) and will be ignored
Warning, Predictor c08_8753 is trivial (takes at most one non-missing value) and will be ignored
In total, 1610 predictors are trivial

Calculating kinships for Chunk 29 of 55
Warning, Predictor c08_11606 is trivial (takes at most one non-missing value) and will be ignored
Warning, Predictor c08_14463 is trivial (takes at most one non-missing value) and will be ignored
Warning, Predictor c08_11611 is trivial (takes at most one non-missing value) and will be ignored
Warning, Predictor c08_14468 is trivial (takes at most one non-missing value) and will be ignored
Warning, Predictor c08_11617 is trivial (takes at most one non-missing value) and will be ignored
In total, 1556 predictors are trivial

Calculating kinships for Chunk 30 of 55
Warning, Predictor c09_2428 is trivial (takes at most one non-missing value) and will be ignored
Warning, Predictor c09_3858 is trivial (takes at most one non-missing value) and will be ignored
Warning, Predictor c09_2430 is trivial (takes at most one non-missing value) and will be ignored
Warning, Predictor c09_3859 is trivial (takes at most one non-missing value) and will be ignored
Warning, Predictor c09_1013 is trivial (takes at most one non-missing value) and will be ignored
In total, 1501 predictors are trivial

Calculating kinships for Chunk 31 of 55
Warning, Predictor c09_9571 is trivial (takes at most one non-missing value) and will be ignored
Warning, Predictor c09_6716 is trivial (takes at most one non-missing value) and will be ignored
Warning, Predictor c09_8143 is trivial (takes at most one non-missing value) and will be ignored
Warning, Predictor c09_6719 is trivial (takes at most one non-missing value) and will be ignored
Warning, Predictor c09_8145 is trivial (takes at most one non-missing value) and will be ignored
In total, 1535 predictors are trivial

Calculating kinships for Chunk 32 of 55
Warning, Predictor c09_12428 is trivial (takes at most one non-missing value) and will be ignored
Warning, Predictor c10_1401 is trivial (takes at most one non-missing value) and will be ignored
Warning, Predictor c09_11002 is trivial (takes at most one non-missing value) and will be ignored
Warning, Predictor c10_1403 is trivial (takes at most one non-missing value) and will be ignored
Warning, Predictor c09_12429 is trivial (takes at most one non-missing value) and will be ignored
In total, 1508 predictors are trivial

Calculating kinships for Chunk 33 of 55
Warning, Predictor c10_2827 is trivial (takes at most one non-missing value) and will be ignored
Warning, Predictor c10_4263 is trivial (takes at most one non-missing value) and will be ignored
Warning, Predictor c10_5689 is trivial (takes at most one non-missing value) and will be ignored
Warning, Predictor c10_4266 is trivial (takes at most one non-missing value) and will be ignored
Warning, Predictor c10_5690 is trivial (takes at most one non-missing value) and will be ignored
In total, 1629 predictors are trivial

Calculating kinships for Chunk 34 of 55
Warning, Predictor c10_9969 is trivial (takes at most one non-missing value) and will be ignored
Warning, Predictor c10_11398 is trivial (takes at most one non-missing value) and will be ignored
Warning, Predictor c10_9970 is trivial (takes at most one non-missing value) and will be ignored
Warning, Predictor c10_11401 is trivial (takes at most one non-missing value) and will be ignored
Warning, Predictor c10_8541 is trivial (takes at most one non-missing value) and will be ignored
In total, 1601 predictors are trivial

Calculating kinships for Chunk 35 of 55
Warning, Predictor c11_1343 is trivial (takes at most one non-missing value) and will be ignored
Warning, Predictor c10_14254 is trivial (takes at most one non-missing value) and will be ignored
Warning, Predictor c11_1349 is trivial (takes at most one non-missing value) and will be ignored
Warning, Predictor c11_2773 is trivial (takes at most one non-missing value) and will be ignored
Warning, Predictor c11_1356 is trivial (takes at most one non-missing value) and will be ignored
In total, 1490 predictors are trivial

Calculating kinships for Chunk 36 of 55
Warning, Predictor c11_7058 is trivial (takes at most one non-missing value) and will be ignored
Warning, Predictor c11_8487 is trivial (takes at most one non-missing value) and will be ignored
Warning, Predictor c11_7061 is trivial (takes at most one non-missing value) and will be ignored
Warning, Predictor c11_5636 is trivial (takes at most one non-missing value) and will be ignored
Warning, Predictor c11_4201 is trivial (takes at most one non-missing value) and will be ignored
In total, 1618 predictors are trivial

Calculating kinships for Chunk 37 of 55
Warning, Predictor c11_12773 is trivial (takes at most one non-missing value) and will be ignored
Warning, Predictor c11_14203 is trivial (takes at most one non-missing value) and will be ignored
Warning, Predictor c11_12775 is trivial (takes at most one non-missing value) and will be ignored
Warning, Predictor c11_14204 is trivial (takes at most one non-missing value) and will be ignored
Warning, Predictor c11_12777 is trivial (takes at most one non-missing value) and will be ignored
In total, 1609 predictors are trivial

Calculating kinships for Chunk 38 of 55
Warning, Predictor c12_101 is trivial (takes at most one non-missing value) and will be ignored
Warning, Predictor c12_2963 is trivial (takes at most one non-missing value) and will be ignored
Warning, Predictor c12_1531 is trivial (takes at most one non-missing value) and will be ignored
Warning, Predictor c12_107 is trivial (takes at most one non-missing value) and will be ignored
Warning, Predictor c12_2964 is trivial (takes at most one non-missing value) and will be ignored
In total, 1546 predictors are trivial

Calculating kinships for Chunk 39 of 55
Warning, Predictor c12_8674 is trivial (takes at most one non-missing value) and will be ignored
Warning, Predictor c12_7245 is trivial (takes at most one non-missing value) and will be ignored
Warning, Predictor c12_8678 is trivial (takes at most one non-missing value) and will be ignored
Warning, Predictor c12_7246 is trivial (takes at most one non-missing value) and will be ignored
Warning, Predictor c12_10108 is trivial (takes at most one non-missing value) and will be ignored
In total, 1644 predictors are trivial

Calculating kinships for Chunk 40 of 55
Warning, Predictor c12_11530 is trivial (takes at most one non-missing value) and will be ignored
Warning, Predictor c13_890 is trivial (takes at most one non-missing value) and will be ignored
Warning, Predictor c12_14394 is trivial (takes at most one non-missing value) and will be ignored
Warning, Predictor c13_892 is trivial (takes at most one non-missing value) and will be ignored
Warning, Predictor c12_12959 is trivial (takes at most one non-missing value) and will be ignored
In total, 1584 predictors are trivial

Calculating kinships for Chunk 41 of 55
Warning, Predictor c13_5173 is trivial (takes at most one non-missing value) and will be ignored
Warning, Predictor c13_3748 is trivial (takes at most one non-missing value) and will be ignored
Warning, Predictor c13_6603 is trivial (takes at most one non-missing value) and will be ignored
Warning, Predictor c13_5174 is trivial (takes at most one non-missing value) and will be ignored
Warning, Predictor c13_6604 is trivial (takes at most one non-missing value) and will be ignored
In total, 1558 predictors are trivial

Calculating kinships for Chunk 42 of 55
Warning, Predictor c13_9459 is trivial (takes at most one non-missing value) and will be ignored
Warning, Predictor c14_50 is trivial (takes at most one non-missing value) and will be ignored
Warning, Predictor c13_9461 is trivial (takes at most one non-missing value) and will be ignored
Warning, Predictor c14_1483 is trivial (takes at most one non-missing value) and will be ignored
Warning, Predictor c14_57 is trivial (takes at most one non-missing value) and will be ignored
In total, 1570 predictors are trivial

Calculating kinships for Chunk 43 of 55
Warning, Predictor c14_7190 is trivial (takes at most one non-missing value) and will be ignored
Warning, Predictor c14_4334 is trivial (takes at most one non-missing value) and will be ignored
Warning, Predictor c14_7197 is trivial (takes at most one non-missing value) and will be ignored
Warning, Predictor c14_4341 is trivial (takes at most one non-missing value) and will be ignored
Warning, Predictor c14_7198 is trivial (takes at most one non-missing value) and will be ignored
In total, 1555 predictors are trivial

Calculating kinships for Chunk 44 of 55
Warning, Predictor c15_1316 is trivial (takes at most one non-missing value) and will be ignored
Warning, Predictor c14_8620 is trivial (takes at most one non-missing value) and will be ignored
Warning, Predictor c15_1318 is trivial (takes at most one non-missing value) and will be ignored
Warning, Predictor c15_2746 is trivial (takes at most one non-missing value) and will be ignored
Warning, Predictor c15_1323 is trivial (takes at most one non-missing value) and will be ignored
In total, 1574 predictors are trivial

Calculating kinships for Chunk 45 of 55
Warning, Predictor c15_8459 is trivial (takes at most one non-missing value) and will be ignored
Warning, Predictor c15_5603 is trivial (takes at most one non-missing value) and will be ignored
Warning, Predictor c15_7030 is trivial (takes at most one non-missing value) and will be ignored
Warning, Predictor c15_5604 is trivial (takes at most one non-missing value) and will be ignored
Warning, Predictor c15_7031 is trivial (takes at most one non-missing value) and will be ignored
In total, 1536 predictors are trivial

Calculating kinships for Chunk 46 of 55
Warning, Predictor c16_1452 is trivial (takes at most one non-missing value) and will be ignored
Warning, Predictor c16_28 is trivial (takes at most one non-missing value) and will be ignored
Warning, Predictor c16_2890 is trivial (takes at most one non-missing value) and will be ignored
Warning, Predictor c16_4313 is trivial (takes at most one non-missing value) and will be ignored
Warning, Predictor c16_2893 is trivial (takes at most one non-missing value) and will be ignored
In total, 1506 predictors are trivial

Calculating kinships for Chunk 47 of 55
Warning, Predictor c16_5738 is trivial (takes at most one non-missing value) and will be ignored
Warning, Predictor c16_7169 is trivial (takes at most one non-missing value) and will be ignored
Warning, Predictor c16_8596 is trivial (takes at most one non-missing value) and will be ignored
Warning, Predictor c16_7172 is trivial (takes at most one non-missing value) and will be ignored
Warning, Predictor c16_8604 is trivial (takes at most one non-missing value) and will be ignored
In total, 1517 predictors are trivial

Calculating kinships for Chunk 48 of 55
Warning, Predictor c17_4706 is trivial (takes at most one non-missing value) and will be ignored
Warning, Predictor c17_421 is trivial (takes at most one non-missing value) and will be ignored
Warning, Predictor c17_3281 is trivial (takes at most one non-missing value) and will be ignored
Warning, Predictor c17_4709 is trivial (takes at most one non-missing value) and will be ignored
Warning, Predictor c17_427 is trivial (takes at most one non-missing value) and will be ignored
In total, 1541 predictors are trivial

Calculating kinships for Chunk 49 of 55
Warning, Predictor c17_7565 is trivial (takes at most one non-missing value) and will be ignored
Warning, Predictor c18_285 is trivial (takes at most one non-missing value) and will be ignored
Warning, Predictor c17_8996 is trivial (takes at most one non-missing value) and will be ignored
Warning, Predictor c18_286 is trivial (takes at most one non-missing value) and will be ignored
Warning, Predictor c17_9001 is trivial (takes at most one non-missing value) and will be ignored
In total, 1568 predictors are trivial

Calculating kinships for Chunk 50 of 55
Warning, Predictor c18_4570 is trivial (takes at most one non-missing value) and will be ignored
Warning, Predictor c18_3142 is trivial (takes at most one non-missing value) and will be ignored
Warning, Predictor c18_1713 is trivial (takes at most one non-missing value) and will be ignored
Warning, Predictor c18_3150 is trivial (takes at most one non-missing value) and will be ignored
Warning, Predictor c18_4571 is trivial (takes at most one non-missing value) and will be ignored
In total, 1595 predictors are trivial

Calculating kinships for Chunk 51 of 55
Warning, Predictor c19_2297 is trivial (takes at most one non-missing value) and will be ignored
Warning, Predictor c19_870 is trivial (takes at most one non-missing value) and will be ignored
Warning, Predictor c18_7427 is trivial (takes at most one non-missing value) and will be ignored
Warning, Predictor c19_875 is trivial (takes at most one non-missing value) and will be ignored
Warning, Predictor c19_2299 is trivial (takes at most one non-missing value) and will be ignored
In total, 1563 predictors are trivial

Calculating kinships for Chunk 52 of 55
Warning, Predictor c19_3726 is trivial (takes at most one non-missing value) and will be ignored
Warning, Predictor c19_8018 is trivial (takes at most one non-missing value) and will be ignored
Warning, Predictor c19_5156 is trivial (takes at most one non-missing value) and will be ignored
Warning, Predictor c19_6590 is trivial (takes at most one non-missing value) and will be ignored
Warning, Predictor c19_5157 is trivial (takes at most one non-missing value) and will be ignored
In total, 1459 predictors are trivial

Calculating kinships for Chunk 53 of 55
Warning, Predictor c20_3673 is trivial (takes at most one non-missing value) and will be ignored
Warning, Predictor c20_5102 is trivial (takes at most one non-missing value) and will be ignored
Warning, Predictor c20_2245 is trivial (takes at most one non-missing value) and will be ignored
Warning, Predictor c20_5103 is trivial (takes at most one non-missing value) and will be ignored
Warning, Predictor c20_2252 is trivial (takes at most one non-missing value) and will be ignored
In total, 1543 predictors are trivial

Calculating kinships for Chunk 54 of 55
Warning, Predictor c20_6530 is trivial (takes at most one non-missing value) and will be ignored
Warning, Predictor c21_1206 is trivial (takes at most one non-missing value) and will be ignored
Warning, Predictor c21_2633 is trivial (takes at most one non-missing value) and will be ignored
Warning, Predictor c21_1210 is trivial (takes at most one non-missing value) and will be ignored
Warning, Predictor c21_2636 is trivial (takes at most one non-missing value) and will be ignored
In total, 1609 predictors are trivial

Calculating kinships for Chunk 55 of 55
Warning, Predictor c22_770 is trivial (takes at most one non-missing value) and will be ignored
Warning, Predictor c22_2193 is trivial (takes at most one non-missing value) and will be ignored
Warning, Predictor c22_772 is trivial (takes at most one non-missing value) and will be ignored
Warning, Predictor c22_3612 is trivial (takes at most one non-missing value) and will be ignored
Warning, Predictor c22_777 is trivial (takes at most one non-missing value) and will be ignored
In total, 1522 predictors are trivial


Kinship matrix saved in files with prefix /home/kce/NLPPred/github/snip/data/ldak_results/chr1-22_20k_relu_16_c_snps_train.GCTA

-- -- -- -- -- -- -- -- -- -- -- -- -- -- -- -- -- -- --
Mission completed. All your basepair are belong to us :)
-- -- -- -- -- -- -- -- -- -- -- -- -- -- -- -- -- -- --
Processing: /home/kce/NLPPred/github/snip/data/compressed/whole_geno/combined_sped/chr1-22_20k_identity_512_c_snps_train.sped
Output path: /home/kce/NLPPred/github/snip/data/ldak_results/chr1-22_20k_identity_512_c_snps_train.GCTA
-- -- -- -- -- -- -- -- -- -- -- -- -- -- -- -- -- -- -- -- -- -- -- -- -- -- -- -- --
LDAK - Software for obtaining Linkage Disequilibrium Adjusted Kinships and Loads More
Version 5.2 - Help pages at http://www.ldak.org
-- -- -- -- -- -- -- -- -- -- -- -- -- -- -- -- -- -- -- -- -- -- -- -- -- -- -- -- --

There are 6 pairs of arguments:
--calc-kins-direct /home/kce/NLPPred/github/snip/data/ldak_results/chr1-22_20k_identity_512_c_snps_train.GCTA
--sped /home/kce/NLPPred/github/snip/data/compressed/whole_geno/combined_sped/chr1-22_20k_identity_512_c_snps_train
--ignore-weights YES
--power -1
--SNP-data NO
--max-threads 4

-- -- -- -- -- -- -- -- -- -- -- -- -- -- -- -- -- -- -- -- -- -- -- -- -- -- -- -- --

Calculating kinships directly

Predictors will be centred then scaled by V^(-1.0000/2) (option "--power"), where V is the observed variance of the predictor; to instead scale based on expected variance use "--hwe-stand YES"

Add "--kinship-gz YES" and/or "--kinship-raw YES" to save gzipped and/or text versions of the kinship matrix

If memory is an issue, add "--single YES" (then calculations will performed using single precistion)

-- -- -- -- -- -- -- -- -- -- -- -- -- -- -- -- -- -- -- -- -- -- -- -- -- -- -- -- --

Reading IDs for 20000 samples from /home/kce/NLPPred/github/snip/data/compressed/whole_geno/combined_sped/chr1-22_20k_identity_512_c_snps_train.fam

Reading details for 311296 predictors from /home/kce/NLPPred/github/snip/data/compressed/whole_geno/combined_sped/chr1-22_20k_identity_512_c_snps_train.bim
Warning, Predictor c01_0 has a non-positive basepair (0) and will be ignored
Warning, Predictor c01_256 has a non-positive basepair (0) and will be ignored
Warning, Predictor c01_512 has a non-positive basepair (0) and will be ignored
Warning, Predictor c01_768 has a non-positive basepair (0) and will be ignored
Warning, Predictor c01_1024 has a non-positive basepair (0) and will be ignored
In total 1216 predictors have non-positive basepairs

Data contain 20000 samples and 311296 predictors; will be using 20000 and 310080

Warning, to perform the analysis will require approximately 3.0 Gb

Calculating kinships for Chunk 1 of 63
Calculating kinships for Chunk 2 of 63
Calculating kinships for Chunk 3 of 63
Calculating kinships for Chunk 4 of 63
Calculating kinships for Chunk 5 of 63
Calculating kinships for Chunk 6 of 63
Calculating kinships for Chunk 7 of 63
Calculating kinships for Chunk 8 of 63
Calculating kinships for Chunk 9 of 63
Calculating kinships for Chunk 10 of 63
Calculating kinships for Chunk 11 of 63
Calculating kinships for Chunk 12 of 63
Calculating kinships for Chunk 13 of 63
Calculating kinships for Chunk 14 of 63
Calculating kinships for Chunk 15 of 63
Calculating kinships for Chunk 16 of 63
Calculating kinships for Chunk 17 of 63
Calculating kinships for Chunk 18 of 63
Calculating kinships for Chunk 19 of 63
Calculating kinships for Chunk 20 of 63
Calculating kinships for Chunk 21 of 63
Calculating kinships for Chunk 22 of 63
Calculating kinships for Chunk 23 of 63
Calculating kinships for Chunk 24 of 63
Calculating kinships for Chunk 25 of 63
Calculating kinships for Chunk 26 of 63
Calculating kinships for Chunk 27 of 63
Calculating kinships for Chunk 28 of 63
Calculating kinships for Chunk 29 of 63
Calculating kinships for Chunk 30 of 63
Calculating kinships for Chunk 31 of 63
Calculating kinships for Chunk 32 of 63
Calculating kinships for Chunk 33 of 63
Calculating kinships for Chunk 34 of 63
Calculating kinships for Chunk 35 of 63
Calculating kinships for Chunk 36 of 63
Calculating kinships for Chunk 37 of 63
Calculating kinships for Chunk 38 of 63
Calculating kinships for Chunk 39 of 63
Calculating kinships for Chunk 40 of 63
Calculating kinships for Chunk 41 of 63
Calculating kinships for Chunk 42 of 63
Calculating kinships for Chunk 43 of 63
Calculating kinships for Chunk 44 of 63
Calculating kinships for Chunk 45 of 63
Calculating kinships for Chunk 46 of 63
Calculating kinships for Chunk 47 of 63
Calculating kinships for Chunk 48 of 63
Calculating kinships for Chunk 49 of 63
Calculating kinships for Chunk 50 of 63
Calculating kinships for Chunk 51 of 63
Calculating kinships for Chunk 52 of 63
Calculating kinships for Chunk 53 of 63
Calculating kinships for Chunk 54 of 63
Calculating kinships for Chunk 55 of 63
Calculating kinships for Chunk 56 of 63
Calculating kinships for Chunk 57 of 63
Calculating kinships for Chunk 58 of 63
Calculating kinships for Chunk 59 of 63
Calculating kinships for Chunk 60 of 63
Calculating kinships for Chunk 61 of 63
Calculating kinships for Chunk 62 of 63
Calculating kinships for Chunk 63 of 63

Kinship matrix saved in files with prefix /home/kce/NLPPred/github/snip/data/ldak_results/chr1-22_20k_identity_512_c_snps_train.GCTA

-- -- -- -- -- -- -- -- -- -- -- -- -- -- -- -- -- -- --
Mission completed. All your basepair are belong to us :)
-- -- -- -- -- -- -- -- -- -- -- -- -- -- -- -- -- -- --
Processing: /home/kce/NLPPred/github/snip/data/compressed/whole_geno/combined_sped/chr1-22_20k_identity_16_c_snps_train.sped
Output path: /home/kce/NLPPred/github/snip/data/ldak_results/chr1-22_20k_identity_16_c_snps_train.GCTA
-- -- -- -- -- -- -- -- -- -- -- -- -- -- -- -- -- -- -- -- -- -- -- -- -- -- -- -- --
LDAK - Software for obtaining Linkage Disequilibrium Adjusted Kinships and Loads More
Version 5.2 - Help pages at http://www.ldak.org
-- -- -- -- -- -- -- -- -- -- -- -- -- -- -- -- -- -- -- -- -- -- -- -- -- -- -- -- --

There are 6 pairs of arguments:
--calc-kins-direct /home/kce/NLPPred/github/snip/data/ldak_results/chr1-22_20k_identity_16_c_snps_train.GCTA
--sped /home/kce/NLPPred/github/snip/data/compressed/whole_geno/combined_sped/chr1-22_20k_identity_16_c_snps_train
--ignore-weights YES
--power -1
--SNP-data NO
--max-threads 4

-- -- -- -- -- -- -- -- -- -- -- -- -- -- -- -- -- -- -- -- -- -- -- -- -- -- -- -- --

Calculating kinships directly

Predictors will be centred then scaled by V^(-1.0000/2) (option "--power"), where V is the observed variance of the predictor; to instead scale based on expected variance use "--hwe-stand YES"

Add "--kinship-gz YES" and/or "--kinship-raw YES" to save gzipped and/or text versions of the kinship matrix

If memory is an issue, add "--single YES" (then calculations will performed using single precistion)

-- -- -- -- -- -- -- -- -- -- -- -- -- -- -- -- -- -- -- -- -- -- -- -- -- -- -- -- --

Reading IDs for 20000 samples from /home/kce/NLPPred/github/snip/data/compressed/whole_geno/combined_sped/chr1-22_20k_identity_16_c_snps_train.fam

Reading details for 314256 predictors from /home/kce/NLPPred/github/snip/data/compressed/whole_geno/combined_sped/chr1-22_20k_identity_16_c_snps_train.bim
Warning, Predictor c01_0 has a non-positive basepair (0) and will be ignored
Warning, Predictor c01_8 has a non-positive basepair (0) and will be ignored
Warning, Predictor c01_16 has a non-positive basepair (0) and will be ignored
Warning, Predictor c01_24 has a non-positive basepair (0) and will be ignored
Warning, Predictor c01_32 has a non-positive basepair (0) and will be ignored
In total 39282 predictors have non-positive basepairs

Data contain 20000 samples and 314256 predictors; will be using 20000 and 274974

Warning, to perform the analysis will require approximately 3.0 Gb

Calculating kinships for Chunk 1 of 55
Calculating kinships for Chunk 2 of 55
Calculating kinships for Chunk 3 of 55
Calculating kinships for Chunk 4 of 55
Calculating kinships for Chunk 5 of 55
Calculating kinships for Chunk 6 of 55
Calculating kinships for Chunk 7 of 55
Calculating kinships for Chunk 8 of 55
Calculating kinships for Chunk 9 of 55
Calculating kinships for Chunk 10 of 55
Calculating kinships for Chunk 11 of 55
Calculating kinships for Chunk 12 of 55
Calculating kinships for Chunk 13 of 55
Calculating kinships for Chunk 14 of 55
Calculating kinships for Chunk 15 of 55
Calculating kinships for Chunk 16 of 55
Calculating kinships for Chunk 17 of 55
Calculating kinships for Chunk 18 of 55
Calculating kinships for Chunk 19 of 55
Calculating kinships for Chunk 20 of 55
Calculating kinships for Chunk 21 of 55
Calculating kinships for Chunk 22 of 55
Calculating kinships for Chunk 23 of 55
Calculating kinships for Chunk 24 of 55
Calculating kinships for Chunk 25 of 55
Calculating kinships for Chunk 26 of 55
Calculating kinships for Chunk 27 of 55
Calculating kinships for Chunk 28 of 55
Calculating kinships for Chunk 29 of 55
Calculating kinships for Chunk 30 of 55
Calculating kinships for Chunk 31 of 55
Calculating kinships for Chunk 32 of 55
Calculating kinships for Chunk 33 of 55
Calculating kinships for Chunk 34 of 55
Calculating kinships for Chunk 35 of 55
Calculating kinships for Chunk 36 of 55
Calculating kinships for Chunk 37 of 55
Calculating kinships for Chunk 38 of 55
Calculating kinships for Chunk 39 of 55
Calculating kinships for Chunk 40 of 55
Calculating kinships for Chunk 41 of 55
Calculating kinships for Chunk 42 of 55
Calculating kinships for Chunk 43 of 55
Calculating kinships for Chunk 44 of 55
Calculating kinships for Chunk 45 of 55
Calculating kinships for Chunk 46 of 55
Calculating kinships for Chunk 47 of 55
Calculating kinships for Chunk 48 of 55
Calculating kinships for Chunk 49 of 55
Calculating kinships for Chunk 50 of 55
Calculating kinships for Chunk 51 of 55
Calculating kinships for Chunk 52 of 55
Calculating kinships for Chunk 53 of 55
Calculating kinships for Chunk 54 of 55
Calculating kinships for Chunk 55 of 55

Kinship matrix saved in files with prefix /home/kce/NLPPred/github/snip/data/ldak_results/chr1-22_20k_identity_16_c_snps_train.GCTA

-- -- -- -- -- -- -- -- -- -- -- -- -- -- -- -- -- -- --
Mission completed. All your basepair are belong to us :)
-- -- -- -- -- -- -- -- -- -- -- -- -- -- -- -- -- -- --
