Kinship matrix already exists
Pruning already done
Performing single SNP analysis for urate.pheno
-- -- -- -- -- -- -- -- -- -- -- -- -- -- -- -- -- -- -- -- -- -- -- -- -- -- -- -- --
LDAK - Software for obtaining Linkage Disequilibrium Adjusted Kinships and Loads More
Version 5.2 - Help pages at http://www.ldak.org
-- -- -- -- -- -- -- -- -- -- -- -- -- -- -- -- -- -- -- -- -- -- -- -- -- -- -- -- --

There are 7 pairs of arguments:
--linear /home/kce/NLPPred/github/snip/data/ldak_results/pruning/urate.pheno.prune.0.05.quant
--bfile /home/kce/dsmwpred/data/ukbb/geno
--pheno /home/kce/NLPPred/phenos/urate.pheno
--mpheno 1
--keep /home/kce/NLPPred/github/snip/data/ldak_results/individuals_intersect.txt
--extract /home/kce/NLPPred/github/snip/data/ldak_results/pruning/prune.0.05.in
--max-threads 4

-- -- -- -- -- -- -- -- -- -- -- -- -- -- -- -- -- -- -- -- -- -- -- -- -- -- -- -- --

Performing (standard) linear regression (to instead perform mixed model linear regression, use "--grm")

To perform weighted linear regression, use "--sample-weights"

Consider using "--covar" to provide covariates

Consider using "--top-preds" to include (strongly-associated) predictors as extra covariates

If you would like to perform a permutation analysis, add "--permute YES"

-- -- -- -- -- -- -- -- -- -- -- -- -- -- -- -- -- -- -- -- -- -- -- -- -- -- -- -- --

Reading IDs for 392214 samples from /home/kce/dsmwpred/data/ukbb/geno.fam
Reading list of 12862 samples to keep from /home/kce/NLPPred/github/snip/data/ldak_results/individuals_intersect.txt
Checking responses for 379045 samples from /home/kce/NLPPred/phenos/urate.pheno
Due to missing phenotypic values, the number of samples is reduced from 12862 to 12256

Reading details for 628694 predictors from /home/kce/dsmwpred/data/ukbb/geno.bim
Warning, Predictor 2:11944_T_C has a negative genetic distance (-0.00053)
Warning, Predictor 18:11358_A_G has a negative genetic distance (-0.000833)

Reading list of 79090 predictors to extract from /home/kce/NLPPred/github/snip/data/ldak_results/pruning/prune.0.05.in

Data contain 392214 samples and 628694 predictors; will be using 12256 and 79090

Reading responses for 379045 samples from /home/kce/NLPPred/phenos/urate.pheno

Performing single-SNP analysis for Chunk 1 of 16
Performing single-SNP analysis for Chunk 2 of 16
Performing single-SNP analysis for Chunk 3 of 16
Performing single-SNP analysis for Chunk 4 of 16
Performing single-SNP analysis for Chunk 5 of 16
Performing single-SNP analysis for Chunk 6 of 16
Performing single-SNP analysis for Chunk 7 of 16
Performing single-SNP analysis for Chunk 8 of 16
Performing single-SNP analysis for Chunk 9 of 16
Performing single-SNP analysis for Chunk 10 of 16
Performing single-SNP analysis for Chunk 11 of 16
Performing single-SNP analysis for Chunk 12 of 16
Performing single-SNP analysis for Chunk 13 of 16
Performing single-SNP analysis for Chunk 14 of 16
Performing single-SNP analysis for Chunk 15 of 16
Performing single-SNP analysis for Chunk 16 of 16

Main results saved in /home/kce/NLPPred/github/snip/data/ldak_results/pruning/urate.pheno.prune.0.05.quant.assoc, with a summary version in /home/kce/NLPPred/github/snip/data/ldak_results/pruning/urate.pheno.prune.0.05.quant.summaries, p-values in /home/kce/NLPPred/github/snip/data/ldak_results/pruning/urate.pheno.prune.0.05.quant.pvalues and score file in /home/kce/NLPPred/github/snip/data/ldak_results/pruning/urate.pheno.prune.0.05.quant.score

-- -- -- -- -- -- -- -- -- -- -- -- -- -- -- -- -- -- --
Mission completed. All your basepair are belong to us :)
-- -- -- -- -- -- -- -- -- -- -- -- -- -- -- -- -- -- --
Performing REML analysis for urate.pheno
-- -- -- -- -- -- -- -- -- -- -- -- -- -- -- -- -- -- -- -- -- -- -- -- -- -- -- -- --
LDAK - Software for obtaining Linkage Disequilibrium Adjusted Kinships and Loads More
Version 5.2 - Help pages at http://www.ldak.org
-- -- -- -- -- -- -- -- -- -- -- -- -- -- -- -- -- -- -- -- -- -- -- -- -- -- -- -- --

There are 8 pairs of arguments:
--reml /home/kce/NLPPred/github/snip/data/ldak_results/pruning/urate.pheno.prune.0.05.reml1
--bfile /home/kce/NLPPred/github/snip/data/ldak_results/pruning/prune.0.05.in
--pheno /home/kce/NLPPred/phenos/urate.pheno
--mpheno 1
--grm /home/kce/NLPPred/github/snip/data/ldak_results/pruning/geno.GCTA
--extract /home/kce/NLPPred/github/snip/data/ldak_results/pruning/prune.0.05.in
--keep /home/kce/NLPPred/github/snip/data/ldak_results/individuals_intersect.txt
--max-threads 4

Warning, genetic data files are provided but will not be used

-- -- -- -- -- -- -- -- -- -- -- -- -- -- -- -- -- -- -- -- -- -- -- -- -- -- -- -- --

Performing generalized REML with 1 kinship matrix and 0 regions

Variance components can be negative (to prevent this, use "--constrain YES")

Consider using "--covar" to provide covariates

Consider using "--top-preds" to include (strongly-associated) predictors; these will be treated as fixed effects, except that the variance they explain will count towards total heritability

If you would like to perform a permutation analysis, add "--permute YES"

-- -- -- -- -- -- -- -- -- -- -- -- -- -- -- -- -- -- -- -- -- -- -- -- -- -- -- -- --

Reading IDs for 12862 samples from /home/kce/NLPPred/github/snip/data/ldak_results/pruning/geno.GCTA.grm.id
Reading list of 12862 samples to keep from /home/kce/NLPPred/github/snip/data/ldak_results/individuals_intersect.txt
Checking responses for 379045 samples from /home/kce/NLPPred/phenos/urate.pheno
Due to missing phenotypic values, the number of samples is reduced from 12862 to 12256

Reading responses for 379045 samples from /home/kce/NLPPred/phenos/urate.pheno

Reading trace of kinship matrix with stem /home/kce/NLPPred/github/snip/data/ldak_results/pruning/geno.GCTA
Warning, to store kinships will require approximately 1.1 Gb

Reading kinship matrix with stem /home/kce/NLPPred/github/snip/data/ldak_results/pruning/geno.GCTA

Performing an eigen-decomposition; this can take a while
If preferred, you can perform the analysis in two steps; first replace the main argument with "--decompose" (this will save the eigen-decomposition) then restart adding "--eigen"

Iter	Her_K1	Her_All	Likelihood	Difference	Target	Num_Constrained
Start	0.5000	0.5000	-69214.49	n/a		0.001000	0
1	0.4007	0.4007	-69211.53	2.957330	0.001000	0
2	0.4034	0.4034	-69211.53	0.005580	0.001000	0
3	0.4033	0.4033	-69211.53	0.000004	0.001000	0

Main results saved in /home/kce/NLPPred/github/snip/data/ldak_results/pruning/urate.pheno.prune.0.05.reml1.reml

-- -- -- -- -- -- -- -- -- -- -- -- -- -- -- -- -- -- --
Mission completed. All your basepair are belong to us :)
-- -- -- -- -- -- -- -- -- -- -- -- -- -- -- -- -- -- --
