-- -- -- -- -- -- -- -- -- -- -- -- -- -- -- -- -- -- -- -- -- -- -- -- -- -- -- -- --
LDAK - Software for obtaining Linkage Disequilibrium Adjusted Kinships and Loads More
Version 5.2 - Help pages at http://www.ldak.org
-- -- -- -- -- -- -- -- -- -- -- -- -- -- -- -- -- -- -- -- -- -- -- -- -- -- -- -- --

There are 6 pairs of arguments:
--calc-kins-direct /home/kce/NLPPred/github/snip/data/ldak_results/pruning/geno.GCTA
--bfile /home/kce/dsmwpred/data/ukbb/geno
--ignore-weights YES
--power -1
--max-threads 4
--keep /home/kce/NLPPred/github/snip/data/ldak_results/individuals_intersect.txt

-- -- -- -- -- -- -- -- -- -- -- -- -- -- -- -- -- -- -- -- -- -- -- -- -- -- -- -- --

Calculating kinships directly

Predictors will be centred then scaled by V^(-1.0000/2) (option "--power"), where V=2*MAF*(1-MAF), the expected variance assuming Hardy-Weinberg Equilibrium; to instead scale based on observed variance use "--hwe-stand NO"

Add "--kinship-gz YES" and/or "--kinship-raw YES" to save gzipped and/or text versions of the kinship matrix

If memory is an issue, add "--single YES" (then calculations will performed using single precistion)

-- -- -- -- -- -- -- -- -- -- -- -- -- -- -- -- -- -- -- -- -- -- -- -- -- -- -- -- --

Reading IDs for 392214 samples from /home/kce/dsmwpred/data/ukbb/geno.fam
Reading list of 12862 samples to keep from /home/kce/NLPPred/github/snip/data/ldak_results/individuals_intersect.txt

Reading details for 628694 predictors from /home/kce/dsmwpred/data/ukbb/geno.bim
Warning, Predictor 2:11944_T_C has a negative genetic distance (-0.00053)
Warning, Predictor 18:11358_A_G has a negative genetic distance (-0.000833)

Data contain 392214 samples and 628694 predictors; will be using 12862 and 628694

Warning, to perform the analysis will require approximately 1.2 Gb

Calculating kinships for Chunk 1 of 126
Calculating kinships for Chunk 2 of 126
Calculating kinships for Chunk 3 of 126
Calculating kinships for Chunk 4 of 126
Calculating kinships for Chunk 5 of 126
Calculating kinships for Chunk 6 of 126
Calculating kinships for Chunk 7 of 126
Calculating kinships for Chunk 8 of 126
Calculating kinships for Chunk 9 of 126
Calculating kinships for Chunk 10 of 126
Calculating kinships for Chunk 11 of 126
Calculating kinships for Chunk 12 of 126
Calculating kinships for Chunk 13 of 126
Calculating kinships for Chunk 14 of 126
Calculating kinships for Chunk 15 of 126
Calculating kinships for Chunk 16 of 126
Calculating kinships for Chunk 17 of 126
Calculating kinships for Chunk 18 of 126
Calculating kinships for Chunk 19 of 126
Calculating kinships for Chunk 20 of 126
Calculating kinships for Chunk 21 of 126
Calculating kinships for Chunk 22 of 126
Calculating kinships for Chunk 23 of 126
Calculating kinships for Chunk 24 of 126
Calculating kinships for Chunk 25 of 126
Calculating kinships for Chunk 26 of 126
Calculating kinships for Chunk 27 of 126
Calculating kinships for Chunk 28 of 126
Calculating kinships for Chunk 29 of 126
Calculating kinships for Chunk 30 of 126
Calculating kinships for Chunk 31 of 126
Calculating kinships for Chunk 32 of 126
Calculating kinships for Chunk 33 of 126
Calculating kinships for Chunk 34 of 126
Calculating kinships for Chunk 35 of 126
Calculating kinships for Chunk 36 of 126
Calculating kinships for Chunk 37 of 126
Calculating kinships for Chunk 38 of 126
Calculating kinships for Chunk 39 of 126
Calculating kinships for Chunk 40 of 126
Calculating kinships for Chunk 41 of 126
Calculating kinships for Chunk 42 of 126
Calculating kinships for Chunk 43 of 126
Calculating kinships for Chunk 44 of 126
Calculating kinships for Chunk 45 of 126
Calculating kinships for Chunk 46 of 126
Calculating kinships for Chunk 47 of 126
Calculating kinships for Chunk 48 of 126
Calculating kinships for Chunk 49 of 126
Calculating kinships for Chunk 50 of 126
Calculating kinships for Chunk 51 of 126
Calculating kinships for Chunk 52 of 126
Calculating kinships for Chunk 53 of 126
Calculating kinships for Chunk 54 of 126
Calculating kinships for Chunk 55 of 126
Calculating kinships for Chunk 56 of 126
Calculating kinships for Chunk 57 of 126
Calculating kinships for Chunk 58 of 126
Calculating kinships for Chunk 59 of 126
Calculating kinships for Chunk 60 of 126
Calculating kinships for Chunk 61 of 126
Calculating kinships for Chunk 62 of 126
Calculating kinships for Chunk 63 of 126
Calculating kinships for Chunk 64 of 126
Calculating kinships for Chunk 65 of 126
Calculating kinships for Chunk 66 of 126
Calculating kinships for Chunk 67 of 126
Calculating kinships for Chunk 68 of 126
Calculating kinships for Chunk 69 of 126
Calculating kinships for Chunk 70 of 126
Calculating kinships for Chunk 71 of 126
Calculating kinships for Chunk 72 of 126
Calculating kinships for Chunk 73 of 126
Calculating kinships for Chunk 74 of 126
Calculating kinships for Chunk 75 of 126
Calculating kinships for Chunk 76 of 126
Calculating kinships for Chunk 77 of 126
Calculating kinships for Chunk 78 of 126
Calculating kinships for Chunk 79 of 126
Calculating kinships for Chunk 80 of 126
Calculating kinships for Chunk 81 of 126
Calculating kinships for Chunk 82 of 126
Calculating kinships for Chunk 83 of 126
Calculating kinships for Chunk 84 of 126
Calculating kinships for Chunk 85 of 126
Calculating kinships for Chunk 86 of 126
Calculating kinships for Chunk 87 of 126
Calculating kinships for Chunk 88 of 126
Calculating kinships for Chunk 89 of 126
Calculating kinships for Chunk 90 of 126
Calculating kinships for Chunk 91 of 126
Calculating kinships for Chunk 92 of 126
Calculating kinships for Chunk 93 of 126
Calculating kinships for Chunk 94 of 126
Calculating kinships for Chunk 95 of 126
Calculating kinships for Chunk 96 of 126
Calculating kinships for Chunk 97 of 126
Calculating kinships for Chunk 98 of 126
Calculating kinships for Chunk 99 of 126
Calculating kinships for Chunk 100 of 126
Calculating kinships for Chunk 101 of 126
Calculating kinships for Chunk 102 of 126
Calculating kinships for Chunk 103 of 126
Calculating kinships for Chunk 104 of 126
Calculating kinships for Chunk 105 of 126
Calculating kinships for Chunk 106 of 126
Calculating kinships for Chunk 107 of 126
Calculating kinships for Chunk 108 of 126
Calculating kinships for Chunk 109 of 126
Calculating kinships for Chunk 110 of 126
Calculating kinships for Chunk 111 of 126
Calculating kinships for Chunk 112 of 126
Calculating kinships for Chunk 113 of 126
Calculating kinships for Chunk 114 of 126
Calculating kinships for Chunk 115 of 126
Calculating kinships for Chunk 116 of 126
Calculating kinships for Chunk 117 of 126
Calculating kinships for Chunk 118 of 126
Calculating kinships for Chunk 119 of 126
Calculating kinships for Chunk 120 of 126
Calculating kinships for Chunk 121 of 126
Calculating kinships for Chunk 122 of 126
Calculating kinships for Chunk 123 of 126
Calculating kinships for Chunk 124 of 126
Calculating kinships for Chunk 125 of 126
Calculating kinships for Chunk 126 of 126

Kinship matrix saved in files with prefix /home/kce/NLPPred/github/snip/data/ldak_results/pruning/geno.GCTA

-- -- -- -- -- -- -- -- -- -- -- -- -- -- -- -- -- -- --
Mission completed. All your basepair are belong to us :)
-- -- -- -- -- -- -- -- -- -- -- -- -- -- -- -- -- -- --
-- -- -- -- -- -- -- -- -- -- -- -- -- -- -- -- -- -- -- -- -- -- -- -- -- -- -- -- --
LDAK - Software for obtaining Linkage Disequilibrium Adjusted Kinships and Loads More
Version 5.2 - Help pages at http://www.ldak.org
-- -- -- -- -- -- -- -- -- -- -- -- -- -- -- -- -- -- -- -- -- -- -- -- -- -- -- -- --

There are 6 pairs of arguments:
--thin /home/kce/NLPPred/github/snip/data/ldak_results/pruning/prune.0.05
--bfile /home/kce/dsmwpred/data/ukbb/geno
--max-threads 4
--keep /home/kce/NLPPred/github/snip/data/compressed/whole_geno/combined_sped/chr1-22_20k_identity_16_c_snps_train.fam
--window-cm 1
--window-prune 0.05

-- -- -- -- -- -- -- -- -- -- -- -- -- -- -- -- -- -- -- -- -- -- -- -- -- -- -- -- --

Thinning predictors so that no pair within 1.0000cM remains with correlation squared greater than 0.0500

If you add "--pvalues", predictors with higher p-values will be excluded first

-- -- -- -- -- -- -- -- -- -- -- -- -- -- -- -- -- -- -- -- -- -- -- -- -- -- -- -- --

Reading IDs for 392214 samples from /home/kce/dsmwpred/data/ukbb/geno.fam
Reading list of 20000 samples to keep from /home/kce/NLPPred/github/snip/data/compressed/whole_geno/combined_sped/chr1-22_20k_identity_16_c_snps_train.fam

Reading details for 628694 predictors from /home/kce/dsmwpred/data/ukbb/geno.bim
Warning, Predictor 2:11944_T_C has a negative genetic distance (-0.00053)
Warning, Predictor 18:11358_A_G has a negative genetic distance (-0.000833)

Data contain 392214 samples and 628694 predictors; will be using 20000 and 628694

Will prune in two passes; first with windows of size 0.01cM, then 1.0000cM

The bit-size will be set to 20 (you can change this using "--bit-size")
Pass 1: Thinning for Chunk 1 of 31435; stay tuned for updates ;)
Pass 1: Thinning for Chunk 2501 of 31435; kept 25319 out of 50000 predictors (50.64%)
Pass 1: Thinning for Chunk 5001 of 31435; kept 50395 out of 100000 predictors (50.40%)
Pass 1: Thinning for Chunk 7501 of 31435; kept 75552 out of 150000 predictors (50.37%)
Pass 1: Thinning for Chunk 10001 of 31435; kept 100945 out of 200000 predictors (50.47%)
Pass 1: Thinning for Chunk 12501 of 31435; kept 122065 out of 250000 predictors (48.83%)
Pass 1: Thinning for Chunk 15001 of 31435; kept 147254 out of 300000 predictors (49.08%)
Pass 1: Thinning for Chunk 17501 of 31435; kept 173069 out of 350000 predictors (49.45%)
Pass 1: Thinning for Chunk 20001 of 31435; kept 198069 out of 400000 predictors (49.52%)
Pass 1: Thinning for Chunk 22501 of 31435; kept 222904 out of 450000 predictors (49.53%)
Pass 1: Thinning for Chunk 25001 of 31435; kept 248915 out of 500000 predictors (49.78%)
Pass 1: Thinning for Chunk 27501 of 31435; kept 273756 out of 550000 predictors (49.77%)
Pass 1: Thinning for Chunk 30001 of 31435; kept 298799 out of 600000 predictors (49.80%)

The bit-size has now been set to 93
Pass 2: Thinning for Chunk 1 of 3372; stay tuned for updates ;)
Pass 2: Thinning for Chunk 501 of 3372; kept 11161 out of 46500 predictors (24.00%)
Pass 2: Thinning for Chunk 1001 of 3372; kept 22589 out of 93000 predictors (24.29%)
Pass 2: Thinning for Chunk 1501 of 3372; kept 33632 out of 139500 predictors (24.11%)
Pass 2: Thinning for Chunk 2001 of 3372; kept 44934 out of 186000 predictors (24.16%)
Pass 2: Thinning for Chunk 2501 of 3372; kept 56622 out of 232500 predictors (24.35%)
Pass 2: Thinning for Chunk 3001 of 3372; kept 69379 out of 279000 predictors (24.87%)

Thinning complete: 79090 predictors kept (saved in /home/kce/NLPPred/github/snip/data/ldak_results/pruning/prune.0.05.in), 549604 lost (/home/kce/NLPPred/github/snip/data/ldak_results/pruning/prune.0.05.out), 0 trivial (/home/kce/NLPPred/github/snip/data/ldak_results/pruning/prune.0.05.trivial)

-- -- -- -- -- -- -- -- -- -- -- -- -- -- -- -- -- -- --
Mission completed. All your basepair are belong to us :)
-- -- -- -- -- -- -- -- -- -- -- -- -- -- -- -- -- -- --
Performing single SNP analysis for alkaline.pheno
-- -- -- -- -- -- -- -- -- -- -- -- -- -- -- -- -- -- -- -- -- -- -- -- -- -- -- -- --
LDAK - Software for obtaining Linkage Disequilibrium Adjusted Kinships and Loads More
Version 5.2 - Help pages at http://www.ldak.org
-- -- -- -- -- -- -- -- -- -- -- -- -- -- -- -- -- -- -- -- -- -- -- -- -- -- -- -- --

There is one pair of arguments:
--linear /home/kce/NLPPred/github/snip/data/ldak_results/pruning/alkaline.pheno.prune.0.05.quant

Error, you must use "--pheno" to provide phenotypes

/var/spool/slurmd/job14319332/slurm_script: line 46: unexpected EOF while looking for matching `"'
/var/spool/slurmd/job14319332/slurm_script: line 48: syntax error: unexpected end of file
