Kinship matrix already exists
-- -- -- -- -- -- -- -- -- -- -- -- -- -- -- -- -- -- -- -- -- -- -- -- -- -- -- -- --
LDAK - Software for obtaining Linkage Disequilibrium Adjusted Kinships and Loads More
Version 5.2 - Help pages at http://www.ldak.org
-- -- -- -- -- -- -- -- -- -- -- -- -- -- -- -- -- -- -- -- -- -- -- -- -- -- -- -- --

There are 6 pairs of arguments:
--thin /home/kce/NLPPred/github/snip/data/ldak_results/pruning/prune.0.1
--bfile /home/kce/dsmwpred/data/ukbb/geno
--max-threads 4
--keep /home/kce/NLPPred/github/snip/data/compressed/whole_geno/combined_sped/chr1-22_20k_identity_16_c_snps_train.fam
--window-cm 1
--window-prune 0.1

-- -- -- -- -- -- -- -- -- -- -- -- -- -- -- -- -- -- -- -- -- -- -- -- -- -- -- -- --

Thinning predictors so that no pair within 1.0000cM remains with correlation squared greater than 0.1000

If you add "--pvalues", predictors with higher p-values will be excluded first

-- -- -- -- -- -- -- -- -- -- -- -- -- -- -- -- -- -- -- -- -- -- -- -- -- -- -- -- --

Reading IDs for 392214 samples from /home/kce/dsmwpred/data/ukbb/geno.fam
Reading list of 20000 samples to keep from /home/kce/NLPPred/github/snip/data/compressed/whole_geno/combined_sped/chr1-22_20k_identity_16_c_snps_train.fam

Reading details for 628694 predictors from /home/kce/dsmwpred/data/ukbb/geno.bim
Warning, Predictor 2:11944_T_C has a negative genetic distance (-0.00053)
Warning, Predictor 18:11358_A_G has a negative genetic distance (-0.000833)

Data contain 392214 samples and 628694 predictors; will be using 20000 and 628694

Will prune in two passes; first with windows of size 0.01cM, then 1.0000cM

The bit-size will be set to 20 (you can change this using "--bit-size")
Pass 1: Thinning for Chunk 1 of 31435; stay tuned for updates ;)
Pass 1: Thinning for Chunk 2501 of 31435; kept 30051 out of 50000 predictors (60.10%)
Pass 1: Thinning for Chunk 5001 of 31435; kept 59936 out of 100000 predictors (59.94%)
Pass 1: Thinning for Chunk 7501 of 31435; kept 89912 out of 150000 predictors (59.94%)
Pass 1: Thinning for Chunk 10001 of 31435; kept 120250 out of 200000 predictors (60.12%)
Pass 1: Thinning for Chunk 12501 of 31435; kept 145663 out of 250000 predictors (58.27%)
Pass 1: Thinning for Chunk 15001 of 31435; kept 175765 out of 300000 predictors (58.59%)
Pass 1: Thinning for Chunk 17501 of 31435; kept 206487 out of 350000 predictors (59.00%)
Pass 1: Thinning for Chunk 20001 of 31435; kept 236289 out of 400000 predictors (59.07%)
Pass 1: Thinning for Chunk 22501 of 31435; kept 265851 out of 450000 predictors (59.08%)
Pass 1: Thinning for Chunk 25001 of 31435; kept 296711 out of 500000 predictors (59.34%)
Pass 1: Thinning for Chunk 27501 of 31435; kept 326326 out of 550000 predictors (59.33%)
Pass 1: Thinning for Chunk 30001 of 31435; kept 356025 out of 600000 predictors (59.34%)

The bit-size has now been set to 112
Pass 2: Thinning for Chunk 1 of 3335; stay tuned for updates ;)
Pass 2: Thinning for Chunk 401 of 3335; kept 16349 out of 44800 predictors (36.49%)
Pass 2: Thinning for Chunk 801 of 3335; kept 32518 out of 89600 predictors (36.29%)
Pass 2: Thinning for Chunk 1201 of 3335; kept 48381 out of 134400 predictors (36.00%)
Pass 2: Thinning for Chunk 1601 of 3335; kept 63712 out of 179200 predictors (35.55%)
Pass 2: Thinning for Chunk 2001 of 3335; kept 79833 out of 224000 predictors (35.64%)
Pass 2: Thinning for Chunk 2401 of 3335; kept 96475 out of 268800 predictors (35.89%)
Pass 2: Thinning for Chunk 2801 of 3335; kept 113577 out of 313600 predictors (36.22%)
Pass 2: Thinning for Chunk 3201 of 3335; kept 131307 out of 358400 predictors (36.64%)

Thinning complete: 137622 predictors kept (saved in /home/kce/NLPPred/github/snip/data/ldak_results/pruning/prune.0.1.in), 491072 lost (/home/kce/NLPPred/github/snip/data/ldak_results/pruning/prune.0.1.out), 0 trivial (/home/kce/NLPPred/github/snip/data/ldak_results/pruning/prune.0.1.trivial)

-- -- -- -- -- -- -- -- -- -- -- -- -- -- -- -- -- -- --
Mission completed. All your basepair are belong to us :)
-- -- -- -- -- -- -- -- -- -- -- -- -- -- -- -- -- -- --
Performing single SNP analysis for alkaline.pheno
-- -- -- -- -- -- -- -- -- -- -- -- -- -- -- -- -- -- -- -- -- -- -- -- -- -- -- -- --
LDAK - Software for obtaining Linkage Disequilibrium Adjusted Kinships and Loads More
Version 5.2 - Help pages at http://www.ldak.org
-- -- -- -- -- -- -- -- -- -- -- -- -- -- -- -- -- -- -- -- -- -- -- -- -- -- -- -- --

There are 7 pairs of arguments:
--linear /home/kce/NLPPred/github/snip/data/ldak_results/pruning/alkaline.pheno.prune.0.1.quant
--bfile /home/kce/dsmwpred/data/ukbb/geno
--pheno /home/kce/NLPPred/phenos/alkaline.pheno
--mpheno 1
--keep /home/kce/NLPPred/github/snip/data/ldak_results/individuals_intersect.txt
--extract /home/kce/NLPPred/github/snip/data/ldak_results/pruning/prune.0.1.in
--max-threads 4

-- -- -- -- -- -- -- -- -- -- -- -- -- -- -- -- -- -- -- -- -- -- -- -- -- -- -- -- --

Performing (standard) linear regression (to instead perform mixed model linear regression, use "--grm")

To perform weighted linear regression, use "--sample-weights"

Consider using "--covar" to provide covariates

Consider using "--top-preds" to include (strongly-associated) predictors as extra covariates

If you would like to perform a permutation analysis, add "--permute YES"

-- -- -- -- -- -- -- -- -- -- -- -- -- -- -- -- -- -- -- -- -- -- -- -- -- -- -- -- --

Reading IDs for 392214 samples from /home/kce/dsmwpred/data/ukbb/geno.fam
Reading list of 12862 samples to keep from /home/kce/NLPPred/github/snip/data/ldak_results/individuals_intersect.txt
Checking responses for 379514 samples from /home/kce/NLPPred/phenos/alkaline.pheno
Due to missing phenotypic values, the number of samples is reduced from 12862 to 12275

Reading details for 628694 predictors from /home/kce/dsmwpred/data/ukbb/geno.bim
Warning, Predictor 2:11944_T_C has a negative genetic distance (-0.00053)
Warning, Predictor 18:11358_A_G has a negative genetic distance (-0.000833)

Reading list of 137622 predictors to extract from /home/kce/NLPPred/github/snip/data/ldak_results/pruning/prune.0.1.in

Data contain 392214 samples and 628694 predictors; will be using 12275 and 137622

Reading responses for 379514 samples from /home/kce/NLPPred/phenos/alkaline.pheno

Performing single-SNP analysis for Chunk 1 of 28
Performing single-SNP analysis for Chunk 2 of 28
Performing single-SNP analysis for Chunk 3 of 28
Performing single-SNP analysis for Chunk 4 of 28
Performing single-SNP analysis for Chunk 5 of 28
Performing single-SNP analysis for Chunk 6 of 28
Performing single-SNP analysis for Chunk 7 of 28
Performing single-SNP analysis for Chunk 8 of 28
Performing single-SNP analysis for Chunk 9 of 28
Performing single-SNP analysis for Chunk 10 of 28
Performing single-SNP analysis for Chunk 11 of 28
Performing single-SNP analysis for Chunk 12 of 28
Performing single-SNP analysis for Chunk 13 of 28
Performing single-SNP analysis for Chunk 14 of 28
Performing single-SNP analysis for Chunk 15 of 28
Performing single-SNP analysis for Chunk 16 of 28
Performing single-SNP analysis for Chunk 17 of 28
Performing single-SNP analysis for Chunk 18 of 28
Performing single-SNP analysis for Chunk 19 of 28
Performing single-SNP analysis for Chunk 20 of 28
Performing single-SNP analysis for Chunk 21 of 28
Performing single-SNP analysis for Chunk 22 of 28
Performing single-SNP analysis for Chunk 23 of 28
Performing single-SNP analysis for Chunk 24 of 28
Performing single-SNP analysis for Chunk 25 of 28
Performing single-SNP analysis for Chunk 26 of 28
Performing single-SNP analysis for Chunk 27 of 28
Performing single-SNP analysis for Chunk 28 of 28

Main results saved in /home/kce/NLPPred/github/snip/data/ldak_results/pruning/alkaline.pheno.prune.0.1.quant.assoc, with a summary version in /home/kce/NLPPred/github/snip/data/ldak_results/pruning/alkaline.pheno.prune.0.1.quant.summaries, p-values in /home/kce/NLPPred/github/snip/data/ldak_results/pruning/alkaline.pheno.prune.0.1.quant.pvalues and score file in /home/kce/NLPPred/github/snip/data/ldak_results/pruning/alkaline.pheno.prune.0.1.quant.score

-- -- -- -- -- -- -- -- -- -- -- -- -- -- -- -- -- -- --
Mission completed. All your basepair are belong to us :)
-- -- -- -- -- -- -- -- -- -- -- -- -- -- -- -- -- -- --
Performing REML analysis for alkaline.pheno
-- -- -- -- -- -- -- -- -- -- -- -- -- -- -- -- -- -- -- -- -- -- -- -- -- -- -- -- --
LDAK - Software for obtaining Linkage Disequilibrium Adjusted Kinships and Loads More
Version 5.2 - Help pages at http://www.ldak.org
-- -- -- -- -- -- -- -- -- -- -- -- -- -- -- -- -- -- -- -- -- -- -- -- -- -- -- -- --

There are 8 pairs of arguments:
--reml /home/kce/NLPPred/github/snip/data/ldak_results/pruning/alkaline.pheno.prune.0.1.reml1
--bfile /home/kce/NLPPred/github/snip/data/ldak_results/pruning/prune.0.1.in
--pheno /home/kce/NLPPred/phenos/alkaline.pheno
--mpheno 1
--grm /home/kce/NLPPred/github/snip/data/ldak_results/pruning/geno.GCTA
--extract /home/kce/NLPPred/github/snip/data/ldak_results/pruning/prune.0.1.in
--keep /home/kce/NLPPred/github/snip/data/ldak_results/individuals_intersect.txt
--max-threads 4

Warning, genetic data files are provided but will not be used

-- -- -- -- -- -- -- -- -- -- -- -- -- -- -- -- -- -- -- -- -- -- -- -- -- -- -- -- --

Performing generalized REML with 1 kinship matrix and 0 regions

Variance components can be negative (to prevent this, use "--constrain YES")

Consider using "--covar" to provide covariates

Consider using "--top-preds" to include (strongly-associated) predictors; these will be treated as fixed effects, except that the variance they explain will count towards total heritability

If you would like to perform a permutation analysis, add "--permute YES"

-- -- -- -- -- -- -- -- -- -- -- -- -- -- -- -- -- -- -- -- -- -- -- -- -- -- -- -- --

Reading IDs for 12862 samples from /home/kce/NLPPred/github/snip/data/ldak_results/pruning/geno.GCTA.grm.id
Reading list of 12862 samples to keep from /home/kce/NLPPred/github/snip/data/ldak_results/individuals_intersect.txt
Checking responses for 379514 samples from /home/kce/NLPPred/phenos/alkaline.pheno
Due to missing phenotypic values, the number of samples is reduced from 12862 to 12275

Reading responses for 379514 samples from /home/kce/NLPPred/phenos/alkaline.pheno

Reading trace of kinship matrix with stem /home/kce/NLPPred/github/snip/data/ldak_results/pruning/geno.GCTA
Warning, to store kinships will require approximately 1.1 Gb

Reading kinship matrix with stem /home/kce/NLPPred/github/snip/data/ldak_results/pruning/geno.GCTA

Performing an eigen-decomposition; this can take a while
If preferred, you can perform the analysis in two steps; first replace the main argument with "--decompose" (this will save the eigen-decomposition) then restart adding "--eigen"

Iter	Her_K1	Her_All	Likelihood	Difference	Target	Num_Constrained
Start	0.5000	0.5000	-57729.65	n/a		0.001000	0
1	0.4004	0.4004	-57723.26	6.383289	0.001000	0
2	0.3408	0.3408	-57722.19	1.077692	0.001000	0
3	0.3406	0.3406	-57722.18	0.000393	0.001000	0

Main results saved in /home/kce/NLPPred/github/snip/data/ldak_results/pruning/alkaline.pheno.prune.0.1.reml1.reml

-- -- -- -- -- -- -- -- -- -- -- -- -- -- -- -- -- -- --
Mission completed. All your basepair are belong to us :)
-- -- -- -- -- -- -- -- -- -- -- -- -- -- -- -- -- -- --
