/home/kce/miniconda3/envs/snip2/lib/python3.9/site-packages/pandas_plink/_write.py:288: FutureWarning: the 'line_terminator'' keyword is deprecated, use 'lineterminator' instead.
  df.to_csv(
/home/kce/miniconda3/envs/snip2/lib/python3.9/site-packages/pandas_plink/_write.py:261: FutureWarning: the 'line_terminator'' keyword is deprecated, use 'lineterminator' instead.
  df.to_csv(
/home/kce/miniconda3/envs/snip2/lib/python3.9/site-packages/pandas_plink/_write.py:288: FutureWarning: the 'line_terminator'' keyword is deprecated, use 'lineterminator' instead.
  df.to_csv(
/home/kce/miniconda3/envs/snip2/lib/python3.9/site-packages/pandas_plink/_write.py:261: FutureWarning: the 'line_terminator'' keyword is deprecated, use 'lineterminator' instead.
  df.to_csv(
/home/kce/miniconda3/envs/snip2/lib/python3.9/site-packages/pandas_plink/_write.py:288: FutureWarning: the 'line_terminator'' keyword is deprecated, use 'lineterminator' instead.
  df.to_csv(
/home/kce/miniconda3/envs/snip2/lib/python3.9/site-packages/pandas_plink/_write.py:261: FutureWarning: the 'line_terminator'' keyword is deprecated, use 'lineterminator' instead.
  df.to_csv(
/home/kce/miniconda3/envs/snip2/lib/python3.9/site-packages/pandas_plink/_write.py:288: FutureWarning: the 'line_terminator'' keyword is deprecated, use 'lineterminator' instead.
  df.to_csv(
/home/kce/miniconda3/envs/snip2/lib/python3.9/site-packages/pandas_plink/_write.py:261: FutureWarning: the 'line_terminator'' keyword is deprecated, use 'lineterminator' instead.
  df.to_csv(
/home/kce/miniconda3/envs/snip2/lib/python3.9/site-packages/pandas_plink/_write.py:288: FutureWarning: the 'line_terminator'' keyword is deprecated, use 'lineterminator' instead.
  df.to_csv(
/home/kce/miniconda3/envs/snip2/lib/python3.9/site-packages/pandas_plink/_write.py:261: FutureWarning: the 'line_terminator'' keyword is deprecated, use 'lineterminator' instead.
  df.to_csv(
/home/kce/miniconda3/envs/snip2/lib/python3.9/site-packages/pandas_plink/_write.py:288: FutureWarning: the 'line_terminator'' keyword is deprecated, use 'lineterminator' instead.
  df.to_csv(
/home/kce/miniconda3/envs/snip2/lib/python3.9/site-packages/pandas_plink/_write.py:261: FutureWarning: the 'line_terminator'' keyword is deprecated, use 'lineterminator' instead.
  df.to_csv(
/home/kce/miniconda3/envs/snip2/lib/python3.9/site-packages/pandas_plink/_write.py:288: FutureWarning: the 'line_terminator'' keyword is deprecated, use 'lineterminator' instead.
  df.to_csv(
/home/kce/miniconda3/envs/snip2/lib/python3.9/site-packages/pandas_plink/_write.py:261: FutureWarning: the 'line_terminator'' keyword is deprecated, use 'lineterminator' instead.
  df.to_csv(
/home/kce/miniconda3/envs/snip2/lib/python3.9/site-packages/pandas_plink/_write.py:288: FutureWarning: the 'line_terminator'' keyword is deprecated, use 'lineterminator' instead.
  df.to_csv(
/home/kce/miniconda3/envs/snip2/lib/python3.9/site-packages/pandas_plink/_write.py:261: FutureWarning: the 'line_terminator'' keyword is deprecated, use 'lineterminator' instead.
  df.to_csv(
/home/kce/miniconda3/envs/snip2/lib/python3.9/site-packages/pandas_plink/_write.py:288: FutureWarning: the 'line_terminator'' keyword is deprecated, use 'lineterminator' instead.
  df.to_csv(
/home/kce/miniconda3/envs/snip2/lib/python3.9/site-packages/pandas_plink/_write.py:261: FutureWarning: the 'line_terminator'' keyword is deprecated, use 'lineterminator' instead.
  df.to_csv(
/home/kce/miniconda3/envs/snip2/lib/python3.9/site-packages/pandas_plink/_write.py:288: FutureWarning: the 'line_terminator'' keyword is deprecated, use 'lineterminator' instead.
  df.to_csv(
/home/kce/miniconda3/envs/snip2/lib/python3.9/site-packages/pandas_plink/_write.py:261: FutureWarning: the 'line_terminator'' keyword is deprecated, use 'lineterminator' instead.
  df.to_csv(
/home/kce/miniconda3/envs/snip2/lib/python3.9/site-packages/pandas_plink/_write.py:288: FutureWarning: the 'line_terminator'' keyword is deprecated, use 'lineterminator' instead.
  df.to_csv(
/home/kce/miniconda3/envs/snip2/lib/python3.9/site-packages/pandas_plink/_write.py:261: FutureWarning: the 'line_terminator'' keyword is deprecated, use 'lineterminator' instead.
  df.to_csv(
/home/kce/miniconda3/envs/snip2/lib/python3.9/site-packages/pandas_plink/_write.py:288: FutureWarning: the 'line_terminator'' keyword is deprecated, use 'lineterminator' instead.
  df.to_csv(
/home/kce/miniconda3/envs/snip2/lib/python3.9/site-packages/pandas_plink/_write.py:261: FutureWarning: the 'line_terminator'' keyword is deprecated, use 'lineterminator' instead.
  df.to_csv(
/home/kce/miniconda3/envs/snip2/lib/python3.9/site-packages/pandas_plink/_write.py:288: FutureWarning: the 'line_terminator'' keyword is deprecated, use 'lineterminator' instead.
  df.to_csv(
/home/kce/miniconda3/envs/snip2/lib/python3.9/site-packages/pandas_plink/_write.py:261: FutureWarning: the 'line_terminator'' keyword is deprecated, use 'lineterminator' instead.
  df.to_csv(
/home/kce/miniconda3/envs/snip2/lib/python3.9/site-packages/pandas_plink/_write.py:288: FutureWarning: the 'line_terminator'' keyword is deprecated, use 'lineterminator' instead.
  df.to_csv(
/home/kce/miniconda3/envs/snip2/lib/python3.9/site-packages/pandas_plink/_write.py:261: FutureWarning: the 'line_terminator'' keyword is deprecated, use 'lineterminator' instead.
  df.to_csv(
/home/kce/miniconda3/envs/snip2/lib/python3.9/site-packages/pandas_plink/_write.py:288: FutureWarning: the 'line_terminator'' keyword is deprecated, use 'lineterminator' instead.
  df.to_csv(
/home/kce/miniconda3/envs/snip2/lib/python3.9/site-packages/pandas_plink/_write.py:261: FutureWarning: the 'line_terminator'' keyword is deprecated, use 'lineterminator' instead.
  df.to_csv(
Deleting empty folder /faststorage/project/NLPPred/github/snip/data/compressed/whole_geno/chr9_20k_identity_512_compression1.5cool-silence-652_2023-03-08
Deleting empty folder /faststorage/project/NLPPred/github/snip/data/compressed/whole_geno/chr8_20k_identity_512_compression4amber-sunset-648_2023-03-08
Deleting empty folder /faststorage/project/NLPPred/github/snip/data/compressed/whole_geno/chr9_20k_identity_512_compression4faithful-yogurt-650_2023-03-08
Deleting empty folder /faststorage/project/NLPPred/github/snip/data/compressed/whole_geno/chr9_20k_identity_512_compression2winter-water-651_2023-03-08
Deleting empty folder /faststorage/project/NLPPred/github/snip/data/compressed/whole_geno/chr8_20k_identity_512_compression1.5curious-cloud-649_2023-03-08
Removed 84 duplicates
('20', 'identity', '16', '1.5')
('20', 'identity', '16', '1.5') [38;5;4mℹ Combining train data[0m
[38;5;4mℹ Saving to sped file[0m
[38;5;2m✔ Saved to sped file (time: 00:07:15), saved to:
/home/kce/NLPPred/github/snip/data/compressed/whole_geno/combined/chr1-22_20k_identity_16_compression_1.5_c_snps_train.sped[0m
[38;5;4mℹ Combining validation data[0m
[38;5;4mℹ Saving to sped file[0m
[38;5;2m✔ Saved to sped file (time: 00:14:36), saved to:
/home/kce/NLPPred/github/snip/data/compressed/whole_geno/combined/chr1-22_20k_identity_16_compression_1.5_c_snps_validation.sped[0m
[38;5;4mℹ Combining test data[0m
[38;5;4mℹ Saving to sped file[0m
[38;5;2m✔ Saved to sped file (time: 00:21:42), saved to:
/home/kce/NLPPred/github/snip/data/compressed/whole_geno/combined/chr1-22_20k_identity_16_compression_1.5_c_snps_test.sped[0m
('20', 'identity', '16', '2')
('20', 'identity', '16', '2') 
 - Missing chr 1

 - Missing chr 2

 - Missing chr 3

 - Missing chr 4

 - Missing chr 5

 - Missing chr 6

 - Missing chr 7

 - Missing chr 10
('20', 'identity', '16', '4')
('20', 'identity', '16', '4') [38;5;4mℹ Combining train data[0m
[38;5;4mℹ Saving to sped file[0m
[38;5;2m✔ Saved to sped file (time: 00:02:14), saved to:
/home/kce/NLPPred/github/snip/data/compressed/whole_geno/combined/chr1-22_20k_identity_16_compression_4_c_snps_train.sped[0m
[38;5;4mℹ Combining validation data[0m
[38;5;4mℹ Saving to sped file[0m
[38;5;2m✔ Saved to sped file (time: 00:04:28), saved to:
/home/kce/NLPPred/github/snip/data/compressed/whole_geno/combined/chr1-22_20k_identity_16_compression_4_c_snps_validation.sped[0m
[38;5;4mℹ Combining test data[0m
[38;5;4mℹ Saving to sped file[0m
[38;5;2m✔ Saved to sped file (time: 00:06:43), saved to:
/home/kce/NLPPred/github/snip/data/compressed/whole_geno/combined/chr1-22_20k_identity_16_compression_4_c_snps_test.sped[0m
('20', 'identity', '512', '1.5')
('20', 'identity', '512', '1.5') 
 - Missing chr 8

 - Missing chr 9

 - Missing chr 10

 - Missing chr 11

 - Missing chr 12

 - Missing chr 13

 - Missing chr 14

 - Missing chr 15

 - Missing chr 16

 - Missing chr 17

 - Missing chr 18

 - Missing chr 19
('20', 'identity', '512', '2')
('20', 'identity', '512', '2') 
 - Missing chr 8

 - Missing chr 9

 - Missing chr 10

 - Missing chr 11

 - Missing chr 12

 - Missing chr 13

 - Missing chr 14

 - Missing chr 15

 - Missing chr 16

 - Missing chr 17

 - Missing chr 18

 - Missing chr 19

 - Missing chr 20
('20', 'identity', '512', '4')
('20', 'identity', '512', '4') 
 - Missing chr 8

 - Missing chr 9

 - Missing chr 10

 - Missing chr 11

 - Missing chr 12

 - Missing chr 13

 - Missing chr 14

 - Missing chr 15

 - Missing chr 16

 - Missing chr 17

 - Missing chr 18

 - Missing chr 19
('20', 'relu', '16', '1.5')
('20', 'relu', '16', '1.5') [38;5;4mℹ Combining train data[0m
[38;5;4mℹ Saving to sped file[0m
[38;5;2m✔ Saved to sped file (time: 00:07:09), saved to:
/home/kce/NLPPred/github/snip/data/compressed/whole_geno/combined/chr1-22_20k_relu_16_compression_1.5_c_snps_train.sped[0m
[38;5;4mℹ Combining validation data[0m
[38;5;4mℹ Saving to sped file[0m
[38;5;2m✔ Saved to sped file (time: 00:14:24), saved to:
/home/kce/NLPPred/github/snip/data/compressed/whole_geno/combined/chr1-22_20k_relu_16_compression_1.5_c_snps_validation.sped[0m
[38;5;4mℹ Combining test data[0m
[38;5;4mℹ Saving to sped file[0m
[38;5;2m✔ Saved to sped file (time: 00:22:04), saved to:
/home/kce/NLPPred/github/snip/data/compressed/whole_geno/combined/chr1-22_20k_relu_16_compression_1.5_c_snps_test.sped[0m
('20', 'relu', '16', '4')
('20', 'relu', '16', '4') [38;5;4mℹ Combining train data[0m
[38;5;4mℹ Saving to sped file[0m
[38;5;2m✔ Saved to sped file (time: 00:02:15), saved to:
/home/kce/NLPPred/github/snip/data/compressed/whole_geno/combined/chr1-22_20k_relu_16_compression_4_c_snps_train.sped[0m
[38;5;4mℹ Combining validation data[0m
[38;5;4mℹ Saving to sped file[0m
[38;5;2m✔ Saved to sped file (time: 00:04:38), saved to:
/home/kce/NLPPred/github/snip/data/compressed/whole_geno/combined/chr1-22_20k_relu_16_compression_4_c_snps_validation.sped[0m
[38;5;4mℹ Combining test data[0m
[38;5;4mℹ Saving to sped file[0m
[38;5;2m✔ Saved to sped file (time: 00:07:32), saved to:
/home/kce/NLPPred/github/snip/data/compressed/whole_geno/combined/chr1-22_20k_relu_16_compression_4_c_snps_test.sped[0m
('20', 'relu', '512', '1.5')
('20', 'relu', '512', '1.5') [38;5;4mℹ Combining train data[0m
[38;5;4mℹ Saving to sped file[0m
[38;5;2m✔ Saved to sped file (time: 00:06:41), saved to:
/home/kce/NLPPred/github/snip/data/compressed/whole_geno/combined/chr1-22_20k_relu_512_compression_1.5_c_snps_train.sped[0m
[38;5;4mℹ Combining validation data[0m
[38;5;4mℹ Saving to sped file[0m
[38;5;2m✔ Saved to sped file (time: 00:12:58), saved to:
/home/kce/NLPPred/github/snip/data/compressed/whole_geno/combined/chr1-22_20k_relu_512_compression_1.5_c_snps_validation.sped[0m
[38;5;4mℹ Combining test data[0m
[38;5;4mℹ Saving to sped file[0m
[38;5;2m✔ Saved to sped file (time: 00:19:15), saved to:
/home/kce/NLPPred/github/snip/data/compressed/whole_geno/combined/chr1-22_20k_relu_512_compression_1.5_c_snps_test.sped[0m
('20', 'relu', '512', '2')
('20', 'relu', '512', '2') 
 - Missing chr 16
('20', 'relu', '512', '4')
('20', 'relu', '512', '4') 
 - Missing chr 16
