/home/kce/miniconda3/envs/snip2/lib/python3.9/site-packages/pandas_plink/_write.py:261: FutureWarning: the 'line_terminator'' keyword is deprecated, use 'lineterminator' instead.
  df.to_csv(
/home/kce/miniconda3/envs/snip2/lib/python3.9/site-packages/pandas_plink/_write.py:288: FutureWarning: the 'line_terminator'' keyword is deprecated, use 'lineterminator' instead.
  df.to_csv(
/home/kce/miniconda3/envs/snip2/lib/python3.9/site-packages/pandas_plink/_write.py:261: FutureWarning: the 'line_terminator'' keyword is deprecated, use 'lineterminator' instead.
  df.to_csv(
/home/kce/miniconda3/envs/snip2/lib/python3.9/site-packages/pandas_plink/_write.py:288: FutureWarning: the 'line_terminator'' keyword is deprecated, use 'lineterminator' instead.
  df.to_csv(
/home/kce/miniconda3/envs/snip2/lib/python3.9/site-packages/pandas_plink/_write.py:261: FutureWarning: the 'line_terminator'' keyword is deprecated, use 'lineterminator' instead.
  df.to_csv(
/home/kce/miniconda3/envs/snip2/lib/python3.9/site-packages/pandas_plink/_write.py:288: FutureWarning: the 'line_terminator'' keyword is deprecated, use 'lineterminator' instead.
  df.to_csv(
/home/kce/miniconda3/envs/snip2/lib/python3.9/site-packages/pandas_plink/_write.py:261: FutureWarning: the 'line_terminator'' keyword is deprecated, use 'lineterminator' instead.
  df.to_csv(
/home/kce/miniconda3/envs/snip2/lib/python3.9/site-packages/pandas_plink/_write.py:288: FutureWarning: the 'line_terminator'' keyword is deprecated, use 'lineterminator' instead.
  df.to_csv(
/home/kce/miniconda3/envs/snip2/lib/python3.9/site-packages/pandas_plink/_write.py:261: FutureWarning: the 'line_terminator'' keyword is deprecated, use 'lineterminator' instead.
  df.to_csv(
/home/kce/miniconda3/envs/snip2/lib/python3.9/site-packages/pandas_plink/_write.py:288: FutureWarning: the 'line_terminator'' keyword is deprecated, use 'lineterminator' instead.
  df.to_csv(
/home/kce/miniconda3/envs/snip2/lib/python3.9/site-packages/pandas_plink/_write.py:261: FutureWarning: the 'line_terminator'' keyword is deprecated, use 'lineterminator' instead.
  df.to_csv(
/home/kce/miniconda3/envs/snip2/lib/python3.9/site-packages/pandas_plink/_write.py:288: FutureWarning: the 'line_terminator'' keyword is deprecated, use 'lineterminator' instead.
  df.to_csv(
/home/kce/miniconda3/envs/snip2/lib/python3.9/site-packages/pandas_plink/_write.py:261: FutureWarning: the 'line_terminator'' keyword is deprecated, use 'lineterminator' instead.
  df.to_csv(
/home/kce/miniconda3/envs/snip2/lib/python3.9/site-packages/pandas_plink/_write.py:288: FutureWarning: the 'line_terminator'' keyword is deprecated, use 'lineterminator' instead.
  df.to_csv(
/home/kce/miniconda3/envs/snip2/lib/python3.9/site-packages/pandas_plink/_write.py:261: FutureWarning: the 'line_terminator'' keyword is deprecated, use 'lineterminator' instead.
  df.to_csv(
/home/kce/miniconda3/envs/snip2/lib/python3.9/site-packages/pandas_plink/_write.py:288: FutureWarning: the 'line_terminator'' keyword is deprecated, use 'lineterminator' instead.
  df.to_csv(
/home/kce/miniconda3/envs/snip2/lib/python3.9/site-packages/pandas_plink/_write.py:261: FutureWarning: the 'line_terminator'' keyword is deprecated, use 'lineterminator' instead.
  df.to_csv(
/home/kce/miniconda3/envs/snip2/lib/python3.9/site-packages/pandas_plink/_write.py:288: FutureWarning: the 'line_terminator'' keyword is deprecated, use 'lineterminator' instead.
  df.to_csv(
/home/kce/miniconda3/envs/snip2/lib/python3.9/site-packages/pandas_plink/_write.py:261: FutureWarning: the 'line_terminator'' keyword is deprecated, use 'lineterminator' instead.
  df.to_csv(
/home/kce/miniconda3/envs/snip2/lib/python3.9/site-packages/pandas_plink/_write.py:288: FutureWarning: the 'line_terminator'' keyword is deprecated, use 'lineterminator' instead.
  df.to_csv(
/home/kce/miniconda3/envs/snip2/lib/python3.9/site-packages/pandas_plink/_write.py:261: FutureWarning: the 'line_terminator'' keyword is deprecated, use 'lineterminator' instead.
  df.to_csv(
/home/kce/miniconda3/envs/snip2/lib/python3.9/site-packages/pandas_plink/_write.py:288: FutureWarning: the 'line_terminator'' keyword is deprecated, use 'lineterminator' instead.
  df.to_csv(
/home/kce/miniconda3/envs/snip2/lib/python3.9/site-packages/pandas_plink/_write.py:261: FutureWarning: the 'line_terminator'' keyword is deprecated, use 'lineterminator' instead.
  df.to_csv(
/home/kce/miniconda3/envs/snip2/lib/python3.9/site-packages/pandas_plink/_write.py:288: FutureWarning: the 'line_terminator'' keyword is deprecated, use 'lineterminator' instead.
  df.to_csv(
/home/kce/miniconda3/envs/snip2/lib/python3.9/site-packages/pandas_plink/_write.py:261: FutureWarning: the 'line_terminator'' keyword is deprecated, use 'lineterminator' instead.
  df.to_csv(
/home/kce/miniconda3/envs/snip2/lib/python3.9/site-packages/pandas_plink/_write.py:288: FutureWarning: the 'line_terminator'' keyword is deprecated, use 'lineterminator' instead.
  df.to_csv(
/home/kce/miniconda3/envs/snip2/lib/python3.9/site-packages/pandas_plink/_write.py:261: FutureWarning: the 'line_terminator'' keyword is deprecated, use 'lineterminator' instead.
  df.to_csv(
/home/kce/miniconda3/envs/snip2/lib/python3.9/site-packages/pandas_plink/_write.py:288: FutureWarning: the 'line_terminator'' keyword is deprecated, use 'lineterminator' instead.
  df.to_csv(
/home/kce/miniconda3/envs/snip2/lib/python3.9/site-packages/pandas_plink/_write.py:261: FutureWarning: the 'line_terminator'' keyword is deprecated, use 'lineterminator' instead.
  df.to_csv(
/home/kce/miniconda3/envs/snip2/lib/python3.9/site-packages/pandas_plink/_write.py:288: FutureWarning: the 'line_terminator'' keyword is deprecated, use 'lineterminator' instead.
  df.to_csv(
/home/kce/miniconda3/envs/snip2/lib/python3.9/site-packages/pandas_plink/_write.py:261: FutureWarning: the 'line_terminator'' keyword is deprecated, use 'lineterminator' instead.
  df.to_csv(
/home/kce/miniconda3/envs/snip2/lib/python3.9/site-packages/pandas_plink/_write.py:288: FutureWarning: the 'line_terminator'' keyword is deprecated, use 'lineterminator' instead.
  df.to_csv(
/home/kce/miniconda3/envs/snip2/lib/python3.9/site-packages/pandas_plink/_write.py:261: FutureWarning: the 'line_terminator'' keyword is deprecated, use 'lineterminator' instead.
  df.to_csv(
/home/kce/miniconda3/envs/snip2/lib/python3.9/site-packages/pandas_plink/_write.py:288: FutureWarning: the 'line_terminator'' keyword is deprecated, use 'lineterminator' instead.
  df.to_csv(
/home/kce/miniconda3/envs/snip2/lib/python3.9/site-packages/pandas_plink/_write.py:261: FutureWarning: the 'line_terminator'' keyword is deprecated, use 'lineterminator' instead.
  df.to_csv(
/home/kce/miniconda3/envs/snip2/lib/python3.9/site-packages/pandas_plink/_write.py:288: FutureWarning: the 'line_terminator'' keyword is deprecated, use 'lineterminator' instead.
  df.to_csv(
Deleting empty folder /faststorage/project/NLPPred/github/snip/data/compressed/whole_geno/chr12_20k_relu_16_compression1.5dark-firebrand-534_2023-03-05
Removed 168 duplicates
('100', 'identity', '512', '2') [38;5;4mℹ Combining train data[0m
[38;5;4mℹ Saving to sped file[0m
[38;5;2m✔ Saved to sped file (time: 01:05:13), saved to:
/home/kce/NLPPred/github/snip/data/compressed/whole_geno/combined/chr1-22_20k_identity_512_compression_2_c_snps_train.sped[0m
[38;5;4mℹ Combining validation data[0m
[38;5;4mℹ Saving to sped file[0m
[38;5;2m✔ Saved to sped file (time: 01:31:58), saved to:
/home/kce/NLPPred/github/snip/data/compressed/whole_geno/combined/chr1-22_20k_identity_512_compression_2_c_snps_validation.sped[0m
[38;5;4mℹ Combining test data[0m
[38;5;4mℹ Saving to sped file[0m
[38;5;2m✔ Saved to sped file (time: 01:51:44), saved to:
/home/kce/NLPPred/github/snip/data/compressed/whole_geno/combined/chr1-22_20k_identity_512_compression_2_c_snps_test.sped[0m
('100', 'identity', '512', '4') [38;5;4mℹ Combining train data[0m
[38;5;4mℹ Saving to sped file[0m
[38;5;2m✔ Saved to sped file (time: 00:25:24), saved to:
/home/kce/NLPPred/github/snip/data/compressed/whole_geno/combined/chr1-22_20k_identity_512_compression_4_c_snps_train.sped[0m
[38;5;4mℹ Combining validation data[0m
[38;5;4mℹ Saving to sped file[0m
[38;5;2m✔ Saved to sped file (time: 00:33:32), saved to:
/home/kce/NLPPred/github/snip/data/compressed/whole_geno/combined/chr1-22_20k_identity_512_compression_4_c_snps_validation.sped[0m
[38;5;4mℹ Combining test data[0m
[38;5;4mℹ Saving to sped file[0m
[38;5;2m✔ Saved to sped file (time: 00:42:30), saved to:
/home/kce/NLPPred/github/snip/data/compressed/whole_geno/combined/chr1-22_20k_identity_512_compression_4_c_snps_test.sped[0m
('100', 'relu', '512', '2') [38;5;4mℹ Combining train data[0m
[38;5;4mℹ Saving to sped file[0m
[38;5;2m✔ Saved to sped file (time: 01:01:10), saved to:
/home/kce/NLPPred/github/snip/data/compressed/whole_geno/combined/chr1-22_20k_relu_512_compression_2_c_snps_train.sped[0m
[38;5;4mℹ Combining validation data[0m
[38;5;4mℹ Saving to sped file[0m
[38;5;2m✔ Saved to sped file (time: 01:19:10), saved to:
/home/kce/NLPPred/github/snip/data/compressed/whole_geno/combined/chr1-22_20k_relu_512_compression_2_c_snps_validation.sped[0m
[38;5;4mℹ Combining test data[0m
[38;5;4mℹ Saving to sped file[0m
[38;5;2m✔ Saved to sped file (time: 01:39:37), saved to:
/home/kce/NLPPred/github/snip/data/compressed/whole_geno/combined/chr1-22_20k_relu_512_compression_2_c_snps_test.sped[0m
('100', 'relu', '512', '4') [38;5;4mℹ Combining train data[0m
[38;5;4mℹ Saving to sped file[0m
[38;5;2m✔ Saved to sped file (time: 00:31:54), saved to:
/home/kce/NLPPred/github/snip/data/compressed/whole_geno/combined/chr1-22_20k_relu_512_compression_4_c_snps_train.sped[0m
[38;5;4mℹ Combining validation data[0m
[38;5;4mℹ Saving to sped file[0m
[38;5;2m✔ Saved to sped file (time: 00:40:27), saved to:
/home/kce/NLPPred/github/snip/data/compressed/whole_geno/combined/chr1-22_20k_relu_512_compression_4_c_snps_validation.sped[0m
[38;5;4mℹ Combining test data[0m
[38;5;4mℹ Saving to sped file[0m
[38;5;2m✔ Saved to sped file (time: 00:49:36), saved to:
/home/kce/NLPPred/github/snip/data/compressed/whole_geno/combined/chr1-22_20k_relu_512_compression_4_c_snps_test.sped[0m
('20', 'identity', '16', '1.5') [38;5;4mℹ Combining train data[0m
[38;5;4mℹ Saving to sped file[0m
[38;5;2m✔ Saved to sped file (time: 00:08:22), saved to:
/home/kce/NLPPred/github/snip/data/compressed/whole_geno/combined/chr1-22_20k_identity_16_compression_1.5_c_snps_train.sped[0m
[38;5;4mℹ Combining validation data[0m
[38;5;4mℹ Saving to sped file[0m
[38;5;2m✔ Saved to sped file (time: 00:16:28), saved to:
/home/kce/NLPPred/github/snip/data/compressed/whole_geno/combined/chr1-22_20k_identity_16_compression_1.5_c_snps_validation.sped[0m
[38;5;4mℹ Combining test data[0m
[38;5;4mℹ Saving to sped file[0m
[38;5;2m✔ Saved to sped file (time: 00:24:28), saved to:
/home/kce/NLPPred/github/snip/data/compressed/whole_geno/combined/chr1-22_20k_identity_16_compression_1.5_c_snps_test.sped[0m
('20', 'identity', '16', '4') 
 - Missing chr 17
('20', 'relu', '16', '1.5') 
 - Missing chr 12
('20', 'relu', '16', '4') [38;5;4mℹ Combining train data[0m
[38;5;4mℹ Saving to sped file[0m
[38;5;2m✔ Saved to sped file (time: 00:03:03), saved to:
/home/kce/NLPPred/github/snip/data/compressed/whole_geno/combined/chr1-22_20k_relu_16_compression_4_c_snps_train.sped[0m
[38;5;4mℹ Combining validation data[0m
[38;5;4mℹ Saving to sped file[0m
[38;5;2m✔ Saved to sped file (time: 00:06:21), saved to:
/home/kce/NLPPred/github/snip/data/compressed/whole_geno/combined/chr1-22_20k_relu_16_compression_4_c_snps_validation.sped[0m
[38;5;4mℹ Combining test data[0m
[38;5;4mℹ Saving to sped file[0m
[38;5;2m✔ Saved to sped file (time: 00:09:36), saved to:
/home/kce/NLPPred/github/snip/data/compressed/whole_geno/combined/chr1-22_20k_relu_16_compression_4_c_snps_test.sped[0m
