/home/kce/miniconda3/envs/snip2/lib/python3.9/site-packages/pandas_plink/_write.py:288: FutureWarning: the 'line_terminator'' keyword is deprecated, use 'lineterminator' instead.
  df.to_csv(
/home/kce/miniconda3/envs/snip2/lib/python3.9/site-packages/pandas_plink/_write.py:261: FutureWarning: the 'line_terminator'' keyword is deprecated, use 'lineterminator' instead.
  df.to_csv(
/home/kce/miniconda3/envs/snip2/lib/python3.9/site-packages/pandas_plink/_write.py:288: FutureWarning: the 'line_terminator'' keyword is deprecated, use 'lineterminator' instead.
  df.to_csv(
/home/kce/miniconda3/envs/snip2/lib/python3.9/site-packages/pandas_plink/_write.py:261: FutureWarning: the 'line_terminator'' keyword is deprecated, use 'lineterminator' instead.
  df.to_csv(
/home/kce/miniconda3/envs/snip2/lib/python3.9/site-packages/pandas_plink/_write.py:288: FutureWarning: the 'line_terminator'' keyword is deprecated, use 'lineterminator' instead.
  df.to_csv(
/home/kce/miniconda3/envs/snip2/lib/python3.9/site-packages/pandas_plink/_write.py:261: FutureWarning: the 'line_terminator'' keyword is deprecated, use 'lineterminator' instead.
  df.to_csv(
/home/kce/miniconda3/envs/snip2/lib/python3.9/site-packages/pandas_plink/_write.py:288: FutureWarning: the 'line_terminator'' keyword is deprecated, use 'lineterminator' instead.
  df.to_csv(
/home/kce/miniconda3/envs/snip2/lib/python3.9/site-packages/pandas_plink/_write.py:261: FutureWarning: the 'line_terminator'' keyword is deprecated, use 'lineterminator' instead.
  df.to_csv(
/home/kce/miniconda3/envs/snip2/lib/python3.9/site-packages/pandas_plink/_write.py:288: FutureWarning: the 'line_terminator'' keyword is deprecated, use 'lineterminator' instead.
  df.to_csv(
/home/kce/miniconda3/envs/snip2/lib/python3.9/site-packages/pandas_plink/_write.py:261: FutureWarning: the 'line_terminator'' keyword is deprecated, use 'lineterminator' instead.
  df.to_csv(
/home/kce/miniconda3/envs/snip2/lib/python3.9/site-packages/pandas_plink/_write.py:288: FutureWarning: the 'line_terminator'' keyword is deprecated, use 'lineterminator' instead.
  df.to_csv(
/home/kce/miniconda3/envs/snip2/lib/python3.9/site-packages/pandas_plink/_write.py:261: FutureWarning: the 'line_terminator'' keyword is deprecated, use 'lineterminator' instead.
  df.to_csv(
/home/kce/miniconda3/envs/snip2/lib/python3.9/site-packages/pandas_plink/_write.py:288: FutureWarning: the 'line_terminator'' keyword is deprecated, use 'lineterminator' instead.
  df.to_csv(
/home/kce/miniconda3/envs/snip2/lib/python3.9/site-packages/pandas_plink/_write.py:261: FutureWarning: the 'line_terminator'' keyword is deprecated, use 'lineterminator' instead.
  df.to_csv(
/home/kce/miniconda3/envs/snip2/lib/python3.9/site-packages/pandas_plink/_write.py:288: FutureWarning: the 'line_terminator'' keyword is deprecated, use 'lineterminator' instead.
  df.to_csv(
/home/kce/miniconda3/envs/snip2/lib/python3.9/site-packages/pandas_plink/_write.py:261: FutureWarning: the 'line_terminator'' keyword is deprecated, use 'lineterminator' instead.
  df.to_csv(
/home/kce/miniconda3/envs/snip2/lib/python3.9/site-packages/pandas_plink/_write.py:288: FutureWarning: the 'line_terminator'' keyword is deprecated, use 'lineterminator' instead.
  df.to_csv(
/home/kce/miniconda3/envs/snip2/lib/python3.9/site-packages/pandas_plink/_write.py:261: FutureWarning: the 'line_terminator'' keyword is deprecated, use 'lineterminator' instead.
  df.to_csv(
/home/kce/miniconda3/envs/snip2/lib/python3.9/site-packages/pandas_plink/_write.py:288: FutureWarning: the 'line_terminator'' keyword is deprecated, use 'lineterminator' instead.
  df.to_csv(
/home/kce/miniconda3/envs/snip2/lib/python3.9/site-packages/pandas_plink/_write.py:261: FutureWarning: the 'line_terminator'' keyword is deprecated, use 'lineterminator' instead.
  df.to_csv(
/home/kce/miniconda3/envs/snip2/lib/python3.9/site-packages/pandas_plink/_write.py:288: FutureWarning: the 'line_terminator'' keyword is deprecated, use 'lineterminator' instead.
  df.to_csv(
/home/kce/miniconda3/envs/snip2/lib/python3.9/site-packages/pandas_plink/_write.py:261: FutureWarning: the 'line_terminator'' keyword is deprecated, use 'lineterminator' instead.
  df.to_csv(
/home/kce/miniconda3/envs/snip2/lib/python3.9/site-packages/pandas_plink/_write.py:288: FutureWarning: the 'line_terminator'' keyword is deprecated, use 'lineterminator' instead.
  df.to_csv(
/home/kce/miniconda3/envs/snip2/lib/python3.9/site-packages/pandas_plink/_write.py:261: FutureWarning: the 'line_terminator'' keyword is deprecated, use 'lineterminator' instead.
  df.to_csv(
Deleting empty folder /faststorage/project/NLPPred/github/snip/data/compressed/whole_geno/chr1_20k_relu_512_compression4feasible-donkey-571_2023-03-08
Deleting empty folder /faststorage/project/NLPPred/github/snip/data/compressed/whole_geno/chr5_20k_relu_512_compression4easy-water-568_2023-03-08
Deleting empty folder /faststorage/project/NLPPred/github/snip/data/compressed/whole_geno/chr1_20k_relu_512_compression1.5smart-disco-569_2023-03-08
Deleting empty folder /faststorage/project/NLPPred/github/snip/data/compressed/whole_geno/chr6_20k_relu_512_compression4eager-planet-566_2023-03-08
Deleting empty folder /faststorage/project/NLPPred/github/snip/data/compressed/whole_geno/chr9_20k_identity_16_compression2golden-tree-560_2023-03-08
Deleting empty folder /faststorage/project/NLPPred/github/snip/data/compressed/whole_geno/chr1_20k_relu_512_compression2confused-river-570_2023-03-08
Removed 84 duplicates
('20', 'identity', '16', '1.5')
('20', 'identity', '16', '1.5') [38;5;4mℹ Combining train data[0m
[38;5;4mℹ Saving to sped file[0m
[38;5;2m✔ Saved to sped file (time: 00:06:55), saved to:
/home/kce/NLPPred/github/snip/data/compressed/whole_geno/combined/chr1-22_20k_identity_16_compression_1.5_c_snps_train.sped[0m
[38;5;4mℹ Combining validation data[0m
[38;5;4mℹ Saving to sped file[0m
[38;5;2m✔ Saved to sped file (time: 00:12:19), saved to:
/home/kce/NLPPred/github/snip/data/compressed/whole_geno/combined/chr1-22_20k_identity_16_compression_1.5_c_snps_validation.sped[0m
[38;5;4mℹ Combining test data[0m
[38;5;4mℹ Saving to sped file[0m
[38;5;2m✔ Saved to sped file (time: 00:19:35), saved to:
/home/kce/NLPPred/github/snip/data/compressed/whole_geno/combined/chr1-22_20k_identity_16_compression_1.5_c_snps_test.sped[0m
('20', 'identity', '16', '2')
('20', 'identity', '16', '2') 
 - Missing chr 1

 - Missing chr 2

 - Missing chr 3

 - Missing chr 4

 - Missing chr 5

 - Missing chr 6

 - Missing chr 7

 - Missing chr 9

 - Missing chr 10
('20', 'identity', '16', '4')
('20', 'identity', '16', '4') [38;5;4mℹ Combining train data[0m
[38;5;4mℹ Saving to sped file[0m
[38;5;2m✔ Saved to sped file (time: 00:01:46), saved to:
/home/kce/NLPPred/github/snip/data/compressed/whole_geno/combined/chr1-22_20k_identity_16_compression_4_c_snps_train.sped[0m
[38;5;4mℹ Combining validation data[0m
[38;5;4mℹ Saving to sped file[0m
[38;5;2m✔ Saved to sped file (time: 00:03:31), saved to:
/home/kce/NLPPred/github/snip/data/compressed/whole_geno/combined/chr1-22_20k_identity_16_compression_4_c_snps_validation.sped[0m
[38;5;4mℹ Combining test data[0m
[38;5;4mℹ Saving to sped file[0m
[38;5;2m✔ Saved to sped file (time: 00:05:18), saved to:
/home/kce/NLPPred/github/snip/data/compressed/whole_geno/combined/chr1-22_20k_identity_16_compression_4_c_snps_test.sped[0m
('20', 'identity', '512', '1.5')
('20', 'identity', '512', '1.5') 
 - Missing chr 1

 - Missing chr 2

 - Missing chr 3

 - Missing chr 4

 - Missing chr 5

 - Missing chr 6

 - Missing chr 7

 - Missing chr 8

 - Missing chr 9

 - Missing chr 10

 - Missing chr 11

 - Missing chr 12

 - Missing chr 13

 - Missing chr 14

 - Missing chr 15

 - Missing chr 16

 - Missing chr 17

 - Missing chr 18

 - Missing chr 19
('20', 'identity', '512', '2')
('20', 'identity', '512', '2') 
 - Missing chr 1

 - Missing chr 2

 - Missing chr 3

 - Missing chr 4

 - Missing chr 5

 - Missing chr 6

 - Missing chr 7

 - Missing chr 8

 - Missing chr 9

 - Missing chr 10

 - Missing chr 11

 - Missing chr 12

 - Missing chr 13

 - Missing chr 14

 - Missing chr 15

 - Missing chr 16

 - Missing chr 17

 - Missing chr 18

 - Missing chr 19

 - Missing chr 20
('20', 'identity', '512', '4')
('20', 'identity', '512', '4') 
 - Missing chr 1

 - Missing chr 2

 - Missing chr 3

 - Missing chr 4

 - Missing chr 5

 - Missing chr 6

 - Missing chr 7

 - Missing chr 8

 - Missing chr 9

 - Missing chr 10

 - Missing chr 11

 - Missing chr 12

 - Missing chr 13

 - Missing chr 14

 - Missing chr 15

 - Missing chr 16

 - Missing chr 17

 - Missing chr 18

 - Missing chr 19
('20', 'relu', '16', '1.5')
('20', 'relu', '16', '1.5') [38;5;4mℹ Combining train data[0m
[38;5;4mℹ Saving to sped file[0m
[38;5;2m✔ Saved to sped file (time: 00:06:31), saved to:
/home/kce/NLPPred/github/snip/data/compressed/whole_geno/combined/chr1-22_20k_relu_16_compression_1.5_c_snps_train.sped[0m
[38;5;4mℹ Combining validation data[0m
[38;5;4mℹ Saving to sped file[0m
[38;5;2m✔ Saved to sped file (time: 00:12:56), saved to:
/home/kce/NLPPred/github/snip/data/compressed/whole_geno/combined/chr1-22_20k_relu_16_compression_1.5_c_snps_validation.sped[0m
[38;5;4mℹ Combining test data[0m
[38;5;4mℹ Saving to sped file[0m
[38;5;2m✔ Saved to sped file (time: 00:19:42), saved to:
/home/kce/NLPPred/github/snip/data/compressed/whole_geno/combined/chr1-22_20k_relu_16_compression_1.5_c_snps_test.sped[0m
('20', 'relu', '16', '4')
('20', 'relu', '16', '4') [38;5;4mℹ Combining train data[0m
[38;5;4mℹ Saving to sped file[0m
[38;5;2m✔ Saved to sped file (time: 00:01:51), saved to:
/home/kce/NLPPred/github/snip/data/compressed/whole_geno/combined/chr1-22_20k_relu_16_compression_4_c_snps_train.sped[0m
[38;5;4mℹ Combining validation data[0m
[38;5;4mℹ Saving to sped file[0m
[38;5;2m✔ Saved to sped file (time: 00:03:40), saved to:
/home/kce/NLPPred/github/snip/data/compressed/whole_geno/combined/chr1-22_20k_relu_16_compression_4_c_snps_validation.sped[0m
[38;5;4mℹ Combining test data[0m
[38;5;4mℹ Saving to sped file[0m
[38;5;2m✔ Saved to sped file (time: 00:05:30), saved to:
/home/kce/NLPPred/github/snip/data/compressed/whole_geno/combined/chr1-22_20k_relu_16_compression_4_c_snps_test.sped[0m
('20', 'relu', '512', '1.5')
('20', 'relu', '512', '1.5') 
 - Missing chr 1

 - Missing chr 2

 - Missing chr 3

 - Missing chr 4

 - Missing chr 5

 - Missing chr 6

 - Missing chr 7

 - Missing chr 8

 - Missing chr 9

 - Missing chr 10

 - Missing chr 11

 - Missing chr 13

 - Missing chr 14

 - Missing chr 15

 - Missing chr 17

 - Missing chr 18

 - Missing chr 19

 - Missing chr 20

 - Missing chr 21

 - Missing chr 22
('20', 'relu', '512', '2')
('20', 'relu', '512', '2') 
 - Missing chr 1

 - Missing chr 2

 - Missing chr 3

 - Missing chr 4

 - Missing chr 5

 - Missing chr 6

 - Missing chr 7

 - Missing chr 8

 - Missing chr 9

 - Missing chr 10

 - Missing chr 11

 - Missing chr 14

 - Missing chr 15

 - Missing chr 16

 - Missing chr 17

 - Missing chr 19

 - Missing chr 20

 - Missing chr 21

 - Missing chr 22
('20', 'relu', '512', '4')
('20', 'relu', '512', '4') 
 - Missing chr 1

 - Missing chr 2

 - Missing chr 3

 - Missing chr 4

 - Missing chr 5

 - Missing chr 6

 - Missing chr 7

 - Missing chr 8

 - Missing chr 9

 - Missing chr 10

 - Missing chr 11

 - Missing chr 14

 - Missing chr 15

 - Missing chr 16

 - Missing chr 17

 - Missing chr 18

 - Missing chr 19

 - Missing chr 20

 - Missing chr 21

 - Missing chr 22
